#
# There is insufficient memory for the Java Runtime Environment to continue.
# Native memory allocation (malloc) failed to allocate 33554432 bytes for committing reserved memory.
# Possible reasons:
#   The system is out of physical RAM or swap space
#   In 32 bit mode, the process size limit was hit
# Possible solutions:
#   Reduce memory load on the system
#   Increase physical memory or swap space
#   Check if swap backing store is full
#   Use 64 bit Java on a 64 bit OS
#   Decrease Java heap size (-Xmx/-Xms)
#   Decrease number of Java threads
#   Decrease Java thread stack sizes (-Xss)
#   Set larger code cache with -XX:ReservedCodeCacheSize=
# This output file may be truncated or incomplete.
#
#  Out of Memory Error (os_linux.cpp:2798), pid=21794, tid=140717728356096
#
# JRE version: OpenJDK Runtime Environment (7.0_65-b32) (build 1.7.0_65-b32)
# Java VM: OpenJDK 64-Bit Server VM (24.65-b04 mixed mode linux-amd64 compressed oops)
# Derivative: IcedTea 2.5.3
# Distribution: Ubuntu 14.10, package 7u71-2.5.3-0ubuntu1
# Failed to write core dump. Core dumps have been disabled. To enable core dumping, try "ulimit -c unlimited" before starting Java again
#

---------------  T H R E A D  ---------------

Current thread (0x00007ffb70075800):  VMThread [stack: 0x00007ffb66265000,0x00007ffb66366000] [id=21916]

Stack: [0x00007ffb66265000,0x00007ffb66366000],  sp=0x00007ffb663644a0,  free space=1021k
Native frames: (J=compiled Java code, j=interpreted, Vv=VM code, C=native code)
V  [libjvm.so+0x980aa6]  VMError::report_and_die()+0x186
V  [libjvm.so+0x48fed2]  report_vm_out_of_memory(char const*, int, unsigned long, char const*)+0x92
V  [libjvm.so+0x7f480b]  os::pd_commit_memory(char*, unsigned long, unsigned long, bool)+0xeb
V  [libjvm.so+0x7eef1e]  os::commit_memory(char*, unsigned long, unsigned long, bool)+0x2e
V  [libjvm.so+0x86100b]  PSVirtualSpace::expand_by(unsigned long)+0x5b
V  [libjvm.so+0x861ec3]  PSYoungGen::resize_generation(unsigned long, unsigned long)+0xd3
V  [libjvm.so+0x8625db]  PSYoungGen::resize(unsigned long, unsigned long)+0x1b
V  [libjvm.so+0x85dfd9]  PSScavenge::invoke_no_policy()+0xdc9
V  [libjvm.so+0x85e7b8]  PSScavenge::invoke()+0x38
V  [libjvm.so+0x8163e3]  ParallelScavengeHeap::failed_mem_allocate(unsigned long)+0x63
V  [libjvm.so+0x982372]  VM_ParallelGCFailedAllocation::doit()+0x92
V  [libjvm.so+0x986be7]  VM_Operation::evaluate()+0x47
V  [libjvm.so+0x9851db]  VMThread::evaluate_operation(VM_Operation*)+0xab
V  [libjvm.so+0x985886]  VMThread::loop()+0x1e6
V  [libjvm.so+0x985d51]  VMThread::run()+0x81
V  [libjvm.so+0x7f14f2]  java_start(Thread*)+0xf2

VM_Operation (0x00007ffb5c7bd0a0): ParallelGCFailedAllocation, mode: safepoint, requested by thread 0x00007ffb702d0800


---------------  P R O C E S S  ---------------

Java Threads: ( => current thread )
  0x00007ffb7000a000 JavaThread "DestroyJavaVM" [_thread_blocked, id=21799, stack(0x00007ffb77700000,0x00007ffb77801000)]
  0x00007ffb702d0800 JavaThread "Robocode main thread" [_thread_blocked, id=22130, stack(0x00007ffb5c6be000,0x00007ffb5c7bf000)]
  0x00007ffb700b1000 JavaThread "Service Thread" daemon [_thread_blocked, id=22053, stack(0x00007ffb6557d000,0x00007ffb6567e000)]
  0x00007ffb700af000 JavaThread "C2 CompilerThread1" daemon [_thread_blocked, id=22040, stack(0x00007ffb6567e000,0x00007ffb6577f000)]
  0x00007ffb700ac000 JavaThread "C2 CompilerThread0" daemon [_thread_blocked, id=22016, stack(0x00007ffb6577f000,0x00007ffb65880000)]
  0x00007ffb700a9800 JavaThread "Signal Dispatcher" daemon [_thread_blocked, id=22003, stack(0x00007ffb65880000,0x00007ffb65981000)]
  0x00007ffb7007c000 JavaThread "Finalizer" daemon [_thread_blocked, id=21938, stack(0x00007ffb66063000,0x00007ffb66164000)]
  0x00007ffb7007a000 JavaThread "Reference Handler" daemon [_thread_blocked, id=21921, stack(0x00007ffb66164000,0x00007ffb66265000)]

Other Threads:
=>0x00007ffb70075800 VMThread [stack: 0x00007ffb66265000,0x00007ffb66366000] [id=21916]
  0x00007ffb700bc000 WatcherThread [stack: 0x00007ffb6547c000,0x00007ffb6557d000] [id=22058]

VM state:at safepoint (normal execution)

VM Mutex/Monitor currently owned by a thread:  ([mutex/lock_event])
[0x00007ffb70006650] Threads_lock - owner thread: 0x00007ffb70075800
[0x00007ffb70006b50] Heap_lock - owner thread: 0x00007ffb702d0800

Heap
 PSYoungGen      total 95232K, used 2656K [0x00000000f5500000, 0x00000000fbf00000, 0x0000000100000000)
  eden space 81920K, 0% used [0x00000000f5500000,0x00000000f5500000,0x00000000fa500000)
  from space 13312K, 19% used [0x00000000fb200000,0x00000000fb498000,0x00000000fbf00000)
  to   space 3072K, 0% used [0x00000000fa800000,0x00000000fa800000,0x00000000fab00000)
 ParOldGen       total 83456K, used 60395K [0x00000000e0000000, 0x00000000e5180000, 0x00000000f5500000)
  object space 83456K, 72% used [0x00000000e0000000,0x00000000e3afad90,0x00000000e5180000)
 PSPermGen       total 83456K, used 83002K [0x00000000d5a00000, 0x00000000dab80000, 0x00000000e0000000)
  object space 83456K, 99% used [0x00000000d5a00000,0x00000000dab0eb10,0x00000000dab80000)

Card table byte_map: [0x00007ffb741ac000,0x00007ffb74300000] byte_map_base: 0x00007ffb73aff000

Polling page: 0x00007ffb77824000

Code Cache  [0x00007ffb6d000000, 0x00007ffb6d270000, 0x00007ffb70000000)
 total_blobs=873 nmethods=595 adapters=231 free_code_cache=47149Kb largest_free_block=48238848

Compilation events (10 events):
Event: 65.469 Thread 0x00007ffb700ac000 nmethod 622 0x00007ffb6d1eca10 code [0x00007ffb6d1ecbe0, 0x00007ffb6d1ed758]
Event: 65.469 Thread 0x00007ffb700ac000  623   !         java.lang.ClassLoader::checkCerts (195 bytes)
Event: 65.497 Thread 0x00007ffb700ac000 nmethod 623 0x00007ffb6d1f86d0 code [0x00007ffb6d1f8880, 0x00007ffb6d1f9178]
Event: 65.498 Thread 0x00007ffb700ac000  624             java.lang.ClassLoader::defineClassSourceLocation (28 bytes)
Event: 65.499 Thread 0x00007ffb700af000 nmethod 621 0x00007ffb6d1fc150 code [0x00007ffb6d1fc3e0, 0x00007ffb6d1fd500]
Event: 65.499 Thread 0x00007ffb700af000  626             java.lang.ClassLoader::postDefineClass (26 bytes)
Event: 65.502 Thread 0x00007ffb700ac000 nmethod 624 0x00007ffb6d1fb2d0 code [0x00007ffb6d1fb4a0, 0x00007ffb6d1fb930]
Event: 65.515 Thread 0x00007ffb700af000 nmethod 626 0x00007ffb6d1ec6d0 code [0x00007ffb6d1ec820, 0x00007ffb6d1ec8f8]
Event: 65.615 Thread 0x00007ffb700ac000  627   !         java.lang.ClassLoader::defineClass (146 bytes)
Event: 65.632 Thread 0x00007ffb700ac000 nmethod 627 0x00007ffb6d1efe90 code [0x00007ffb6d1f0000, 0x00007ffb6d1f0228]

GC Heap History (10 events):
Event: 47.751 GC heap after
Heap after GC invocations=15 (full 0):
 PSYoungGen      total 97792K, used 3136K [0x00000000f5500000, 0x00000000fd000000, 0x0000000100000000)
  eden space 94208K, 0% used [0x00000000f5500000,0x00000000f5500000,0x00000000fb100000)
  from space 3584K, 87% used [0x00000000fb600000,0x00000000fb910000,0x00000000fb980000)
  to   space 14848K, 0% used [0x00000000fc180000,0x00000000fc180000,0x00000000fd000000)
 ParOldGen       total 83456K, used 47219K [0x00000000e0000000, 0x00000000e5180000, 0x00000000f5500000)
  object space 83456K, 56% used [0x00000000e0000000,0x00000000e2e1cd90,0x00000000e5180000)
 PSPermGen       total 60928K, used 60480K [0x00000000d5a00000, 0x00000000d9580000, 0x00000000e0000000)
  object space 60928K, 99% used [0x00000000d5a00000,0x00000000d95100c0,0x00000000d9580000)
}
Event: 51.187 GC heap before
{Heap before GC invocations=16 (full 0):
 PSYoungGen      total 97792K, used 97344K [0x00000000f5500000, 0x00000000fd000000, 0x0000000100000000)
  eden space 94208K, 100% used [0x00000000f5500000,0x00000000fb100000,0x00000000fb100000)
  from space 3584K, 87% used [0x00000000fb600000,0x00000000fb910000,0x00000000fb980000)
  to   space 14848K, 0% used [0x00000000fc180000,0x00000000fc180000,0x00000000fd000000)
 ParOldGen       total 83456K, used 47219K [0x00000000e0000000, 0x00000000e5180000, 0x00000000f5500000)
  object space 83456K, 56% used [0x00000000e0000000,0x00000000e2e1cd90,0x00000000e5180000)
 PSPermGen       total 65536K, used 65317K [0x00000000d5a00000, 0x00000000d9a00000, 0x00000000e0000000)
  object space 65536K, 99% used [0x00000000d5a00000,0x00000000d99c9640,0x00000000d9a00000)
Event: 51.207 GC heap after
Heap after GC invocations=16 (full 0):
 PSYoungGen      total 99840K, used 3040K [0x00000000f5500000, 0x00000000fca00000, 0x0000000100000000)
  eden space 91136K, 0% used [0x00000000f5500000,0x00000000f5500000,0x00000000fae00000)
  from space 8704K, 34% used [0x00000000fc180000,0x00000000fc478000,0x00000000fca00000)
  to   space 14336K, 0% used [0x00000000fae00000,0x00000000fae00000,0x00000000fbc00000)
 ParOldGen       total 83456K, used 50075K [0x00000000e0000000, 0x00000000e5180000, 0x00000000f5500000)
  object space 83456K, 60% used [0x00000000e0000000,0x00000000e30e6d90,0x00000000e5180000)
 PSPermGen       total 65536K, used 65317K [0x00000000d5a00000, 0x00000000d9a00000, 0x00000000e0000000)
  object space 65536K, 99% used [0x00000000d5a00000,0x00000000d99c9640,0x00000000d9a00000)
}
Event: 54.499 GC heap before
{Heap before GC invocations=17 (full 0):
 PSYoungGen      total 99840K, used 94176K [0x00000000f5500000, 0x00000000fca00000, 0x0000000100000000)
  eden space 91136K, 100% used [0x00000000f5500000,0x00000000fae00000,0x00000000fae00000)
  from space 8704K, 34% used [0x00000000fc180000,0x00000000fc478000,0x00000000fca00000)
  to   space 14336K, 0% used [0x00000000fae00000,0x00000000fae00000,0x00000000fbc00000)
 ParOldGen       total 83456K, used 50075K [0x00000000e0000000, 0x00000000e5180000, 0x00000000f5500000)
  object space 83456K, 60% used [0x00000000e0000000,0x00000000e30e6d90,0x00000000e5180000)
 PSPermGen       total 70144K, used 69899K [0x00000000d5a00000, 0x00000000d9e80000, 0x00000000e0000000)
  object space 70144K, 99% used [0x00000000d5a00000,0x00000000d9e42e18,0x00000000d9e80000)
Event: 54.519 GC heap after
Heap after GC invocations=17 (full 0):
 PSYoungGen      total 91136K, used 2912K [0x00000000f5500000, 0x00000000fc700000, 0x0000000100000000)
  eden space 88064K, 0% used [0x00000000f5500000,0x00000000f5500000,0x00000000fab00000)
  from space 3072K, 94% used [0x00000000fae00000,0x00000000fb0d8000,0x00000000fb100000)
  to   space 14336K, 0% used [0x00000000fb900000,0x00000000fb900000,0x00000000fc700000)
 ParOldGen       total 83456K, used 52811K [0x00000000e0000000, 0x00000000e5180000, 0x00000000f5500000)
  object space 83456K, 63% used [0x00000000e0000000,0x00000000e3392d90,0x00000000e5180000)
 PSPermGen       total 70144K, used 69899K [0x00000000d5a00000, 0x00000000d9e80000, 0x00000000e0000000)
  object space 70144K, 99% used [0x00000000d5a00000,0x00000000d9e42e18,0x00000000d9e80000)
}
Event: 60.001 GC heap before
{Heap before GC invocations=18 (full 0):
 PSYoungGen      total 91136K, used 90976K [0x00000000f5500000, 0x00000000fc700000, 0x0000000100000000)
  eden space 88064K, 100% used [0x00000000f5500000,0x00000000fab00000,0x00000000fab00000)
  from space 3072K, 94% used [0x00000000fae00000,0x00000000fb0d8000,0x00000000fb100000)
  to   space 14336K, 0% used [0x00000000fb900000,0x00000000fb900000,0x00000000fc700000)
 ParOldGen       total 83456K, used 52811K [0x00000000e0000000, 0x00000000e5180000, 0x00000000f5500000)
  object space 83456K, 63% used [0x00000000e0000000,0x00000000e3392d90,0x00000000e5180000)
 PSPermGen       total 74752K, used 74423K [0x00000000d5a00000, 0x00000000da300000, 0x00000000e0000000)
  object space 74752K, 99% used [0x00000000d5a00000,0x00000000da2adfa8,0x00000000da300000)
Event: 60.027 GC heap after
Heap after GC invocations=18 (full 0):
 PSYoungGen      total 95232K, used 2848K [0x00000000f5500000, 0x00000000fc300000, 0x0000000100000000)
  eden space 84992K, 0% used [0x00000000f5500000,0x00000000f5500000,0x00000000fa800000)
  from space 10240K, 27% used [0x00000000fb900000,0x00000000fbbc8000,0x00000000fc300000)
  to   space 13824K, 0% used [0x00000000fa800000,0x00000000fa800000,0x00000000fb580000)
 ParOldGen       total 83456K, used 55403K [0x00000000e0000000, 0x00000000e5180000, 0x00000000f5500000)
  object space 83456K, 66% used [0x00000000e0000000,0x00000000e361ad90,0x00000000e5180000)
 PSPermGen       total 74752K, used 74423K [0x00000000d5a00000, 0x00000000da300000, 0x00000000e0000000)
  object space 74752K, 99% used [0x00000000d5a00000,0x00000000da2adfa8,0x00000000da300000)
}
Event: 62.811 GC heap before
{Heap before GC invocations=19 (full 0):
 PSYoungGen      total 95232K, used 87840K [0x00000000f5500000, 0x00000000fc300000, 0x0000000100000000)
  eden space 84992K, 100% used [0x00000000f5500000,0x00000000fa800000,0x00000000fa800000)
  from space 10240K, 27% used [0x00000000fb900000,0x00000000fbbc8000,0x00000000fc300000)
  to   space 13824K, 0% used [0x00000000fa800000,0x00000000fa800000,0x00000000fb580000)
 ParOldGen       total 83456K, used 55403K [0x00000000e0000000, 0x00000000e5180000, 0x00000000f5500000)
  object space 83456K, 66% used [0x00000000e0000000,0x00000000e361ad90,0x00000000e5180000)
 PSPermGen       total 78848K, used 78803K [0x00000000d5a00000, 0x00000000da700000, 0x00000000e0000000)
  object space 78848K, 99% used [0x00000000d5a00000,0x00000000da6f4f08,0x00000000da700000)
Event: 62.840 GC heap after
Heap after GC invocations=19 (full 0):
 PSYoungGen      total 84992K, used 2752K [0x00000000f5500000, 0x00000000fbf00000, 0x0000000100000000)
  eden space 81920K, 0% used [0x00000000f5500000,0x00000000f5500000,0x00000000fa500000)
  from space 3072K, 89% used [0x00000000fa800000,0x00000000faab0000,0x00000000fab00000)
  to   space 13312K, 0% used [0x00000000fb200000,0x00000000fb200000,0x00000000fbf00000)
 ParOldGen       total 83456K, used 57947K [0x00000000e0000000, 0x00000000e5180000, 0x00000000f5500000)
  object space 83456K, 69% used [0x00000000e0000000,0x00000000e3896d90,0x00000000e5180000)
 PSPermGen       total 78848K, used 78803K [0x00000000d5a00000, 0x00000000da700000, 0x00000000e0000000)
  object space 78848K, 99% used [0x00000000d5a00000,0x00000000da6f4f08,0x00000000da700000)
}
Event: 73.381 GC heap before
{Heap before GC invocations=20 (full 0):
 PSYoungGen      total 84992K, used 84672K [0x00000000f5500000, 0x00000000fbf00000, 0x0000000100000000)
  eden space 81920K, 100% used [0x00000000f5500000,0x00000000fa500000,0x00000000fa500000)
  from space 3072K, 89% used [0x00000000fa800000,0x00000000faab0000,0x00000000fab00000)
  to   space 13312K, 0% used [0x00000000fb200000,0x00000000fb200000,0x00000000fbf00000)
 ParOldGen       total 83456K, used 57947K [0x00000000e0000000, 0x00000000e5180000, 0x00000000f5500000)
  object space 83456K, 69% used [0x00000000e0000000,0x00000000e3896d90,0x00000000e5180000)
 PSPermGen       total 83456K, used 83002K [0x00000000d5a00000, 0x00000000dab80000, 0x00000000e0000000)
  object space 83456K, 99% used [0x00000000d5a00000,0x00000000dab0eb10,0x00000000dab80000)

Deoptimization events (10 events):
Event: 14.204 Thread 0x00007ffb702d0800 Uncommon trap: reason=bimorphic action=maybe_recompile pc=0x00007ffb6d0ebd60 method=java.net.URL.<init>(Ljava/net/URL;Ljava/lang/String;Ljava/net/URLStreamHandler;)V @ 504
Event: 14.218 Thread 0x00007ffb702d0800 Uncommon trap: reason=unreached action=reinterpret pc=0x00007ffb6d0a5e6c method=java.util.HashMap.containsKey(Ljava/lang/Object;)Z @ 5
Event: 14.218 Thread 0x00007ffb702d0800 Uncommon trap: reason=bimorphic action=maybe_recompile pc=0x00007ffb6d0ebd60 method=java.net.URL.<init>(Ljava/net/URL;Ljava/lang/String;Ljava/net/URLStreamHandler;)V @ 504
Event: 14.281 Thread 0x00007ffb702d0800 Uncommon trap: reason=bimorphic action=maybe_recompile pc=0x00007ffb6d0ebd60 method=java.net.URL.<init>(Ljava/net/URL;Ljava/lang/String;Ljava/net/URLStreamHandler;)V @ 504
Event: 15.610 Thread 0x00007ffb702d0800 Uncommon trap: reason=null_check action=make_not_entrant pc=0x00007ffb6d12de58 method=sun.reflect.Reflection.filterMethods(Ljava/lang/Class;[Ljava/lang/reflect/Method;)[Ljava/lang/reflect/Method; @ 18
Event: 21.857 Thread 0x00007ffb702d0800 Uncommon trap: reason=predicate action=maybe_recompile pc=0x00007ffb6d151ebc method=java.util.AbstractCollection.toArray([Ljava/lang/Object;)[Ljava/lang/Object; @ 49
Event: 23.879 Thread 0x00007ffb702d0800 Uncommon trap: reason=array_check action=maybe_recompile pc=0x00007ffb6d176a70 method=java.util.AbstractCollection.toArray([Ljava/lang/Object;)[Ljava/lang/Object; @ 119
Event: 23.880 Thread 0x00007ffb702d0800 Uncommon trap: reason=array_check action=maybe_recompile pc=0x00007ffb6d176a70 method=java.util.AbstractCollection.toArray([Ljava/lang/Object;)[Ljava/lang/Object; @ 119
Event: 23.881 Thread 0x00007ffb702d0800 Uncommon trap: reason=array_check action=maybe_recompile pc=0x00007ffb6d176a70 method=java.util.AbstractCollection.toArray([Ljava/lang/Object;)[Ljava/lang/Object; @ 119
Event: 23.881 Thread 0x00007ffb702d0800 Uncommon trap: reason=array_check action=maybe_recompile pc=0x00007ffb6d176a70 method=java.util.AbstractCollection.toArray([Ljava/lang/Object;)[Ljava/lang/Object; @ 119

Internal exceptions (10 events):
Event: 72.438 Thread 0x00007ffb702d0800 Threw 0x00000000fa4accb0 at /build/buildd/openjdk-7-7u71-2.5.3/build/openjdk/hotspot/src/share/vm/prims/jvm.cpp:1284
Event: 72.438 Thread 0x00007ffb702d0800 Threw 0x00000000fa4ad0d0 at /build/buildd/openjdk-7-7u71-2.5.3/build/openjdk/hotspot/src/share/vm/prims/jvm.cpp:1284
Event: 72.533 Thread 0x00007ffb702d0800 Threw 0x00000000fa4c8210 at /build/buildd/openjdk-7-7u71-2.5.3/build/openjdk/hotspot/src/share/vm/prims/jvm.cpp:1284
Event: 72.533 Thread 0x00007ffb702d0800 Threw 0x00000000fa4c8630 at /build/buildd/openjdk-7-7u71-2.5.3/build/openjdk/hotspot/src/share/vm/prims/jvm.cpp:1284
Event: 72.533 Thread 0x00007ffb702d0800 Threw 0x00000000fa4c9760 at /build/buildd/openjdk-7-7u71-2.5.3/build/openjdk/hotspot/src/share/vm/prims/jvm.cpp:1284
Event: 72.533 Thread 0x00007ffb702d0800 Threw 0x00000000fa4c9b80 at /build/buildd/openjdk-7-7u71-2.5.3/build/openjdk/hotspot/src/share/vm/prims/jvm.cpp:1284
Event: 72.728 Thread 0x00007ffb702d0800 Threw 0x00000000fa4e5938 at /build/buildd/openjdk-7-7u71-2.5.3/build/openjdk/hotspot/src/share/vm/prims/jvm.cpp:1284
Event: 72.728 Thread 0x00007ffb702d0800 Threw 0x00000000fa4e5d50 at /build/buildd/openjdk-7-7u71-2.5.3/build/openjdk/hotspot/src/share/vm/prims/jvm.cpp:1284
Event: 72.728 Thread 0x00007ffb702d0800 Threw 0x00000000fa4e6e60 at /build/buildd/openjdk-7-7u71-2.5.3/build/openjdk/hotspot/src/share/vm/prims/jvm.cpp:1284
Event: 72.728 Thread 0x00007ffb702d0800 Threw 0x00000000fa4e7278 at /build/buildd/openjdk-7-7u71-2.5.3/build/openjdk/hotspot/src/share/vm/prims/jvm.cpp:1284

Events (10 events):
Event: 72.438 loading class 0x00007ffb2c3ce0f0 done
Event: 72.526 loading class 0x00007ffb2c2656e0
Event: 72.530 loading class 0x00007ffb2c2656e0 done
Event: 72.533 loading class 0x00007ffb2c2656e0
Event: 72.533 loading class 0x00007ffb2c2656e0 done
Event: 72.723 loading class 0x00007ffb2c537f20
Event: 72.728 loading class 0x00007ffb2c537f20 done
Event: 72.728 loading class 0x00007ffb2c537f20
Event: 72.728 loading class 0x00007ffb2c537f20 done
Event: 73.321 Executing VM operation: ParallelGCFailedAllocation


Dynamic libraries:
00400000-00401000 r-xp 00000000 08:05 2511838                            /usr/lib/jvm/java-7-openjdk-amd64/jre/bin/java
00600000-00601000 r--p 00000000 08:05 2511838                            /usr/lib/jvm/java-7-openjdk-amd64/jre/bin/java
00601000-00602000 rw-p 00001000 08:05 2511838                            /usr/lib/jvm/java-7-openjdk-amd64/jre/bin/java
0222b000-0224c000 rw-p 00000000 00:00 0                                  [heap]
d5a00000-dab80000 rw-p 00000000 00:00 0 
dab80000-e0000000 rw-p 00000000 00:00 0 
e0000000-e5180000 rw-p 00000000 00:00 0 
e5180000-f5500000 rw-p 00000000 00:00 0 
f5500000-fbf00000 rw-p 00000000 00:00 0 
fdf00000-100000000 ---p 00000000 00:00 0 
7ffb28000000-7ffb28021000 rw-p 00000000 00:00 0 
7ffb28021000-7ffb2c000000 ---p 00000000 00:00 0 
7ffb2c000000-7ffb2c99e000 rw-p 00000000 00:00 0 
7ffb2c99e000-7ffb30000000 ---p 00000000 00:00 0 
7ffb30000000-7ffb30021000 rw-p 00000000 00:00 0 
7ffb30021000-7ffb34000000 ---p 00000000 00:00 0 
7ffb34000000-7ffb34021000 rw-p 00000000 00:00 0 
7ffb34021000-7ffb38000000 ---p 00000000 00:00 0 
7ffb38000000-7ffb38a73000 rw-p 00000000 00:00 0 
7ffb38a73000-7ffb3c000000 ---p 00000000 00:00 0 
7ffb3c000000-7ffb3c021000 rw-p 00000000 00:00 0 
7ffb3c021000-7ffb40000000 ---p 00000000 00:00 0 
7ffb40000000-7ffb40021000 rw-p 00000000 00:00 0 
7ffb40021000-7ffb44000000 ---p 00000000 00:00 0 
7ffb44000000-7ffb44a02000 rw-p 00000000 00:00 0 
7ffb44a02000-7ffb48000000 ---p 00000000 00:00 0 
7ffb48000000-7ffb48021000 rw-p 00000000 00:00 0 
7ffb48021000-7ffb4c000000 ---p 00000000 00:00 0 
7ffb4c000000-7ffb4c021000 rw-p 00000000 00:00 0 
7ffb4c021000-7ffb50000000 ---p 00000000 00:00 0 
7ffb50000000-7ffb50021000 rw-p 00000000 00:00 0 
7ffb50021000-7ffb54000000 ---p 00000000 00:00 0 
7ffb54000000-7ffb5423e000 rw-p 00000000 00:00 0 
7ffb5423e000-7ffb58000000 ---p 00000000 00:00 0 
7ffb58000000-7ffb58021000 rw-p 00000000 00:00 0 
7ffb58021000-7ffb5c000000 ---p 00000000 00:00 0 
7ffb5c2b5000-7ffb5c2ba000 r-xp 00000000 08:05 2103810                    /lib/x86_64-linux-gnu/libnss_dns-2.19.so
7ffb5c2ba000-7ffb5c4b9000 ---p 00005000 08:05 2103810                    /lib/x86_64-linux-gnu/libnss_dns-2.19.so
7ffb5c4b9000-7ffb5c4ba000 r--p 00004000 08:05 2103810                    /lib/x86_64-linux-gnu/libnss_dns-2.19.so
7ffb5c4ba000-7ffb5c4bb000 rw-p 00005000 08:05 2103810                    /lib/x86_64-linux-gnu/libnss_dns-2.19.so
7ffb5c4bb000-7ffb5c4bd000 r-xp 00000000 08:05 2104538                    /lib/x86_64-linux-gnu/libnss_mdns4_minimal.so.2
7ffb5c4bd000-7ffb5c6bc000 ---p 00002000 08:05 2104538                    /lib/x86_64-linux-gnu/libnss_mdns4_minimal.so.2
7ffb5c6bc000-7ffb5c6bd000 r--p 00001000 08:05 2104538                    /lib/x86_64-linux-gnu/libnss_mdns4_minimal.so.2
7ffb5c6bd000-7ffb5c6be000 rw-p 00002000 08:05 2104538                    /lib/x86_64-linux-gnu/libnss_mdns4_minimal.so.2
7ffb5c6be000-7ffb5c6c1000 ---p 00000000 00:00 0 
7ffb5c6c1000-7ffb5c7bf000 rw-p 00000000 00:00 0                          [stack:22130]
7ffb5c7bf000-7ffb5c7c2000 ---p 00000000 00:00 0 
7ffb5c7c2000-7ffb5c8c0000 rw-p 00000000 00:00 0 
7ffb5c8c0000-7ffb5c92c000 r-xp 00000000 08:05 2104562                    /lib/x86_64-linux-gnu/libpcre.so.3.13.1
7ffb5c92c000-7ffb5cb2b000 ---p 0006c000 08:05 2104562                    /lib/x86_64-linux-gnu/libpcre.so.3.13.1
7ffb5cb2b000-7ffb5cb2c000 r--p 0006b000 08:05 2104562                    /lib/x86_64-linux-gnu/libpcre.so.3.13.1
7ffb5cb2c000-7ffb5cb2d000 rw-p 0006c000 08:05 2104562                    /lib/x86_64-linux-gnu/libpcre.so.3.13.1
7ffb5cb2d000-7ffb5cb4e000 r-xp 00000000 08:05 2104589                    /lib/x86_64-linux-gnu/libselinux.so.1
7ffb5cb4e000-7ffb5cd4d000 ---p 00021000 08:05 2104589                    /lib/x86_64-linux-gnu/libselinux.so.1
7ffb5cd4d000-7ffb5cd4e000 r--p 00020000 08:05 2104589                    /lib/x86_64-linux-gnu/libselinux.so.1
7ffb5cd4e000-7ffb5cd4f000 rw-p 00021000 08:05 2104589                    /lib/x86_64-linux-gnu/libselinux.so.1
7ffb5cd4f000-7ffb5cd51000 rw-p 00000000 00:00 0 
7ffb5cd51000-7ffb5cd54000 r-xp 00000000 08:05 2490776                    /usr/lib/x86_64-linux-gnu/libgmodule-2.0.so.0.4200.1
7ffb5cd54000-7ffb5cf53000 ---p 00003000 08:05 2490776                    /usr/lib/x86_64-linux-gnu/libgmodule-2.0.so.0.4200.1
7ffb5cf53000-7ffb5cf54000 r--p 00002000 08:05 2490776                    /usr/lib/x86_64-linux-gnu/libgmodule-2.0.so.0.4200.1
7ffb5cf54000-7ffb5cf55000 rw-p 00003000 08:05 2490776                    /usr/lib/x86_64-linux-gnu/libgmodule-2.0.so.0.4200.1
7ffb5cf55000-7ffb5d061000 r-xp 00000000 08:05 2103771                    /lib/x86_64-linux-gnu/libglib-2.0.so.0.4200.1
7ffb5d061000-7ffb5d261000 ---p 0010c000 08:05 2103771                    /lib/x86_64-linux-gnu/libglib-2.0.so.0.4200.1
7ffb5d261000-7ffb5d262000 r--p 0010c000 08:05 2103771                    /lib/x86_64-linux-gnu/libglib-2.0.so.0.4200.1
7ffb5d262000-7ffb5d263000 rw-p 0010d000 08:05 2103771                    /lib/x86_64-linux-gnu/libglib-2.0.so.0.4200.1
7ffb5d263000-7ffb5d264000 rw-p 00000000 00:00 0 
7ffb5d264000-7ffb5d2b4000 r-xp 00000000 08:05 2490755                    /usr/lib/x86_64-linux-gnu/libgobject-2.0.so.0.4200.1
7ffb5d2b4000-7ffb5d4b4000 ---p 00050000 08:05 2490755                    /usr/lib/x86_64-linux-gnu/libgobject-2.0.so.0.4200.1
7ffb5d4b4000-7ffb5d4b5000 r--p 00050000 08:05 2490755                    /usr/lib/x86_64-linux-gnu/libgobject-2.0.so.0.4200.1
7ffb5d4b5000-7ffb5d4b6000 rw-p 00051000 08:05 2490755                    /usr/lib/x86_64-linux-gnu/libgobject-2.0.so.0.4200.1
7ffb5d4b6000-7ffb5d627000 r-xp 00000000 08:05 2490773                    /usr/lib/x86_64-linux-gnu/libgio-2.0.so.0.4200.1
7ffb5d627000-7ffb5d827000 ---p 00171000 08:05 2490773                    /usr/lib/x86_64-linux-gnu/libgio-2.0.so.0.4200.1
7ffb5d827000-7ffb5d82b000 r--p 00171000 08:05 2490773                    /usr/lib/x86_64-linux-gnu/libgio-2.0.so.0.4200.1
7ffb5d82b000-7ffb5d82d000 rw-p 00175000 08:05 2490773                    /usr/lib/x86_64-linux-gnu/libgio-2.0.so.0.4200.1
7ffb5d82d000-7ffb5d82f000 rw-p 00000000 00:00 0 
7ffb5d82f000-7ffb5d846000 r-xp 00000000 08:05 2511761                    /usr/lib/jvm/java-7-openjdk-amd64/jre/lib/amd64/libnet.so
7ffb5d846000-7ffb5da45000 ---p 00017000 08:05 2511761                    /usr/lib/jvm/java-7-openjdk-amd64/jre/lib/amd64/libnet.so
7ffb5da45000-7ffb5da46000 r--p 00016000 08:05 2511761                    /usr/lib/jvm/java-7-openjdk-amd64/jre/lib/amd64/libnet.so
7ffb5da46000-7ffb5da47000 rw-p 00017000 08:05 2511761                    /usr/lib/jvm/java-7-openjdk-amd64/jre/lib/amd64/libnet.so
7ffb5da47000-7ffb5da58000 r-xp 00000000 08:05 2511783                    /usr/lib/jvm/java-7-openjdk-amd64/jre/lib/amd64/libnio.so
7ffb5da58000-7ffb5dc57000 ---p 00011000 08:05 2511783                    /usr/lib/jvm/java-7-openjdk-amd64/jre/lib/amd64/libnio.so
7ffb5dc57000-7ffb5dc58000 r--p 00010000 08:05 2511783                    /usr/lib/jvm/java-7-openjdk-amd64/jre/lib/amd64/libnio.so
7ffb5dc58000-7ffb5dc59000 rw-p 00011000 08:05 2511783                    /usr/lib/jvm/java-7-openjdk-amd64/jre/lib/amd64/libnio.so
7ffb5dc59000-7ffb5dc60000 r-xp 00000000 08:05 2503107                    /usr/lib/x86_64-linux-gnu/libffi.so.6.0.2
7ffb5dc60000-7ffb5de5f000 ---p 00007000 08:05 2503107                    /usr/lib/x86_64-linux-gnu/libffi.so.6.0.2
7ffb5de5f000-7ffb5de60000 r--p 00006000 08:05 2503107                    /usr/lib/x86_64-linux-gnu/libffi.so.6.0.2
7ffb5de60000-7ffb5de61000 rw-p 00007000 08:05 2503107                    /usr/lib/x86_64-linux-gnu/libffi.so.6.0.2
7ffb5de61000-7ffb5de78000 r-xp 00000000 08:05 2103820                    /lib/x86_64-linux-gnu/libresolv-2.19.so
7ffb5de78000-7ffb5e078000 ---p 00017000 08:05 2103820                    /lib/x86_64-linux-gnu/libresolv-2.19.so
7ffb5e078000-7ffb5e079000 r--p 00017000 08:05 2103820                    /lib/x86_64-linux-gnu/libresolv-2.19.so
7ffb5e079000-7ffb5e07a000 rw-p 00018000 08:05 2103820                    /lib/x86_64-linux-gnu/libresolv-2.19.so
7ffb5e07a000-7ffb5e07c000 rw-p 00000000 00:00 0 
7ffb5e07c000-7ffb5e07f000 r-xp 00000000 08:05 2104498                    /lib/x86_64-linux-gnu/libkeyutils.so.1.5
7ffb5e07f000-7ffb5e27e000 ---p 00003000 08:05 2104498                    /lib/x86_64-linux-gnu/libkeyutils.so.1.5
7ffb5e27e000-7ffb5e27f000 r--p 00002000 08:05 2104498                    /lib/x86_64-linux-gnu/libkeyutils.so.1.5
7ffb5e27f000-7ffb5e280000 rw-p 00003000 08:05 2104498                    /lib/x86_64-linux-gnu/libkeyutils.so.1.5
7ffb5e280000-7ffb5e2a5000 r-xp 00000000 08:05 2104574                    /lib/x86_64-linux-gnu/libpng12.so.0.51.0
7ffb5e2a5000-7ffb5e4a4000 ---p 00025000 08:05 2104574                    /lib/x86_64-linux-gnu/libpng12.so.0.51.0
7ffb5e4a4000-7ffb5e4a5000 r--p 00024000 08:05 2104574                    /lib/x86_64-linux-gnu/libpng12.so.0.51.0
7ffb5e4a5000-7ffb5e4a6000 rw-p 00025000 08:05 2104574                    /lib/x86_64-linux-gnu/libpng12.so.0.51.0
7ffb5e4a6000-7ffb5e4ec000 r-xp 00000000 08:05 2103488                    /lib/x86_64-linux-gnu/libdbus-1.so.3.8.7
7ffb5e4ec000-7ffb5e6eb000 ---p 00046000 08:05 2103488                    /lib/x86_64-linux-gnu/libdbus-1.so.3.8.7
7ffb5e6eb000-7ffb5e6ed000 r--p 00045000 08:05 2103488                    /lib/x86_64-linux-gnu/libdbus-1.so.3.8.7
7ffb5e6ed000-7ffb5e6ee000 rw-p 00047000 08:05 2103488                    /lib/x86_64-linux-gnu/libdbus-1.so.3.8.7
7ffb5e6ee000-7ffb5e76c000 r-xp 00000000 08:05 2503220                    /usr/lib/x86_64-linux-gnu/libgmp.so.10.2.0
7ffb5e76c000-7ffb5e96c000 ---p 0007e000 08:05 2503220                    /usr/lib/x86_64-linux-gnu/libgmp.so.10.2.0
7ffb5e96c000-7ffb5e96d000 r--p 0007e000 08:05 2503220                    /usr/lib/x86_64-linux-gnu/libgmp.so.10.2.0
7ffb5e96d000-7ffb5e96e000 rw-p 0007f000 08:05 2503220                    /usr/lib/x86_64-linux-gnu/libgmp.so.10.2.0
7ffb5e96e000-7ffb5e99a000 r-xp 00000000 08:05 2503377                    /usr/lib/x86_64-linux-gnu/libhogweed.so.2.5
7ffb5e99a000-7ffb5eb9a000 ---p 0002c000 08:05 2503377                    /usr/lib/x86_64-linux-gnu/libhogweed.so.2.5
7ffb5eb9a000-7ffb5eb9b000 r--p 0002c000 08:05 2503377                    /usr/lib/x86_64-linux-gnu/libhogweed.so.2.5
7ffb5eb9b000-7ffb5eb9c000 rw-p 0002d000 08:05 2503377                    /usr/lib/x86_64-linux-gnu/libhogweed.so.2.5
7ffb5eb9c000-7ffb5ebcb000 r-xp 00000000 08:05 2503514                    /usr/lib/x86_64-linux-gnu/libnettle.so.4.7
7ffb5ebcb000-7ffb5edcb000 ---p 0002f000 08:05 2503514                    /usr/lib/x86_64-linux-gnu/libnettle.so.4.7
7ffb5edcb000-7ffb5edcc000 r--p 0002f000 08:05 2503514                    /usr/lib/x86_64-linux-gnu/libnettle.so.4.7
7ffb5edcc000-7ffb5edcd000 rw-p 00030000 08:05 2503514                    /usr/lib/x86_64-linux-gnu/libnettle.so.4.7
7ffb5edcd000-7ffb5edde000 r-xp 00000000 08:05 2503765                    /usr/lib/x86_64-linux-gnu/libtasn1.so.6.3.0
7ffb5edde000-7ffb5efdd000 ---p 00011000 08:05 2503765                    /usr/lib/x86_64-linux-gnu/libtasn1.so.6.3.0
7ffb5efdd000-7ffb5efde000 r--p 00010000 08:05 2503765                    /usr/lib/x86_64-linux-gnu/libtasn1.so.6.3.0
7ffb5efde000-7ffb5efdf000 rw-p 00011000 08:05 2503765                    /usr/lib/x86_64-linux-gnu/libtasn1.so.6.3.0
7ffb5efdf000-7ffb5f01a000 r-xp 00000000 08:05 2503564                    /usr/lib/x86_64-linux-gnu/libp11-kit.so.0.0.0
7ffb5f01a000-7ffb5f219000 ---p 0003b000 08:05 2503564                    /usr/lib/x86_64-linux-gnu/libp11-kit.so.0.0.0
7ffb5f219000-7ffb5f21f000 r--p 0003a000 08:05 2503564                    /usr/lib/x86_64-linux-gnu/libp11-kit.so.0.0.0
7ffb5f21f000-7ffb5f221000 rw-p 00040000 08:05 2503564                    /usr/lib/x86_64-linux-gnu/libp11-kit.so.0.0.0
7ffb5f221000-7ffb5f22b000 r-xp 00000000 08:05 2503442                    /usr/lib/x86_64-linux-gnu/libkrb5support.so.0.1
7ffb5f22b000-7ffb5f42a000 ---p 0000a000 08:05 2503442                    /usr/lib/x86_64-linux-gnu/libkrb5support.so.0.1
7ffb5f42a000-7ffb5f42b000 r--p 00009000 08:05 2503442                    /usr/lib/x86_64-linux-gnu/libkrb5support.so.0.1
7ffb5f42b000-7ffb5f42c000 rw-p 0000a000 08:05 2503442                    /usr/lib/x86_64-linux-gnu/libkrb5support.so.0.1
7ffb5f42c000-7ffb5f42f000 r-xp 00000000 08:05 2104462                    /lib/x86_64-linux-gnu/libcom_err.so.2.1
7ffb5f42f000-7ffb5f62e000 ---p 00003000 08:05 2104462                    /lib/x86_64-linux-gnu/libcom_err.so.2.1
7ffb5f62e000-7ffb5f62f000 r--p 00002000 08:05 2104462                    /lib/x86_64-linux-gnu/libcom_err.so.2.1
7ffb5f62f000-7ffb5f630000 rw-p 00003000 08:05 2104462                    /lib/x86_64-linux-gnu/libcom_err.so.2.1
7ffb5f630000-7ffb5f65d000 r-xp 00000000 08:05 2503436                    /usr/lib/x86_64-linux-gnu/libk5crypto.so.3.1
7ffb5f65d000-7ffb5f85c000 ---p 0002d000 08:05 2503436                    /usr/lib/x86_64-linux-gnu/libk5crypto.so.3.1
7ffb5f85c000-7ffb5f85e000 r--p 0002c000 08:05 2503436                    /usr/lib/x86_64-linux-gnu/libk5crypto.so.3.1
7ffb5f85e000-7ffb5f85f000 rw-p 0002e000 08:05 2503436                    /usr/lib/x86_64-linux-gnu/libk5crypto.so.3.1
7ffb5f85f000-7ffb5f860000 rw-p 00000000 00:00 0 
7ffb5f860000-7ffb5f920000 r-xp 00000000 08:05 2503440                    /usr/lib/x86_64-linux-gnu/libkrb5.so.3.3
7ffb5f920000-7ffb5fb20000 ---p 000c0000 08:05 2503440                    /usr/lib/x86_64-linux-gnu/libkrb5.so.3.3
7ffb5fb20000-7ffb5fb2d000 r--p 000c0000 08:05 2503440                    /usr/lib/x86_64-linux-gnu/libkrb5.so.3.3
7ffb5fb2d000-7ffb5fb2f000 rw-p 000cd000 08:05 2503440                    /usr/lib/x86_64-linux-gnu/libkrb5.so.3.3
7ffb5fb2f000-7ffb5fb55000 r-xp 00000000 08:05 2104475                    /lib/x86_64-linux-gnu/libexpat.so.1.6.0
7ffb5fb55000-7ffb5fd54000 ---p 00026000 08:05 2104475                    /lib/x86_64-linux-gnu/libexpat.so.1.6.0
7ffb5fd54000-7ffb5fd57000 r--p 00025000 08:05 2104475                    /lib/x86_64-linux-gnu/libexpat.so.1.6.0
7ffb5fd57000-7ffb5fd58000 rw-p 00028000 08:05 2104475                    /lib/x86_64-linux-gnu/libexpat.so.1.6.0
7ffb5fd58000-7ffb5fdfa000 r-xp 00000000 08:05 2503149                    /usr/lib/x86_64-linux-gnu/libfreetype.so.6.11.1
7ffb5fdfa000-7ffb5fff9000 ---p 000a2000 08:05 2503149                    /usr/lib/x86_64-linux-gnu/libfreetype.so.6.11.1
7ffb5fff9000-7ffb5ffff000 r--p 000a1000 08:05 2503149                    /usr/lib/x86_64-linux-gnu/libfreetype.so.6.11.1
7ffb5ffff000-7ffb60000000 rw-p 000a7000 08:05 2503149                    /usr/lib/x86_64-linux-gnu/libfreetype.so.6.11.1
7ffb60000000-7ffb60021000 rw-p 00000000 00:00 0 
7ffb60021000-7ffb64000000 ---p 00000000 00:00 0 
7ffb64009000-7ffb6400c000 ---p 00000000 00:00 0 
7ffb6400c000-7ffb6413b000 rw-p 00000000 00:00 0 
7ffb6415a000-7ffb6416a000 r-xp 00000000 08:05 2502911                    /usr/lib/x86_64-linux-gnu/libavahi-client.so.3.2.9
7ffb6416a000-7ffb64369000 ---p 00010000 08:05 2502911                    /usr/lib/x86_64-linux-gnu/libavahi-client.so.3.2.9
7ffb64369000-7ffb6436a000 r--p 0000f000 08:05 2502911                    /usr/lib/x86_64-linux-gnu/libavahi-client.so.3.2.9
7ffb6436a000-7ffb6436b000 rw-p 00010000 08:05 2502911                    /usr/lib/x86_64-linux-gnu/libavahi-client.so.3.2.9
7ffb6436b000-7ffb64376000 r-xp 00000000 08:05 2502913                    /usr/lib/x86_64-linux-gnu/libavahi-common.so.3.5.3
7ffb64376000-7ffb64575000 ---p 0000b000 08:05 2502913                    /usr/lib/x86_64-linux-gnu/libavahi-common.so.3.5.3
7ffb64575000-7ffb64576000 r--p 0000a000 08:05 2502913                    /usr/lib/x86_64-linux-gnu/libavahi-common.so.3.5.3
7ffb64576000-7ffb64577000 rw-p 0000b000 08:05 2502913                    /usr/lib/x86_64-linux-gnu/libavahi-common.so.3.5.3
7ffb64577000-7ffb64676000 r-xp 00000000 08:05 2497998                    /usr/lib/x86_64-linux-gnu/libgnutls-deb0.so.28.30.7
7ffb64676000-7ffb64875000 ---p 000ff000 08:05 2497998                    /usr/lib/x86_64-linux-gnu/libgnutls-deb0.so.28.30.7
7ffb64875000-7ffb6487e000 r--p 000fe000 08:05 2497998                    /usr/lib/x86_64-linux-gnu/libgnutls-deb0.so.28.30.7
7ffb6487e000-7ffb64880000 rw-p 00107000 08:05 2497998                    /usr/lib/x86_64-linux-gnu/libgnutls-deb0.so.28.30.7
7ffb64880000-7ffb648c5000 r-xp 00000000 08:05 2503265                    /usr/lib/x86_64-linux-gnu/libgssapi_krb5.so.2.2
7ffb648c5000-7ffb64ac4000 ---p 00045000 08:05 2503265                    /usr/lib/x86_64-linux-gnu/libgssapi_krb5.so.2.2
7ffb64ac4000-7ffb64ac6000 r--p 00044000 08:05 2503265                    /usr/lib/x86_64-linux-gnu/libgssapi_krb5.so.2.2
7ffb64ac6000-7ffb64ac7000 rw-p 00046000 08:05 2503265                    /usr/lib/x86_64-linux-gnu/libgssapi_krb5.so.2.2
7ffb64ac7000-7ffb64ac8000 rw-p 00000000 00:00 0 
7ffb64ac8000-7ffb64b03000 r-xp 00000000 08:05 2503121                    /usr/lib/x86_64-linux-gnu/libfontconfig.so.1.8.0
7ffb64b03000-7ffb64d02000 ---p 0003b000 08:05 2503121                    /usr/lib/x86_64-linux-gnu/libfontconfig.so.1.8.0
7ffb64d02000-7ffb64d04000 r--p 0003a000 08:05 2503121                    /usr/lib/x86_64-linux-gnu/libfontconfig.so.1.8.0
7ffb64d04000-7ffb64d05000 rw-p 0003c000 08:05 2503121                    /usr/lib/x86_64-linux-gnu/libfontconfig.so.1.8.0
7ffb64d05000-7ffb64d72000 r-xp 00000000 08:05 2503010                    /usr/lib/x86_64-linux-gnu/libcups.so.2
7ffb64d72000-7ffb64f72000 ---p 0006d000 08:05 2503010                    /usr/lib/x86_64-linux-gnu/libcups.so.2
7ffb64f72000-7ffb64f79000 r--p 0006d000 08:05 2503010                    /usr/lib/x86_64-linux-gnu/libcups.so.2
7ffb64f79000-7ffb64f7a000 rw-p 00074000 08:05 2503010                    /usr/lib/x86_64-linux-gnu/libcups.so.2
7ffb64f8d000-7ffb64f91000 r--s 00023000 00:26 1447793                    /home/oliver/projects/robocode/libs/robocode.ui.editor-1.9.2.4.jar
7ffb64f91000-7ffb64f99000 r--s 0014d000 00:26 1447794                    /home/oliver/projects/robocode/libs/robocode.ui-1.9.2.4.jar
7ffb64f99000-7ffb64fa0000 r-xp 00000000 08:05 2511776                    /usr/lib/jvm/java-7-openjdk-amd64/jre/lib/amd64/headless/libmawt.so
7ffb64fa0000-7ffb6519f000 ---p 00007000 08:05 2511776                    /usr/lib/jvm/java-7-openjdk-amd64/jre/lib/amd64/headless/libmawt.so
7ffb6519f000-7ffb651a0000 r--p 00006000 08:05 2511776                    /usr/lib/jvm/java-7-openjdk-amd64/jre/lib/amd64/headless/libmawt.so
7ffb651a0000-7ffb651a1000 rw-p 00007000 08:05 2511776                    /usr/lib/jvm/java-7-openjdk-amd64/jre/lib/amd64/headless/libmawt.so
7ffb651a1000-7ffb65241000 r-xp 00000000 08:05 2511790                    /usr/lib/jvm/java-7-openjdk-amd64/jre/lib/amd64/libawt.so
7ffb65241000-7ffb65441000 ---p 000a0000 08:05 2511790                    /usr/lib/jvm/java-7-openjdk-amd64/jre/lib/amd64/libawt.so
7ffb65441000-7ffb65442000 r--p 000a0000 08:05 2511790                    /usr/lib/jvm/java-7-openjdk-amd64/jre/lib/amd64/libawt.so
7ffb65442000-7ffb6544d000 rw-p 000a1000 08:05 2511790                    /usr/lib/jvm/java-7-openjdk-amd64/jre/lib/amd64/libawt.so
7ffb6544d000-7ffb65472000 rw-p 00000000 00:00 0 
7ffb65472000-7ffb6547c000 r--s 00203000 08:05 2511797                    /usr/lib/jvm/java-7-openjdk-amd64/jre/lib/charsets.jar
7ffb6547c000-7ffb6547d000 ---p 00000000 00:00 0 
7ffb6547d000-7ffb6557d000 rw-p 00000000 00:00 0                          [stack:22058]
7ffb6557d000-7ffb65580000 ---p 00000000 00:00 0 
7ffb65580000-7ffb6567e000 rw-p 00000000 00:00 0                          [stack:22053]
7ffb6567e000-7ffb65681000 ---p 00000000 00:00 0 
7ffb65681000-7ffb6577f000 rw-p 00000000 00:00 0                          [stack:22040]
7ffb6577f000-7ffb65782000 ---p 00000000 00:00 0 
7ffb65782000-7ffb65880000 rw-p 00000000 00:00 0                          [stack:22016]
7ffb65880000-7ffb65883000 ---p 00000000 00:00 0 
7ffb65883000-7ffb65981000 rw-p 00000000 00:00 0                          [stack:22003]
7ffb65981000-7ffb66063000 r--p 00000000 08:05 2499634                    /usr/lib/locale/locale-archive
7ffb66063000-7ffb66066000 ---p 00000000 00:00 0 
7ffb66066000-7ffb66164000 rw-p 00000000 00:00 0                          [stack:21938]
7ffb66164000-7ffb66167000 ---p 00000000 00:00 0 
7ffb66167000-7ffb66265000 rw-p 00000000 00:00 0                          [stack:21921]
7ffb66265000-7ffb66266000 ---p 00000000 00:00 0 
7ffb66266000-7ffb68000000 rw-p 00000000 00:00 0                          [stack:21916]
7ffb68000000-7ffb68021000 rw-p 00000000 00:00 0 
7ffb68021000-7ffb6c000000 ---p 00000000 00:00 0 
7ffb6c000000-7ffb6c002000 r--s 00014000 00:26 1447791                    /home/oliver/projects/robocode/libs/robocode.host-1.9.2.4.jar
7ffb6c002000-7ffb6c004000 r--s 0000d000 00:26 1447792                    /home/oliver/projects/robocode/libs/robocode.repository-1.9.2.4.jar
7ffb6c004000-7ffb6c008000 r--s 00027000 00:26 1447790                    /home/oliver/projects/robocode/libs/robocode.battle-1.9.2.4.jar
7ffb6c008000-7ffb6c010000 r--s 00048000 00:26 1447788                    /home/oliver/projects/robocode/libs/picocontainer-2.14.2.jar
7ffb6c010000-7ffb6c882000 rw-p 00000000 00:00 0 
7ffb6c882000-7ffb6ca33000 r--s 01d25000 08:05 2511823                    /usr/lib/jvm/java-7-openjdk-amd64/jre/lib/rt.jar
7ffb6ca33000-7ffb6cbfc000 rw-p 00000000 00:00 0 
7ffb6cbfc000-7ffb6cbfd000 ---p 00000000 00:00 0 
7ffb6cbfd000-7ffb6ccfd000 rw-p 00000000 00:00 0                          [stack:21884]
7ffb6ccfd000-7ffb6ccfe000 ---p 00000000 00:00 0 
7ffb6ccfe000-7ffb6cdfe000 rw-p 00000000 00:00 0                          [stack:21867]
7ffb6cdfe000-7ffb6cdff000 ---p 00000000 00:00 0 
7ffb6cdff000-7ffb6ceff000 rw-p 00000000 00:00 0                          [stack:21846]
7ffb6ceff000-7ffb6cf00000 ---p 00000000 00:00 0 
7ffb6cf00000-7ffb6d000000 rw-p 00000000 00:00 0                          [stack:21829]
7ffb6d000000-7ffb6d270000 rwxp 00000000 00:00 0 
7ffb6d270000-7ffb702e0000 rw-p 00000000 00:00 0 
7ffb702e0000-7ffb74000000 ---p 00000000 00:00 0 
7ffb74000000-7ffb74001000 rw-p 00000000 00:00 0 
7ffb74001000-7ffb74002000 r--s 00021000 00:26 1447795                    /home/oliver/projects/robocode/libs/robocode.sound-1.9.2.4.jar
7ffb74002000-7ffb7400a000 r--s 00059000 00:26 1447789                    /home/oliver/projects/robocode/libs/codesize-1.1.jar
7ffb7400a000-7ffb740d7000 rw-p 00000000 00:00 0 
7ffb740d7000-7ffb74101000 rw-p 00000000 00:00 0 
7ffb74101000-7ffb7412a000 rw-p 00000000 00:00 0 
7ffb7412a000-7ffb741ac000 rw-p 00000000 00:00 0 
7ffb741ac000-7ffb741d5000 rw-p 00000000 00:00 0 
7ffb741d5000-7ffb741ff000 rw-p 00000000 00:00 0 
7ffb741ff000-7ffb74228000 rw-p 00000000 00:00 0 
7ffb74228000-7ffb742a9000 rw-p 00000000 00:00 0 
7ffb742a9000-7ffb742df000 rw-p 00000000 00:00 0 
7ffb742df000-7ffb742ff000 ---p 00000000 00:00 0 
7ffb742ff000-7ffb74300000 rw-p 00000000 00:00 0 
7ffb74300000-7ffb74308000 r-xp 00000000 08:05 2511755                    /usr/lib/jvm/java-7-openjdk-amd64/jre/lib/amd64/libzip.so
7ffb74308000-7ffb74507000 ---p 00008000 08:05 2511755                    /usr/lib/jvm/java-7-openjdk-amd64/jre/lib/amd64/libzip.so
7ffb74507000-7ffb74508000 r--p 00007000 08:05 2511755                    /usr/lib/jvm/java-7-openjdk-amd64/jre/lib/amd64/libzip.so
7ffb74508000-7ffb74509000 rw-p 00008000 08:05 2511755                    /usr/lib/jvm/java-7-openjdk-amd64/jre/lib/amd64/libzip.so
7ffb74509000-7ffb74514000 r-xp 00000000 08:05 2103824                    /lib/x86_64-linux-gnu/libnss_files-2.19.so
7ffb74514000-7ffb74713000 ---p 0000b000 08:05 2103824                    /lib/x86_64-linux-gnu/libnss_files-2.19.so
7ffb74713000-7ffb74714000 r--p 0000a000 08:05 2103824                    /lib/x86_64-linux-gnu/libnss_files-2.19.so
7ffb74714000-7ffb74715000 rw-p 0000b000 08:05 2103824                    /lib/x86_64-linux-gnu/libnss_files-2.19.so
7ffb74715000-7ffb74720000 r-xp 00000000 08:05 2103816                    /lib/x86_64-linux-gnu/libnss_nis-2.19.so
7ffb74720000-7ffb7491f000 ---p 0000b000 08:05 2103816                    /lib/x86_64-linux-gnu/libnss_nis-2.19.so
7ffb7491f000-7ffb74920000 r--p 0000a000 08:05 2103816                    /lib/x86_64-linux-gnu/libnss_nis-2.19.so
7ffb74920000-7ffb74921000 rw-p 0000b000 08:05 2103816                    /lib/x86_64-linux-gnu/libnss_nis-2.19.so
7ffb74921000-7ffb74938000 r-xp 00000000 08:05 2103807                    /lib/x86_64-linux-gnu/libnsl-2.19.so
7ffb74938000-7ffb74b37000 ---p 00017000 08:05 2103807                    /lib/x86_64-linux-gnu/libnsl-2.19.so
7ffb74b37000-7ffb74b38000 r--p 00016000 08:05 2103807                    /lib/x86_64-linux-gnu/libnsl-2.19.so
7ffb74b38000-7ffb74b39000 rw-p 00017000 08:05 2103807                    /lib/x86_64-linux-gnu/libnsl-2.19.so
7ffb74b39000-7ffb74b3b000 rw-p 00000000 00:00 0 
7ffb74b3b000-7ffb74b44000 r-xp 00000000 08:05 2103812                    /lib/x86_64-linux-gnu/libnss_compat-2.19.so
7ffb74b44000-7ffb74d43000 ---p 00009000 08:05 2103812                    /lib/x86_64-linux-gnu/libnss_compat-2.19.so
7ffb74d43000-7ffb74d44000 r--p 00008000 08:05 2103812                    /lib/x86_64-linux-gnu/libnss_compat-2.19.so
7ffb74d44000-7ffb74d45000 rw-p 00009000 08:05 2103812                    /lib/x86_64-linux-gnu/libnss_compat-2.19.so
7ffb74d45000-7ffb74d72000 r-xp 00000000 08:05 2511752                    /usr/lib/jvm/java-7-openjdk-amd64/jre/lib/amd64/libjava.so
7ffb74d72000-7ffb74f71000 ---p 0002d000 08:05 2511752                    /usr/lib/jvm/java-7-openjdk-amd64/jre/lib/amd64/libjava.so
7ffb74f71000-7ffb74f72000 r--p 0002c000 08:05 2511752                    /usr/lib/jvm/java-7-openjdk-amd64/jre/lib/amd64/libjava.so
7ffb74f72000-7ffb74f74000 rw-p 0002d000 08:05 2511752                    /usr/lib/jvm/java-7-openjdk-amd64/jre/lib/amd64/libjava.so
7ffb74f74000-7ffb74f85000 r-xp 00000000 08:05 2511767                    /usr/lib/jvm/java-7-openjdk-amd64/jre/lib/amd64/libverify.so
7ffb74f85000-7ffb75184000 ---p 00011000 08:05 2511767                    /usr/lib/jvm/java-7-openjdk-amd64/jre/lib/amd64/libverify.so
7ffb75184000-7ffb75186000 r--p 00010000 08:05 2511767                    /usr/lib/jvm/java-7-openjdk-amd64/jre/lib/amd64/libverify.so
7ffb75186000-7ffb75187000 rw-p 00012000 08:05 2511767                    /usr/lib/jvm/java-7-openjdk-amd64/jre/lib/amd64/libverify.so
7ffb75187000-7ffb7518e000 r-xp 00000000 08:05 2103815                    /lib/x86_64-linux-gnu/librt-2.19.so
7ffb7518e000-7ffb7538d000 ---p 00007000 08:05 2103815                    /lib/x86_64-linux-gnu/librt-2.19.so
7ffb7538d000-7ffb7538e000 r--p 00006000 08:05 2103815                    /lib/x86_64-linux-gnu/librt-2.19.so
7ffb7538e000-7ffb7538f000 rw-p 00007000 08:05 2103815                    /lib/x86_64-linux-gnu/librt-2.19.so
7ffb7538f000-7ffb753a5000 r-xp 00000000 08:05 2104480                    /lib/x86_64-linux-gnu/libgcc_s.so.1
7ffb753a5000-7ffb755a4000 ---p 00016000 08:05 2104480                    /lib/x86_64-linux-gnu/libgcc_s.so.1
7ffb755a4000-7ffb755a5000 r--p 00015000 08:05 2104480                    /lib/x86_64-linux-gnu/libgcc_s.so.1
7ffb755a5000-7ffb755a6000 rw-p 00016000 08:05 2104480                    /lib/x86_64-linux-gnu/libgcc_s.so.1
7ffb755a6000-7ffb756ab000 r-xp 00000000 08:05 2103817                    /lib/x86_64-linux-gnu/libm-2.19.so
7ffb756ab000-7ffb758aa000 ---p 00105000 08:05 2103817                    /lib/x86_64-linux-gnu/libm-2.19.so
7ffb758aa000-7ffb758ab000 r--p 00104000 08:05 2103817                    /lib/x86_64-linux-gnu/libm-2.19.so
7ffb758ab000-7ffb758ac000 rw-p 00105000 08:05 2103817                    /lib/x86_64-linux-gnu/libm-2.19.so
7ffb758ac000-7ffb7599c000 r-xp 00000000 08:05 2503759                    /usr/lib/x86_64-linux-gnu/libstdc++.so.6.0.20
7ffb7599c000-7ffb75b9c000 ---p 000f0000 08:05 2503759                    /usr/lib/x86_64-linux-gnu/libstdc++.so.6.0.20
7ffb75b9c000-7ffb75ba4000 r--p 000f0000 08:05 2503759                    /usr/lib/x86_64-linux-gnu/libstdc++.so.6.0.20
7ffb75ba4000-7ffb75ba6000 rw-p 000f8000 08:05 2503759                    /usr/lib/x86_64-linux-gnu/libstdc++.so.6.0.20
7ffb75ba6000-7ffb75bbb000 rw-p 00000000 00:00 0 
7ffb75bbb000-7ffb76708000 r-xp 00000000 08:05 2511781                    /usr/lib/jvm/java-7-openjdk-amd64/jre/lib/amd64/server/libjvm.so
7ffb76708000-7ffb76908000 ---p 00b4d000 08:05 2511781                    /usr/lib/jvm/java-7-openjdk-amd64/jre/lib/amd64/server/libjvm.so
7ffb76908000-7ffb769a7000 r--p 00b4d000 08:05 2511781                    /usr/lib/jvm/java-7-openjdk-amd64/jre/lib/amd64/server/libjvm.so
7ffb769a7000-7ffb769ca000 rw-p 00bec000 08:05 2511781                    /usr/lib/jvm/java-7-openjdk-amd64/jre/lib/amd64/server/libjvm.so
7ffb769ca000-7ffb769f7000 rw-p 00000000 00:00 0 
7ffb769f7000-7ffb76a0f000 r-xp 00000000 08:05 2104624                    /lib/x86_64-linux-gnu/libz.so.1.2.8
7ffb76a0f000-7ffb76c0e000 ---p 00018000 08:05 2104624                    /lib/x86_64-linux-gnu/libz.so.1.2.8
7ffb76c0e000-7ffb76c0f000 r--p 00017000 08:05 2104624                    /lib/x86_64-linux-gnu/libz.so.1.2.8
7ffb76c0f000-7ffb76c10000 rw-p 00018000 08:05 2104624                    /lib/x86_64-linux-gnu/libz.so.1.2.8
7ffb76c10000-7ffb76c28000 r-xp 00000000 08:05 2103813                    /lib/x86_64-linux-gnu/libpthread-2.19.so
7ffb76c28000-7ffb76e28000 ---p 00018000 08:05 2103813                    /lib/x86_64-linux-gnu/libpthread-2.19.so
7ffb76e28000-7ffb76e29000 r--p 00018000 08:05 2103813                    /lib/x86_64-linux-gnu/libpthread-2.19.so
7ffb76e29000-7ffb76e2a000 rw-p 00019000 08:05 2103813                    /lib/x86_64-linux-gnu/libpthread-2.19.so
7ffb76e2a000-7ffb76e2e000 rw-p 00000000 00:00 0 
7ffb76e2e000-7ffb76e31000 r-xp 00000000 08:05 2103923                    /lib/x86_64-linux-gnu/libdl-2.19.so
7ffb76e31000-7ffb77030000 ---p 00003000 08:05 2103923                    /lib/x86_64-linux-gnu/libdl-2.19.so
7ffb77030000-7ffb77031000 r--p 00002000 08:05 2103923                    /lib/x86_64-linux-gnu/libdl-2.19.so
7ffb77031000-7ffb77032000 rw-p 00003000 08:05 2103923                    /lib/x86_64-linux-gnu/libdl-2.19.so
7ffb77032000-7ffb771ec000 r-xp 00000000 08:05 2103806                    /lib/x86_64-linux-gnu/libc-2.19.so
7ffb771ec000-7ffb773ec000 ---p 001ba000 08:05 2103806                    /lib/x86_64-linux-gnu/libc-2.19.so
7ffb773ec000-7ffb773f0000 r--p 001ba000 08:05 2103806                    /lib/x86_64-linux-gnu/libc-2.19.so
7ffb773f0000-7ffb773f2000 rw-p 001be000 08:05 2103806                    /lib/x86_64-linux-gnu/libc-2.19.so
7ffb773f2000-7ffb773f7000 rw-p 00000000 00:00 0 
7ffb773f7000-7ffb77404000 r-xp 00000000 08:05 2511787                    /usr/lib/jvm/java-7-openjdk-amd64/jre/lib/amd64/jli/libjli.so
7ffb77404000-7ffb77603000 ---p 0000d000 08:05 2511787                    /usr/lib/jvm/java-7-openjdk-amd64/jre/lib/amd64/jli/libjli.so
7ffb77603000-7ffb77604000 r--p 0000c000 08:05 2511787                    /usr/lib/jvm/java-7-openjdk-amd64/jre/lib/amd64/jli/libjli.so
7ffb77604000-7ffb77605000 rw-p 0000d000 08:05 2511787                    /usr/lib/jvm/java-7-openjdk-amd64/jre/lib/amd64/jli/libjli.so
7ffb77605000-7ffb77628000 r-xp 00000000 08:05 2103819                    /lib/x86_64-linux-gnu/ld-2.19.so
7ffb77628000-7ffb77629000 r--p 00000000 08:05 143970                     /usr/share/locale-langpack/en_GB/LC_MESSAGES/libc.mo
7ffb77629000-7ffb7762d000 r--s 0002e000 00:26 1447787                    /home/oliver/projects/robocode/libs/robocode.core-1.9.2.4.jar
7ffb7762d000-7ffb77633000 r--s 00026000 00:26 1447785                    /home/oliver/projects/robocode/libs/robocode.jar
7ffb77633000-7ffb77635000 r--s 00012000 08:05 2511800                    /usr/lib/jvm/java-7-openjdk-amd64/jre/lib/ext/zipfs.jar
7ffb77635000-7ffb77639000 r--s 00085000 08:05 2511799                    /usr/lib/jvm/java-7-openjdk-amd64/jre/lib/ext/localedata.jar
7ffb77639000-7ffb7763d000 r--s 00034000 08:05 2511801                    /usr/lib/jvm/java-7-openjdk-amd64/jre/lib/ext/sunjce_provider.jar
7ffb7763d000-7ffb77640000 r--s 0000f000 08:05 2511803                    /usr/lib/jvm/java-7-openjdk-amd64/jre/lib/ext/icedtea-sound.jar
7ffb77640000-7ffb7764a000 rw-p 00000000 00:00 0 
7ffb7764a000-7ffb77700000 rw-p 00000000 00:00 0 
7ffb77700000-7ffb77703000 ---p 00000000 00:00 0 
7ffb77703000-7ffb77806000 rw-p 00000000 00:00 0                          [stack:21799]
7ffb77806000-7ffb7780a000 r--s 0003c000 08:05 2511804                    /usr/lib/jvm/java-7-openjdk-amd64/jre/lib/ext/sunpkcs11.jar
7ffb7780a000-7ffb7780b000 r--s 00002000 08:05 2511802                    /usr/lib/jvm/java-7-openjdk-amd64/jre/lib/ext/dnsns.jar
7ffb7780b000-7ffb7780d000 r--s 00006000 08:05 2900065                    /usr/share/java/java-atk-wrapper.jar
7ffb7780d000-7ffb7781b000 rw-p 00000000 00:00 0 
7ffb7781b000-7ffb77823000 rw-s 00000000 08:05 2373512                    /tmp/hsperfdata_oliver/21794
7ffb77823000-7ffb77824000 rw-p 00000000 00:00 0 
7ffb77824000-7ffb77825000 ---p 00000000 00:00 0 
7ffb77825000-7ffb77827000 rw-p 00000000 00:00 0 
7ffb77827000-7ffb77828000 r--p 00022000 08:05 2103819                    /lib/x86_64-linux-gnu/ld-2.19.so
7ffb77828000-7ffb77829000 rw-p 00023000 08:05 2103819                    /lib/x86_64-linux-gnu/ld-2.19.so
7ffb77829000-7ffb7782a000 rw-p 00000000 00:00 0 
7fffc8636000-7fffc8657000 rw-p 00000000 00:00 0                          [stack]
7fffc8699000-7fffc869b000 r-xp 00000000 00:00 0                          [vdso]
7fffc869b000-7fffc869d000 r--p 00000000 00:00 0                          [vvar]
ffffffffff600000-ffffffffff601000 r-xp 00000000 00:00 0                  [vsyscall]

VM Arguments:
jvm_args: -Djava.awt.headless=true -DROBOTPATH=/home/oliver/projects/robocode/robots/ -Xmx512M -Dsun.io.useCanonCaches=false 
java_command: robocode.Robocode -battle /tmp/tmpxX7x12.battle -nodisplay -nosound -results /tmp/tmpiLQ4Or
Launcher Type: SUN_STANDARD

Environment Variables:
PATH=/usr/local/sbin:/usr/local/bin:/usr/sbin:/usr/bin:/sbin:/bin:/usr/games:/usr/local/games:/home/oliver/go/bin:/home/oliver/projects/evco/wallace/bin:/home/oliver/.rvm/bin:/home/oliver/.rvm/bin
SHELL=/bin/bash
DISPLAY=:0

Signal Handlers:
SIGSEGV: [libjvm.so+0x981590], sa_mask[0]=0x7ffbfeff, sa_flags=0x10000004
SIGBUS: [libjvm.so+0x981590], sa_mask[0]=0x7ffbfeff, sa_flags=0x10000004
SIGFPE: [libjvm.so+0x7efd60], sa_mask[0]=0x7ffbfeff, sa_flags=0x10000004
SIGPIPE: [libjvm.so+0x7efd60], sa_mask[0]=0x7ffbfeff, sa_flags=0x10000004
SIGXFSZ: [libjvm.so+0x7efd60], sa_mask[0]=0x7ffbfeff, sa_flags=0x10000004
SIGILL: [libjvm.so+0x7efd60], sa_mask[0]=0x7ffbfeff, sa_flags=0x10000004
SIGUSR1: SIG_DFL, sa_mask[0]=0x00000000, sa_flags=0x00000000
SIGUSR2: [libjvm.so+0x7efbe0], sa_mask[0]=0x00000000, sa_flags=0x10000004
SIGHUP: [libjvm.so+0x7efde0], sa_mask[0]=0x7ffbfeff, sa_flags=0x10000004
SIGINT: [libjvm.so+0x7efde0], sa_mask[0]=0x7ffbfeff, sa_flags=0x10000004
SIGTERM: [libjvm.so+0x7efde0], sa_mask[0]=0x7ffbfeff, sa_flags=0x10000004
SIGQUIT: [libjvm.so+0x7efde0], sa_mask[0]=0x7ffbfeff, sa_flags=0x10000004
SIGTRAP: SIG_DFL, sa_mask[0]=0x00000000, sa_flags=0x00000000


---------------  S Y S T E M  ---------------

OS:Ubuntu 14.10 (utopic)
uname:Linux 3.16.0-28-generic #38-Ubuntu SMP Fri Dec 12 17:37:40 UTC 2014 x86_64
libc:glibc 2.19 NPTL 2.19 
rlimit: STACK 8192k, CORE 0k, NPROC 31299, NOFILE 4096, AS infinity
load average:28.87 30.82 42.21

/proc/meminfo:
MemTotal:        8042924 kB
MemFree:          119084 kB
MemAvailable:      50076 kB
Buffers:             132 kB
Cached:            49428 kB
SwapCached:            0 kB
Active:          7617484 kB
Inactive:          46400 kB
Active(anon):    7616176 kB
Inactive(anon):    44732 kB
Active(file):       1308 kB
Inactive(file):     1668 kB
Unevictable:          32 kB
Mlocked:              32 kB
SwapTotal:             0 kB
SwapFree:              0 kB
Dirty:                 0 kB
Writeback:             0 kB
AnonPages:       7614996 kB
Mapped:            75184 kB
Shmem:             45944 kB
Slab:              70224 kB
SReclaimable:      27936 kB
SUnreclaim:        42288 kB
KernelStack:       12208 kB
PageTables:        52624 kB
NFS_Unstable:          0 kB
Bounce:                0 kB
WritebackTmp:          0 kB
CommitLimit:     4021460 kB
Committed_AS:   14109752 kB
VmallocTotal:   34359738367 kB
VmallocUsed:      393032 kB
VmallocChunk:   34359331836 kB
HardwareCorrupted:     0 kB
AnonHugePages:   5027840 kB
HugePages_Total:       0
HugePages_Free:        0
HugePages_Rsvd:        0
HugePages_Surp:        0
Hugepagesize:       2048 kB
DirectMap4k:      218828 kB
DirectMap2M:     8036352 kB
DirectMap1G:           0 kB


CPU:total 4 (4 cores per cpu, 1 threads per core) family 6 model 60 stepping 3, cmov, cx8, fxsr, mmx, sse, sse2, sse3, ssse3, sse4.1, sse4.2, popcnt, avx, avx2, aes, erms, tsc, tscinvbit

/proc/cpuinfo:
processor	: 0
vendor_id	: GenuineIntel
cpu family	: 6
model		: 60
model name	: Intel(R) Core(TM) i5-4690K CPU @ 3.50GHz
stepping	: 3
microcode	: 0x17
cpu MHz		: 3700.156
cache size	: 6144 KB
physical id	: 0
siblings	: 4
core id		: 0
cpu cores	: 4
apicid		: 0
initial apicid	: 0
fpu		: yes
fpu_exception	: yes
cpuid level	: 13
wp		: yes
flags		: fpu vme de pse tsc msr pae mce cx8 apic sep mtrr pge mca cmov pat pse36 clflush dts acpi mmx fxsr sse sse2 ss ht tm pbe syscall nx pdpe1gb rdtscp lm constant_tsc arch_perfmon pebs bts rep_good nopl xtopology nonstop_tsc aperfmperf eagerfpu pni pclmulqdq dtes64 monitor ds_cpl vmx est tm2 ssse3 fma cx16 xtpr pdcm pcid sse4_1 sse4_2 x2apic movbe popcnt tsc_deadline_timer aes xsave avx f16c rdrand lahf_lm abm ida arat xsaveopt pln pts dtherm tpr_shadow vnmi flexpriority ept vpid fsgsbase tsc_adjust bmi1 hle avx2 smep bmi2 erms invpcid rtm
bogomips	: 6999.88
clflush size	: 64
cache_alignment	: 64
address sizes	: 39 bits physical, 48 bits virtual
power management:

processor	: 1
vendor_id	: GenuineIntel
cpu family	: 6
model		: 60
model name	: Intel(R) Core(TM) i5-4690K CPU @ 3.50GHz
stepping	: 3
microcode	: 0x17
cpu MHz		: 3700.019
cache size	: 6144 KB
physical id	: 0
siblings	: 4
core id		: 1
cpu cores	: 4
apicid		: 2
initial apicid	: 2
fpu		: yes
fpu_exception	: yes
cpuid level	: 13
wp		: yes
flags		: fpu vme de pse tsc msr pae mce cx8 apic sep mtrr pge mca cmov pat pse36 clflush dts acpi mmx fxsr sse sse2 ss ht tm pbe syscall nx pdpe1gb rdtscp lm constant_tsc arch_perfmon pebs bts rep_good nopl xtopology nonstop_tsc aperfmperf eagerfpu pni pclmulqdq dtes64 monitor ds_cpl vmx est tm2 ssse3 fma cx16 xtpr pdcm pcid sse4_1 sse4_2 x2apic movbe popcnt tsc_deadline_timer aes xsave avx f16c rdrand lahf_lm abm ida arat xsaveopt pln pts dtherm tpr_shadow vnmi flexpriority ept vpid fsgsbase tsc_adjust bmi1 hle avx2 smep bmi2 erms invpcid rtm
bogomips	: 6999.88
clflush size	: 64
cache_alignment	: 64
address sizes	: 39 bits physical, 48 bits virtual
power management:

processor	: 2
vendor_id	: GenuineIntel
cpu family	: 6
model		: 60
model name	: Intel(R) Core(TM) i5-4690K CPU @ 3.50GHz
stepping	: 3
microcode	: 0x17
cpu MHz		: 3700.019
cache size	: 6144 KB
physical id	: 0
siblings	: 4
core id		: 2
cpu cores	: 4
apicid		: 4
initial apicid	: 4
fpu		: yes
fpu_exception	: yes
cpuid level	: 13
wp		: yes
flags		: fpu vme de pse tsc msr pae mce cx8 apic sep mtrr pge mca cmov pat pse36 clflush dts acpi mmx fxsr sse sse2 ss ht tm pbe syscall nx pdpe1gb rdtscp lm constant_tsc arch_perfmon pebs bts rep_good nopl xtopology nonstop_tsc aperfmperf eagerfpu pni pclmulqdq dtes64 monitor ds_cpl vmx est tm2 ssse3 fma cx16 xtpr pdcm pcid sse4_1 sse4_2 x2apic movbe popcnt tsc_deadline_timer aes xsave avx f16c rdrand lahf_lm abm ida arat xsaveopt pln pts dtherm tpr_shadow vnmi flexpriority ept vpid fsgsbase tsc_adjust bmi1 hle avx2 smep bmi2 erms invpcid rtm
bogomips	: 6999.88
clflush size	: 64
cache_alignment	: 64
address sizes	: 39 bits physical, 48 bits virtual
power management:

processor	: 3
vendor_id	: GenuineIntel
cpu family	: 6
model		: 60
model name	: Intel(R) Core(TM) i5-4690K CPU @ 3.50GHz
stepping	: 3
microcode	: 0x17
cpu MHz		: 3701.386
cache size	: 6144 KB
physical id	: 0
siblings	: 4
core id		: 3
cpu cores	: 4
apicid		: 6
initial apicid	: 6
fpu		: yes
fpu_exception	: yes
cpuid level	: 13
wp		: yes
flags		: fpu vme de pse tsc msr pae mce cx8 apic sep mtrr pge mca cmov pat pse36 clflush dts acpi mmx fxsr sse sse2 ss ht tm pbe syscall nx pdpe1gb rdtscp lm constant_tsc arch_perfmon pebs bts rep_good nopl xtopology nonstop_tsc aperfmperf eagerfpu pni pclmulqdq dtes64 monitor ds_cpl vmx est tm2 ssse3 fma cx16 xtpr pdcm pcid sse4_1 sse4_2 x2apic movbe popcnt tsc_deadline_timer aes xsave avx f16c rdrand lahf_lm abm ida arat xsaveopt pln pts dtherm tpr_shadow vnmi flexpriority ept vpid fsgsbase tsc_adjust bmi1 hle avx2 smep bmi2 erms invpcid rtm
bogomips	: 6999.88
clflush size	: 64
cache_alignment	: 64
address sizes	: 39 bits physical, 48 bits virtual
power management:



Memory: 4k page, physical 8042924k(120020k free), swap 0k(0k free)

vm_info: OpenJDK 64-Bit Server VM (24.65-b04) for linux-amd64 JRE (1.7.0_65-b32), built on Oct 22 2014 04:20:25 by "buildd" with gcc 4.9.1

time: Mon Jan  5 06:35:36 2015
elapsed time: 95 seconds

