#
# There is insufficient memory for the Java Runtime Environment to continue.
# Native memory allocation (malloc) failed to allocate 33030144 bytes for committing reserved memory.
# Possible reasons:
#   The system is out of physical RAM or swap space
#   In 32 bit mode, the process size limit was hit
# Possible solutions:
#   Reduce memory load on the system
#   Increase physical memory or swap space
#   Check if swap backing store is full
#   Use 64 bit Java on a 64 bit OS
#   Decrease Java heap size (-Xmx/-Xms)
#   Decrease number of Java threads
#   Decrease Java thread stack sizes (-Xss)
#   Set larger code cache with -XX:ReservedCodeCacheSize=
# This output file may be truncated or incomplete.
#
#  Out of Memory Error (os_linux.cpp:2798), pid=27881, tid=140611704137472
#
# JRE version: OpenJDK Runtime Environment (7.0_65-b32) (build 1.7.0_65-b32)
# Java VM: OpenJDK 64-Bit Server VM (24.65-b04 mixed mode linux-amd64 compressed oops)
# Derivative: IcedTea 2.5.3
# Distribution: Ubuntu 14.10, package 7u71-2.5.3-0ubuntu1
# Failed to write core dump. Core dumps have been disabled. To enable core dumping, try "ulimit -c unlimited" before starting Java again
#

---------------  T H R E A D  ---------------

Current thread (0x00007fe2bc075800):  VMThread [stack: 0x00007fe2b69d2000,0x00007fe2b6ad3000] [id=27992]

Stack: [0x00007fe2b69d2000,0x00007fe2b6ad3000],  sp=0x00007fe2b6ad14a0,  free space=1021k
Native frames: (J=compiled Java code, j=interpreted, Vv=VM code, C=native code)
V  [libjvm.so+0x980aa6]  VMError::report_and_die()+0x186
V  [libjvm.so+0x48fed2]  report_vm_out_of_memory(char const*, int, unsigned long, char const*)+0x92
V  [libjvm.so+0x7f480b]  os::pd_commit_memory(char*, unsigned long, unsigned long, bool)+0xeb
V  [libjvm.so+0x7eef1e]  os::commit_memory(char*, unsigned long, unsigned long, bool)+0x2e
V  [libjvm.so+0x86100b]  PSVirtualSpace::expand_by(unsigned long)+0x5b
V  [libjvm.so+0x861ec3]  PSYoungGen::resize_generation(unsigned long, unsigned long)+0xd3
V  [libjvm.so+0x8625db]  PSYoungGen::resize(unsigned long, unsigned long)+0x1b
V  [libjvm.so+0x85dfd9]  PSScavenge::invoke_no_policy()+0xdc9
V  [libjvm.so+0x85e7b8]  PSScavenge::invoke()+0x38
V  [libjvm.so+0x8163e3]  ParallelScavengeHeap::failed_mem_allocate(unsigned long)+0x63
V  [libjvm.so+0x982372]  VM_ParallelGCFailedAllocation::doit()+0x92
V  [libjvm.so+0x986be7]  VM_Operation::evaluate()+0x47
V  [libjvm.so+0x9851db]  VMThread::evaluate_operation(VM_Operation*)+0xab
V  [libjvm.so+0x985886]  VMThread::loop()+0x1e6
V  [libjvm.so+0x985d51]  VMThread::run()+0x81
V  [libjvm.so+0x7f14f2]  java_start(Thread*)+0xf2

VM_Operation (0x00007fe284e5bf70): ParallelGCFailedAllocation, mode: safepoint, requested by thread 0x00007fe2bc2d0800


---------------  P R O C E S S  ---------------

Java Threads: ( => current thread )
  0x00007fe2bc00a000 JavaThread "DestroyJavaVM" [_thread_blocked, id=27937, stack(0x00007fe2c3e57000,0x00007fe2c3f58000)]
  0x00007fe2bc2d0800 JavaThread "Robocode main thread" [_thread_blocked, id=28326, stack(0x00007fe284d5d000,0x00007fe284e5e000)]
  0x00007fe2bc0b1000 JavaThread "Service Thread" daemon [_thread_blocked, id=28166, stack(0x00007fe2b5cea000,0x00007fe2b5deb000)]
  0x00007fe2bc0af000 JavaThread "C2 CompilerThread1" daemon [_thread_blocked, id=28158, stack(0x00007fe2b5deb000,0x00007fe2b5eec000)]
  0x00007fe2bc0ac000 JavaThread "C2 CompilerThread0" daemon [_thread_blocked, id=28142, stack(0x00007fe2b5eec000,0x00007fe2b5fed000)]
  0x00007fe2bc0a9800 JavaThread "Signal Dispatcher" daemon [_thread_blocked, id=28075, stack(0x00007fe2b5fed000,0x00007fe2b60ee000)]
  0x00007fe2bc07c000 JavaThread "Finalizer" daemon [_thread_blocked, id=28010, stack(0x00007fe2b67d0000,0x00007fe2b68d1000)]
  0x00007fe2bc07a000 JavaThread "Reference Handler" daemon [_thread_blocked, id=27996, stack(0x00007fe2b68d1000,0x00007fe2b69d2000)]

Other Threads:
=>0x00007fe2bc075800 VMThread [stack: 0x00007fe2b69d2000,0x00007fe2b6ad3000] [id=27992]
  0x00007fe2bc0bc000 WatcherThread [stack: 0x00007fe2b5be9000,0x00007fe2b5cea000] [id=28180]

VM state:at safepoint (normal execution)

VM Mutex/Monitor currently owned by a thread:  ([mutex/lock_event])
[0x00007fe2bc006650] Threads_lock - owner thread: 0x00007fe2bc075800
[0x00007fe2bc006b50] Heap_lock - owner thread: 0x00007fe2bc2d0800

Heap
 PSYoungGen      total 129024K, used 10112K [0x00000000f5500000, 0x00000000fe080000, 0x0000000100000000)
  eden space 117760K, 0% used [0x00000000f5500000,0x00000000f5500000,0x00000000fc800000)
  from space 11264K, 89% used [0x00000000fca80000,0x00000000fd460000,0x00000000fd580000)
  to   space 8704K, 0% used [0x00000000fd800000,0x00000000fd800000,0x00000000fe080000)
 ParOldGen       total 83456K, used 16956K [0x00000000e0000000, 0x00000000e5180000, 0x00000000f5500000)
  object space 83456K, 20% used [0x00000000e0000000,0x00000000e108f338,0x00000000e5180000)
 PSPermGen       total 29696K, used 29424K [0x00000000d5a00000, 0x00000000d7700000, 0x00000000e0000000)
  object space 29696K, 99% used [0x00000000d5a00000,0x00000000d76bc2a0,0x00000000d7700000)

Card table byte_map: [0x00007fe2c0903000,0x00007fe2c0a57000] byte_map_base: 0x00007fe2c0256000

Polling page: 0x00007fe2c3f7b000

Code Cache  [0x00007fe2b9000000, 0x00007fe2b9270000, 0x00007fe2bc000000)
 total_blobs=664 nmethods=386 adapters=231 free_code_cache=47748Kb largest_free_block=48825920

Compilation events (10 events):
Event: 45.911 Thread 0x00007fe2bc0ac000  400             java.util.ArrayList::elementData (7 bytes)
Event: 45.911 Thread 0x00007fe2bc0ac000 nmethod 400 0x00007fe2b90a1950 code [0x00007fe2b90a1aa0, 0x00007fe2b90a1b38]
Event: 46.003 Thread 0x00007fe2bc0af000  401             net.sf.robocode.repository.items.RobotItem::populate (14 bytes)
Event: 46.006 Thread 0x00007fe2bc0ac000  402             java.util.ArrayList::get (11 bytes)
Event: 46.006 Thread 0x00007fe2bc0ac000 nmethod 402 0x00007fe2b90fc890 code [0x00007fe2b90fc9e0, 0x00007fe2b90fca98]
Event: 46.369 Thread 0x00007fe2bc0af000 nmethod 401 0x00007fe2b916aa10 code [0x00007fe2b916ae80, 0x00007fe2b916ce30]
Event: 46.860 Thread 0x00007fe2bc0ac000  403             java.lang.ClassLoader::isAncestor (20 bytes)
Event: 46.907 Thread 0x00007fe2bc0ac000 nmethod 403 0x00007fe2b90fb790 code [0x00007fe2b90fb8e0, 0x00007fe2b90fb998]
Event: 46.937 Thread 0x00007fe2bc0af000  404             java.util.ArrayList::<init> (12 bytes)
Event: 46.940 Thread 0x00007fe2bc0af000 nmethod 404 0x00007fe2b90cf590 code [0x00007fe2b90cf6c0, 0x00007fe2b90cf738]

GC Heap History (10 events):
Event: 13.325 GC heap after
Heap after GC invocations=4 (full 0):
 PSYoungGen      total 68608K, used 5096K [0x00000000f5500000, 0x00000000f9d00000, 0x0000000100000000)
  eden space 63488K, 0% used [0x00000000f5500000,0x00000000f5500000,0x00000000f9300000)
  from space 5120K, 99% used [0x00000000f9800000,0x00000000f9cfa390,0x00000000f9d00000)
  to   space 5120K, 0% used [0x00000000f9300000,0x00000000f9300000,0x00000000f9800000)
 ParOldGen       total 83456K, used 8001K [0x00000000e0000000, 0x00000000e5180000, 0x00000000f5500000)
  object space 83456K, 9% used [0x00000000e0000000,0x00000000e07d0540,0x00000000e5180000)
 PSPermGen       total 21504K, used 10597K [0x00000000d5a00000, 0x00000000d6f00000, 0x00000000e0000000)
  object space 21504K, 49% used [0x00000000d5a00000,0x00000000d64596e0,0x00000000d6f00000)
}
Event: 17.082 GC heap before
{Heap before GC invocations=5 (full 0):
 PSYoungGen      total 68608K, used 68584K [0x00000000f5500000, 0x00000000f9d00000, 0x0000000100000000)
  eden space 63488K, 100% used [0x00000000f5500000,0x00000000f9300000,0x00000000f9300000)
  from space 5120K, 99% used [0x00000000f9800000,0x00000000f9cfa390,0x00000000f9d00000)
  to   space 5120K, 0% used [0x00000000f9300000,0x00000000f9300000,0x00000000f9800000)
 ParOldGen       total 83456K, used 8001K [0x00000000e0000000, 0x00000000e5180000, 0x00000000f5500000)
  object space 83456K, 9% used [0x00000000e0000000,0x00000000e07d0540,0x00000000e5180000)
 PSPermGen       total 21504K, used 11428K [0x00000000d5a00000, 0x00000000d6f00000, 0x00000000e0000000)
  object space 21504K, 53% used [0x00000000d5a00000,0x00000000d65292f8,0x00000000d6f00000)
Event: 17.098 GC heap after
Heap after GC invocations=5 (full 0):
 PSYoungGen      total 68608K, used 5112K [0x00000000f5500000, 0x00000000fe600000, 0x0000000100000000)
  eden space 63488K, 0% used [0x00000000f5500000,0x00000000f5500000,0x00000000f9300000)
  from space 5120K, 99% used [0x00000000f9300000,0x00000000f97fe040,0x00000000f9800000)
  to   space 10752K, 0% used [0x00000000fdb80000,0x00000000fdb80000,0x00000000fe600000)
 ParOldGen       total 83456K, used 8752K [0x00000000e0000000, 0x00000000e5180000, 0x00000000f5500000)
  object space 83456K, 10% used [0x00000000e0000000,0x00000000e088c258,0x00000000e5180000)
 PSPermGen       total 21504K, used 11428K [0x00000000d5a00000, 0x00000000d6f00000, 0x00000000e0000000)
  object space 21504K, 53% used [0x00000000d5a00000,0x00000000d65292f8,0x00000000d6f00000)
}
Event: 22.988 GC heap before
{Heap before GC invocations=6 (full 0):
 PSYoungGen      total 68608K, used 68600K [0x00000000f5500000, 0x00000000fe600000, 0x0000000100000000)
  eden space 63488K, 100% used [0x00000000f5500000,0x00000000f9300000,0x00000000f9300000)
  from space 5120K, 99% used [0x00000000f9300000,0x00000000f97fe040,0x00000000f9800000)
  to   space 10752K, 0% used [0x00000000fdb80000,0x00000000fdb80000,0x00000000fe600000)
 ParOldGen       total 83456K, used 8752K [0x00000000e0000000, 0x00000000e5180000, 0x00000000f5500000)
  object space 83456K, 10% used [0x00000000e0000000,0x00000000e088c258,0x00000000e5180000)
 PSPermGen       total 21504K, used 14089K [0x00000000d5a00000, 0x00000000d6f00000, 0x00000000e0000000)
  object space 21504K, 65% used [0x00000000d5a00000,0x00000000d67c2600,0x00000000d6f00000)
Event: 23.008 GC heap after
Heap after GC invocations=6 (full 0):
 PSYoungGen      total 136704K, used 7256K [0x00000000f5500000, 0x00000000fe500000, 0x0000000100000000)
  eden space 126976K, 0% used [0x00000000f5500000,0x00000000f5500000,0x00000000fd100000)
  from space 9728K, 74% used [0x00000000fdb80000,0x00000000fe296040,0x00000000fe500000)
  to   space 10240K, 0% used [0x00000000fd100000,0x00000000fd100000,0x00000000fdb00000)
 ParOldGen       total 83456K, used 8760K [0x00000000e0000000, 0x00000000e5180000, 0x00000000f5500000)
  object space 83456K, 10% used [0x00000000e0000000,0x00000000e088e258,0x00000000e5180000)
 PSPermGen       total 21504K, used 14089K [0x00000000d5a00000, 0x00000000d6f00000, 0x00000000e0000000)
  object space 21504K, 65% used [0x00000000d5a00000,0x00000000d67c2600,0x00000000d6f00000)
}
Event: 29.594 GC heap before
{Heap before GC invocations=7 (full 0):
 PSYoungGen      total 136704K, used 134232K [0x00000000f5500000, 0x00000000fe500000, 0x0000000100000000)
  eden space 126976K, 100% used [0x00000000f5500000,0x00000000fd100000,0x00000000fd100000)
  from space 9728K, 74% used [0x00000000fdb80000,0x00000000fe296040,0x00000000fe500000)
  to   space 10240K, 0% used [0x00000000fd100000,0x00000000fd100000,0x00000000fdb00000)
 ParOldGen       total 83456K, used 8760K [0x00000000e0000000, 0x00000000e5180000, 0x00000000f5500000)
  object space 83456K, 10% used [0x00000000e0000000,0x00000000e088e258,0x00000000e5180000)
 PSPermGen       total 21504K, used 19424K [0x00000000d5a00000, 0x00000000d6f00000, 0x00000000e0000000)
  object space 21504K, 90% used [0x00000000d5a00000,0x00000000d6cf83f8,0x00000000d6f00000)
Event: 29.636 GC heap after
Heap after GC invocations=7 (full 0):
 PSYoungGen      total 129536K, used 7008K [0x00000000f5500000, 0x00000000fe080000, 0x0000000100000000)
  eden space 122368K, 0% used [0x00000000f5500000,0x00000000f5500000,0x00000000fcc80000)
  from space 7168K, 97% used [0x00000000fd100000,0x00000000fd7d8000,0x00000000fd800000)
  to   space 8704K, 0% used [0x00000000fd800000,0x00000000fd800000,0x00000000fe080000)
 ParOldGen       total 83456K, used 12940K [0x00000000e0000000, 0x00000000e5180000, 0x00000000f5500000)
  object space 83456K, 15% used [0x00000000e0000000,0x00000000e0ca3338,0x00000000e5180000)
 PSPermGen       total 21504K, used 19424K [0x00000000d5a00000, 0x00000000d6f00000, 0x00000000e0000000)
  object space 21504K, 90% used [0x00000000d5a00000,0x00000000d6cf83f8,0x00000000d6f00000)
}
Event: 35.456 GC heap before
{Heap before GC invocations=8 (full 0):
 PSYoungGen      total 129536K, used 129376K [0x00000000f5500000, 0x00000000fe080000, 0x0000000100000000)
  eden space 122368K, 100% used [0x00000000f5500000,0x00000000fcc80000,0x00000000fcc80000)
  from space 7168K, 97% used [0x00000000fd100000,0x00000000fd7d8000,0x00000000fd800000)
  to   space 8704K, 0% used [0x00000000fd800000,0x00000000fd800000,0x00000000fe080000)
 ParOldGen       total 83456K, used 12940K [0x00000000e0000000, 0x00000000e5180000, 0x00000000f5500000)
  object space 83456K, 15% used [0x00000000e0000000,0x00000000e0ca3338,0x00000000e5180000)
 PSPermGen       total 24576K, used 24552K [0x00000000d5a00000, 0x00000000d7200000, 0x00000000e0000000)
  object space 24576K, 99% used [0x00000000d5a00000,0x00000000d71fa148,0x00000000d7200000)
Event: 35.491 GC heap after
Heap after GC invocations=8 (full 0):
 PSYoungGen      total 126464K, used 8704K [0x00000000f5500000, 0x00000000fe080000, 0x0000000100000000)
  eden space 117760K, 0% used [0x00000000f5500000,0x00000000f5500000,0x00000000fc800000)
  from space 8704K, 100% used [0x00000000fd800000,0x00000000fe080000,0x00000000fe080000)
  to   space 11264K, 0% used [0x00000000fca80000,0x00000000fca80000,0x00000000fd580000)
 ParOldGen       total 83456K, used 14764K [0x00000000e0000000, 0x00000000e5180000, 0x00000000f5500000)
  object space 83456K, 17% used [0x00000000e0000000,0x00000000e0e6b338,0x00000000e5180000)
 PSPermGen       total 24576K, used 24552K [0x00000000d5a00000, 0x00000000d7200000, 0x00000000e0000000)
  object space 24576K, 99% used [0x00000000d5a00000,0x00000000d71fa148,0x00000000d7200000)
}
Event: 394.258 GC heap before
{Heap before GC invocations=9 (full 0):
 PSYoungGen      total 126464K, used 126464K [0x00000000f5500000, 0x00000000fe080000, 0x0000000100000000)
  eden space 117760K, 100% used [0x00000000f5500000,0x00000000fc800000,0x00000000fc800000)
  from space 8704K, 100% used [0x00000000fd800000,0x00000000fe080000,0x00000000fe080000)
  to   space 11264K, 0% used [0x00000000fca80000,0x00000000fca80000,0x00000000fd580000)
 ParOldGen       total 83456K, used 14764K [0x00000000e0000000, 0x00000000e5180000, 0x00000000f5500000)
  object space 83456K, 17% used [0x00000000e0000000,0x00000000e0e6b338,0x00000000e5180000)
 PSPermGen       total 29696K, used 29424K [0x00000000d5a00000, 0x00000000d7700000, 0x00000000e0000000)
  object space 29696K, 99% used [0x00000000d5a00000,0x00000000d76bc2a0,0x00000000d7700000)

Deoptimization events (10 events):
Event: 15.100 Thread 0x00007fe2bc2d0800 Uncommon trap: reason=unreached action=reinterpret pc=0x00007fe2b90a1b2c method=java.util.HashMap.containsKey(Ljava/lang/Object;)Z @ 5
Event: 15.134 Thread 0x00007fe2bc2d0800 Uncommon trap: reason=bimorphic action=maybe_recompile pc=0x00007fe2b90d4624 method=java.net.URL.<init>(Ljava/net/URL;Ljava/lang/String;Ljava/net/URLStreamHandler;)V @ 504
Event: 15.254 Thread 0x00007fe2bc2d0800 Uncommon trap: reason=bimorphic action=maybe_recompile pc=0x00007fe2b90d4624 method=java.net.URL.<init>(Ljava/net/URL;Ljava/lang/String;Ljava/net/URLStreamHandler;)V @ 504
Event: 18.575 Thread 0x00007fe2bc2d0800 Uncommon trap: reason=null_check action=make_not_entrant pc=0x00007fe2b90e96b8 method=sun.reflect.Reflection.filterMethods(Ljava/lang/Class;[Ljava/lang/reflect/Method;)[Ljava/lang/reflect/Method; @ 18
Event: 18.927 Thread 0x00007fe2bc2d0800 Uncommon trap: reason=null_check action=make_not_entrant pc=0x00007fe2b90fc658 method=sun.reflect.Reflection.filterMethods(Ljava/lang/Class;[Ljava/lang/reflect/Method;)[Ljava/lang/reflect/Method; @ 18
Event: 36.382 Thread 0x00007fe2bc2d0800 Uncommon trap: reason=predicate action=maybe_recompile pc=0x00007fe2b914c338 method=java.util.AbstractCollection.toArray([Ljava/lang/Object;)[Ljava/lang/Object; @ 49
Event: 45.533 Thread 0x00007fe2bc2d0800 Uncommon trap: reason=array_check action=maybe_recompile pc=0x00007fe2b90fbf38 method=java.util.AbstractCollection.toArray([Ljava/lang/Object;)[Ljava/lang/Object; @ 119
Event: 45.534 Thread 0x00007fe2bc2d0800 Uncommon trap: reason=array_check action=maybe_recompile pc=0x00007fe2b90fbf38 method=java.util.AbstractCollection.toArray([Ljava/lang/Object;)[Ljava/lang/Object; @ 119
Event: 45.534 Thread 0x00007fe2bc2d0800 Uncommon trap: reason=array_check action=maybe_recompile pc=0x00007fe2b90fbf38 method=java.util.AbstractCollection.toArray([Ljava/lang/Object;)[Ljava/lang/Object; @ 119
Event: 45.610 Thread 0x00007fe2bc2d0800 Uncommon trap: reason=array_check action=maybe_recompile pc=0x00007fe2b90fbf38 method=java.util.AbstractCollection.toArray([Ljava/lang/Object;)[Ljava/lang/Object; @ 119

Internal exceptions (10 events):
Event: 374.434 Thread 0x00007fe2bc2d0800 Threw 0x00000000fc7b0a78 at /build/buildd/openjdk-7-7u71-2.5.3/build/openjdk/hotspot/src/share/vm/prims/jvm.cpp:1284
Event: 374.731 Thread 0x00007fe2bc2d0800 Threw 0x00000000fc7b0e98 at /build/buildd/openjdk-7-7u71-2.5.3/build/openjdk/hotspot/src/share/vm/prims/jvm.cpp:1284
Event: 381.305 Thread 0x00007fe2bc2d0800 Threw 0x00000000fc7cae48 at /build/buildd/openjdk-7-7u71-2.5.3/build/openjdk/hotspot/src/share/vm/prims/jvm.cpp:1284
Event: 381.504 Thread 0x00007fe2bc2d0800 Threw 0x00000000fc7cb260 at /build/buildd/openjdk-7-7u71-2.5.3/build/openjdk/hotspot/src/share/vm/prims/jvm.cpp:1284
Event: 381.996 Thread 0x00007fe2bc2d0800 Threw 0x00000000fc7cc370 at /build/buildd/openjdk-7-7u71-2.5.3/build/openjdk/hotspot/src/share/vm/prims/jvm.cpp:1284
Event: 382.186 Thread 0x00007fe2bc2d0800 Threw 0x00000000fc7cc788 at /build/buildd/openjdk-7-7u71-2.5.3/build/openjdk/hotspot/src/share/vm/prims/jvm.cpp:1284
Event: 388.124 Thread 0x00007fe2bc2d0800 Threw 0x00000000fc7e6348 at /build/buildd/openjdk-7-7u71-2.5.3/build/openjdk/hotspot/src/share/vm/prims/jvm.cpp:1284
Event: 388.358 Thread 0x00007fe2bc2d0800 Threw 0x00000000fc7e6760 at /build/buildd/openjdk-7-7u71-2.5.3/build/openjdk/hotspot/src/share/vm/prims/jvm.cpp:1284
Event: 388.755 Thread 0x00007fe2bc2d0800 Threw 0x00000000fc7e7870 at /build/buildd/openjdk-7-7u71-2.5.3/build/openjdk/hotspot/src/share/vm/prims/jvm.cpp:1284
Event: 388.960 Thread 0x00007fe2bc2d0800 Threw 0x00000000fc7e7c88 at /build/buildd/openjdk-7-7u71-2.5.3/build/openjdk/hotspot/src/share/vm/prims/jvm.cpp:1284

Events (10 events):
Event: 374.429 loading class 0x00007fe2781fac50 done
Event: 380.971 loading class 0x00007fe278100770
Event: 381.061 loading class 0x00007fe278100770 done
Event: 381.761 loading class 0x00007fe278100770
Event: 381.830 loading class 0x00007fe278100770 done
Event: 387.706 loading class 0x00007fe278283d80
Event: 387.797 loading class 0x00007fe278283d80 done
Event: 388.555 loading class 0x00007fe278283d80
Event: 388.599 loading class 0x00007fe278283d80 done
Event: 394.073 Executing VM operation: ParallelGCFailedAllocation


Dynamic libraries:
00400000-00401000 r-xp 00000000 08:05 2511838                            /usr/lib/jvm/java-7-openjdk-amd64/jre/bin/java
00600000-00601000 r--p 00000000 08:05 2511838                            /usr/lib/jvm/java-7-openjdk-amd64/jre/bin/java
00601000-00602000 rw-p 00001000 08:05 2511838                            /usr/lib/jvm/java-7-openjdk-amd64/jre/bin/java
01b14000-01b35000 rw-p 00000000 00:00 0                                  [heap]
d5a00000-d7700000 rw-p 00000000 00:00 0 
d7700000-e0000000 rw-p 00000000 00:00 0 
e0000000-e5180000 rw-p 00000000 00:00 0 
e5180000-f5500000 rw-p 00000000 00:00 0 
f5500000-fe080000 rw-p 00000000 00:00 0 
7fe274000000-7fe274021000 rw-p 00000000 00:00 0 
7fe274021000-7fe278000000 ---p 00000000 00:00 0 
7fe278000000-7fe2783e2000 rw-p 00000000 00:00 0 
7fe2783e2000-7fe27c000000 ---p 00000000 00:00 0 
7fe27c000000-7fe27c021000 rw-p 00000000 00:00 0 
7fe27c021000-7fe280000000 ---p 00000000 00:00 0 
7fe280000000-7fe280021000 rw-p 00000000 00:00 0 
7fe280021000-7fe284000000 ---p 00000000 00:00 0 
7fe284954000-7fe284959000 r-xp 00000000 08:05 2103810                    /lib/x86_64-linux-gnu/libnss_dns-2.19.so
7fe284959000-7fe284b58000 ---p 00005000 08:05 2103810                    /lib/x86_64-linux-gnu/libnss_dns-2.19.so
7fe284b58000-7fe284b59000 r--p 00004000 08:05 2103810                    /lib/x86_64-linux-gnu/libnss_dns-2.19.so
7fe284b59000-7fe284b5a000 rw-p 00005000 08:05 2103810                    /lib/x86_64-linux-gnu/libnss_dns-2.19.so
7fe284b5a000-7fe284b5c000 r-xp 00000000 08:05 2104538                    /lib/x86_64-linux-gnu/libnss_mdns4_minimal.so.2
7fe284b5c000-7fe284d5b000 ---p 00002000 08:05 2104538                    /lib/x86_64-linux-gnu/libnss_mdns4_minimal.so.2
7fe284d5b000-7fe284d5c000 r--p 00001000 08:05 2104538                    /lib/x86_64-linux-gnu/libnss_mdns4_minimal.so.2
7fe284d5c000-7fe284d5d000 rw-p 00002000 08:05 2104538                    /lib/x86_64-linux-gnu/libnss_mdns4_minimal.so.2
7fe284d5d000-7fe284d60000 ---p 00000000 00:00 0 
7fe284d60000-7fe284e5e000 rw-p 00000000 00:00 0                          [stack:28326]
7fe284e5e000-7fe284e61000 ---p 00000000 00:00 0 
7fe284e61000-7fe284f5f000 rw-p 00000000 00:00 0 
7fe284f5f000-7fe284f62000 ---p 00000000 00:00 0 
7fe284f62000-7fe285060000 rw-p 00000000 00:00 0 
7fe285060000-7fe2850cc000 r-xp 00000000 08:05 2104562                    /lib/x86_64-linux-gnu/libpcre.so.3.13.1
7fe2850cc000-7fe2852cb000 ---p 0006c000 08:05 2104562                    /lib/x86_64-linux-gnu/libpcre.so.3.13.1
7fe2852cb000-7fe2852cc000 r--p 0006b000 08:05 2104562                    /lib/x86_64-linux-gnu/libpcre.so.3.13.1
7fe2852cc000-7fe2852cd000 rw-p 0006c000 08:05 2104562                    /lib/x86_64-linux-gnu/libpcre.so.3.13.1
7fe2852cd000-7fe2852ee000 r-xp 00000000 08:05 2104589                    /lib/x86_64-linux-gnu/libselinux.so.1
7fe2852ee000-7fe2854ed000 ---p 00021000 08:05 2104589                    /lib/x86_64-linux-gnu/libselinux.so.1
7fe2854ed000-7fe2854ee000 r--p 00020000 08:05 2104589                    /lib/x86_64-linux-gnu/libselinux.so.1
7fe2854ee000-7fe2854ef000 rw-p 00021000 08:05 2104589                    /lib/x86_64-linux-gnu/libselinux.so.1
7fe2854ef000-7fe2854f1000 rw-p 00000000 00:00 0 
7fe2854f1000-7fe2854f4000 r-xp 00000000 08:05 2490776                    /usr/lib/x86_64-linux-gnu/libgmodule-2.0.so.0.4200.1
7fe2854f4000-7fe2856f3000 ---p 00003000 08:05 2490776                    /usr/lib/x86_64-linux-gnu/libgmodule-2.0.so.0.4200.1
7fe2856f3000-7fe2856f4000 r--p 00002000 08:05 2490776                    /usr/lib/x86_64-linux-gnu/libgmodule-2.0.so.0.4200.1
7fe2856f4000-7fe2856f5000 rw-p 00003000 08:05 2490776                    /usr/lib/x86_64-linux-gnu/libgmodule-2.0.so.0.4200.1
7fe2856f5000-7fe285801000 r-xp 00000000 08:05 2103771                    /lib/x86_64-linux-gnu/libglib-2.0.so.0.4200.1
7fe285801000-7fe285a01000 ---p 0010c000 08:05 2103771                    /lib/x86_64-linux-gnu/libglib-2.0.so.0.4200.1
7fe285a01000-7fe285a02000 r--p 0010c000 08:05 2103771                    /lib/x86_64-linux-gnu/libglib-2.0.so.0.4200.1
7fe285a02000-7fe285a03000 rw-p 0010d000 08:05 2103771                    /lib/x86_64-linux-gnu/libglib-2.0.so.0.4200.1
7fe285a03000-7fe285a04000 rw-p 00000000 00:00 0 
7fe285a04000-7fe285a54000 r-xp 00000000 08:05 2490755                    /usr/lib/x86_64-linux-gnu/libgobject-2.0.so.0.4200.1
7fe285a54000-7fe285c54000 ---p 00050000 08:05 2490755                    /usr/lib/x86_64-linux-gnu/libgobject-2.0.so.0.4200.1
7fe285c54000-7fe285c55000 r--p 00050000 08:05 2490755                    /usr/lib/x86_64-linux-gnu/libgobject-2.0.so.0.4200.1
7fe285c55000-7fe285c56000 rw-p 00051000 08:05 2490755                    /usr/lib/x86_64-linux-gnu/libgobject-2.0.so.0.4200.1
7fe285c56000-7fe285dc7000 r-xp 00000000 08:05 2490773                    /usr/lib/x86_64-linux-gnu/libgio-2.0.so.0.4200.1
7fe285dc7000-7fe285fc7000 ---p 00171000 08:05 2490773                    /usr/lib/x86_64-linux-gnu/libgio-2.0.so.0.4200.1
7fe285fc7000-7fe285fcb000 r--p 00171000 08:05 2490773                    /usr/lib/x86_64-linux-gnu/libgio-2.0.so.0.4200.1
7fe285fcb000-7fe285fcd000 rw-p 00175000 08:05 2490773                    /usr/lib/x86_64-linux-gnu/libgio-2.0.so.0.4200.1
7fe285fcd000-7fe285fcf000 rw-p 00000000 00:00 0 
7fe285fcf000-7fe285fe6000 r-xp 00000000 08:05 2511761                    /usr/lib/jvm/java-7-openjdk-amd64/jre/lib/amd64/libnet.so
7fe285fe6000-7fe2861e5000 ---p 00017000 08:05 2511761                    /usr/lib/jvm/java-7-openjdk-amd64/jre/lib/amd64/libnet.so
7fe2861e5000-7fe2861e6000 r--p 00016000 08:05 2511761                    /usr/lib/jvm/java-7-openjdk-amd64/jre/lib/amd64/libnet.so
7fe2861e6000-7fe2861e7000 rw-p 00017000 08:05 2511761                    /usr/lib/jvm/java-7-openjdk-amd64/jre/lib/amd64/libnet.so
7fe2861e7000-7fe2861f8000 r-xp 00000000 08:05 2511783                    /usr/lib/jvm/java-7-openjdk-amd64/jre/lib/amd64/libnio.so
7fe2861f8000-7fe2863f7000 ---p 00011000 08:05 2511783                    /usr/lib/jvm/java-7-openjdk-amd64/jre/lib/amd64/libnio.so
7fe2863f7000-7fe2863f8000 r--p 00010000 08:05 2511783                    /usr/lib/jvm/java-7-openjdk-amd64/jre/lib/amd64/libnio.so
7fe2863f8000-7fe2863f9000 rw-p 00011000 08:05 2511783                    /usr/lib/jvm/java-7-openjdk-amd64/jre/lib/amd64/libnio.so
7fe2863f9000-7fe286400000 r-xp 00000000 08:05 2503107                    /usr/lib/x86_64-linux-gnu/libffi.so.6.0.2
7fe286400000-7fe2865ff000 ---p 00007000 08:05 2503107                    /usr/lib/x86_64-linux-gnu/libffi.so.6.0.2
7fe2865ff000-7fe286600000 r--p 00006000 08:05 2503107                    /usr/lib/x86_64-linux-gnu/libffi.so.6.0.2
7fe286600000-7fe286601000 rw-p 00007000 08:05 2503107                    /usr/lib/x86_64-linux-gnu/libffi.so.6.0.2
7fe286601000-7fe286618000 r-xp 00000000 08:05 2103820                    /lib/x86_64-linux-gnu/libresolv-2.19.so
7fe286618000-7fe286818000 ---p 00017000 08:05 2103820                    /lib/x86_64-linux-gnu/libresolv-2.19.so
7fe286818000-7fe286819000 r--p 00017000 08:05 2103820                    /lib/x86_64-linux-gnu/libresolv-2.19.so
7fe286819000-7fe28681a000 rw-p 00018000 08:05 2103820                    /lib/x86_64-linux-gnu/libresolv-2.19.so
7fe28681a000-7fe28681c000 rw-p 00000000 00:00 0 
7fe28681c000-7fe28681f000 r-xp 00000000 08:05 2104498                    /lib/x86_64-linux-gnu/libkeyutils.so.1.5
7fe28681f000-7fe286a1e000 ---p 00003000 08:05 2104498                    /lib/x86_64-linux-gnu/libkeyutils.so.1.5
7fe286a1e000-7fe286a1f000 r--p 00002000 08:05 2104498                    /lib/x86_64-linux-gnu/libkeyutils.so.1.5
7fe286a1f000-7fe286a20000 rw-p 00003000 08:05 2104498                    /lib/x86_64-linux-gnu/libkeyutils.so.1.5
7fe286a20000-7fe286a45000 r-xp 00000000 08:05 2104574                    /lib/x86_64-linux-gnu/libpng12.so.0.51.0
7fe286a45000-7fe286c44000 ---p 00025000 08:05 2104574                    /lib/x86_64-linux-gnu/libpng12.so.0.51.0
7fe286c44000-7fe286c45000 r--p 00024000 08:05 2104574                    /lib/x86_64-linux-gnu/libpng12.so.0.51.0
7fe286c45000-7fe286c46000 rw-p 00025000 08:05 2104574                    /lib/x86_64-linux-gnu/libpng12.so.0.51.0
7fe286c46000-7fe286c8c000 r-xp 00000000 08:05 2103488                    /lib/x86_64-linux-gnu/libdbus-1.so.3.8.7
7fe286c8c000-7fe286e8b000 ---p 00046000 08:05 2103488                    /lib/x86_64-linux-gnu/libdbus-1.so.3.8.7
7fe286e8b000-7fe286e8d000 r--p 00045000 08:05 2103488                    /lib/x86_64-linux-gnu/libdbus-1.so.3.8.7
7fe286e8d000-7fe286e8e000 rw-p 00047000 08:05 2103488                    /lib/x86_64-linux-gnu/libdbus-1.so.3.8.7
7fe286e8e000-7fe286f0c000 r-xp 00000000 08:05 2503220                    /usr/lib/x86_64-linux-gnu/libgmp.so.10.2.0
7fe286f0c000-7fe28710c000 ---p 0007e000 08:05 2503220                    /usr/lib/x86_64-linux-gnu/libgmp.so.10.2.0
7fe28710c000-7fe28710d000 r--p 0007e000 08:05 2503220                    /usr/lib/x86_64-linux-gnu/libgmp.so.10.2.0
7fe28710d000-7fe28710e000 rw-p 0007f000 08:05 2503220                    /usr/lib/x86_64-linux-gnu/libgmp.so.10.2.0
7fe28710e000-7fe28713a000 r-xp 00000000 08:05 2503377                    /usr/lib/x86_64-linux-gnu/libhogweed.so.2.5
7fe28713a000-7fe28733a000 ---p 0002c000 08:05 2503377                    /usr/lib/x86_64-linux-gnu/libhogweed.so.2.5
7fe28733a000-7fe28733b000 r--p 0002c000 08:05 2503377                    /usr/lib/x86_64-linux-gnu/libhogweed.so.2.5
7fe28733b000-7fe28733c000 rw-p 0002d000 08:05 2503377                    /usr/lib/x86_64-linux-gnu/libhogweed.so.2.5
7fe28733c000-7fe28736b000 r-xp 00000000 08:05 2503514                    /usr/lib/x86_64-linux-gnu/libnettle.so.4.7
7fe28736b000-7fe28756b000 ---p 0002f000 08:05 2503514                    /usr/lib/x86_64-linux-gnu/libnettle.so.4.7
7fe28756b000-7fe28756c000 r--p 0002f000 08:05 2503514                    /usr/lib/x86_64-linux-gnu/libnettle.so.4.7
7fe28756c000-7fe28756d000 rw-p 00030000 08:05 2503514                    /usr/lib/x86_64-linux-gnu/libnettle.so.4.7
7fe28756d000-7fe28757e000 r-xp 00000000 08:05 2503765                    /usr/lib/x86_64-linux-gnu/libtasn1.so.6.3.0
7fe28757e000-7fe28777d000 ---p 00011000 08:05 2503765                    /usr/lib/x86_64-linux-gnu/libtasn1.so.6.3.0
7fe28777d000-7fe28777e000 r--p 00010000 08:05 2503765                    /usr/lib/x86_64-linux-gnu/libtasn1.so.6.3.0
7fe28777e000-7fe28777f000 rw-p 00011000 08:05 2503765                    /usr/lib/x86_64-linux-gnu/libtasn1.so.6.3.0
7fe28777f000-7fe2877ba000 r-xp 00000000 08:05 2503564                    /usr/lib/x86_64-linux-gnu/libp11-kit.so.0.0.0
7fe2877ba000-7fe2879b9000 ---p 0003b000 08:05 2503564                    /usr/lib/x86_64-linux-gnu/libp11-kit.so.0.0.0
7fe2879b9000-7fe2879bf000 r--p 0003a000 08:05 2503564                    /usr/lib/x86_64-linux-gnu/libp11-kit.so.0.0.0
7fe2879bf000-7fe2879c1000 rw-p 00040000 08:05 2503564                    /usr/lib/x86_64-linux-gnu/libp11-kit.so.0.0.0
7fe2879c1000-7fe2879cb000 r-xp 00000000 08:05 2503442                    /usr/lib/x86_64-linux-gnu/libkrb5support.so.0.1
7fe2879cb000-7fe287bca000 ---p 0000a000 08:05 2503442                    /usr/lib/x86_64-linux-gnu/libkrb5support.so.0.1
7fe287bca000-7fe287bcb000 r--p 00009000 08:05 2503442                    /usr/lib/x86_64-linux-gnu/libkrb5support.so.0.1
7fe287bcb000-7fe287bcc000 rw-p 0000a000 08:05 2503442                    /usr/lib/x86_64-linux-gnu/libkrb5support.so.0.1
7fe287bcc000-7fe287bcf000 r-xp 00000000 08:05 2104462                    /lib/x86_64-linux-gnu/libcom_err.so.2.1
7fe287bcf000-7fe287dce000 ---p 00003000 08:05 2104462                    /lib/x86_64-linux-gnu/libcom_err.so.2.1
7fe287dce000-7fe287dcf000 r--p 00002000 08:05 2104462                    /lib/x86_64-linux-gnu/libcom_err.so.2.1
7fe287dcf000-7fe287dd0000 rw-p 00003000 08:05 2104462                    /lib/x86_64-linux-gnu/libcom_err.so.2.1
7fe287dd0000-7fe287dfd000 r-xp 00000000 08:05 2503436                    /usr/lib/x86_64-linux-gnu/libk5crypto.so.3.1
7fe287dfd000-7fe287ffc000 ---p 0002d000 08:05 2503436                    /usr/lib/x86_64-linux-gnu/libk5crypto.so.3.1
7fe287ffc000-7fe287ffe000 r--p 0002c000 08:05 2503436                    /usr/lib/x86_64-linux-gnu/libk5crypto.so.3.1
7fe287ffe000-7fe287fff000 rw-p 0002e000 08:05 2503436                    /usr/lib/x86_64-linux-gnu/libk5crypto.so.3.1
7fe287fff000-7fe288000000 rw-p 00000000 00:00 0 
7fe288000000-7fe288f5f000 rw-p 00000000 00:00 0 
7fe288f5f000-7fe28c000000 ---p 00000000 00:00 0 
7fe28c000000-7fe28c021000 rw-p 00000000 00:00 0 
7fe28c021000-7fe290000000 ---p 00000000 00:00 0 
7fe290000000-7fe290021000 rw-p 00000000 00:00 0 
7fe290021000-7fe294000000 ---p 00000000 00:00 0 
7fe294000000-7fe294a35000 rw-p 00000000 00:00 0 
7fe294a35000-7fe298000000 ---p 00000000 00:00 0 
7fe298000000-7fe298021000 rw-p 00000000 00:00 0 
7fe298021000-7fe29c000000 ---p 00000000 00:00 0 
7fe29c000000-7fe29c021000 rw-p 00000000 00:00 0 
7fe29c021000-7fe2a0000000 ---p 00000000 00:00 0 
7fe2a0000000-7fe2a0021000 rw-p 00000000 00:00 0 
7fe2a0021000-7fe2a4000000 ---p 00000000 00:00 0 
7fe2a4000000-7fe2a423e000 rw-p 00000000 00:00 0 
7fe2a423e000-7fe2a8000000 ---p 00000000 00:00 0 
7fe2a8000000-7fe2a8021000 rw-p 00000000 00:00 0 
7fe2a8021000-7fe2ac000000 ---p 00000000 00:00 0 
7fe2ac000000-7fe2ac021000 rw-p 00000000 00:00 0 
7fe2ac021000-7fe2b0000000 ---p 00000000 00:00 0 
7fe2b0000000-7fe2b0021000 rw-p 00000000 00:00 0 
7fe2b0021000-7fe2b4000000 ---p 00000000 00:00 0 
7fe2b40c7000-7fe2b40f8000 rw-p 00000000 00:00 0 
7fe2b4117000-7fe2b41d7000 r-xp 00000000 08:05 2503440                    /usr/lib/x86_64-linux-gnu/libkrb5.so.3.3
7fe2b41d7000-7fe2b43d7000 ---p 000c0000 08:05 2503440                    /usr/lib/x86_64-linux-gnu/libkrb5.so.3.3
7fe2b43d7000-7fe2b43e4000 r--p 000c0000 08:05 2503440                    /usr/lib/x86_64-linux-gnu/libkrb5.so.3.3
7fe2b43e4000-7fe2b43e6000 rw-p 000cd000 08:05 2503440                    /usr/lib/x86_64-linux-gnu/libkrb5.so.3.3
7fe2b43e6000-7fe2b440c000 r-xp 00000000 08:05 2104475                    /lib/x86_64-linux-gnu/libexpat.so.1.6.0
7fe2b440c000-7fe2b460b000 ---p 00026000 08:05 2104475                    /lib/x86_64-linux-gnu/libexpat.so.1.6.0
7fe2b460b000-7fe2b460e000 r--p 00025000 08:05 2104475                    /lib/x86_64-linux-gnu/libexpat.so.1.6.0
7fe2b460e000-7fe2b460f000 rw-p 00028000 08:05 2104475                    /lib/x86_64-linux-gnu/libexpat.so.1.6.0
7fe2b460f000-7fe2b46b1000 r-xp 00000000 08:05 2503149                    /usr/lib/x86_64-linux-gnu/libfreetype.so.6.11.1
7fe2b46b1000-7fe2b48b0000 ---p 000a2000 08:05 2503149                    /usr/lib/x86_64-linux-gnu/libfreetype.so.6.11.1
7fe2b48b0000-7fe2b48b6000 r--p 000a1000 08:05 2503149                    /usr/lib/x86_64-linux-gnu/libfreetype.so.6.11.1
7fe2b48b6000-7fe2b48b7000 rw-p 000a7000 08:05 2503149                    /usr/lib/x86_64-linux-gnu/libfreetype.so.6.11.1
7fe2b48b7000-7fe2b48c7000 r-xp 00000000 08:05 2502911                    /usr/lib/x86_64-linux-gnu/libavahi-client.so.3.2.9
7fe2b48c7000-7fe2b4ac6000 ---p 00010000 08:05 2502911                    /usr/lib/x86_64-linux-gnu/libavahi-client.so.3.2.9
7fe2b4ac6000-7fe2b4ac7000 r--p 0000f000 08:05 2502911                    /usr/lib/x86_64-linux-gnu/libavahi-client.so.3.2.9
7fe2b4ac7000-7fe2b4ac8000 rw-p 00010000 08:05 2502911                    /usr/lib/x86_64-linux-gnu/libavahi-client.so.3.2.9
7fe2b4ac8000-7fe2b4ad3000 r-xp 00000000 08:05 2502913                    /usr/lib/x86_64-linux-gnu/libavahi-common.so.3.5.3
7fe2b4ad3000-7fe2b4cd2000 ---p 0000b000 08:05 2502913                    /usr/lib/x86_64-linux-gnu/libavahi-common.so.3.5.3
7fe2b4cd2000-7fe2b4cd3000 r--p 0000a000 08:05 2502913                    /usr/lib/x86_64-linux-gnu/libavahi-common.so.3.5.3
7fe2b4cd3000-7fe2b4cd4000 rw-p 0000b000 08:05 2502913                    /usr/lib/x86_64-linux-gnu/libavahi-common.so.3.5.3
7fe2b4cd4000-7fe2b4dd3000 r-xp 00000000 08:05 2497998                    /usr/lib/x86_64-linux-gnu/libgnutls-deb0.so.28.30.7
7fe2b4dd3000-7fe2b4fd2000 ---p 000ff000 08:05 2497998                    /usr/lib/x86_64-linux-gnu/libgnutls-deb0.so.28.30.7
7fe2b4fd2000-7fe2b4fdb000 r--p 000fe000 08:05 2497998                    /usr/lib/x86_64-linux-gnu/libgnutls-deb0.so.28.30.7
7fe2b4fdb000-7fe2b4fdd000 rw-p 00107000 08:05 2497998                    /usr/lib/x86_64-linux-gnu/libgnutls-deb0.so.28.30.7
7fe2b4fdd000-7fe2b5022000 r-xp 00000000 08:05 2503265                    /usr/lib/x86_64-linux-gnu/libgssapi_krb5.so.2.2
7fe2b5022000-7fe2b5221000 ---p 00045000 08:05 2503265                    /usr/lib/x86_64-linux-gnu/libgssapi_krb5.so.2.2
7fe2b5221000-7fe2b5223000 r--p 00044000 08:05 2503265                    /usr/lib/x86_64-linux-gnu/libgssapi_krb5.so.2.2
7fe2b5223000-7fe2b5224000 rw-p 00046000 08:05 2503265                    /usr/lib/x86_64-linux-gnu/libgssapi_krb5.so.2.2
7fe2b5224000-7fe2b5225000 rw-p 00000000 00:00 0 
7fe2b5225000-7fe2b5260000 r-xp 00000000 08:05 2503121                    /usr/lib/x86_64-linux-gnu/libfontconfig.so.1.8.0
7fe2b5260000-7fe2b545f000 ---p 0003b000 08:05 2503121                    /usr/lib/x86_64-linux-gnu/libfontconfig.so.1.8.0
7fe2b545f000-7fe2b5461000 r--p 0003a000 08:05 2503121                    /usr/lib/x86_64-linux-gnu/libfontconfig.so.1.8.0
7fe2b5461000-7fe2b5462000 rw-p 0003c000 08:05 2503121                    /usr/lib/x86_64-linux-gnu/libfontconfig.so.1.8.0
7fe2b5462000-7fe2b54cf000 r-xp 00000000 08:05 2503010                    /usr/lib/x86_64-linux-gnu/libcups.so.2
7fe2b54cf000-7fe2b56cf000 ---p 0006d000 08:05 2503010                    /usr/lib/x86_64-linux-gnu/libcups.so.2
7fe2b56cf000-7fe2b56d6000 r--p 0006d000 08:05 2503010                    /usr/lib/x86_64-linux-gnu/libcups.so.2
7fe2b56d6000-7fe2b56d7000 rw-p 00074000 08:05 2503010                    /usr/lib/x86_64-linux-gnu/libcups.so.2
7fe2b56e4000-7fe2b56e5000 rw-p 00000000 00:00 0 
7fe2b56e5000-7fe2b56e9000 r--s 00023000 00:26 1447793                    /home/oliver/projects/robocode/libs/robocode.ui.editor-1.9.2.4.jar
7fe2b56e9000-7fe2b56f1000 r--s 0014d000 00:26 1447794                    /home/oliver/projects/robocode/libs/robocode.ui-1.9.2.4.jar
7fe2b56f1000-7fe2b56f3000 r--s 00014000 00:26 1447791                    /home/oliver/projects/robocode/libs/robocode.host-1.9.2.4.jar
7fe2b56f3000-7fe2b56f5000 r--s 0000d000 00:26 1447792                    /home/oliver/projects/robocode/libs/robocode.repository-1.9.2.4.jar
7fe2b56f5000-7fe2b56f6000 r--s 00021000 00:26 1447795                    /home/oliver/projects/robocode/libs/robocode.sound-1.9.2.4.jar
7fe2b56f6000-7fe2b56fd000 r-xp 00000000 08:05 2511776                    /usr/lib/jvm/java-7-openjdk-amd64/jre/lib/amd64/headless/libmawt.so
7fe2b56fd000-7fe2b58fc000 ---p 00007000 08:05 2511776                    /usr/lib/jvm/java-7-openjdk-amd64/jre/lib/amd64/headless/libmawt.so
7fe2b58fc000-7fe2b58fd000 r--p 00006000 08:05 2511776                    /usr/lib/jvm/java-7-openjdk-amd64/jre/lib/amd64/headless/libmawt.so
7fe2b58fd000-7fe2b58fe000 rw-p 00007000 08:05 2511776                    /usr/lib/jvm/java-7-openjdk-amd64/jre/lib/amd64/headless/libmawt.so
7fe2b58fe000-7fe2b599e000 r-xp 00000000 08:05 2511790                    /usr/lib/jvm/java-7-openjdk-amd64/jre/lib/amd64/libawt.so
7fe2b599e000-7fe2b5b9e000 ---p 000a0000 08:05 2511790                    /usr/lib/jvm/java-7-openjdk-amd64/jre/lib/amd64/libawt.so
7fe2b5b9e000-7fe2b5b9f000 r--p 000a0000 08:05 2511790                    /usr/lib/jvm/java-7-openjdk-amd64/jre/lib/amd64/libawt.so
7fe2b5b9f000-7fe2b5baa000 rw-p 000a1000 08:05 2511790                    /usr/lib/jvm/java-7-openjdk-amd64/jre/lib/amd64/libawt.so
7fe2b5baa000-7fe2b5bcf000 rw-p 00000000 00:00 0 
7fe2b5bcf000-7fe2b5bd9000 r--s 00203000 08:05 2511797                    /usr/lib/jvm/java-7-openjdk-amd64/jre/lib/charsets.jar
7fe2b5bd9000-7fe2b5be1000 r--s 00048000 00:26 1447788                    /home/oliver/projects/robocode/libs/picocontainer-2.14.2.jar
7fe2b5be1000-7fe2b5be9000 r--s 00059000 00:26 1447789                    /home/oliver/projects/robocode/libs/codesize-1.1.jar
7fe2b5be9000-7fe2b5bea000 ---p 00000000 00:00 0 
7fe2b5bea000-7fe2b5cea000 rw-p 00000000 00:00 0                          [stack:28180]
7fe2b5cea000-7fe2b5ced000 ---p 00000000 00:00 0 
7fe2b5ced000-7fe2b5deb000 rw-p 00000000 00:00 0                          [stack:28166]
7fe2b5deb000-7fe2b5dee000 ---p 00000000 00:00 0 
7fe2b5dee000-7fe2b5eec000 rw-p 00000000 00:00 0                          [stack:28158]
7fe2b5eec000-7fe2b5eef000 ---p 00000000 00:00 0 
7fe2b5eef000-7fe2b5fed000 rw-p 00000000 00:00 0                          [stack:28142]
7fe2b5fed000-7fe2b5ff0000 ---p 00000000 00:00 0 
7fe2b5ff0000-7fe2b60ee000 rw-p 00000000 00:00 0                          [stack:28075]
7fe2b60ee000-7fe2b67d0000 r--p 00000000 08:05 2499634                    /usr/lib/locale/locale-archive
7fe2b67d0000-7fe2b67d3000 ---p 00000000 00:00 0 
7fe2b67d3000-7fe2b68d1000 rw-p 00000000 00:00 0                          [stack:28010]
7fe2b68d1000-7fe2b68d4000 ---p 00000000 00:00 0 
7fe2b68d4000-7fe2b69d2000 rw-p 00000000 00:00 0                          [stack:27996]
7fe2b69d2000-7fe2b69d3000 ---p 00000000 00:00 0 
7fe2b69d3000-7fe2b9000000 rw-p 00000000 00:00 0                          [stack:27992]
7fe2b9000000-7fe2b9270000 rwxp 00000000 00:00 0 
7fe2b9270000-7fe2bc2e0000 rw-p 00000000 00:00 0 
7fe2bc2e0000-7fe2c0000000 ---p 00000000 00:00 0 
7fe2c0000000-7fe2c0004000 r--s 00027000 00:26 1447790                    /home/oliver/projects/robocode/libs/robocode.battle-1.9.2.4.jar
7fe2c0004000-7fe2c01b5000 r--s 01d25000 08:05 2511823                    /usr/lib/jvm/java-7-openjdk-amd64/jre/lib/rt.jar
7fe2c01b5000-7fe2c0401000 rw-p 00000000 00:00 0 
7fe2c0401000-7fe2c0402000 ---p 00000000 00:00 0 
7fe2c0402000-7fe2c0502000 rw-p 00000000 00:00 0                          [stack:27973]
7fe2c0502000-7fe2c0503000 ---p 00000000 00:00 0 
7fe2c0503000-7fe2c0603000 rw-p 00000000 00:00 0                          [stack:27972]
7fe2c0603000-7fe2c0604000 ---p 00000000 00:00 0 
7fe2c0604000-7fe2c0704000 rw-p 00000000 00:00 0                          [stack:27971]
7fe2c0704000-7fe2c0705000 ---p 00000000 00:00 0 
7fe2c0705000-7fe2c0814000 rw-p 00000000 00:00 0                          [stack:27970]
7fe2c0814000-7fe2c0858000 rw-p 00000000 00:00 0 
7fe2c0858000-7fe2c0881000 rw-p 00000000 00:00 0 
7fe2c0881000-7fe2c0903000 rw-p 00000000 00:00 0 
7fe2c0903000-7fe2c0912000 rw-p 00000000 00:00 0 
7fe2c0912000-7fe2c0956000 rw-p 00000000 00:00 0 
7fe2c0956000-7fe2c097f000 rw-p 00000000 00:00 0 
7fe2c097f000-7fe2c0a00000 rw-p 00000000 00:00 0 
7fe2c0a00000-7fe2c0a47000 rw-p 00000000 00:00 0 
7fe2c0a47000-7fe2c0a49000 ---p 00000000 00:00 0 
7fe2c0a49000-7fe2c0a56000 rw-p 00000000 00:00 0 
7fe2c0a56000-7fe2c0a57000 rw-p 00000000 00:00 0 
7fe2c0a57000-7fe2c0a5f000 r-xp 00000000 08:05 2511755                    /usr/lib/jvm/java-7-openjdk-amd64/jre/lib/amd64/libzip.so
7fe2c0a5f000-7fe2c0c5e000 ---p 00008000 08:05 2511755                    /usr/lib/jvm/java-7-openjdk-amd64/jre/lib/amd64/libzip.so
7fe2c0c5e000-7fe2c0c5f000 r--p 00007000 08:05 2511755                    /usr/lib/jvm/java-7-openjdk-amd64/jre/lib/amd64/libzip.so
7fe2c0c5f000-7fe2c0c60000 rw-p 00008000 08:05 2511755                    /usr/lib/jvm/java-7-openjdk-amd64/jre/lib/amd64/libzip.so
7fe2c0c60000-7fe2c0c6b000 r-xp 00000000 08:05 2103824                    /lib/x86_64-linux-gnu/libnss_files-2.19.so
7fe2c0c6b000-7fe2c0e6a000 ---p 0000b000 08:05 2103824                    /lib/x86_64-linux-gnu/libnss_files-2.19.so
7fe2c0e6a000-7fe2c0e6b000 r--p 0000a000 08:05 2103824                    /lib/x86_64-linux-gnu/libnss_files-2.19.so
7fe2c0e6b000-7fe2c0e6c000 rw-p 0000b000 08:05 2103824                    /lib/x86_64-linux-gnu/libnss_files-2.19.so
7fe2c0e6c000-7fe2c0e77000 r-xp 00000000 08:05 2103816                    /lib/x86_64-linux-gnu/libnss_nis-2.19.so
7fe2c0e77000-7fe2c1076000 ---p 0000b000 08:05 2103816                    /lib/x86_64-linux-gnu/libnss_nis-2.19.so
7fe2c1076000-7fe2c1077000 r--p 0000a000 08:05 2103816                    /lib/x86_64-linux-gnu/libnss_nis-2.19.so
7fe2c1077000-7fe2c1078000 rw-p 0000b000 08:05 2103816                    /lib/x86_64-linux-gnu/libnss_nis-2.19.so
7fe2c1078000-7fe2c108f000 r-xp 00000000 08:05 2103807                    /lib/x86_64-linux-gnu/libnsl-2.19.so
7fe2c108f000-7fe2c128e000 ---p 00017000 08:05 2103807                    /lib/x86_64-linux-gnu/libnsl-2.19.so
7fe2c128e000-7fe2c128f000 r--p 00016000 08:05 2103807                    /lib/x86_64-linux-gnu/libnsl-2.19.so
7fe2c128f000-7fe2c1290000 rw-p 00017000 08:05 2103807                    /lib/x86_64-linux-gnu/libnsl-2.19.so
7fe2c1290000-7fe2c1292000 rw-p 00000000 00:00 0 
7fe2c1292000-7fe2c129b000 r-xp 00000000 08:05 2103812                    /lib/x86_64-linux-gnu/libnss_compat-2.19.so
7fe2c129b000-7fe2c149a000 ---p 00009000 08:05 2103812                    /lib/x86_64-linux-gnu/libnss_compat-2.19.so
7fe2c149a000-7fe2c149b000 r--p 00008000 08:05 2103812                    /lib/x86_64-linux-gnu/libnss_compat-2.19.so
7fe2c149b000-7fe2c149c000 rw-p 00009000 08:05 2103812                    /lib/x86_64-linux-gnu/libnss_compat-2.19.so
7fe2c149c000-7fe2c14c9000 r-xp 00000000 08:05 2511752                    /usr/lib/jvm/java-7-openjdk-amd64/jre/lib/amd64/libjava.so
7fe2c14c9000-7fe2c16c8000 ---p 0002d000 08:05 2511752                    /usr/lib/jvm/java-7-openjdk-amd64/jre/lib/amd64/libjava.so
7fe2c16c8000-7fe2c16c9000 r--p 0002c000 08:05 2511752                    /usr/lib/jvm/java-7-openjdk-amd64/jre/lib/amd64/libjava.so
7fe2c16c9000-7fe2c16cb000 rw-p 0002d000 08:05 2511752                    /usr/lib/jvm/java-7-openjdk-amd64/jre/lib/amd64/libjava.so
7fe2c16cb000-7fe2c16dc000 r-xp 00000000 08:05 2511767                    /usr/lib/jvm/java-7-openjdk-amd64/jre/lib/amd64/libverify.so
7fe2c16dc000-7fe2c18db000 ---p 00011000 08:05 2511767                    /usr/lib/jvm/java-7-openjdk-amd64/jre/lib/amd64/libverify.so
7fe2c18db000-7fe2c18dd000 r--p 00010000 08:05 2511767                    /usr/lib/jvm/java-7-openjdk-amd64/jre/lib/amd64/libverify.so
7fe2c18dd000-7fe2c18de000 rw-p 00012000 08:05 2511767                    /usr/lib/jvm/java-7-openjdk-amd64/jre/lib/amd64/libverify.so
7fe2c18de000-7fe2c18e5000 r-xp 00000000 08:05 2103815                    /lib/x86_64-linux-gnu/librt-2.19.so
7fe2c18e5000-7fe2c1ae4000 ---p 00007000 08:05 2103815                    /lib/x86_64-linux-gnu/librt-2.19.so
7fe2c1ae4000-7fe2c1ae5000 r--p 00006000 08:05 2103815                    /lib/x86_64-linux-gnu/librt-2.19.so
7fe2c1ae5000-7fe2c1ae6000 rw-p 00007000 08:05 2103815                    /lib/x86_64-linux-gnu/librt-2.19.so
7fe2c1ae6000-7fe2c1afc000 r-xp 00000000 08:05 2104480                    /lib/x86_64-linux-gnu/libgcc_s.so.1
7fe2c1afc000-7fe2c1cfb000 ---p 00016000 08:05 2104480                    /lib/x86_64-linux-gnu/libgcc_s.so.1
7fe2c1cfb000-7fe2c1cfc000 r--p 00015000 08:05 2104480                    /lib/x86_64-linux-gnu/libgcc_s.so.1
7fe2c1cfc000-7fe2c1cfd000 rw-p 00016000 08:05 2104480                    /lib/x86_64-linux-gnu/libgcc_s.so.1
7fe2c1cfd000-7fe2c1e02000 r-xp 00000000 08:05 2103817                    /lib/x86_64-linux-gnu/libm-2.19.so
7fe2c1e02000-7fe2c2001000 ---p 00105000 08:05 2103817                    /lib/x86_64-linux-gnu/libm-2.19.so
7fe2c2001000-7fe2c2002000 r--p 00104000 08:05 2103817                    /lib/x86_64-linux-gnu/libm-2.19.so
7fe2c2002000-7fe2c2003000 rw-p 00105000 08:05 2103817                    /lib/x86_64-linux-gnu/libm-2.19.so
7fe2c2003000-7fe2c20f3000 r-xp 00000000 08:05 2503759                    /usr/lib/x86_64-linux-gnu/libstdc++.so.6.0.20
7fe2c20f3000-7fe2c22f3000 ---p 000f0000 08:05 2503759                    /usr/lib/x86_64-linux-gnu/libstdc++.so.6.0.20
7fe2c22f3000-7fe2c22fb000 r--p 000f0000 08:05 2503759                    /usr/lib/x86_64-linux-gnu/libstdc++.so.6.0.20
7fe2c22fb000-7fe2c22fd000 rw-p 000f8000 08:05 2503759                    /usr/lib/x86_64-linux-gnu/libstdc++.so.6.0.20
7fe2c22fd000-7fe2c2312000 rw-p 00000000 00:00 0 
7fe2c2312000-7fe2c2e5f000 r-xp 00000000 08:05 2511781                    /usr/lib/jvm/java-7-openjdk-amd64/jre/lib/amd64/server/libjvm.so
7fe2c2e5f000-7fe2c305f000 ---p 00b4d000 08:05 2511781                    /usr/lib/jvm/java-7-openjdk-amd64/jre/lib/amd64/server/libjvm.so
7fe2c305f000-7fe2c30fe000 r--p 00b4d000 08:05 2511781                    /usr/lib/jvm/java-7-openjdk-amd64/jre/lib/amd64/server/libjvm.so
7fe2c30fe000-7fe2c3121000 rw-p 00bec000 08:05 2511781                    /usr/lib/jvm/java-7-openjdk-amd64/jre/lib/amd64/server/libjvm.so
7fe2c3121000-7fe2c314e000 rw-p 00000000 00:00 0 
7fe2c314e000-7fe2c3166000 r-xp 00000000 08:05 2104624                    /lib/x86_64-linux-gnu/libz.so.1.2.8
7fe2c3166000-7fe2c3365000 ---p 00018000 08:05 2104624                    /lib/x86_64-linux-gnu/libz.so.1.2.8
7fe2c3365000-7fe2c3366000 r--p 00017000 08:05 2104624                    /lib/x86_64-linux-gnu/libz.so.1.2.8
7fe2c3366000-7fe2c3367000 rw-p 00018000 08:05 2104624                    /lib/x86_64-linux-gnu/libz.so.1.2.8
7fe2c3367000-7fe2c337f000 r-xp 00000000 08:05 2103813                    /lib/x86_64-linux-gnu/libpthread-2.19.so
7fe2c337f000-7fe2c357f000 ---p 00018000 08:05 2103813                    /lib/x86_64-linux-gnu/libpthread-2.19.so
7fe2c357f000-7fe2c3580000 r--p 00018000 08:05 2103813                    /lib/x86_64-linux-gnu/libpthread-2.19.so
7fe2c3580000-7fe2c3581000 rw-p 00019000 08:05 2103813                    /lib/x86_64-linux-gnu/libpthread-2.19.so
7fe2c3581000-7fe2c3585000 rw-p 00000000 00:00 0 
7fe2c3585000-7fe2c3588000 r-xp 00000000 08:05 2103923                    /lib/x86_64-linux-gnu/libdl-2.19.so
7fe2c3588000-7fe2c3787000 ---p 00003000 08:05 2103923                    /lib/x86_64-linux-gnu/libdl-2.19.so
7fe2c3787000-7fe2c3788000 r--p 00002000 08:05 2103923                    /lib/x86_64-linux-gnu/libdl-2.19.so
7fe2c3788000-7fe2c3789000 rw-p 00003000 08:05 2103923                    /lib/x86_64-linux-gnu/libdl-2.19.so
7fe2c3789000-7fe2c3943000 r-xp 00000000 08:05 2103806                    /lib/x86_64-linux-gnu/libc-2.19.so
7fe2c3943000-7fe2c3b43000 ---p 001ba000 08:05 2103806                    /lib/x86_64-linux-gnu/libc-2.19.so
7fe2c3b43000-7fe2c3b47000 r--p 001ba000 08:05 2103806                    /lib/x86_64-linux-gnu/libc-2.19.so
7fe2c3b47000-7fe2c3b49000 rw-p 001be000 08:05 2103806                    /lib/x86_64-linux-gnu/libc-2.19.so
7fe2c3b49000-7fe2c3b4e000 rw-p 00000000 00:00 0 
7fe2c3b4e000-7fe2c3b5b000 r-xp 00000000 08:05 2511787                    /usr/lib/jvm/java-7-openjdk-amd64/jre/lib/amd64/jli/libjli.so
7fe2c3b5b000-7fe2c3d5a000 ---p 0000d000 08:05 2511787                    /usr/lib/jvm/java-7-openjdk-amd64/jre/lib/amd64/jli/libjli.so
7fe2c3d5a000-7fe2c3d5b000 r--p 0000c000 08:05 2511787                    /usr/lib/jvm/java-7-openjdk-amd64/jre/lib/amd64/jli/libjli.so
7fe2c3d5b000-7fe2c3d5c000 rw-p 0000d000 08:05 2511787                    /usr/lib/jvm/java-7-openjdk-amd64/jre/lib/amd64/jli/libjli.so
7fe2c3d5c000-7fe2c3d7f000 r-xp 00000000 08:05 2103819                    /lib/x86_64-linux-gnu/ld-2.19.so
7fe2c3d7f000-7fe2c3d80000 r--p 00000000 08:05 142478                     /usr/share/locale-langpack/en_GB/LC_MESSAGES/libc.mo
7fe2c3d80000-7fe2c3d84000 r--s 0002e000 00:26 1447787                    /home/oliver/projects/robocode/libs/robocode.core-1.9.2.4.jar
7fe2c3d84000-7fe2c3d8a000 r--s 00026000 00:26 1447785                    /home/oliver/projects/robocode/libs/robocode.jar
7fe2c3d8a000-7fe2c3d8c000 r--s 00012000 08:05 2511800                    /usr/lib/jvm/java-7-openjdk-amd64/jre/lib/ext/zipfs.jar
7fe2c3d8c000-7fe2c3d90000 r--s 00085000 08:05 2511799                    /usr/lib/jvm/java-7-openjdk-amd64/jre/lib/ext/localedata.jar
7fe2c3d90000-7fe2c3d94000 r--s 00034000 08:05 2511801                    /usr/lib/jvm/java-7-openjdk-amd64/jre/lib/ext/sunjce_provider.jar
7fe2c3d94000-7fe2c3d97000 r--s 0000f000 08:05 2511803                    /usr/lib/jvm/java-7-openjdk-amd64/jre/lib/ext/icedtea-sound.jar
7fe2c3d97000-7fe2c3da1000 rw-p 00000000 00:00 0 
7fe2c3da1000-7fe2c3e57000 rw-p 00000000 00:00 0 
7fe2c3e57000-7fe2c3e5a000 ---p 00000000 00:00 0 
7fe2c3e5a000-7fe2c3f5d000 rw-p 00000000 00:00 0                          [stack:27937]
7fe2c3f5d000-7fe2c3f61000 r--s 0003c000 08:05 2511804                    /usr/lib/jvm/java-7-openjdk-amd64/jre/lib/ext/sunpkcs11.jar
7fe2c3f61000-7fe2c3f62000 r--s 00002000 08:05 2511802                    /usr/lib/jvm/java-7-openjdk-amd64/jre/lib/ext/dnsns.jar
7fe2c3f62000-7fe2c3f64000 r--s 00006000 08:05 2900065                    /usr/share/java/java-atk-wrapper.jar
7fe2c3f64000-7fe2c3f72000 rw-p 00000000 00:00 0 
7fe2c3f72000-7fe2c3f7a000 rw-s 00000000 08:05 2362172                    /tmp/hsperfdata_oliver/27881
7fe2c3f7a000-7fe2c3f7b000 rw-p 00000000 00:00 0 
7fe2c3f7b000-7fe2c3f7c000 ---p 00000000 00:00 0 
7fe2c3f7c000-7fe2c3f7e000 rw-p 00000000 00:00 0 
7fe2c3f7e000-7fe2c3f7f000 r--p 00022000 08:05 2103819                    /lib/x86_64-linux-gnu/ld-2.19.so
7fe2c3f7f000-7fe2c3f80000 rw-p 00023000 08:05 2103819                    /lib/x86_64-linux-gnu/ld-2.19.so
7fe2c3f80000-7fe2c3f81000 rw-p 00000000 00:00 0 
7fff53677000-7fff53698000 rw-p 00000000 00:00 0                          [stack]
7fff537fc000-7fff537fe000 r-xp 00000000 00:00 0                          [vdso]
7fff537fe000-7fff53800000 r--p 00000000 00:00 0                          [vvar]
ffffffffff600000-ffffffffff601000 r-xp 00000000 00:00 0                  [vsyscall]

VM Arguments:
jvm_args: -Djava.awt.headless=true -DROBOTPATH=/home/oliver/projects/robocode/robots/ -Xmx512M -Dsun.io.useCanonCaches=false 
java_command: robocode.Robocode -battle /tmp/tmpaurrJS.battle -nodisplay -nosound -results /tmp/tmpKFKxfX
Launcher Type: SUN_STANDARD

Environment Variables:
PATH=/usr/local/sbin:/usr/local/bin:/usr/sbin:/usr/bin:/sbin:/bin:/usr/games:/usr/local/games:/home/oliver/go/bin:/home/oliver/projects/evco/wallace/bin:/home/oliver/.rvm/bin:/home/oliver/.rvm/bin
SHELL=/bin/bash
DISPLAY=:0

Signal Handlers:
SIGSEGV: [libjvm.so+0x981590], sa_mask[0]=0x7ffbfeff, sa_flags=0x10000004
SIGBUS: [libjvm.so+0x981590], sa_mask[0]=0x7ffbfeff, sa_flags=0x10000004
SIGFPE: [libjvm.so+0x7efd60], sa_mask[0]=0x7ffbfeff, sa_flags=0x10000004
SIGPIPE: [libjvm.so+0x7efd60], sa_mask[0]=0x7ffbfeff, sa_flags=0x10000004
SIGXFSZ: [libjvm.so+0x7efd60], sa_mask[0]=0x7ffbfeff, sa_flags=0x10000004
SIGILL: [libjvm.so+0x7efd60], sa_mask[0]=0x7ffbfeff, sa_flags=0x10000004
SIGUSR1: SIG_DFL, sa_mask[0]=0x00000000, sa_flags=0x00000000
SIGUSR2: [libjvm.so+0x7efbe0], sa_mask[0]=0x00000000, sa_flags=0x10000004
SIGHUP: [libjvm.so+0x7efde0], sa_mask[0]=0x7ffbfeff, sa_flags=0x10000004
SIGINT: [libjvm.so+0x7efde0], sa_mask[0]=0x7ffbfeff, sa_flags=0x10000004
SIGTERM: [libjvm.so+0x7efde0], sa_mask[0]=0x7ffbfeff, sa_flags=0x10000004
SIGQUIT: [libjvm.so+0x7efde0], sa_mask[0]=0x7ffbfeff, sa_flags=0x10000004
SIGTRAP: SIG_DFL, sa_mask[0]=0x00000000, sa_flags=0x00000000


---------------  S Y S T E M  ---------------

OS:Ubuntu 14.10 (utopic)
uname:Linux 3.16.0-25-generic #33-Ubuntu SMP Tue Nov 4 12:06:54 UTC 2014 x86_64
libc:glibc 2.19 NPTL 2.19 
rlimit: STACK 8192k, CORE 0k, NPROC 31299, NOFILE 4096, AS infinity
load average:70.34 57.31 46.26

/proc/meminfo:
MemTotal:        8042916 kB
MemFree:          114888 kB
MemAvailable:      45540 kB
Buffers:             108 kB
Cached:            69172 kB
SwapCached:            0 kB
Active:          7594668 kB
Inactive:          64560 kB
Active(anon):    7591880 kB
Inactive(anon):    61904 kB
Active(file):       2788 kB
Inactive(file):     2656 kB
Unevictable:          32 kB
Mlocked:              32 kB
SwapTotal:             0 kB
SwapFree:              0 kB
Dirty:                 0 kB
Writeback:           128 kB
AnonPages:       7590704 kB
Mapped:            95396 kB
Shmem:             63112 kB
Slab:              68032 kB
SReclaimable:      24780 kB
SUnreclaim:        43252 kB
KernelStack:       15488 kB
PageTables:        57756 kB
NFS_Unstable:          0 kB
Bounce:                0 kB
WritebackTmp:          0 kB
CommitLimit:     4021456 kB
Committed_AS:   14471564 kB
VmallocTotal:   34359738367 kB
VmallocUsed:      393032 kB
VmallocChunk:   34359342364 kB
HardwareCorrupted:     0 kB
AnonHugePages:   3274752 kB
HugePages_Total:       0
HugePages_Free:        0
HugePages_Rsvd:        0
HugePages_Surp:        0
Hugepagesize:       2048 kB
DirectMap4k:      163532 kB
DirectMap2M:     3897344 kB
DirectMap1G:     4194304 kB


CPU:total 4 (4 cores per cpu, 1 threads per core) family 6 model 60 stepping 3, cmov, cx8, fxsr, mmx, sse, sse2, sse3, ssse3, sse4.1, sse4.2, popcnt, avx, avx2, aes, erms, tsc, tscinvbit

/proc/cpuinfo:
processor	: 0
vendor_id	: GenuineIntel
cpu family	: 6
model		: 60
model name	: Intel(R) Core(TM) i5-4690K CPU @ 3.50GHz
stepping	: 3
microcode	: 0x17
cpu MHz		: 3700.019
cache size	: 6144 KB
physical id	: 0
siblings	: 4
core id		: 0
cpu cores	: 4
apicid		: 0
initial apicid	: 0
fpu		: yes
fpu_exception	: yes
cpuid level	: 13
wp		: yes
flags		: fpu vme de pse tsc msr pae mce cx8 apic sep mtrr pge mca cmov pat pse36 clflush dts acpi mmx fxsr sse sse2 ss ht tm pbe syscall nx pdpe1gb rdtscp lm constant_tsc arch_perfmon pebs bts rep_good nopl xtopology nonstop_tsc aperfmperf eagerfpu pni pclmulqdq dtes64 monitor ds_cpl vmx est tm2 ssse3 fma cx16 xtpr pdcm pcid sse4_1 sse4_2 x2apic movbe popcnt tsc_deadline_timer aes xsave avx f16c rdrand lahf_lm abm ida arat xsaveopt pln pts dtherm tpr_shadow vnmi flexpriority ept vpid fsgsbase tsc_adjust bmi1 hle avx2 smep bmi2 erms invpcid rtm
bogomips	: 6999.94
clflush size	: 64
cache_alignment	: 64
address sizes	: 39 bits physical, 48 bits virtual
power management:

processor	: 1
vendor_id	: GenuineIntel
cpu family	: 6
model		: 60
model name	: Intel(R) Core(TM) i5-4690K CPU @ 3.50GHz
stepping	: 3
microcode	: 0x17
cpu MHz		: 3699.882
cache size	: 6144 KB
physical id	: 0
siblings	: 4
core id		: 1
cpu cores	: 4
apicid		: 2
initial apicid	: 2
fpu		: yes
fpu_exception	: yes
cpuid level	: 13
wp		: yes
flags		: fpu vme de pse tsc msr pae mce cx8 apic sep mtrr pge mca cmov pat pse36 clflush dts acpi mmx fxsr sse sse2 ss ht tm pbe syscall nx pdpe1gb rdtscp lm constant_tsc arch_perfmon pebs bts rep_good nopl xtopology nonstop_tsc aperfmperf eagerfpu pni pclmulqdq dtes64 monitor ds_cpl vmx est tm2 ssse3 fma cx16 xtpr pdcm pcid sse4_1 sse4_2 x2apic movbe popcnt tsc_deadline_timer aes xsave avx f16c rdrand lahf_lm abm ida arat xsaveopt pln pts dtherm tpr_shadow vnmi flexpriority ept vpid fsgsbase tsc_adjust bmi1 hle avx2 smep bmi2 erms invpcid rtm
bogomips	: 6999.94
clflush size	: 64
cache_alignment	: 64
address sizes	: 39 bits physical, 48 bits virtual
power management:

processor	: 2
vendor_id	: GenuineIntel
cpu family	: 6
model		: 60
model name	: Intel(R) Core(TM) i5-4690K CPU @ 3.50GHz
stepping	: 3
microcode	: 0x17
cpu MHz		: 3700.156
cache size	: 6144 KB
physical id	: 0
siblings	: 4
core id		: 2
cpu cores	: 4
apicid		: 4
initial apicid	: 4
fpu		: yes
fpu_exception	: yes
cpuid level	: 13
wp		: yes
flags		: fpu vme de pse tsc msr pae mce cx8 apic sep mtrr pge mca cmov pat pse36 clflush dts acpi mmx fxsr sse sse2 ss ht tm pbe syscall nx pdpe1gb rdtscp lm constant_tsc arch_perfmon pebs bts rep_good nopl xtopology nonstop_tsc aperfmperf eagerfpu pni pclmulqdq dtes64 monitor ds_cpl vmx est tm2 ssse3 fma cx16 xtpr pdcm pcid sse4_1 sse4_2 x2apic movbe popcnt tsc_deadline_timer aes xsave avx f16c rdrand lahf_lm abm ida arat xsaveopt pln pts dtherm tpr_shadow vnmi flexpriority ept vpid fsgsbase tsc_adjust bmi1 hle avx2 smep bmi2 erms invpcid rtm
bogomips	: 6999.94
clflush size	: 64
cache_alignment	: 64
address sizes	: 39 bits physical, 48 bits virtual
power management:

processor	: 3
vendor_id	: GenuineIntel
cpu family	: 6
model		: 60
model name	: Intel(R) Core(TM) i5-4690K CPU @ 3.50GHz
stepping	: 3
microcode	: 0x17
cpu MHz		: 3700.019
cache size	: 6144 KB
physical id	: 0
siblings	: 4
core id		: 3
cpu cores	: 4
apicid		: 6
initial apicid	: 6
fpu		: yes
fpu_exception	: yes
cpuid level	: 13
wp		: yes
flags		: fpu vme de pse tsc msr pae mce cx8 apic sep mtrr pge mca cmov pat pse36 clflush dts acpi mmx fxsr sse sse2 ss ht tm pbe syscall nx pdpe1gb rdtscp lm constant_tsc arch_perfmon pebs bts rep_good nopl xtopology nonstop_tsc aperfmperf eagerfpu pni pclmulqdq dtes64 monitor ds_cpl vmx est tm2 ssse3 fma cx16 xtpr pdcm pcid sse4_1 sse4_2 x2apic movbe popcnt tsc_deadline_timer aes xsave avx f16c rdrand lahf_lm abm ida arat xsaveopt pln pts dtherm tpr_shadow vnmi flexpriority ept vpid fsgsbase tsc_adjust bmi1 hle avx2 smep bmi2 erms invpcid rtm
bogomips	: 6999.94
clflush size	: 64
cache_alignment	: 64
address sizes	: 39 bits physical, 48 bits virtual
power management:



Memory: 4k page, physical 8042916k(117616k free), swap 0k(0k free)

vm_info: OpenJDK 64-Bit Server VM (24.65-b04) for linux-amd64 JRE (1.7.0_65-b32), built on Oct 22 2014 04:20:25 by "buildd" with gcc 4.9.1

time: Mon Dec  8 12:00:09 2014
elapsed time: 484 seconds

