#
# There is insufficient memory for the Java Runtime Environment to continue.
# Native memory allocation (malloc) failed to allocate 39845888 bytes for committing reserved memory.
# Possible reasons:
#   The system is out of physical RAM or swap space
#   In 32 bit mode, the process size limit was hit
# Possible solutions:
#   Reduce memory load on the system
#   Increase physical memory or swap space
#   Check if swap backing store is full
#   Use 64 bit Java on a 64 bit OS
#   Decrease Java heap size (-Xmx/-Xms)
#   Decrease number of Java threads
#   Decrease Java thread stack sizes (-Xss)
#   Set larger code cache with -XX:ReservedCodeCacheSize=
# This output file may be truncated or incomplete.
#
#  Out of Memory Error (os_linux.cpp:2798), pid=27924, tid=140442547447552
#
# JRE version: OpenJDK Runtime Environment (7.0_65-b32) (build 1.7.0_65-b32)
# Java VM: OpenJDK 64-Bit Server VM (24.65-b04 mixed mode linux-amd64 compressed oops)
# Derivative: IcedTea 2.5.3
# Distribution: Ubuntu 14.10, package 7u71-2.5.3-0ubuntu1
# Failed to write core dump. Core dumps have been disabled. To enable core dumping, try "ulimit -c unlimited" before starting Java again
#

---------------  T H R E A D  ---------------

Current thread (0x00007fbb58075800):  VMThread [stack: 0x00007fbb5416e000,0x00007fbb5426f000] [id=28122]

Stack: [0x00007fbb5416e000,0x00007fbb5426f000],  sp=0x00007fbb5426d4a0,  free space=1021k
Native frames: (J=compiled Java code, j=interpreted, Vv=VM code, C=native code)
V  [libjvm.so+0x980aa6]  VMError::report_and_die()+0x186
V  [libjvm.so+0x48fed2]  report_vm_out_of_memory(char const*, int, unsigned long, char const*)+0x92
V  [libjvm.so+0x7f480b]  os::pd_commit_memory(char*, unsigned long, unsigned long, bool)+0xeb
V  [libjvm.so+0x7eef1e]  os::commit_memory(char*, unsigned long, unsigned long, bool)+0x2e
V  [libjvm.so+0x86100b]  PSVirtualSpace::expand_by(unsigned long)+0x5b
V  [libjvm.so+0x861ec3]  PSYoungGen::resize_generation(unsigned long, unsigned long)+0xd3
V  [libjvm.so+0x8625db]  PSYoungGen::resize(unsigned long, unsigned long)+0x1b
V  [libjvm.so+0x85dfd9]  PSScavenge::invoke_no_policy()+0xdc9
V  [libjvm.so+0x85e7b8]  PSScavenge::invoke()+0x38
V  [libjvm.so+0x8163e3]  ParallelScavengeHeap::failed_mem_allocate(unsigned long)+0x63
V  [libjvm.so+0x982372]  VM_ParallelGCFailedAllocation::doit()+0x92
V  [libjvm.so+0x986be7]  VM_Operation::evaluate()+0x47
V  [libjvm.so+0x9851db]  VMThread::evaluate_operation(VM_Operation*)+0xab
V  [libjvm.so+0x985886]  VMThread::loop()+0x1e6
V  [libjvm.so+0x985d51]  VMThread::run()+0x81
V  [libjvm.so+0x7f14f2]  java_start(Thread*)+0xf2

VM_Operation (0x00007fbb2118cd60): ParallelGCFailedAllocation, mode: safepoint, requested by thread 0x00007fbb582e8800


---------------  P R O C E S S  ---------------

Java Threads: ( => current thread )
  0x00007fbb5800a000 JavaThread "DestroyJavaVM" [_thread_blocked, id=27999, stack(0x00007fbb600d5000,0x00007fbb601d6000)]
  0x00007fbb582e8800 JavaThread "Robocode main thread" [_thread_blocked, id=28330, stack(0x00007fbb2108e000,0x00007fbb2118f000)]
  0x00007fbb580b1000 JavaThread "Service Thread" daemon [_thread_blocked, id=28224, stack(0x00007fbb4dee9000,0x00007fbb4dfea000)]
  0x00007fbb580af000 JavaThread "C2 CompilerThread1" daemon [_thread_blocked, id=28210, stack(0x00007fbb4dfea000,0x00007fbb4e0eb000)]
  0x00007fbb580ac000 JavaThread "C2 CompilerThread0" daemon [_thread_blocked, id=28197, stack(0x00007fbb4e0eb000,0x00007fbb4e1ec000)]
  0x00007fbb580a9800 JavaThread "Signal Dispatcher" daemon [_thread_blocked, id=28169, stack(0x00007fbb4e1ec000,0x00007fbb4e2ed000)]
  0x00007fbb5807c000 JavaThread "Finalizer" daemon [_thread_blocked, id=28126, stack(0x00007fbb4e9cf000,0x00007fbb4ead0000)]
  0x00007fbb5807a000 JavaThread "Reference Handler" daemon [_thread_blocked, id=28124, stack(0x00007fbb5406d000,0x00007fbb5416e000)]

Other Threads:
=>0x00007fbb58075800 VMThread [stack: 0x00007fbb5416e000,0x00007fbb5426f000] [id=28122]
  0x00007fbb580bc000 WatcherThread [stack: 0x00007fbb4dde8000,0x00007fbb4dee9000] [id=28230]

VM state:at safepoint (normal execution)

VM Mutex/Monitor currently owned by a thread:  ([mutex/lock_event])
[0x00007fbb58006650] Threads_lock - owner thread: 0x00007fbb58075800
[0x00007fbb58006b50] Heap_lock - owner thread: 0x00007fbb582e8800

Heap
 PSYoungGen      total 102912K, used 4704K [0x00000000f5500000, 0x00000000fd480000, 0x0000000100000000)
  eden space 93696K, 0% used [0x00000000f5500000,0x00000000f5500000,0x00000000fb080000)
  from space 9216K, 51% used [0x00000000fcb80000,0x00000000fd018000,0x00000000fd480000)
  to   space 5632K, 0% used [0x00000000fc600000,0x00000000fc600000,0x00000000fcb80000)
 ParOldGen       total 83456K, used 19417K [0x00000000e0000000, 0x00000000e5180000, 0x00000000f5500000)
  object space 83456K, 23% used [0x00000000e0000000,0x00000000e12f6688,0x00000000e5180000)
 PSPermGen       total 25600K, used 25562K [0x00000000d5a00000, 0x00000000d7300000, 0x00000000e0000000)
  object space 25600K, 99% used [0x00000000d5a00000,0x00000000d72f6b00,0x00000000d7300000)

Card table byte_map: [0x00007fbb5cb81000,0x00007fbb5ccd5000] byte_map_base: 0x00007fbb5c4d4000

Polling page: 0x00007fbb601f9000

Code Cache  [0x00007fbb55000000, 0x00007fbb55270000, 0x00007fbb58000000)
 total_blobs=654 nmethods=376 adapters=231 free_code_cache=47755Kb largest_free_block=48837952

Compilation events (10 events):
Event: 34.040 Thread 0x00007fbb580af000  378             java.lang.String::getChars (16 bytes)
Event: 34.041 Thread 0x00007fbb580af000 nmethod 378 0x00007fbb5514dc50 code [0x00007fbb5514dda0, 0x00007fbb5514de78]
Event: 34.432 Thread 0x00007fbb580af000  379             java.lang.String::indexOf (7 bytes)
Event: 34.433 Thread 0x00007fbb580af000 nmethod 379 0x00007fbb5514d8d0 code [0x00007fbb5514da20, 0x00007fbb5514dae8]
Event: 35.708 Thread 0x00007fbb580af000  380             java.util.AbstractCollection::toArray (147 bytes)
Event: 35.712 Thread 0x00007fbb580af000 nmethod 380 0x00007fbb5514ec50 code [0x00007fbb5514ede0, 0x00007fbb5514f2f8]
Event: 35.841 Thread 0x00007fbb580ac000  381             java.util.HashSet::<init> (16 bytes)
Event: 35.842 Thread 0x00007fbb580ac000 nmethod 381 0x00007fbb5514bdd0 code [0x00007fbb5514bf20, 0x00007fbb5514c038]
Event: 36.115 Thread 0x00007fbb580ac000  382             net.sf.robocode.host.security.RobotClassLoader::cleanup (63 bytes)
Event: 36.132 Thread 0x00007fbb580ac000 nmethod 382 0x00007fbb55152850 code [0x00007fbb55152b60, 0x00007fbb551537e0]

GC Heap History (10 events):
Event: 16.485 GC heap after
Heap after GC invocations=5 (full 0):
 PSYoungGen      total 68608K, used 5088K [0x00000000f5500000, 0x00000000fe600000, 0x0000000100000000)
  eden space 63488K, 0% used [0x00000000f5500000,0x00000000f5500000,0x00000000f9300000)
  from space 5120K, 99% used [0x00000000f9300000,0x00000000f97f8020,0x00000000f9800000)
  to   space 10752K, 0% used [0x00000000fdb80000,0x00000000fdb80000,0x00000000fe600000)
 ParOldGen       total 83456K, used 8753K [0x00000000e0000000, 0x00000000e5180000, 0x00000000f5500000)
  object space 83456K, 10% used [0x00000000e0000000,0x00000000e088c598,0x00000000e5180000)
 PSPermGen       total 21504K, used 11437K [0x00000000d5a00000, 0x00000000d6f00000, 0x00000000e0000000)
  object space 21504K, 53% used [0x00000000d5a00000,0x00000000d652b650,0x00000000d6f00000)
}
Event: 22.805 GC heap before
{Heap before GC invocations=6 (full 0):
 PSYoungGen      total 68608K, used 68576K [0x00000000f5500000, 0x00000000fe600000, 0x0000000100000000)
  eden space 63488K, 100% used [0x00000000f5500000,0x00000000f9300000,0x00000000f9300000)
  from space 5120K, 99% used [0x00000000f9300000,0x00000000f97f8020,0x00000000f9800000)
  to   space 10752K, 0% used [0x00000000fdb80000,0x00000000fdb80000,0x00000000fe600000)
 ParOldGen       total 83456K, used 8753K [0x00000000e0000000, 0x00000000e5180000, 0x00000000f5500000)
  object space 83456K, 10% used [0x00000000e0000000,0x00000000e088c598,0x00000000e5180000)
 PSPermGen       total 21504K, used 14097K [0x00000000d5a00000, 0x00000000d6f00000, 0x00000000e0000000)
  object space 21504K, 65% used [0x00000000d5a00000,0x00000000d67c47d0,0x00000000d6f00000)
Event: 22.826 GC heap after
Heap after GC invocations=6 (full 0):
 PSYoungGen      total 69120K, used 7248K [0x00000000f5500000, 0x00000000fe300000, 0x0000000100000000)
  eden space 61440K, 0% used [0x00000000f5500000,0x00000000f5500000,0x00000000f9100000)
  from space 7680K, 94% used [0x00000000fdb80000,0x00000000fe294010,0x00000000fe300000)
  to   space 10240K, 0% used [0x00000000fcf00000,0x00000000fcf00000,0x00000000fd900000)
 ParOldGen       total 83456K, used 8761K [0x00000000e0000000, 0x00000000e5180000, 0x00000000f5500000)
  object space 83456K, 10% used [0x00000000e0000000,0x00000000e088e598,0x00000000e5180000)
 PSPermGen       total 21504K, used 14097K [0x00000000d5a00000, 0x00000000d6f00000, 0x00000000e0000000)
  object space 21504K, 65% used [0x00000000d5a00000,0x00000000d67c47d0,0x00000000d6f00000)
}
Event: 26.306 GC heap before
{Heap before GC invocations=7 (full 0):
 PSYoungGen      total 69120K, used 68688K [0x00000000f5500000, 0x00000000fe300000, 0x0000000100000000)
  eden space 61440K, 100% used [0x00000000f5500000,0x00000000f9100000,0x00000000f9100000)
  from space 7680K, 94% used [0x00000000fdb80000,0x00000000fe294010,0x00000000fe300000)
  to   space 10240K, 0% used [0x00000000fcf00000,0x00000000fcf00000,0x00000000fd900000)
 ParOldGen       total 83456K, used 8761K [0x00000000e0000000, 0x00000000e5180000, 0x00000000f5500000)
  object space 83456K, 10% used [0x00000000e0000000,0x00000000e088e598,0x00000000e5180000)
 PSPermGen       total 21504K, used 16671K [0x00000000d5a00000, 0x00000000d6f00000, 0x00000000e0000000)
  object space 21504K, 77% used [0x00000000d5a00000,0x00000000d6a47c38,0x00000000d6f00000)
Event: 26.346 GC heap after
Heap after GC invocations=7 (full 0):
 PSYoungGen      total 65024K, used 4832K [0x00000000f5500000, 0x00000000fdc00000, 0x0000000100000000)
  eden space 59904K, 0% used [0x00000000f5500000,0x00000000f5500000,0x00000000f8f80000)
  from space 5120K, 94% used [0x00000000fcf00000,0x00000000fd3b8000,0x00000000fd400000)
  to   space 8192K, 0% used [0x00000000fd400000,0x00000000fd400000,0x00000000fdc00000)
 ParOldGen       total 83456K, used 13001K [0x00000000e0000000, 0x00000000e5180000, 0x00000000f5500000)
  object space 83456K, 15% used [0x00000000e0000000,0x00000000e0cb2688,0x00000000e5180000)
 PSPermGen       total 21504K, used 16671K [0x00000000d5a00000, 0x00000000d6f00000, 0x00000000e0000000)
  object space 21504K, 77% used [0x00000000d5a00000,0x00000000d6a47c38,0x00000000d6f00000)
}
Event: 28.810 GC heap before
{Heap before GC invocations=8 (full 0):
 PSYoungGen      total 65024K, used 64736K [0x00000000f5500000, 0x00000000fdc00000, 0x0000000100000000)
  eden space 59904K, 100% used [0x00000000f5500000,0x00000000f8f80000,0x00000000f8f80000)
  from space 5120K, 94% used [0x00000000fcf00000,0x00000000fd3b8000,0x00000000fd400000)
  to   space 8192K, 0% used [0x00000000fd400000,0x00000000fd400000,0x00000000fdc00000)
 ParOldGen       total 83456K, used 13001K [0x00000000e0000000, 0x00000000e5180000, 0x00000000f5500000)
  object space 83456K, 15% used [0x00000000e0000000,0x00000000e0cb2688,0x00000000e5180000)
 PSPermGen       total 21504K, used 19192K [0x00000000d5a00000, 0x00000000d6f00000, 0x00000000e0000000)
  object space 21504K, 89% used [0x00000000d5a00000,0x00000000d6cbe290,0x00000000d6f00000)
Event: 28.827 GC heap after
Heap after GC invocations=8 (full 0):
 PSYoungGen      total 64512K, used 5952K [0x00000000f5500000, 0x00000000fda00000, 0x0000000100000000)
  eden space 58368K, 0% used [0x00000000f5500000,0x00000000f5500000,0x00000000f8e00000)
  from space 6144K, 96% used [0x00000000fd400000,0x00000000fd9d0000,0x00000000fda00000)
  to   space 10240K, 0% used [0x00000000fc600000,0x00000000fc600000,0x00000000fd000000)
 ParOldGen       total 83456K, used 13657K [0x00000000e0000000, 0x00000000e5180000, 0x00000000f5500000)
  object space 83456K, 16% used [0x00000000e0000000,0x00000000e0d56688,0x00000000e5180000)
 PSPermGen       total 21504K, used 19192K [0x00000000d5a00000, 0x00000000d6f00000, 0x00000000e0000000)
  object space 21504K, 89% used [0x00000000d5a00000,0x00000000d6cbe290,0x00000000d6f00000)
}
Event: 31.561 GC heap before
{Heap before GC invocations=9 (full 0):
 PSYoungGen      total 64512K, used 64320K [0x00000000f5500000, 0x00000000fda00000, 0x0000000100000000)
  eden space 58368K, 100% used [0x00000000f5500000,0x00000000f8e00000,0x00000000f8e00000)
  from space 6144K, 96% used [0x00000000fd400000,0x00000000fd9d0000,0x00000000fda00000)
  to   space 10240K, 0% used [0x00000000fc600000,0x00000000fc600000,0x00000000fd000000)
 ParOldGen       total 83456K, used 13657K [0x00000000e0000000, 0x00000000e5180000, 0x00000000f5500000)
  object space 83456K, 16% used [0x00000000e0000000,0x00000000e0d56688,0x00000000e5180000)
 PSPermGen       total 22016K, used 21640K [0x00000000d5a00000, 0x00000000d6f80000, 0x00000000e0000000)
  object space 22016K, 98% used [0x00000000d5a00000,0x00000000d6f222b0,0x00000000d6f80000)
Event: 31.602 GC heap after
Heap after GC invocations=9 (full 0):
 PSYoungGen      total 99328K, used 5568K [0x00000000f5500000, 0x00000000fd480000, 0x0000000100000000)
  eden space 93696K, 0% used [0x00000000f5500000,0x00000000f5500000,0x00000000fb080000)
  from space 5632K, 98% used [0x00000000fc600000,0x00000000fcb70000,0x00000000fcb80000)
  to   space 9216K, 0% used [0x00000000fcb80000,0x00000000fcb80000,0x00000000fd480000)
 ParOldGen       total 83456K, used 15777K [0x00000000e0000000, 0x00000000e5180000, 0x00000000f5500000)
  object space 83456K, 18% used [0x00000000e0000000,0x00000000e0f68688,0x00000000e5180000)
 PSPermGen       total 22016K, used 21640K [0x00000000d5a00000, 0x00000000d6f80000, 0x00000000e0000000)
  object space 22016K, 98% used [0x00000000d5a00000,0x00000000d6f222b0,0x00000000d6f80000)
}
Event: 39.044 GC heap before
{Heap before GC invocations=10 (full 0):
 PSYoungGen      total 99328K, used 99264K [0x00000000f5500000, 0x00000000fd480000, 0x0000000100000000)
  eden space 93696K, 100% used [0x00000000f5500000,0x00000000fb080000,0x00000000fb080000)
  from space 5632K, 98% used [0x00000000fc600000,0x00000000fcb70000,0x00000000fcb80000)
  to   space 9216K, 0% used [0x00000000fcb80000,0x00000000fcb80000,0x00000000fd480000)
 ParOldGen       total 83456K, used 15777K [0x00000000e0000000, 0x00000000e5180000, 0x00000000f5500000)
  object space 83456K, 18% used [0x00000000e0000000,0x00000000e0f68688,0x00000000e5180000)
 PSPermGen       total 25600K, used 25562K [0x00000000d5a00000, 0x00000000d7300000, 0x00000000e0000000)
  object space 25600K, 99% used [0x00000000d5a00000,0x00000000d72f6b00,0x00000000d7300000)

Deoptimization events (10 events):
Event: 14.742 Thread 0x00007fbb582e8800 Uncommon trap: reason=class_check action=maybe_recompile pc=0x00007fbb5509dba0 method=java.util.HashMap.put(Ljava/lang/Object;Ljava/lang/Object;)Ljava/lang/Object; @ 137
Event: 14.754 Thread 0x00007fbb582e8800 Uncommon trap: reason=class_check action=maybe_recompile pc=0x00007fbb5509dba0 method=java.util.HashMap.put(Ljava/lang/Object;Ljava/lang/Object;)Ljava/lang/Object; @ 137
Event: 14.770 Thread 0x00007fbb582e8800 Uncommon trap: reason=unreached action=reinterpret pc=0x00007fbb550a3d70 method=java.util.HashMap.containsKey(Ljava/lang/Object;)Z @ 5
Event: 14.770 Thread 0x00007fbb582e8800 Uncommon trap: reason=bimorphic action=maybe_recompile pc=0x00007fbb550d57e4 method=java.net.URL.<init>(Ljava/net/URL;Ljava/lang/String;Ljava/net/URLStreamHandler;)V @ 504
Event: 14.771 Thread 0x00007fbb582e8800 Uncommon trap: reason=unreached action=reinterpret pc=0x00007fbb5509e7ec method=java.util.HashMap.containsKey(Ljava/lang/Object;)Z @ 5
Event: 14.771 Thread 0x00007fbb582e8800 Uncommon trap: reason=bimorphic action=maybe_recompile pc=0x00007fbb550d57e4 method=java.net.URL.<init>(Ljava/net/URL;Ljava/lang/String;Ljava/net/URLStreamHandler;)V @ 504
Event: 14.817 Thread 0x00007fbb582e8800 Uncommon trap: reason=bimorphic action=maybe_recompile pc=0x00007fbb550d57e4 method=java.net.URL.<init>(Ljava/net/URL;Ljava/lang/String;Ljava/net/URLStreamHandler;)V @ 504
Event: 17.810 Thread 0x00007fbb582e8800 Uncommon trap: reason=null_check action=make_not_entrant pc=0x00007fbb550eb538 method=sun.reflect.Reflection.filterMethods(Ljava/lang/Class;[Ljava/lang/reflect/Method;)[Ljava/lang/reflect/Method; @ 18
Event: 18.214 Thread 0x00007fbb582e8800 Uncommon trap: reason=null_check action=make_not_entrant pc=0x00007fbb550fc658 method=sun.reflect.Reflection.filterMethods(Ljava/lang/Class;[Ljava/lang/reflect/Method;)[Ljava/lang/reflect/Method; @ 18
Event: 35.713 Thread 0x00007fbb582e8800 Uncommon trap: reason=predicate action=maybe_recompile pc=0x00007fbb5514f138 method=java.util.AbstractCollection.toArray([Ljava/lang/Object;)[Ljava/lang/Object; @ 49

Internal exceptions (10 events):
Event: 38.825 Thread 0x00007fbb582e8800 Threw 0x00000000fb047220 at /build/buildd/openjdk-7-7u71-2.5.3/build/openjdk/hotspot/src/share/vm/prims/jvm.cpp:1284
Event: 38.825 Thread 0x00007fbb582e8800 Threw 0x00000000fb047620 at /build/buildd/openjdk-7-7u71-2.5.3/build/openjdk/hotspot/src/share/vm/prims/jvm.cpp:1284
Event: 39.012 Thread 0x00007fbb582e8800 Threw 0x00000000fb0617a0 at /build/buildd/openjdk-7-7u71-2.5.3/build/openjdk/hotspot/src/share/vm/prims/jvm.cpp:1284
Event: 39.012 Thread 0x00007fbb582e8800 Threw 0x00000000fb061bb8 at /build/buildd/openjdk-7-7u71-2.5.3/build/openjdk/hotspot/src/share/vm/prims/jvm.cpp:1284
Event: 39.012 Thread 0x00007fbb582e8800 Threw 0x00000000fb062cc8 at /build/buildd/openjdk-7-7u71-2.5.3/build/openjdk/hotspot/src/share/vm/prims/jvm.cpp:1284
Event: 39.012 Thread 0x00007fbb582e8800 Threw 0x00000000fb0630e0 at /build/buildd/openjdk-7-7u71-2.5.3/build/openjdk/hotspot/src/share/vm/prims/jvm.cpp:1284
Event: 39.025 Thread 0x00007fbb582e8800 Threw 0x00000000fb07cbe8 at /build/buildd/openjdk-7-7u71-2.5.3/build/openjdk/hotspot/src/share/vm/prims/jvm.cpp:1284
Event: 39.025 Thread 0x00007fbb582e8800 Threw 0x00000000fb07cff8 at /build/buildd/openjdk-7-7u71-2.5.3/build/openjdk/hotspot/src/share/vm/prims/jvm.cpp:1284
Event: 39.025 Thread 0x00007fbb582e8800 Threw 0x00000000fb07e0d0 at /build/buildd/openjdk-7-7u71-2.5.3/build/openjdk/hotspot/src/share/vm/prims/jvm.cpp:1284
Event: 39.025 Thread 0x00007fbb582e8800 Threw 0x00000000fb07e4e0 at /build/buildd/openjdk-7-7u71-2.5.3/build/openjdk/hotspot/src/share/vm/prims/jvm.cpp:1284

Events (10 events):
Event: 38.825 loading class 0x00007fbb141475f0 done
Event: 39.012 loading class 0x00007fbb1409eea0
Event: 39.012 loading class 0x00007fbb1409eea0 done
Event: 39.012 loading class 0x00007fbb1409eea0
Event: 39.012 loading class 0x00007fbb1409eea0 done
Event: 39.025 loading class 0x00007fbb14087bd0
Event: 39.025 loading class 0x00007fbb14087bd0 done
Event: 39.025 loading class 0x00007fbb14087bd0
Event: 39.025 loading class 0x00007fbb14087bd0 done
Event: 39.026 Executing VM operation: ParallelGCFailedAllocation


Dynamic libraries:
00400000-00401000 r-xp 00000000 08:05 2511838                            /usr/lib/jvm/java-7-openjdk-amd64/jre/bin/java
00600000-00601000 r--p 00000000 08:05 2511838                            /usr/lib/jvm/java-7-openjdk-amd64/jre/bin/java
00601000-00602000 rw-p 00001000 08:05 2511838                            /usr/lib/jvm/java-7-openjdk-amd64/jre/bin/java
013fb000-0141c000 rw-p 00000000 00:00 0                                  [heap]
d5a00000-d7300000 rw-p 00000000 00:00 0 
d7300000-e0000000 rw-p 00000000 00:00 0 
e0000000-e5180000 rw-p 00000000 00:00 0 
e5180000-f5500000 rw-p 00000000 00:00 0 
f5500000-fd480000 rw-p 00000000 00:00 0 
ffa80000-100000000 rw-p 00000000 00:00 0 
7fbb10000000-7fbb10021000 rw-p 00000000 00:00 0 
7fbb10021000-7fbb14000000 ---p 00000000 00:00 0 
7fbb14000000-7fbb1431c000 rw-p 00000000 00:00 0 
7fbb1431c000-7fbb18000000 ---p 00000000 00:00 0 
7fbb18000000-7fbb18021000 rw-p 00000000 00:00 0 
7fbb18021000-7fbb1c000000 ---p 00000000 00:00 0 
7fbb1c000000-7fbb1c021000 rw-p 00000000 00:00 0 
7fbb1c021000-7fbb20000000 ---p 00000000 00:00 0 
7fbb20c85000-7fbb20c8a000 r-xp 00000000 08:05 2103810                    /lib/x86_64-linux-gnu/libnss_dns-2.19.so
7fbb20c8a000-7fbb20e89000 ---p 00005000 08:05 2103810                    /lib/x86_64-linux-gnu/libnss_dns-2.19.so
7fbb20e89000-7fbb20e8a000 r--p 00004000 08:05 2103810                    /lib/x86_64-linux-gnu/libnss_dns-2.19.so
7fbb20e8a000-7fbb20e8b000 rw-p 00005000 08:05 2103810                    /lib/x86_64-linux-gnu/libnss_dns-2.19.so
7fbb20e8b000-7fbb20e8d000 r-xp 00000000 08:05 2104538                    /lib/x86_64-linux-gnu/libnss_mdns4_minimal.so.2
7fbb20e8d000-7fbb2108c000 ---p 00002000 08:05 2104538                    /lib/x86_64-linux-gnu/libnss_mdns4_minimal.so.2
7fbb2108c000-7fbb2108d000 r--p 00001000 08:05 2104538                    /lib/x86_64-linux-gnu/libnss_mdns4_minimal.so.2
7fbb2108d000-7fbb2108e000 rw-p 00002000 08:05 2104538                    /lib/x86_64-linux-gnu/libnss_mdns4_minimal.so.2
7fbb2108e000-7fbb21091000 ---p 00000000 00:00 0 
7fbb21091000-7fbb2118f000 rw-p 00000000 00:00 0                          [stack:28330]
7fbb2118f000-7fbb21192000 ---p 00000000 00:00 0 
7fbb21192000-7fbb21290000 rw-p 00000000 00:00 0 
7fbb21290000-7fbb212fc000 r-xp 00000000 08:05 2104562                    /lib/x86_64-linux-gnu/libpcre.so.3.13.1
7fbb212fc000-7fbb214fb000 ---p 0006c000 08:05 2104562                    /lib/x86_64-linux-gnu/libpcre.so.3.13.1
7fbb214fb000-7fbb214fc000 r--p 0006b000 08:05 2104562                    /lib/x86_64-linux-gnu/libpcre.so.3.13.1
7fbb214fc000-7fbb214fd000 rw-p 0006c000 08:05 2104562                    /lib/x86_64-linux-gnu/libpcre.so.3.13.1
7fbb214fd000-7fbb2151e000 r-xp 00000000 08:05 2104589                    /lib/x86_64-linux-gnu/libselinux.so.1
7fbb2151e000-7fbb2171d000 ---p 00021000 08:05 2104589                    /lib/x86_64-linux-gnu/libselinux.so.1
7fbb2171d000-7fbb2171e000 r--p 00020000 08:05 2104589                    /lib/x86_64-linux-gnu/libselinux.so.1
7fbb2171e000-7fbb2171f000 rw-p 00021000 08:05 2104589                    /lib/x86_64-linux-gnu/libselinux.so.1
7fbb2171f000-7fbb21721000 rw-p 00000000 00:00 0 
7fbb21721000-7fbb21724000 r-xp 00000000 08:05 2490776                    /usr/lib/x86_64-linux-gnu/libgmodule-2.0.so.0.4200.1
7fbb21724000-7fbb21923000 ---p 00003000 08:05 2490776                    /usr/lib/x86_64-linux-gnu/libgmodule-2.0.so.0.4200.1
7fbb21923000-7fbb21924000 r--p 00002000 08:05 2490776                    /usr/lib/x86_64-linux-gnu/libgmodule-2.0.so.0.4200.1
7fbb21924000-7fbb21925000 rw-p 00003000 08:05 2490776                    /usr/lib/x86_64-linux-gnu/libgmodule-2.0.so.0.4200.1
7fbb21925000-7fbb21a31000 r-xp 00000000 08:05 2103771                    /lib/x86_64-linux-gnu/libglib-2.0.so.0.4200.1
7fbb21a31000-7fbb21c31000 ---p 0010c000 08:05 2103771                    /lib/x86_64-linux-gnu/libglib-2.0.so.0.4200.1
7fbb21c31000-7fbb21c32000 r--p 0010c000 08:05 2103771                    /lib/x86_64-linux-gnu/libglib-2.0.so.0.4200.1
7fbb21c32000-7fbb21c33000 rw-p 0010d000 08:05 2103771                    /lib/x86_64-linux-gnu/libglib-2.0.so.0.4200.1
7fbb21c33000-7fbb21c34000 rw-p 00000000 00:00 0 
7fbb21c34000-7fbb21c84000 r-xp 00000000 08:05 2490755                    /usr/lib/x86_64-linux-gnu/libgobject-2.0.so.0.4200.1
7fbb21c84000-7fbb21e84000 ---p 00050000 08:05 2490755                    /usr/lib/x86_64-linux-gnu/libgobject-2.0.so.0.4200.1
7fbb21e84000-7fbb21e85000 r--p 00050000 08:05 2490755                    /usr/lib/x86_64-linux-gnu/libgobject-2.0.so.0.4200.1
7fbb21e85000-7fbb21e86000 rw-p 00051000 08:05 2490755                    /usr/lib/x86_64-linux-gnu/libgobject-2.0.so.0.4200.1
7fbb21e86000-7fbb21ff7000 r-xp 00000000 08:05 2490773                    /usr/lib/x86_64-linux-gnu/libgio-2.0.so.0.4200.1
7fbb21ff7000-7fbb221f7000 ---p 00171000 08:05 2490773                    /usr/lib/x86_64-linux-gnu/libgio-2.0.so.0.4200.1
7fbb221f7000-7fbb221fb000 r--p 00171000 08:05 2490773                    /usr/lib/x86_64-linux-gnu/libgio-2.0.so.0.4200.1
7fbb221fb000-7fbb221fd000 rw-p 00175000 08:05 2490773                    /usr/lib/x86_64-linux-gnu/libgio-2.0.so.0.4200.1
7fbb221fd000-7fbb221ff000 rw-p 00000000 00:00 0 
7fbb221ff000-7fbb22216000 r-xp 00000000 08:05 2511761                    /usr/lib/jvm/java-7-openjdk-amd64/jre/lib/amd64/libnet.so
7fbb22216000-7fbb22415000 ---p 00017000 08:05 2511761                    /usr/lib/jvm/java-7-openjdk-amd64/jre/lib/amd64/libnet.so
7fbb22415000-7fbb22416000 r--p 00016000 08:05 2511761                    /usr/lib/jvm/java-7-openjdk-amd64/jre/lib/amd64/libnet.so
7fbb22416000-7fbb22417000 rw-p 00017000 08:05 2511761                    /usr/lib/jvm/java-7-openjdk-amd64/jre/lib/amd64/libnet.so
7fbb22417000-7fbb22428000 r-xp 00000000 08:05 2511783                    /usr/lib/jvm/java-7-openjdk-amd64/jre/lib/amd64/libnio.so
7fbb22428000-7fbb22627000 ---p 00011000 08:05 2511783                    /usr/lib/jvm/java-7-openjdk-amd64/jre/lib/amd64/libnio.so
7fbb22627000-7fbb22628000 r--p 00010000 08:05 2511783                    /usr/lib/jvm/java-7-openjdk-amd64/jre/lib/amd64/libnio.so
7fbb22628000-7fbb22629000 rw-p 00011000 08:05 2511783                    /usr/lib/jvm/java-7-openjdk-amd64/jre/lib/amd64/libnio.so
7fbb22629000-7fbb22630000 r-xp 00000000 08:05 2503107                    /usr/lib/x86_64-linux-gnu/libffi.so.6.0.2
7fbb22630000-7fbb2282f000 ---p 00007000 08:05 2503107                    /usr/lib/x86_64-linux-gnu/libffi.so.6.0.2
7fbb2282f000-7fbb22830000 r--p 00006000 08:05 2503107                    /usr/lib/x86_64-linux-gnu/libffi.so.6.0.2
7fbb22830000-7fbb22831000 rw-p 00007000 08:05 2503107                    /usr/lib/x86_64-linux-gnu/libffi.so.6.0.2
7fbb22831000-7fbb22848000 r-xp 00000000 08:05 2103820                    /lib/x86_64-linux-gnu/libresolv-2.19.so
7fbb22848000-7fbb22a48000 ---p 00017000 08:05 2103820                    /lib/x86_64-linux-gnu/libresolv-2.19.so
7fbb22a48000-7fbb22a49000 r--p 00017000 08:05 2103820                    /lib/x86_64-linux-gnu/libresolv-2.19.so
7fbb22a49000-7fbb22a4a000 rw-p 00018000 08:05 2103820                    /lib/x86_64-linux-gnu/libresolv-2.19.so
7fbb22a4a000-7fbb22a4c000 rw-p 00000000 00:00 0 
7fbb22a4c000-7fbb22a4f000 r-xp 00000000 08:05 2104498                    /lib/x86_64-linux-gnu/libkeyutils.so.1.5
7fbb22a4f000-7fbb22c4e000 ---p 00003000 08:05 2104498                    /lib/x86_64-linux-gnu/libkeyutils.so.1.5
7fbb22c4e000-7fbb22c4f000 r--p 00002000 08:05 2104498                    /lib/x86_64-linux-gnu/libkeyutils.so.1.5
7fbb22c4f000-7fbb22c50000 rw-p 00003000 08:05 2104498                    /lib/x86_64-linux-gnu/libkeyutils.so.1.5
7fbb22c50000-7fbb22c75000 r-xp 00000000 08:05 2104574                    /lib/x86_64-linux-gnu/libpng12.so.0.51.0
7fbb22c75000-7fbb22e74000 ---p 00025000 08:05 2104574                    /lib/x86_64-linux-gnu/libpng12.so.0.51.0
7fbb22e74000-7fbb22e75000 r--p 00024000 08:05 2104574                    /lib/x86_64-linux-gnu/libpng12.so.0.51.0
7fbb22e75000-7fbb22e76000 rw-p 00025000 08:05 2104574                    /lib/x86_64-linux-gnu/libpng12.so.0.51.0
7fbb22e76000-7fbb22ebc000 r-xp 00000000 08:05 2103488                    /lib/x86_64-linux-gnu/libdbus-1.so.3.8.7
7fbb22ebc000-7fbb230bb000 ---p 00046000 08:05 2103488                    /lib/x86_64-linux-gnu/libdbus-1.so.3.8.7
7fbb230bb000-7fbb230bd000 r--p 00045000 08:05 2103488                    /lib/x86_64-linux-gnu/libdbus-1.so.3.8.7
7fbb230bd000-7fbb230be000 rw-p 00047000 08:05 2103488                    /lib/x86_64-linux-gnu/libdbus-1.so.3.8.7
7fbb230be000-7fbb2313c000 r-xp 00000000 08:05 2503220                    /usr/lib/x86_64-linux-gnu/libgmp.so.10.2.0
7fbb2313c000-7fbb2333c000 ---p 0007e000 08:05 2503220                    /usr/lib/x86_64-linux-gnu/libgmp.so.10.2.0
7fbb2333c000-7fbb2333d000 r--p 0007e000 08:05 2503220                    /usr/lib/x86_64-linux-gnu/libgmp.so.10.2.0
7fbb2333d000-7fbb2333e000 rw-p 0007f000 08:05 2503220                    /usr/lib/x86_64-linux-gnu/libgmp.so.10.2.0
7fbb2333e000-7fbb2336a000 r-xp 00000000 08:05 2503377                    /usr/lib/x86_64-linux-gnu/libhogweed.so.2.5
7fbb2336a000-7fbb2356a000 ---p 0002c000 08:05 2503377                    /usr/lib/x86_64-linux-gnu/libhogweed.so.2.5
7fbb2356a000-7fbb2356b000 r--p 0002c000 08:05 2503377                    /usr/lib/x86_64-linux-gnu/libhogweed.so.2.5
7fbb2356b000-7fbb2356c000 rw-p 0002d000 08:05 2503377                    /usr/lib/x86_64-linux-gnu/libhogweed.so.2.5
7fbb2356c000-7fbb2359b000 r-xp 00000000 08:05 2503514                    /usr/lib/x86_64-linux-gnu/libnettle.so.4.7
7fbb2359b000-7fbb2379b000 ---p 0002f000 08:05 2503514                    /usr/lib/x86_64-linux-gnu/libnettle.so.4.7
7fbb2379b000-7fbb2379c000 r--p 0002f000 08:05 2503514                    /usr/lib/x86_64-linux-gnu/libnettle.so.4.7
7fbb2379c000-7fbb2379d000 rw-p 00030000 08:05 2503514                    /usr/lib/x86_64-linux-gnu/libnettle.so.4.7
7fbb2379d000-7fbb237ae000 r-xp 00000000 08:05 2503765                    /usr/lib/x86_64-linux-gnu/libtasn1.so.6.3.0
7fbb237ae000-7fbb239ad000 ---p 00011000 08:05 2503765                    /usr/lib/x86_64-linux-gnu/libtasn1.so.6.3.0
7fbb239ad000-7fbb239ae000 r--p 00010000 08:05 2503765                    /usr/lib/x86_64-linux-gnu/libtasn1.so.6.3.0
7fbb239ae000-7fbb239af000 rw-p 00011000 08:05 2503765                    /usr/lib/x86_64-linux-gnu/libtasn1.so.6.3.0
7fbb239af000-7fbb239ea000 r-xp 00000000 08:05 2503564                    /usr/lib/x86_64-linux-gnu/libp11-kit.so.0.0.0
7fbb239ea000-7fbb23be9000 ---p 0003b000 08:05 2503564                    /usr/lib/x86_64-linux-gnu/libp11-kit.so.0.0.0
7fbb23be9000-7fbb23bef000 r--p 0003a000 08:05 2503564                    /usr/lib/x86_64-linux-gnu/libp11-kit.so.0.0.0
7fbb23bef000-7fbb23bf1000 rw-p 00040000 08:05 2503564                    /usr/lib/x86_64-linux-gnu/libp11-kit.so.0.0.0
7fbb23bf1000-7fbb23bfb000 r-xp 00000000 08:05 2503442                    /usr/lib/x86_64-linux-gnu/libkrb5support.so.0.1
7fbb23bfb000-7fbb23dfa000 ---p 0000a000 08:05 2503442                    /usr/lib/x86_64-linux-gnu/libkrb5support.so.0.1
7fbb23dfa000-7fbb23dfb000 r--p 00009000 08:05 2503442                    /usr/lib/x86_64-linux-gnu/libkrb5support.so.0.1
7fbb23dfb000-7fbb23dfc000 rw-p 0000a000 08:05 2503442                    /usr/lib/x86_64-linux-gnu/libkrb5support.so.0.1
7fbb23dfc000-7fbb23dff000 r-xp 00000000 08:05 2104462                    /lib/x86_64-linux-gnu/libcom_err.so.2.1
7fbb23dff000-7fbb23ffe000 ---p 00003000 08:05 2104462                    /lib/x86_64-linux-gnu/libcom_err.so.2.1
7fbb23ffe000-7fbb23fff000 r--p 00002000 08:05 2104462                    /lib/x86_64-linux-gnu/libcom_err.so.2.1
7fbb23fff000-7fbb24000000 rw-p 00003000 08:05 2104462                    /lib/x86_64-linux-gnu/libcom_err.so.2.1
7fbb24000000-7fbb24a45000 rw-p 00000000 00:00 0 
7fbb24a45000-7fbb28000000 ---p 00000000 00:00 0 
7fbb28000000-7fbb28021000 rw-p 00000000 00:00 0 
7fbb28021000-7fbb2c000000 ---p 00000000 00:00 0 
7fbb2c000000-7fbb2c021000 rw-p 00000000 00:00 0 
7fbb2c021000-7fbb30000000 ---p 00000000 00:00 0 
7fbb30000000-7fbb30f39000 rw-p 00000000 00:00 0 
7fbb30f39000-7fbb34000000 ---p 00000000 00:00 0 
7fbb34000000-7fbb34021000 rw-p 00000000 00:00 0 
7fbb34021000-7fbb38000000 ---p 00000000 00:00 0 
7fbb38000000-7fbb38021000 rw-p 00000000 00:00 0 
7fbb38021000-7fbb3c000000 ---p 00000000 00:00 0 
7fbb3c000000-7fbb3c23e000 rw-p 00000000 00:00 0 
7fbb3c23e000-7fbb40000000 ---p 00000000 00:00 0 
7fbb40000000-7fbb40021000 rw-p 00000000 00:00 0 
7fbb40021000-7fbb44000000 ---p 00000000 00:00 0 
7fbb44000000-7fbb44021000 rw-p 00000000 00:00 0 
7fbb44021000-7fbb48000000 ---p 00000000 00:00 0 
7fbb48000000-7fbb48021000 rw-p 00000000 00:00 0 
7fbb48021000-7fbb4c000000 ---p 00000000 00:00 0 
7fbb4c01e000-7fbb4c021000 ---p 00000000 00:00 0 
7fbb4c021000-7fbb4c11f000 rw-p 00000000 00:00 0 
7fbb4c11f000-7fbb4c14c000 r-xp 00000000 08:05 2503436                    /usr/lib/x86_64-linux-gnu/libk5crypto.so.3.1
7fbb4c14c000-7fbb4c34b000 ---p 0002d000 08:05 2503436                    /usr/lib/x86_64-linux-gnu/libk5crypto.so.3.1
7fbb4c34b000-7fbb4c34d000 r--p 0002c000 08:05 2503436                    /usr/lib/x86_64-linux-gnu/libk5crypto.so.3.1
7fbb4c34d000-7fbb4c34e000 rw-p 0002e000 08:05 2503436                    /usr/lib/x86_64-linux-gnu/libk5crypto.so.3.1
7fbb4c34e000-7fbb4c34f000 rw-p 00000000 00:00 0 
7fbb4c34f000-7fbb4c40f000 r-xp 00000000 08:05 2503440                    /usr/lib/x86_64-linux-gnu/libkrb5.so.3.3
7fbb4c40f000-7fbb4c60f000 ---p 000c0000 08:05 2503440                    /usr/lib/x86_64-linux-gnu/libkrb5.so.3.3
7fbb4c60f000-7fbb4c61c000 r--p 000c0000 08:05 2503440                    /usr/lib/x86_64-linux-gnu/libkrb5.so.3.3
7fbb4c61c000-7fbb4c61e000 rw-p 000cd000 08:05 2503440                    /usr/lib/x86_64-linux-gnu/libkrb5.so.3.3
7fbb4c61e000-7fbb4c644000 r-xp 00000000 08:05 2104475                    /lib/x86_64-linux-gnu/libexpat.so.1.6.0
7fbb4c644000-7fbb4c843000 ---p 00026000 08:05 2104475                    /lib/x86_64-linux-gnu/libexpat.so.1.6.0
7fbb4c843000-7fbb4c846000 r--p 00025000 08:05 2104475                    /lib/x86_64-linux-gnu/libexpat.so.1.6.0
7fbb4c846000-7fbb4c847000 rw-p 00028000 08:05 2104475                    /lib/x86_64-linux-gnu/libexpat.so.1.6.0
7fbb4c847000-7fbb4c8e9000 r-xp 00000000 08:05 2503149                    /usr/lib/x86_64-linux-gnu/libfreetype.so.6.11.1
7fbb4c8e9000-7fbb4cae8000 ---p 000a2000 08:05 2503149                    /usr/lib/x86_64-linux-gnu/libfreetype.so.6.11.1
7fbb4cae8000-7fbb4caee000 r--p 000a1000 08:05 2503149                    /usr/lib/x86_64-linux-gnu/libfreetype.so.6.11.1
7fbb4caee000-7fbb4caef000 rw-p 000a7000 08:05 2503149                    /usr/lib/x86_64-linux-gnu/libfreetype.so.6.11.1
7fbb4caef000-7fbb4caff000 r-xp 00000000 08:05 2502911                    /usr/lib/x86_64-linux-gnu/libavahi-client.so.3.2.9
7fbb4caff000-7fbb4ccfe000 ---p 00010000 08:05 2502911                    /usr/lib/x86_64-linux-gnu/libavahi-client.so.3.2.9
7fbb4ccfe000-7fbb4ccff000 r--p 0000f000 08:05 2502911                    /usr/lib/x86_64-linux-gnu/libavahi-client.so.3.2.9
7fbb4ccff000-7fbb4cd00000 rw-p 00010000 08:05 2502911                    /usr/lib/x86_64-linux-gnu/libavahi-client.so.3.2.9
7fbb4cd00000-7fbb4cd0b000 r-xp 00000000 08:05 2502913                    /usr/lib/x86_64-linux-gnu/libavahi-common.so.3.5.3
7fbb4cd0b000-7fbb4cf0a000 ---p 0000b000 08:05 2502913                    /usr/lib/x86_64-linux-gnu/libavahi-common.so.3.5.3
7fbb4cf0a000-7fbb4cf0b000 r--p 0000a000 08:05 2502913                    /usr/lib/x86_64-linux-gnu/libavahi-common.so.3.5.3
7fbb4cf0b000-7fbb4cf0c000 rw-p 0000b000 08:05 2502913                    /usr/lib/x86_64-linux-gnu/libavahi-common.so.3.5.3
7fbb4cf0c000-7fbb4d00b000 r-xp 00000000 08:05 2497998                    /usr/lib/x86_64-linux-gnu/libgnutls-deb0.so.28.30.7
7fbb4d00b000-7fbb4d20a000 ---p 000ff000 08:05 2497998                    /usr/lib/x86_64-linux-gnu/libgnutls-deb0.so.28.30.7
7fbb4d20a000-7fbb4d213000 r--p 000fe000 08:05 2497998                    /usr/lib/x86_64-linux-gnu/libgnutls-deb0.so.28.30.7
7fbb4d213000-7fbb4d215000 rw-p 00107000 08:05 2497998                    /usr/lib/x86_64-linux-gnu/libgnutls-deb0.so.28.30.7
7fbb4d215000-7fbb4d25a000 r-xp 00000000 08:05 2503265                    /usr/lib/x86_64-linux-gnu/libgssapi_krb5.so.2.2
7fbb4d25a000-7fbb4d459000 ---p 00045000 08:05 2503265                    /usr/lib/x86_64-linux-gnu/libgssapi_krb5.so.2.2
7fbb4d459000-7fbb4d45b000 r--p 00044000 08:05 2503265                    /usr/lib/x86_64-linux-gnu/libgssapi_krb5.so.2.2
7fbb4d45b000-7fbb4d45c000 rw-p 00046000 08:05 2503265                    /usr/lib/x86_64-linux-gnu/libgssapi_krb5.so.2.2
7fbb4d45c000-7fbb4d45d000 rw-p 00000000 00:00 0 
7fbb4d45d000-7fbb4d498000 r-xp 00000000 08:05 2503121                    /usr/lib/x86_64-linux-gnu/libfontconfig.so.1.8.0
7fbb4d498000-7fbb4d697000 ---p 0003b000 08:05 2503121                    /usr/lib/x86_64-linux-gnu/libfontconfig.so.1.8.0
7fbb4d697000-7fbb4d699000 r--p 0003a000 08:05 2503121                    /usr/lib/x86_64-linux-gnu/libfontconfig.so.1.8.0
7fbb4d699000-7fbb4d69a000 rw-p 0003c000 08:05 2503121                    /usr/lib/x86_64-linux-gnu/libfontconfig.so.1.8.0
7fbb4d69a000-7fbb4d707000 r-xp 00000000 08:05 2503010                    /usr/lib/x86_64-linux-gnu/libcups.so.2
7fbb4d707000-7fbb4d907000 ---p 0006d000 08:05 2503010                    /usr/lib/x86_64-linux-gnu/libcups.so.2
7fbb4d907000-7fbb4d90e000 r--p 0006d000 08:05 2503010                    /usr/lib/x86_64-linux-gnu/libcups.so.2
7fbb4d90e000-7fbb4d90f000 rw-p 00074000 08:05 2503010                    /usr/lib/x86_64-linux-gnu/libcups.so.2
7fbb4d90f000-7fbb4d916000 r-xp 00000000 08:05 2511776                    /usr/lib/jvm/java-7-openjdk-amd64/jre/lib/amd64/headless/libmawt.so
7fbb4d916000-7fbb4db15000 ---p 00007000 08:05 2511776                    /usr/lib/jvm/java-7-openjdk-amd64/jre/lib/amd64/headless/libmawt.so
7fbb4db15000-7fbb4db16000 r--p 00006000 08:05 2511776                    /usr/lib/jvm/java-7-openjdk-amd64/jre/lib/amd64/headless/libmawt.so
7fbb4db16000-7fbb4db17000 rw-p 00007000 08:05 2511776                    /usr/lib/jvm/java-7-openjdk-amd64/jre/lib/amd64/headless/libmawt.so
7fbb4db17000-7fbb4dbb7000 r-xp 00000000 08:05 2511790                    /usr/lib/jvm/java-7-openjdk-amd64/jre/lib/amd64/libawt.so
7fbb4dbb7000-7fbb4ddb7000 ---p 000a0000 08:05 2511790                    /usr/lib/jvm/java-7-openjdk-amd64/jre/lib/amd64/libawt.so
7fbb4ddb7000-7fbb4ddb8000 r--p 000a0000 08:05 2511790                    /usr/lib/jvm/java-7-openjdk-amd64/jre/lib/amd64/libawt.so
7fbb4ddb8000-7fbb4ddc3000 rw-p 000a1000 08:05 2511790                    /usr/lib/jvm/java-7-openjdk-amd64/jre/lib/amd64/libawt.so
7fbb4ddc3000-7fbb4dde8000 rw-p 00000000 00:00 0 
7fbb4dde8000-7fbb4dde9000 ---p 00000000 00:00 0 
7fbb4dde9000-7fbb4dee9000 rw-p 00000000 00:00 0                          [stack:28230]
7fbb4dee9000-7fbb4deec000 ---p 00000000 00:00 0 
7fbb4deec000-7fbb4dfea000 rw-p 00000000 00:00 0                          [stack:28224]
7fbb4dfea000-7fbb4dfed000 ---p 00000000 00:00 0 
7fbb4dfed000-7fbb4e0eb000 rw-p 00000000 00:00 0                          [stack:28210]
7fbb4e0eb000-7fbb4e0ee000 ---p 00000000 00:00 0 
7fbb4e0ee000-7fbb4e1ec000 rw-p 00000000 00:00 0                          [stack:28197]
7fbb4e1ec000-7fbb4e1ef000 ---p 00000000 00:00 0 
7fbb4e1ef000-7fbb4e2ed000 rw-p 00000000 00:00 0                          [stack:28169]
7fbb4e2ed000-7fbb4e9cf000 r--p 00000000 08:05 2499634                    /usr/lib/locale/locale-archive
7fbb4e9cf000-7fbb4e9d2000 ---p 00000000 00:00 0 
7fbb4e9d2000-7fbb50000000 rw-p 00000000 00:00 0                          [stack:28126]
7fbb50000000-7fbb50021000 rw-p 00000000 00:00 0 
7fbb50021000-7fbb54000000 ---p 00000000 00:00 0 
7fbb54003000-7fbb54034000 rw-p 00000000 00:00 0 
7fbb54053000-7fbb54057000 r--s 00023000 00:26 1447793                    /home/oliver/projects/robocode/libs/robocode.ui.editor-1.9.2.4.jar
7fbb54057000-7fbb5405f000 r--s 0014d000 00:26 1447794                    /home/oliver/projects/robocode/libs/robocode.ui-1.9.2.4.jar
7fbb5405f000-7fbb54061000 r--s 00014000 00:26 1447791                    /home/oliver/projects/robocode/libs/robocode.host-1.9.2.4.jar
7fbb54061000-7fbb54063000 r--s 0000d000 00:26 1447792                    /home/oliver/projects/robocode/libs/robocode.repository-1.9.2.4.jar
7fbb54063000-7fbb5406d000 r--s 00203000 08:05 2511797                    /usr/lib/jvm/java-7-openjdk-amd64/jre/lib/charsets.jar
7fbb5406d000-7fbb54070000 ---p 00000000 00:00 0 
7fbb54070000-7fbb5416e000 rw-p 00000000 00:00 0                          [stack:28124]
7fbb5416e000-7fbb5416f000 ---p 00000000 00:00 0 
7fbb5416f000-7fbb55000000 rw-p 00000000 00:00 0                          [stack:28122]
7fbb55000000-7fbb55270000 rwxp 00000000 00:00 0 
7fbb55270000-7fbb582f8000 rw-p 00000000 00:00 0 
7fbb582f8000-7fbb5c000000 ---p 00000000 00:00 0 
7fbb5c000000-7fbb5c001000 rw-p 00000000 00:00 0 
7fbb5c001000-7fbb5c002000 r--s 00021000 00:26 1447795                    /home/oliver/projects/robocode/libs/robocode.sound-1.9.2.4.jar
7fbb5c002000-7fbb5c006000 r--s 00027000 00:26 1447790                    /home/oliver/projects/robocode/libs/robocode.battle-1.9.2.4.jar
7fbb5c006000-7fbb5c00e000 r--s 00048000 00:26 1447788                    /home/oliver/projects/robocode/libs/picocontainer-2.14.2.jar
7fbb5c00e000-7fbb5c016000 r--s 00059000 00:26 1447789                    /home/oliver/projects/robocode/libs/codesize-1.1.jar
7fbb5c016000-7fbb5c282000 rw-p 00000000 00:00 0 
7fbb5c282000-7fbb5c433000 r--s 01d25000 08:05 2511823                    /usr/lib/jvm/java-7-openjdk-amd64/jre/lib/rt.jar
7fbb5c433000-7fbb5c67f000 rw-p 00000000 00:00 0 
7fbb5c67f000-7fbb5c680000 ---p 00000000 00:00 0 
7fbb5c680000-7fbb5c780000 rw-p 00000000 00:00 0                          [stack:28073]
7fbb5c780000-7fbb5c781000 ---p 00000000 00:00 0 
7fbb5c781000-7fbb5c881000 rw-p 00000000 00:00 0                          [stack:28070]
7fbb5c881000-7fbb5c882000 ---p 00000000 00:00 0 
7fbb5c882000-7fbb5c982000 rw-p 00000000 00:00 0                          [stack:28033]
7fbb5c982000-7fbb5c983000 ---p 00000000 00:00 0 
7fbb5c983000-7fbb5ca90000 rw-p 00000000 00:00 0                          [stack:28022]
7fbb5ca90000-7fbb5cad6000 rw-p 00000000 00:00 0 
7fbb5cad6000-7fbb5caff000 rw-p 00000000 00:00 0 
7fbb5caff000-7fbb5cb81000 rw-p 00000000 00:00 0 
7fbb5cb81000-7fbb5cb8e000 rw-p 00000000 00:00 0 
7fbb5cb8e000-7fbb5cbd4000 rw-p 00000000 00:00 0 
7fbb5cbd4000-7fbb5cbfd000 rw-p 00000000 00:00 0 
7fbb5cbfd000-7fbb5cc7e000 rw-p 00000000 00:00 0 
7fbb5cc7e000-7fbb5ccbf000 rw-p 00000000 00:00 0 
7fbb5ccbf000-7fbb5ccc7000 ---p 00000000 00:00 0 
7fbb5ccc7000-7fbb5ccd4000 rw-p 00000000 00:00 0 
7fbb5ccd4000-7fbb5ccd5000 rw-p 00000000 00:00 0 
7fbb5ccd5000-7fbb5ccdd000 r-xp 00000000 08:05 2511755                    /usr/lib/jvm/java-7-openjdk-amd64/jre/lib/amd64/libzip.so
7fbb5ccdd000-7fbb5cedc000 ---p 00008000 08:05 2511755                    /usr/lib/jvm/java-7-openjdk-amd64/jre/lib/amd64/libzip.so
7fbb5cedc000-7fbb5cedd000 r--p 00007000 08:05 2511755                    /usr/lib/jvm/java-7-openjdk-amd64/jre/lib/amd64/libzip.so
7fbb5cedd000-7fbb5cede000 rw-p 00008000 08:05 2511755                    /usr/lib/jvm/java-7-openjdk-amd64/jre/lib/amd64/libzip.so
7fbb5cede000-7fbb5cee9000 r-xp 00000000 08:05 2103824                    /lib/x86_64-linux-gnu/libnss_files-2.19.so
7fbb5cee9000-7fbb5d0e8000 ---p 0000b000 08:05 2103824                    /lib/x86_64-linux-gnu/libnss_files-2.19.so
7fbb5d0e8000-7fbb5d0e9000 r--p 0000a000 08:05 2103824                    /lib/x86_64-linux-gnu/libnss_files-2.19.so
7fbb5d0e9000-7fbb5d0ea000 rw-p 0000b000 08:05 2103824                    /lib/x86_64-linux-gnu/libnss_files-2.19.so
7fbb5d0ea000-7fbb5d0f5000 r-xp 00000000 08:05 2103816                    /lib/x86_64-linux-gnu/libnss_nis-2.19.so
7fbb5d0f5000-7fbb5d2f4000 ---p 0000b000 08:05 2103816                    /lib/x86_64-linux-gnu/libnss_nis-2.19.so
7fbb5d2f4000-7fbb5d2f5000 r--p 0000a000 08:05 2103816                    /lib/x86_64-linux-gnu/libnss_nis-2.19.so
7fbb5d2f5000-7fbb5d2f6000 rw-p 0000b000 08:05 2103816                    /lib/x86_64-linux-gnu/libnss_nis-2.19.so
7fbb5d2f6000-7fbb5d30d000 r-xp 00000000 08:05 2103807                    /lib/x86_64-linux-gnu/libnsl-2.19.so
7fbb5d30d000-7fbb5d50c000 ---p 00017000 08:05 2103807                    /lib/x86_64-linux-gnu/libnsl-2.19.so
7fbb5d50c000-7fbb5d50d000 r--p 00016000 08:05 2103807                    /lib/x86_64-linux-gnu/libnsl-2.19.so
7fbb5d50d000-7fbb5d50e000 rw-p 00017000 08:05 2103807                    /lib/x86_64-linux-gnu/libnsl-2.19.so
7fbb5d50e000-7fbb5d510000 rw-p 00000000 00:00 0 
7fbb5d510000-7fbb5d519000 r-xp 00000000 08:05 2103812                    /lib/x86_64-linux-gnu/libnss_compat-2.19.so
7fbb5d519000-7fbb5d718000 ---p 00009000 08:05 2103812                    /lib/x86_64-linux-gnu/libnss_compat-2.19.so
7fbb5d718000-7fbb5d719000 r--p 00008000 08:05 2103812                    /lib/x86_64-linux-gnu/libnss_compat-2.19.so
7fbb5d719000-7fbb5d71a000 rw-p 00009000 08:05 2103812                    /lib/x86_64-linux-gnu/libnss_compat-2.19.so
7fbb5d71a000-7fbb5d747000 r-xp 00000000 08:05 2511752                    /usr/lib/jvm/java-7-openjdk-amd64/jre/lib/amd64/libjava.so
7fbb5d747000-7fbb5d946000 ---p 0002d000 08:05 2511752                    /usr/lib/jvm/java-7-openjdk-amd64/jre/lib/amd64/libjava.so
7fbb5d946000-7fbb5d947000 r--p 0002c000 08:05 2511752                    /usr/lib/jvm/java-7-openjdk-amd64/jre/lib/amd64/libjava.so
7fbb5d947000-7fbb5d949000 rw-p 0002d000 08:05 2511752                    /usr/lib/jvm/java-7-openjdk-amd64/jre/lib/amd64/libjava.so
7fbb5d949000-7fbb5d95a000 r-xp 00000000 08:05 2511767                    /usr/lib/jvm/java-7-openjdk-amd64/jre/lib/amd64/libverify.so
7fbb5d95a000-7fbb5db59000 ---p 00011000 08:05 2511767                    /usr/lib/jvm/java-7-openjdk-amd64/jre/lib/amd64/libverify.so
7fbb5db59000-7fbb5db5b000 r--p 00010000 08:05 2511767                    /usr/lib/jvm/java-7-openjdk-amd64/jre/lib/amd64/libverify.so
7fbb5db5b000-7fbb5db5c000 rw-p 00012000 08:05 2511767                    /usr/lib/jvm/java-7-openjdk-amd64/jre/lib/amd64/libverify.so
7fbb5db5c000-7fbb5db63000 r-xp 00000000 08:05 2103815                    /lib/x86_64-linux-gnu/librt-2.19.so
7fbb5db63000-7fbb5dd62000 ---p 00007000 08:05 2103815                    /lib/x86_64-linux-gnu/librt-2.19.so
7fbb5dd62000-7fbb5dd63000 r--p 00006000 08:05 2103815                    /lib/x86_64-linux-gnu/librt-2.19.so
7fbb5dd63000-7fbb5dd64000 rw-p 00007000 08:05 2103815                    /lib/x86_64-linux-gnu/librt-2.19.so
7fbb5dd64000-7fbb5dd7a000 r-xp 00000000 08:05 2104480                    /lib/x86_64-linux-gnu/libgcc_s.so.1
7fbb5dd7a000-7fbb5df79000 ---p 00016000 08:05 2104480                    /lib/x86_64-linux-gnu/libgcc_s.so.1
7fbb5df79000-7fbb5df7a000 r--p 00015000 08:05 2104480                    /lib/x86_64-linux-gnu/libgcc_s.so.1
7fbb5df7a000-7fbb5df7b000 rw-p 00016000 08:05 2104480                    /lib/x86_64-linux-gnu/libgcc_s.so.1
7fbb5df7b000-7fbb5e080000 r-xp 00000000 08:05 2103817                    /lib/x86_64-linux-gnu/libm-2.19.so
7fbb5e080000-7fbb5e27f000 ---p 00105000 08:05 2103817                    /lib/x86_64-linux-gnu/libm-2.19.so
7fbb5e27f000-7fbb5e280000 r--p 00104000 08:05 2103817                    /lib/x86_64-linux-gnu/libm-2.19.so
7fbb5e280000-7fbb5e281000 rw-p 00105000 08:05 2103817                    /lib/x86_64-linux-gnu/libm-2.19.so
7fbb5e281000-7fbb5e371000 r-xp 00000000 08:05 2503759                    /usr/lib/x86_64-linux-gnu/libstdc++.so.6.0.20
7fbb5e371000-7fbb5e571000 ---p 000f0000 08:05 2503759                    /usr/lib/x86_64-linux-gnu/libstdc++.so.6.0.20
7fbb5e571000-7fbb5e579000 r--p 000f0000 08:05 2503759                    /usr/lib/x86_64-linux-gnu/libstdc++.so.6.0.20
7fbb5e579000-7fbb5e57b000 rw-p 000f8000 08:05 2503759                    /usr/lib/x86_64-linux-gnu/libstdc++.so.6.0.20
7fbb5e57b000-7fbb5e590000 rw-p 00000000 00:00 0 
7fbb5e590000-7fbb5f0dd000 r-xp 00000000 08:05 2511781                    /usr/lib/jvm/java-7-openjdk-amd64/jre/lib/amd64/server/libjvm.so
7fbb5f0dd000-7fbb5f2dd000 ---p 00b4d000 08:05 2511781                    /usr/lib/jvm/java-7-openjdk-amd64/jre/lib/amd64/server/libjvm.so
7fbb5f2dd000-7fbb5f37c000 r--p 00b4d000 08:05 2511781                    /usr/lib/jvm/java-7-openjdk-amd64/jre/lib/amd64/server/libjvm.so
7fbb5f37c000-7fbb5f39f000 rw-p 00bec000 08:05 2511781                    /usr/lib/jvm/java-7-openjdk-amd64/jre/lib/amd64/server/libjvm.so
7fbb5f39f000-7fbb5f3cc000 rw-p 00000000 00:00 0 
7fbb5f3cc000-7fbb5f3e4000 r-xp 00000000 08:05 2104624                    /lib/x86_64-linux-gnu/libz.so.1.2.8
7fbb5f3e4000-7fbb5f5e3000 ---p 00018000 08:05 2104624                    /lib/x86_64-linux-gnu/libz.so.1.2.8
7fbb5f5e3000-7fbb5f5e4000 r--p 00017000 08:05 2104624                    /lib/x86_64-linux-gnu/libz.so.1.2.8
7fbb5f5e4000-7fbb5f5e5000 rw-p 00018000 08:05 2104624                    /lib/x86_64-linux-gnu/libz.so.1.2.8
7fbb5f5e5000-7fbb5f5fd000 r-xp 00000000 08:05 2103813                    /lib/x86_64-linux-gnu/libpthread-2.19.so
7fbb5f5fd000-7fbb5f7fd000 ---p 00018000 08:05 2103813                    /lib/x86_64-linux-gnu/libpthread-2.19.so
7fbb5f7fd000-7fbb5f7fe000 r--p 00018000 08:05 2103813                    /lib/x86_64-linux-gnu/libpthread-2.19.so
7fbb5f7fe000-7fbb5f7ff000 rw-p 00019000 08:05 2103813                    /lib/x86_64-linux-gnu/libpthread-2.19.so
7fbb5f7ff000-7fbb5f803000 rw-p 00000000 00:00 0 
7fbb5f803000-7fbb5f806000 r-xp 00000000 08:05 2103923                    /lib/x86_64-linux-gnu/libdl-2.19.so
7fbb5f806000-7fbb5fa05000 ---p 00003000 08:05 2103923                    /lib/x86_64-linux-gnu/libdl-2.19.so
7fbb5fa05000-7fbb5fa06000 r--p 00002000 08:05 2103923                    /lib/x86_64-linux-gnu/libdl-2.19.so
7fbb5fa06000-7fbb5fa07000 rw-p 00003000 08:05 2103923                    /lib/x86_64-linux-gnu/libdl-2.19.so
7fbb5fa07000-7fbb5fbc1000 r-xp 00000000 08:05 2103806                    /lib/x86_64-linux-gnu/libc-2.19.so
7fbb5fbc1000-7fbb5fdc1000 ---p 001ba000 08:05 2103806                    /lib/x86_64-linux-gnu/libc-2.19.so
7fbb5fdc1000-7fbb5fdc5000 r--p 001ba000 08:05 2103806                    /lib/x86_64-linux-gnu/libc-2.19.so
7fbb5fdc5000-7fbb5fdc7000 rw-p 001be000 08:05 2103806                    /lib/x86_64-linux-gnu/libc-2.19.so
7fbb5fdc7000-7fbb5fdcc000 rw-p 00000000 00:00 0 
7fbb5fdcc000-7fbb5fdd9000 r-xp 00000000 08:05 2511787                    /usr/lib/jvm/java-7-openjdk-amd64/jre/lib/amd64/jli/libjli.so
7fbb5fdd9000-7fbb5ffd8000 ---p 0000d000 08:05 2511787                    /usr/lib/jvm/java-7-openjdk-amd64/jre/lib/amd64/jli/libjli.so
7fbb5ffd8000-7fbb5ffd9000 r--p 0000c000 08:05 2511787                    /usr/lib/jvm/java-7-openjdk-amd64/jre/lib/amd64/jli/libjli.so
7fbb5ffd9000-7fbb5ffda000 rw-p 0000d000 08:05 2511787                    /usr/lib/jvm/java-7-openjdk-amd64/jre/lib/amd64/jli/libjli.so
7fbb5ffda000-7fbb5fffd000 r-xp 00000000 08:05 2103819                    /lib/x86_64-linux-gnu/ld-2.19.so
7fbb5fffd000-7fbb5fffe000 r--p 00000000 08:05 142478                     /usr/share/locale-langpack/en_GB/LC_MESSAGES/libc.mo
7fbb5fffe000-7fbb60002000 r--s 0002e000 00:26 1447787                    /home/oliver/projects/robocode/libs/robocode.core-1.9.2.4.jar
7fbb60002000-7fbb60008000 r--s 00026000 00:26 1447785                    /home/oliver/projects/robocode/libs/robocode.jar
7fbb60008000-7fbb6000a000 r--s 00012000 08:05 2511800                    /usr/lib/jvm/java-7-openjdk-amd64/jre/lib/ext/zipfs.jar
7fbb6000a000-7fbb6000e000 r--s 00085000 08:05 2511799                    /usr/lib/jvm/java-7-openjdk-amd64/jre/lib/ext/localedata.jar
7fbb6000e000-7fbb60012000 r--s 00034000 08:05 2511801                    /usr/lib/jvm/java-7-openjdk-amd64/jre/lib/ext/sunjce_provider.jar
7fbb60012000-7fbb60015000 r--s 0000f000 08:05 2511803                    /usr/lib/jvm/java-7-openjdk-amd64/jre/lib/ext/icedtea-sound.jar
7fbb60015000-7fbb6001f000 rw-p 00000000 00:00 0 
7fbb6001f000-7fbb600d5000 rw-p 00000000 00:00 0 
7fbb600d5000-7fbb600d8000 ---p 00000000 00:00 0 
7fbb600d8000-7fbb601db000 rw-p 00000000 00:00 0                          [stack:27999]
7fbb601db000-7fbb601df000 r--s 0003c000 08:05 2511804                    /usr/lib/jvm/java-7-openjdk-amd64/jre/lib/ext/sunpkcs11.jar
7fbb601df000-7fbb601e0000 r--s 00002000 08:05 2511802                    /usr/lib/jvm/java-7-openjdk-amd64/jre/lib/ext/dnsns.jar
7fbb601e0000-7fbb601e2000 r--s 00006000 08:05 2900065                    /usr/share/java/java-atk-wrapper.jar
7fbb601e2000-7fbb601f0000 rw-p 00000000 00:00 0 
7fbb601f0000-7fbb601f8000 rw-s 00000000 08:05 2362182                    /tmp/hsperfdata_oliver/27924
7fbb601f8000-7fbb601f9000 rw-p 00000000 00:00 0 
7fbb601f9000-7fbb601fa000 ---p 00000000 00:00 0 
7fbb601fa000-7fbb601fc000 rw-p 00000000 00:00 0 
7fbb601fc000-7fbb601fd000 r--p 00022000 08:05 2103819                    /lib/x86_64-linux-gnu/ld-2.19.so
7fbb601fd000-7fbb601fe000 rw-p 00023000 08:05 2103819                    /lib/x86_64-linux-gnu/ld-2.19.so
7fbb601fe000-7fbb601ff000 rw-p 00000000 00:00 0 
7fff3838d000-7fff383ae000 rw-p 00000000 00:00 0                          [stack]
7fff383fc000-7fff383fe000 r-xp 00000000 00:00 0                          [vdso]
7fff383fe000-7fff38400000 r--p 00000000 00:00 0                          [vvar]
ffffffffff600000-ffffffffff601000 r-xp 00000000 00:00 0                  [vsyscall]

VM Arguments:
jvm_args: -Djava.awt.headless=true -DROBOTPATH=/home/oliver/projects/robocode/robots/ -Xmx512M -Dsun.io.useCanonCaches=false 
java_command: robocode.Robocode -battle /tmp/tmpZS2ZDE.battle -nodisplay -nosound -results /tmp/tmpEnrLAq
Launcher Type: SUN_STANDARD

Environment Variables:
PATH=/usr/local/sbin:/usr/local/bin:/usr/sbin:/usr/bin:/sbin:/bin:/usr/games:/usr/local/games:/home/oliver/go/bin:/home/oliver/projects/evco/wallace/bin:/home/oliver/.rvm/bin:/home/oliver/.rvm/bin
SHELL=/bin/bash
DISPLAY=:0

Signal Handlers:
SIGSEGV: [libjvm.so+0x981590], sa_mask[0]=0x7ffbfeff, sa_flags=0x10000004
SIGBUS: [libjvm.so+0x981590], sa_mask[0]=0x7ffbfeff, sa_flags=0x10000004
SIGFPE: [libjvm.so+0x7efd60], sa_mask[0]=0x7ffbfeff, sa_flags=0x10000004
SIGPIPE: [libjvm.so+0x7efd60], sa_mask[0]=0x7ffbfeff, sa_flags=0x10000004
SIGXFSZ: [libjvm.so+0x7efd60], sa_mask[0]=0x7ffbfeff, sa_flags=0x10000004
SIGILL: [libjvm.so+0x7efd60], sa_mask[0]=0x7ffbfeff, sa_flags=0x10000004
SIGUSR1: SIG_DFL, sa_mask[0]=0x00000000, sa_flags=0x00000000
SIGUSR2: [libjvm.so+0x7efbe0], sa_mask[0]=0x00000000, sa_flags=0x10000004
SIGHUP: [libjvm.so+0x7efde0], sa_mask[0]=0x7ffbfeff, sa_flags=0x10000004
SIGINT: [libjvm.so+0x7efde0], sa_mask[0]=0x7ffbfeff, sa_flags=0x10000004
SIGTERM: [libjvm.so+0x7efde0], sa_mask[0]=0x7ffbfeff, sa_flags=0x10000004
SIGQUIT: [libjvm.so+0x7efde0], sa_mask[0]=0x7ffbfeff, sa_flags=0x10000004
SIGTRAP: SIG_DFL, sa_mask[0]=0x00000000, sa_flags=0x00000000


---------------  S Y S T E M  ---------------

OS:Ubuntu 14.10 (utopic)
uname:Linux 3.16.0-25-generic #33-Ubuntu SMP Tue Nov 4 12:06:54 UTC 2014 x86_64
libc:glibc 2.19 NPTL 2.19 
rlimit: STACK 8192k, CORE 0k, NPROC 31299, NOFILE 4096, AS infinity
load average:39.19 38.69 37.27

/proc/meminfo:
MemTotal:        8042916 kB
MemFree:          119680 kB
MemAvailable:      53752 kB
Buffers:             388 kB
Cached:            74408 kB
SwapCached:            0 kB
Active:          7586124 kB
Inactive:          67088 kB
Active(anon):    7580336 kB
Inactive(anon):    61192 kB
Active(file):       5788 kB
Inactive(file):     5896 kB
Unevictable:          32 kB
Mlocked:              32 kB
SwapTotal:             0 kB
SwapFree:              0 kB
Dirty:                 4 kB
Writeback:           172 kB
AnonPages:       7579152 kB
Mapped:           100884 kB
Shmem:             62408 kB
Slab:              68632 kB
SReclaimable:      25380 kB
SUnreclaim:        43252 kB
KernelStack:       15792 kB
PageTables:        58204 kB
NFS_Unstable:          0 kB
Bounce:                0 kB
WritebackTmp:          0 kB
CommitLimit:     4021456 kB
Committed_AS:   14689024 kB
VmallocTotal:   34359738367 kB
VmallocUsed:      393032 kB
VmallocChunk:   34359342364 kB
HardwareCorrupted:     0 kB
AnonHugePages:   3323904 kB
HugePages_Total:       0
HugePages_Free:        0
HugePages_Rsvd:        0
HugePages_Surp:        0
Hugepagesize:       2048 kB
DirectMap4k:      163532 kB
DirectMap2M:     3897344 kB
DirectMap1G:     4194304 kB


CPU:total 4 (4 cores per cpu, 1 threads per core) family 6 model 60 stepping 3, cmov, cx8, fxsr, mmx, sse, sse2, sse3, ssse3, sse4.1, sse4.2, popcnt, avx, avx2, aes, erms, tsc, tscinvbit

/proc/cpuinfo:
processor	: 0
vendor_id	: GenuineIntel
cpu family	: 6
model		: 60
model name	: Intel(R) Core(TM) i5-4690K CPU @ 3.50GHz
stepping	: 3
microcode	: 0x17
cpu MHz		: 2501.679
cache size	: 6144 KB
physical id	: 0
siblings	: 4
core id		: 0
cpu cores	: 4
apicid		: 0
initial apicid	: 0
fpu		: yes
fpu_exception	: yes
cpuid level	: 13
wp		: yes
flags		: fpu vme de pse tsc msr pae mce cx8 apic sep mtrr pge mca cmov pat pse36 clflush dts acpi mmx fxsr sse sse2 ss ht tm pbe syscall nx pdpe1gb rdtscp lm constant_tsc arch_perfmon pebs bts rep_good nopl xtopology nonstop_tsc aperfmperf eagerfpu pni pclmulqdq dtes64 monitor ds_cpl vmx est tm2 ssse3 fma cx16 xtpr pdcm pcid sse4_1 sse4_2 x2apic movbe popcnt tsc_deadline_timer aes xsave avx f16c rdrand lahf_lm abm ida arat xsaveopt pln pts dtherm tpr_shadow vnmi flexpriority ept vpid fsgsbase tsc_adjust bmi1 hle avx2 smep bmi2 erms invpcid rtm
bogomips	: 6999.94
clflush size	: 64
cache_alignment	: 64
address sizes	: 39 bits physical, 48 bits virtual
power management:

processor	: 1
vendor_id	: GenuineIntel
cpu family	: 6
model		: 60
model name	: Intel(R) Core(TM) i5-4690K CPU @ 3.50GHz
stepping	: 3
microcode	: 0x17
cpu MHz		: 3340.449
cache size	: 6144 KB
physical id	: 0
siblings	: 4
core id		: 1
cpu cores	: 4
apicid		: 2
initial apicid	: 2
fpu		: yes
fpu_exception	: yes
cpuid level	: 13
wp		: yes
flags		: fpu vme de pse tsc msr pae mce cx8 apic sep mtrr pge mca cmov pat pse36 clflush dts acpi mmx fxsr sse sse2 ss ht tm pbe syscall nx pdpe1gb rdtscp lm constant_tsc arch_perfmon pebs bts rep_good nopl xtopology nonstop_tsc aperfmperf eagerfpu pni pclmulqdq dtes64 monitor ds_cpl vmx est tm2 ssse3 fma cx16 xtpr pdcm pcid sse4_1 sse4_2 x2apic movbe popcnt tsc_deadline_timer aes xsave avx f16c rdrand lahf_lm abm ida arat xsaveopt pln pts dtherm tpr_shadow vnmi flexpriority ept vpid fsgsbase tsc_adjust bmi1 hle avx2 smep bmi2 erms invpcid rtm
bogomips	: 6999.94
clflush size	: 64
cache_alignment	: 64
address sizes	: 39 bits physical, 48 bits virtual
power management:

processor	: 2
vendor_id	: GenuineIntel
cpu family	: 6
model		: 60
model name	: Intel(R) Core(TM) i5-4690K CPU @ 3.50GHz
stepping	: 3
microcode	: 0x17
cpu MHz		: 3368.066
cache size	: 6144 KB
physical id	: 0
siblings	: 4
core id		: 2
cpu cores	: 4
apicid		: 4
initial apicid	: 4
fpu		: yes
fpu_exception	: yes
cpuid level	: 13
wp		: yes
flags		: fpu vme de pse tsc msr pae mce cx8 apic sep mtrr pge mca cmov pat pse36 clflush dts acpi mmx fxsr sse sse2 ss ht tm pbe syscall nx pdpe1gb rdtscp lm constant_tsc arch_perfmon pebs bts rep_good nopl xtopology nonstop_tsc aperfmperf eagerfpu pni pclmulqdq dtes64 monitor ds_cpl vmx est tm2 ssse3 fma cx16 xtpr pdcm pcid sse4_1 sse4_2 x2apic movbe popcnt tsc_deadline_timer aes xsave avx f16c rdrand lahf_lm abm ida arat xsaveopt pln pts dtherm tpr_shadow vnmi flexpriority ept vpid fsgsbase tsc_adjust bmi1 hle avx2 smep bmi2 erms invpcid rtm
bogomips	: 6999.94
clflush size	: 64
cache_alignment	: 64
address sizes	: 39 bits physical, 48 bits virtual
power management:

processor	: 3
vendor_id	: GenuineIntel
cpu family	: 6
model		: 60
model name	: Intel(R) Core(TM) i5-4690K CPU @ 3.50GHz
stepping	: 3
microcode	: 0x17
cpu MHz		: 3700.019
cache size	: 6144 KB
physical id	: 0
siblings	: 4
core id		: 3
cpu cores	: 4
apicid		: 6
initial apicid	: 6
fpu		: yes
fpu_exception	: yes
cpuid level	: 13
wp		: yes
flags		: fpu vme de pse tsc msr pae mce cx8 apic sep mtrr pge mca cmov pat pse36 clflush dts acpi mmx fxsr sse sse2 ss ht tm pbe syscall nx pdpe1gb rdtscp lm constant_tsc arch_perfmon pebs bts rep_good nopl xtopology nonstop_tsc aperfmperf eagerfpu pni pclmulqdq dtes64 monitor ds_cpl vmx est tm2 ssse3 fma cx16 xtpr pdcm pcid sse4_1 sse4_2 x2apic movbe popcnt tsc_deadline_timer aes xsave avx f16c rdrand lahf_lm abm ida arat xsaveopt pln pts dtherm tpr_shadow vnmi flexpriority ept vpid fsgsbase tsc_adjust bmi1 hle avx2 smep bmi2 erms invpcid rtm
bogomips	: 6999.94
clflush size	: 64
cache_alignment	: 64
address sizes	: 39 bits physical, 48 bits virtual
power management:



Memory: 4k page, physical 8042916k(122148k free), swap 0k(0k free)

vm_info: OpenJDK 64-Bit Server VM (24.65-b04) for linux-amd64 JRE (1.7.0_65-b32), built on Oct 22 2014 04:20:25 by "buildd" with gcc 4.9.1

time: Mon Dec  8 11:52:47 2014
elapsed time: 42 seconds

