#
# There is insufficient memory for the Java Runtime Environment to continue.
# Native memory allocation (malloc) failed to allocate 524288 bytes for committing reserved memory.
# Possible reasons:
#   The system is out of physical RAM or swap space
#   In 32 bit mode, the process size limit was hit
# Possible solutions:
#   Reduce memory load on the system
#   Increase physical memory or swap space
#   Check if swap backing store is full
#   Use 64 bit Java on a 64 bit OS
#   Decrease Java heap size (-Xmx/-Xms)
#   Decrease number of Java threads
#   Decrease Java thread stack sizes (-Xss)
#   Set larger code cache with -XX:ReservedCodeCacheSize=
# This output file may be truncated or incomplete.
#
#  Out of Memory Error (os_linux.cpp:2798), pid=24833, tid=140007909234432
#
# JRE version: OpenJDK Runtime Environment (7.0_65-b32) (build 1.7.0_65-b32)
# Java VM: OpenJDK 64-Bit Server VM (24.65-b04 mixed mode linux-amd64 compressed oops)
# Derivative: IcedTea 2.5.3
# Distribution: Ubuntu 14.10, package 7u71-2.5.3-0ubuntu1
# Failed to write core dump. Core dumps have been disabled. To enable core dumping, try "ulimit -c unlimited" before starting Java again
#

---------------  T H R E A D  ---------------

Current thread (0x00007f56342e8800):  JavaThread "Robocode main thread" [_thread_in_vm, id=25148, stack(0x00007f5621a21000,0x00007f5621b22000)]

Stack: [0x00007f5621a21000,0x00007f5621b22000],  sp=0x00007f5621b1edf0,  free space=1015k
Native frames: (J=compiled Java code, j=interpreted, Vv=VM code, C=native code)
V  [libjvm.so+0x980aa6]  VMError::report_and_die()+0x186
V  [libjvm.so+0x48fed2]  report_vm_out_of_memory(char const*, int, unsigned long, char const*)+0x92
V  [libjvm.so+0x7f480b]  os::pd_commit_memory(char*, unsigned long, unsigned long, bool)+0xeb
V  [libjvm.so+0x7eef1e]  os::commit_memory(char*, unsigned long, unsigned long, bool)+0x2e
V  [libjvm.so+0x86100b]  PSVirtualSpace::expand_by(unsigned long)+0x5b
V  [libjvm.so+0x84f80a]  PSOldGen::expand_by(unsigned long) [clone .part.29]+0x2a
V  [libjvm.so+0x84f9c0]  PSOldGen::expand(unsigned long) [clone .part.30]+0xc0
V  [libjvm.so+0x8502af]  PSOldGen::expand_and_allocate(unsigned long)+0x1f
V  [libjvm.so+0x814b78]  ParallelScavengeHeap::permanent_mem_allocate(unsigned long)+0x88
V  [libjvm.so+0x6e77cc]  Klass_vtbl::operator new(unsigned long, KlassHandle&, int, Thread*)+0x4c
V  [libjvm.so+0x5c1bd2]  instanceKlass::allocate_permanent(KlassHandle&, int, Thread*) const+0x22
V  [libjvm.so+0x6e718f]  Klass::base_create_klass_oop(KlassHandle&, int, Klass_vtbl const&, Thread*)+0x3f
V  [libjvm.so+0x6e759f]  Klass::base_create_klass(KlassHandle&, int, Klass_vtbl const&, Thread*)+0xf
V  [libjvm.so+0x5c669f]  instanceKlassKlass::allocate_instance_klass(Symbol*, int, int, int, unsigned int, AccessFlags, ReferenceType, KlassHandle, Thread*)+0x11f
V  [libjvm.so+0x7e73a3]  oopFactory::new_instanceKlass(Symbol*, int, int, int, unsigned int, AccessFlags, ReferenceType, KlassHandle, Thread*)+0x33
V  [libjvm.so+0x405673]  ClassFileParser::parseClassFile(Symbol*, Handle, Handle, KlassHandle, GrowableArray<Handle>*, TempNewSymbol&, bool, Thread*)+0x1873
V  [libjvm.so+0x8f8479]  SystemDictionary::resolve_from_stream(Symbol*, Handle, Handle, ClassFileStream*, bool, Thread*)+0x109
V  [libjvm.so+0x6399e8]  jvm_define_class_common(JNIEnv_*, char const*, _jobject*, signed char const*, int, _jobject*, char const*, unsigned char, Thread*)+0x248
V  [libjvm.so+0x63af3c]  JVM_DefineClassWithSource+0xbc
C  [libjava.so+0xd798]  Java_java_lang_ClassLoader_defineClass1+0x2c8
j  java.lang.ClassLoader.defineClass1(Ljava/lang/String;[BIILjava/security/ProtectionDomain;Ljava/lang/String;)Ljava/lang/Class;+0
j  java.lang.ClassLoader.defineClass(Ljava/lang/String;[BIILjava/security/ProtectionDomain;)Ljava/lang/Class;+30
j  java.lang.ClassLoader.defineClass(Ljava/lang/String;Ljava/nio/ByteBuffer;Ljava/security/ProtectionDomain;)Ljava/lang/Class;+38
J 445 C2 net.sf.robocode.host.security.RobotClassLoader.loadClass(Ljava/lang/String;Z)Ljava/lang/Class; (58 bytes) @ 0x00007f5631170fc8 [0x00007f56311706a0+0x928]
J 596 C2 net.sf.robocode.host.HostManager.getRobotType(Lnet/sf/robocode/repository/IRobotItem;ZZ)Lnet/sf/robocode/repository/RobotType; (14 bytes) @ 0x00007f56311c8834 [0x00007f56311c7580+0x12b4]
J 610 C2 net.sf.robocode.repository.items.RobotItem.update(JZ)V (97 bytes) @ 0x00007f56311eda04 [0x00007f56311ed8c0+0x144]
j  net.sf.robocode.repository.root.ClasspathRoot.updateItems(Z)V+108
j  net.sf.robocode.repository.root.handlers.ClassPathHandler.handleDirectory(Ljava/io/File;Ljava/io/File;Ljava/util/Map;Lnet/sf/robocode/repository/IRepository;Z)V+71
j  net.sf.robocode.repository.root.handlers.ClassPathHandler.visitDirectory(Ljava/io/File;ZLjava/util/Map;Lnet/sf/robocode/repository/IRepository;Z)V+171
j  net.sf.robocode.repository.root.handlers.RootHandler.visitDirectories(Ljava/io/File;ZLjava/util/Map;Lnet/sf/robocode/repository/IRepository;Z)V+47
j  net.sf.robocode.repository.RepositoryManager.update(Ljava/io/File;Ljava/util/Collection;Z)Z+35
j  net.sf.robocode.repository.RepositoryManager.refresh(Z)Z+10
j  net.sf.robocode.repository.RepositoryManager.reload(Z)V+77
j  net.sf.robocode.repository.RepositoryManager.checkDbExists()V+9
j  net.sf.robocode.repository.RepositoryManager.loadSelectedRobots(Ljava/lang/String;)[Lrobocode/control/RobotSpecification;+1
j  net.sf.robocode.battle.BattleManager.startNewBattle(Lnet/sf/robocode/battle/BattleProperties;ZZ)V+13
j  net.sf.robocode.core.RobocodeMain.run()V+318
j  java.lang.Thread.run()V+11
v  ~StubRoutines::call_stub
V  [libjvm.so+0x5fc644]  JavaCalls::call_helper(JavaValue*, methodHandle*, JavaCallArguments*, Thread*)+0x354
V  [libjvm.so+0x5fb36e]  JavaCalls::call_virtual(JavaValue*, Handle, KlassHandle, Symbol*, Symbol*, Thread*)+0x21e
V  [libjvm.so+0x6389df]  thread_entry(JavaThread*, Thread*)+0xdf
V  [libjvm.so+0x92ec48]  JavaThread::thread_main_inner()+0x118
V  [libjvm.so+0x92eed1]  JavaThread::run()+0x231
V  [libjvm.so+0x7f14f2]  java_start(Thread*)+0xf2

Java frames: (J=compiled Java code, j=interpreted, Vv=VM code)
j  java.lang.ClassLoader.defineClass1(Ljava/lang/String;[BIILjava/security/ProtectionDomain;Ljava/lang/String;)Ljava/lang/Class;+0
j  java.lang.ClassLoader.defineClass(Ljava/lang/String;[BIILjava/security/ProtectionDomain;)Ljava/lang/Class;+30
j  java.lang.ClassLoader.defineClass(Ljava/lang/String;Ljava/nio/ByteBuffer;Ljava/security/ProtectionDomain;)Ljava/lang/Class;+38
J 445 C2 net.sf.robocode.host.security.RobotClassLoader.loadClass(Ljava/lang/String;Z)Ljava/lang/Class; (58 bytes) @ 0x00007f5631170fc8 [0x00007f56311706a0+0x928]
J 596 C2 net.sf.robocode.host.HostManager.getRobotType(Lnet/sf/robocode/repository/IRobotItem;ZZ)Lnet/sf/robocode/repository/RobotType; (14 bytes) @ 0x00007f56311c8834 [0x00007f56311c7580+0x12b4]
J 610 C2 net.sf.robocode.repository.items.RobotItem.update(JZ)V (97 bytes) @ 0x00007f56311eda04 [0x00007f56311ed8c0+0x144]
j  net.sf.robocode.repository.root.ClasspathRoot.updateItems(Z)V+108
j  net.sf.robocode.repository.root.handlers.ClassPathHandler.handleDirectory(Ljava/io/File;Ljava/io/File;Ljava/util/Map;Lnet/sf/robocode/repository/IRepository;Z)V+71
j  net.sf.robocode.repository.root.handlers.ClassPathHandler.visitDirectory(Ljava/io/File;ZLjava/util/Map;Lnet/sf/robocode/repository/IRepository;Z)V+171
j  net.sf.robocode.repository.root.handlers.RootHandler.visitDirectories(Ljava/io/File;ZLjava/util/Map;Lnet/sf/robocode/repository/IRepository;Z)V+47
j  net.sf.robocode.repository.RepositoryManager.update(Ljava/io/File;Ljava/util/Collection;Z)Z+35
j  net.sf.robocode.repository.RepositoryManager.refresh(Z)Z+10
j  net.sf.robocode.repository.RepositoryManager.reload(Z)V+77
j  net.sf.robocode.repository.RepositoryManager.checkDbExists()V+9
j  net.sf.robocode.repository.RepositoryManager.loadSelectedRobots(Ljava/lang/String;)[Lrobocode/control/RobotSpecification;+1
j  net.sf.robocode.battle.BattleManager.startNewBattle(Lnet/sf/robocode/battle/BattleProperties;ZZ)V+13
j  net.sf.robocode.core.RobocodeMain.run()V+318
j  java.lang.Thread.run()V+11
v  ~StubRoutines::call_stub

---------------  P R O C E S S  ---------------

Java Threads: ( => current thread )
  0x00007f563400a000 JavaThread "DestroyJavaVM" [_thread_blocked, id=24855, stack(0x00007f563caf0000,0x00007f563cbf1000)]
=>0x00007f56342e8800 JavaThread "Robocode main thread" [_thread_in_vm, id=25148, stack(0x00007f5621a21000,0x00007f5621b22000)]
  0x00007f56340b1000 JavaThread "Service Thread" daemon [_thread_blocked, id=25067, stack(0x00007f562a8ce000,0x00007f562a9cf000)]
  0x00007f56340af000 JavaThread "C2 CompilerThread1" daemon [_thread_blocked, id=25048, stack(0x00007f562a9cf000,0x00007f562aad0000)]
  0x00007f56340ac000 JavaThread "C2 CompilerThread0" daemon [_thread_blocked, id=25043, stack(0x00007f5630015000,0x00007f5630116000)]
  0x00007f56340a9800 JavaThread "Signal Dispatcher" daemon [_thread_blocked, id=25008, stack(0x00007f5630116000,0x00007f5630217000)]
  0x00007f563407c000 JavaThread "Finalizer" daemon [_thread_blocked, id=24951, stack(0x00007f56308f9000,0x00007f56309fa000)]
  0x00007f563407a000 JavaThread "Reference Handler" daemon [_thread_blocked, id=24942, stack(0x00007f56309fa000,0x00007f5630afb000)]

Other Threads:
  0x00007f5634075800 VMThread [stack: 0x00007f5630afb000,0x00007f5630bfc000] [id=24931]
  0x00007f56340bc000 WatcherThread [stack: 0x00007f562a7cd000,0x00007f562a8ce000] [id=25069]

VM state:not at safepoint (normal execution)

VM Mutex/Monitor currently owned by a thread:  ([mutex/lock_event])
[0x00007f5634005fd0] ExpandHeap_lock - owner thread: 0x00007f56342e8800
[0x00007f5634006b50] Heap_lock - owner thread: 0x00007f56342e8800

Heap
 PSYoungGen      total 116736K, used 71646K [0x00000000f5500000, 0x00000000fe300000, 0x0000000100000000)
  eden space 112640K, 60% used [0x00000000f5500000,0x00000000f9757ba8,0x00000000fc300000)
  from space 4096K, 90% used [0x00000000fdf00000,0x00000000fe2a0000,0x00000000fe300000)
  to   space 10752K, 0% used [0x00000000fce00000,0x00000000fce00000,0x00000000fd880000)
 ParOldGen       total 83456K, used 56474K [0x00000000e0000000, 0x00000000e5180000, 0x00000000f5500000)
  object space 83456K, 67% used [0x00000000e0000000,0x00000000e3726858,0x00000000e5180000)
 PSPermGen       total 81920K, used 81919K [0x00000000d5a00000, 0x00000000daa00000, 0x00000000e0000000)
  object space 81920K, 99% used [0x00000000d5a00000,0x00000000da9ffd20,0x00000000daa00000)

Card table byte_map: [0x00007f563959c000,0x00007f56396f0000] byte_map_base: 0x00007f5638eef000

Polling page: 0x00007f563cc14000

Code Cache  [0x00007f5631000000, 0x00007f5631270000, 0x00007f5634000000)
 total_blobs=865 nmethods=587 adapters=231 free_code_cache=47200Kb largest_free_block=48288000

Compilation events (10 events):
Event: 58.495 Thread 0x00007f56340af000  614             java.net.SocketPermission::getMask (877 bytes)
Event: 58.496 Thread 0x00007f56340af000 nmethod 614 0x00007f56311e1190 code [0x00007f56311e12e0, 0x00007f56311e1458]
Event: 58.497 Thread 0x00007f56340af000  615   !         java.net.SocketPermission::init (405 bytes)
Event: 58.507 Thread 0x00007f56340af000 nmethod 615 0x00007f56311e1b10 code [0x00007f56311e1d20, 0x00007f56311e2580]
Event: 58.507 Thread 0x00007f56340af000  616             net.sf.robocode.host.security.RobotClassLoader::getPermissions (16 bytes)
Event: 58.507 Thread 0x00007f56340af000 nmethod 616 0x00007f56311af790 code [0x00007f56311af8c0, 0x00007f56311af918]
Event: 61.292 Thread 0x00007f56340af000  617   !         java.security.SecureClassLoader::getProtectionDomain (114 bytes)
Event: 61.301 Thread 0x00007f56340af000 nmethod 617 0x00007f56311e9850 code [0x00007f56311e9a40, 0x00007f56311ea5d0]
Event: 66.845 Thread 0x00007f56340ac000  618             sun.util.locale.BaseLocale::getLanguage (5 bytes)
Event: 66.845 Thread 0x00007f56340ac000 nmethod 618 0x00007f56311e9650 code [0x00007f56311e9780, 0x00007f56311e97d8]

GC Heap History (10 events):
Event: 42.286 GC heap before
{Heap before GC invocations=14 (full 0):
 PSYoungGen      total 148480K, used 140640K [0x00000000f5500000, 0x0000000100000000, 0x0000000100000000)
  eden space 136192K, 100% used [0x00000000f5500000,0x00000000fda00000,0x00000000fda00000)
  from space 12288K, 36% used [0x00000000fda00000,0x00000000fde58000,0x00000000fe600000)
  to   space 12288K, 0% used [0x00000000ff400000,0x00000000ff400000,0x0000000100000000)
 ParOldGen       total 83456K, used 37458K [0x00000000e0000000, 0x00000000e5180000, 0x00000000f5500000)
  object space 83456K, 44% used [0x00000000e0000000,0x00000000e2494858,0x00000000e5180000)
 PSPermGen       total 53248K, used 53065K [0x00000000d5a00000, 0x00000000d8e00000, 0x00000000e0000000)
  object space 53248K, 99% used [0x00000000d5a00000,0x00000000d8dd27e0,0x00000000d8e00000)
Event: 42.315 GC heap after
Heap after GC invocations=14 (full 0):
 PSYoungGen      total 135680K, used 4384K [0x00000000f5500000, 0x00000000ff880000, 0x0000000100000000)
  eden space 131072K, 0% used [0x00000000f5500000,0x00000000f5500000,0x00000000fd500000)
  from space 4608K, 95% used [0x00000000ff400000,0x00000000ff848000,0x00000000ff880000)
  to   space 11776K, 0% used [0x00000000fe180000,0x00000000fe180000,0x00000000fed00000)
 ParOldGen       total 83456K, used 41490K [0x00000000e0000000, 0x00000000e5180000, 0x00000000f5500000)
  object space 83456K, 49% used [0x00000000e0000000,0x00000000e2884858,0x00000000e5180000)
 PSPermGen       total 53248K, used 53065K [0x00000000d5a00000, 0x00000000d8e00000, 0x00000000e0000000)
  object space 53248K, 99% used [0x00000000d5a00000,0x00000000d8dd27e0,0x00000000d8e00000)
}
Event: 46.669 GC heap before
{Heap before GC invocations=15 (full 0):
 PSYoungGen      total 135680K, used 135456K [0x00000000f5500000, 0x00000000ff880000, 0x0000000100000000)
  eden space 131072K, 100% used [0x00000000f5500000,0x00000000fd500000,0x00000000fd500000)
  from space 4608K, 95% used [0x00000000ff400000,0x00000000ff848000,0x00000000ff880000)
  to   space 11776K, 0% used [0x00000000fe180000,0x00000000fe180000,0x00000000fed00000)
 ParOldGen       total 83456K, used 41490K [0x00000000e0000000, 0x00000000e5180000, 0x00000000f5500000)
  object space 83456K, 49% used [0x00000000e0000000,0x00000000e2884858,0x00000000e5180000)
 PSPermGen       total 59904K, used 59809K [0x00000000d5a00000, 0x00000000d9480000, 0x00000000e0000000)
  object space 59904K, 99% used [0x00000000d5a00000,0x00000000d9468790,0x00000000d9480000)
Event: 46.686 GC heap after
Heap after GC invocations=15 (full 0):
 PSYoungGen      total 130560K, used 4192K [0x00000000f5500000, 0x00000000ff480000, 0x0000000100000000)
  eden space 125952K, 0% used [0x00000000f5500000,0x00000000f5500000,0x00000000fd000000)
  from space 4608K, 90% used [0x00000000fe180000,0x00000000fe598000,0x00000000fe600000)
  to   space 11776K, 0% used [0x00000000fe900000,0x00000000fe900000,0x00000000ff480000)
 ParOldGen       total 83456K, used 45490K [0x00000000e0000000, 0x00000000e5180000, 0x00000000f5500000)
  object space 83456K, 54% used [0x00000000e0000000,0x00000000e2c6c858,0x00000000e5180000)
 PSPermGen       total 59904K, used 59809K [0x00000000d5a00000, 0x00000000d9480000, 0x00000000e0000000)
  object space 59904K, 99% used [0x00000000d5a00000,0x00000000d9468790,0x00000000d9480000)
}
Event: 51.093 GC heap before
{Heap before GC invocations=16 (full 0):
 PSYoungGen      total 130560K, used 130144K [0x00000000f5500000, 0x00000000ff480000, 0x0000000100000000)
  eden space 125952K, 100% used [0x00000000f5500000,0x00000000fd000000,0x00000000fd000000)
  from space 4608K, 90% used [0x00000000fe180000,0x00000000fe598000,0x00000000fe600000)
  to   space 11776K, 0% used [0x00000000fe900000,0x00000000fe900000,0x00000000ff480000)
 ParOldGen       total 83456K, used 45490K [0x00000000e0000000, 0x00000000e5180000, 0x00000000f5500000)
  object space 83456K, 54% used [0x00000000e0000000,0x00000000e2c6c858,0x00000000e5180000)
 PSPermGen       total 66560K, used 66282K [0x00000000d5a00000, 0x00000000d9b00000, 0x00000000e0000000)
  object space 66560K, 99% used [0x00000000d5a00000,0x00000000d9abab98,0x00000000d9b00000)
Event: 51.130 GC heap after
Heap after GC invocations=16 (full 0):
 PSYoungGen      total 125440K, used 4032K [0x00000000f5500000, 0x00000000fed00000, 0x0000000100000000)
  eden space 121344K, 0% used [0x00000000f5500000,0x00000000f5500000,0x00000000fcb80000)
  from space 4096K, 98% used [0x00000000fe900000,0x00000000fecf0000,0x00000000fed00000)
  to   space 11264K, 0% used [0x00000000fd700000,0x00000000fd700000,0x00000000fe200000)
 ParOldGen       total 83456K, used 49314K [0x00000000e0000000, 0x00000000e5180000, 0x00000000f5500000)
  object space 83456K, 59% used [0x00000000e0000000,0x00000000e3028858,0x00000000e5180000)
 PSPermGen       total 66560K, used 66282K [0x00000000d5a00000, 0x00000000d9b00000, 0x00000000e0000000)
  object space 66560K, 99% used [0x00000000d5a00000,0x00000000d9abab98,0x00000000d9b00000)
}
Event: 56.689 GC heap before
{Heap before GC invocations=17 (full 0):
 PSYoungGen      total 125440K, used 125376K [0x00000000f5500000, 0x00000000fed00000, 0x0000000100000000)
  eden space 121344K, 100% used [0x00000000f5500000,0x00000000fcb80000,0x00000000fcb80000)
  from space 4096K, 98% used [0x00000000fe900000,0x00000000fecf0000,0x00000000fed00000)
  to   space 11264K, 0% used [0x00000000fd700000,0x00000000fd700000,0x00000000fe200000)
 ParOldGen       total 83456K, used 49314K [0x00000000e0000000, 0x00000000e5180000, 0x00000000f5500000)
  object space 83456K, 59% used [0x00000000e0000000,0x00000000e3028858,0x00000000e5180000)
 PSPermGen       total 72704K, used 72490K [0x00000000d5a00000, 0x00000000da100000, 0x00000000e0000000)
  object space 72704K, 99% used [0x00000000d5a00000,0x00000000da0cab00,0x00000000da100000)
Event: 56.734 GC heap after
Heap after GC invocations=17 (full 0):
 PSYoungGen      total 120832K, used 3872K [0x00000000f5500000, 0x00000000fe980000, 0x0000000100000000)
  eden space 116736K, 0% used [0x00000000f5500000,0x00000000f5500000,0x00000000fc700000)
  from space 4096K, 94% used [0x00000000fd700000,0x00000000fdac8000,0x00000000fdb00000)
  to   space 10752K, 0% used [0x00000000fdf00000,0x00000000fdf00000,0x00000000fe980000)
 ParOldGen       total 83456K, used 52978K [0x00000000e0000000, 0x00000000e5180000, 0x00000000f5500000)
  object space 83456K, 63% used [0x00000000e0000000,0x00000000e33bc858,0x00000000e5180000)
 PSPermGen       total 72704K, used 72490K [0x00000000d5a00000, 0x00000000da100000, 0x00000000e0000000)
  object space 72704K, 99% used [0x00000000d5a00000,0x00000000da0cab00,0x00000000da100000)
}
Event: 62.599 GC heap before
{Heap before GC invocations=18 (full 0):
 PSYoungGen      total 120832K, used 120608K [0x00000000f5500000, 0x00000000fe980000, 0x0000000100000000)
  eden space 116736K, 100% used [0x00000000f5500000,0x00000000fc700000,0x00000000fc700000)
  from space 4096K, 94% used [0x00000000fd700000,0x00000000fdac8000,0x00000000fdb00000)
  to   space 10752K, 0% used [0x00000000fdf00000,0x00000000fdf00000,0x00000000fe980000)
 ParOldGen       total 83456K, used 52978K [0x00000000e0000000, 0x00000000e5180000, 0x00000000f5500000)
  object space 83456K, 63% used [0x00000000e0000000,0x00000000e33bc858,0x00000000e5180000)
 PSPermGen       total 78848K, used 78498K [0x00000000d5a00000, 0x00000000da700000, 0x00000000e0000000)
  object space 78848K, 99% used [0x00000000d5a00000,0x00000000da6a8a28,0x00000000da700000)
Event: 62.626 GC heap after
Heap after GC invocations=18 (full 0):
 PSYoungGen      total 116736K, used 3712K [0x00000000f5500000, 0x00000000fe300000, 0x0000000100000000)
  eden space 112640K, 0% used [0x00000000f5500000,0x00000000f5500000,0x00000000fc300000)
  from space 4096K, 90% used [0x00000000fdf00000,0x00000000fe2a0000,0x00000000fe300000)
  to   space 10752K, 0% used [0x00000000fce00000,0x00000000fce00000,0x00000000fd880000)
 ParOldGen       total 83456K, used 56474K [0x00000000e0000000, 0x00000000e5180000, 0x00000000f5500000)
  object space 83456K, 67% used [0x00000000e0000000,0x00000000e3726858,0x00000000e5180000)
 PSPermGen       total 78848K, used 78498K [0x00000000d5a00000, 0x00000000da700000, 0x00000000e0000000)
  object space 78848K, 99% used [0x00000000d5a00000,0x00000000da6a8a28,0x00000000da700000)
}

Deoptimization events (10 events):
Event: 14.289 Thread 0x00007f56342e8800 Uncommon trap: reason=bimorphic action=maybe_recompile pc=0x00007f56310e9f4c method=java.net.URL.<init>(Ljava/net/URL;Ljava/lang/String;Ljava/net/URLStreamHandler;)V @ 504
Event: 14.290 Thread 0x00007f56342e8800 Uncommon trap: reason=unreached action=reinterpret pc=0x00007f56310a3dec method=java.util.HashMap.containsKey(Ljava/lang/Object;)Z @ 5
Event: 14.290 Thread 0x00007f56342e8800 Uncommon trap: reason=bimorphic action=maybe_recompile pc=0x00007f56310e9f4c method=java.net.URL.<init>(Ljava/net/URL;Ljava/lang/String;Ljava/net/URLStreamHandler;)V @ 504
Event: 14.347 Thread 0x00007f56342e8800 Uncommon trap: reason=bimorphic action=maybe_recompile pc=0x00007f56310e9f4c method=java.net.URL.<init>(Ljava/net/URL;Ljava/lang/String;Ljava/net/URLStreamHandler;)V @ 504
Event: 15.399 Thread 0x00007f56342e8800 Uncommon trap: reason=null_check action=make_not_entrant pc=0x00007f5631122518 method=sun.reflect.Reflection.filterMethods(Ljava/lang/Class;[Ljava/lang/reflect/Method;)[Ljava/lang/reflect/Method; @ 18
Event: 21.858 Thread 0x00007f56342e8800 Uncommon trap: reason=predicate action=maybe_recompile pc=0x00007f563115e63c method=java.util.AbstractCollection.toArray([Ljava/lang/Object;)[Ljava/lang/Object; @ 49
Event: 23.909 Thread 0x00007f56342e8800 Uncommon trap: reason=array_check action=maybe_recompile pc=0x00007f56311599b0 method=java.util.AbstractCollection.toArray([Ljava/lang/Object;)[Ljava/lang/Object; @ 119
Event: 23.910 Thread 0x00007f56342e8800 Uncommon trap: reason=array_check action=maybe_recompile pc=0x00007f56311599b0 method=java.util.AbstractCollection.toArray([Ljava/lang/Object;)[Ljava/lang/Object; @ 119
Event: 23.911 Thread 0x00007f56342e8800 Uncommon trap: reason=array_check action=maybe_recompile pc=0x00007f56311599b0 method=java.util.AbstractCollection.toArray([Ljava/lang/Object;)[Ljava/lang/Object; @ 119
Event: 23.911 Thread 0x00007f56342e8800 Uncommon trap: reason=array_check action=maybe_recompile pc=0x00007f56311599b0 method=java.util.AbstractCollection.toArray([Ljava/lang/Object;)[Ljava/lang/Object; @ 119

Internal exceptions (10 events):
Event: 3279.525 Thread 0x00007f56342e8800 Threw 0x00000000f95d8098 at /build/buildd/openjdk-7-7u71-2.5.3/build/openjdk/hotspot/src/share/vm/prims/jvm.cpp:1284
Event: 3281.008 Thread 0x00007f56342e8800 Threw 0x00000000f95d84b8 at /build/buildd/openjdk-7-7u71-2.5.3/build/openjdk/hotspot/src/share/vm/prims/jvm.cpp:1284
Event: 3337.292 Thread 0x00007f56342e8800 Threw 0x00000000f95f2f08 at /build/buildd/openjdk-7-7u71-2.5.3/build/openjdk/hotspot/src/share/vm/prims/jvm.cpp:1284
Event: 3339.599 Thread 0x00007f56342e8800 Threw 0x00000000f95f3328 at /build/buildd/openjdk-7-7u71-2.5.3/build/openjdk/hotspot/src/share/vm/prims/jvm.cpp:1284
Event: 3344.741 Thread 0x00007f56342e8800 Threw 0x00000000f95f4458 at /build/buildd/openjdk-7-7u71-2.5.3/build/openjdk/hotspot/src/share/vm/prims/jvm.cpp:1284
Event: 3347.094 Thread 0x00007f56342e8800 Threw 0x00000000f95f4878 at /build/buildd/openjdk-7-7u71-2.5.3/build/openjdk/hotspot/src/share/vm/prims/jvm.cpp:1284
Event: 3405.452 Thread 0x00007f56342e8800 Threw 0x00000000f9612740 at /build/buildd/openjdk-7-7u71-2.5.3/build/openjdk/hotspot/src/share/vm/prims/jvm.cpp:1284
Event: 3407.979 Thread 0x00007f56342e8800 Threw 0x00000000f9612b60 at /build/buildd/openjdk-7-7u71-2.5.3/build/openjdk/hotspot/src/share/vm/prims/jvm.cpp:1284
Event: 3413.157 Thread 0x00007f56342e8800 Threw 0x00000000f9613c90 at /build/buildd/openjdk-7-7u71-2.5.3/build/openjdk/hotspot/src/share/vm/prims/jvm.cpp:1284
Event: 3415.594 Thread 0x00007f56342e8800 Threw 0x00000000f96140b0 at /build/buildd/openjdk-7-7u71-2.5.3/build/openjdk/hotspot/src/share/vm/prims/jvm.cpp:1284

Events (10 events):
Event: 3276.823 loading class 0x00007f55f02deba0
Event: 3277.288 loading class 0x00007f55f02deba0 done
Event: 3333.658 loading class 0x00007f55f0370350
Event: 3334.554 loading class 0x00007f55f0370350 done
Event: 3340.937 loading class 0x00007f55f0370350
Event: 3341.386 loading class 0x00007f55f0370350 done
Event: 3401.518 loading class 0x00007f55f00b2ed0
Event: 3401.995 loading class 0x00007f55f00b2ed0 done
Event: 3409.884 loading class 0x00007f55f00b2ed0
Event: 3410.294 loading class 0x00007f55f00b2ed0 done


Dynamic libraries:
00400000-00401000 r-xp 00000000 08:05 2511838                            /usr/lib/jvm/java-7-openjdk-amd64/jre/bin/java
00600000-00601000 r--p 00000000 08:05 2511838                            /usr/lib/jvm/java-7-openjdk-amd64/jre/bin/java
00601000-00602000 rw-p 00001000 08:05 2511838                            /usr/lib/jvm/java-7-openjdk-amd64/jre/bin/java
02365000-02386000 rw-p 00000000 00:00 0                                  [heap]
d5a00000-daa00000 rw-p 00000000 00:00 0 
daa80000-e0000000 rw-p 00000000 00:00 0 
e0000000-e5180000 rw-p 00000000 00:00 0 
e5180000-f5500000 rw-p 00000000 00:00 0 
f5500000-fe300000 rw-p 00000000 00:00 0 
fe300000-100000000 ---p 00000000 00:00 0 
7f55ec000000-7f55ec021000 rw-p 00000000 00:00 0 
7f55ec021000-7f55f0000000 ---p 00000000 00:00 0 
7f55f0000000-7f55f1024000 rw-p 00000000 00:00 0 
7f55f1024000-7f55f4000000 ---p 00000000 00:00 0 
7f55f4000000-7f55f4021000 rw-p 00000000 00:00 0 
7f55f4021000-7f55f8000000 ---p 00000000 00:00 0 
7f55f8000000-7f55f8021000 rw-p 00000000 00:00 0 
7f55f8021000-7f55fc000000 ---p 00000000 00:00 0 
7f55fc000000-7f55fc9fc000 rw-p 00000000 00:00 0 
7f55fc9fc000-7f5600000000 ---p 00000000 00:00 0 
7f5600000000-7f5600021000 rw-p 00000000 00:00 0 
7f5600021000-7f5604000000 ---p 00000000 00:00 0 
7f5604000000-7f5604021000 rw-p 00000000 00:00 0 
7f5604021000-7f5608000000 ---p 00000000 00:00 0 
7f5608000000-7f5608aa3000 rw-p 00000000 00:00 0 
7f5608aa3000-7f560c000000 ---p 00000000 00:00 0 
7f560c000000-7f560c021000 rw-p 00000000 00:00 0 
7f560c021000-7f5610000000 ---p 00000000 00:00 0 
7f5610000000-7f5610021000 rw-p 00000000 00:00 0 
7f5610021000-7f5614000000 ---p 00000000 00:00 0 
7f5614000000-7f5614021000 rw-p 00000000 00:00 0 
7f5614021000-7f5618000000 ---p 00000000 00:00 0 
7f5618000000-7f5618021000 rw-p 00000000 00:00 0 
7f5618021000-7f561c000000 ---p 00000000 00:00 0 
7f561c000000-7f561c021000 rw-p 00000000 00:00 0 
7f561c021000-7f5620000000 ---p 00000000 00:00 0 
7f5621618000-7f562161d000 r-xp 00000000 08:05 2103810                    /lib/x86_64-linux-gnu/libnss_dns-2.19.so
7f562161d000-7f562181c000 ---p 00005000 08:05 2103810                    /lib/x86_64-linux-gnu/libnss_dns-2.19.so
7f562181c000-7f562181d000 r--p 00004000 08:05 2103810                    /lib/x86_64-linux-gnu/libnss_dns-2.19.so
7f562181d000-7f562181e000 rw-p 00005000 08:05 2103810                    /lib/x86_64-linux-gnu/libnss_dns-2.19.so
7f562181e000-7f5621820000 r-xp 00000000 08:05 2104538                    /lib/x86_64-linux-gnu/libnss_mdns4_minimal.so.2
7f5621820000-7f5621a1f000 ---p 00002000 08:05 2104538                    /lib/x86_64-linux-gnu/libnss_mdns4_minimal.so.2
7f5621a1f000-7f5621a20000 r--p 00001000 08:05 2104538                    /lib/x86_64-linux-gnu/libnss_mdns4_minimal.so.2
7f5621a20000-7f5621a21000 rw-p 00002000 08:05 2104538                    /lib/x86_64-linux-gnu/libnss_mdns4_minimal.so.2
7f5621a21000-7f5621a24000 ---p 00000000 00:00 0 
7f5621a24000-7f5621b22000 rw-p 00000000 00:00 0                          [stack:25148]
7f5621b22000-7f5621b25000 ---p 00000000 00:00 0 
7f5621b25000-7f5621c23000 rw-p 00000000 00:00 0 
7f5621c23000-7f5621c26000 ---p 00000000 00:00 0 
7f5621c26000-7f5621d24000 rw-p 00000000 00:00 0 
7f5621d24000-7f5621d90000 r-xp 00000000 08:05 2104562                    /lib/x86_64-linux-gnu/libpcre.so.3.13.1
7f5621d90000-7f5621f8f000 ---p 0006c000 08:05 2104562                    /lib/x86_64-linux-gnu/libpcre.so.3.13.1
7f5621f8f000-7f5621f90000 r--p 0006b000 08:05 2104562                    /lib/x86_64-linux-gnu/libpcre.so.3.13.1
7f5621f90000-7f5621f91000 rw-p 0006c000 08:05 2104562                    /lib/x86_64-linux-gnu/libpcre.so.3.13.1
7f5621f91000-7f5621fb2000 r-xp 00000000 08:05 2104589                    /lib/x86_64-linux-gnu/libselinux.so.1
7f5621fb2000-7f56221b1000 ---p 00021000 08:05 2104589                    /lib/x86_64-linux-gnu/libselinux.so.1
7f56221b1000-7f56221b2000 r--p 00020000 08:05 2104589                    /lib/x86_64-linux-gnu/libselinux.so.1
7f56221b2000-7f56221b3000 rw-p 00021000 08:05 2104589                    /lib/x86_64-linux-gnu/libselinux.so.1
7f56221b3000-7f56221b5000 rw-p 00000000 00:00 0 
7f56221b5000-7f56221b8000 r-xp 00000000 08:05 2490776                    /usr/lib/x86_64-linux-gnu/libgmodule-2.0.so.0.4200.1
7f56221b8000-7f56223b7000 ---p 00003000 08:05 2490776                    /usr/lib/x86_64-linux-gnu/libgmodule-2.0.so.0.4200.1
7f56223b7000-7f56223b8000 r--p 00002000 08:05 2490776                    /usr/lib/x86_64-linux-gnu/libgmodule-2.0.so.0.4200.1
7f56223b8000-7f56223b9000 rw-p 00003000 08:05 2490776                    /usr/lib/x86_64-linux-gnu/libgmodule-2.0.so.0.4200.1
7f56223b9000-7f56224c5000 r-xp 00000000 08:05 2103771                    /lib/x86_64-linux-gnu/libglib-2.0.so.0.4200.1
7f56224c5000-7f56226c5000 ---p 0010c000 08:05 2103771                    /lib/x86_64-linux-gnu/libglib-2.0.so.0.4200.1
7f56226c5000-7f56226c6000 r--p 0010c000 08:05 2103771                    /lib/x86_64-linux-gnu/libglib-2.0.so.0.4200.1
7f56226c6000-7f56226c7000 rw-p 0010d000 08:05 2103771                    /lib/x86_64-linux-gnu/libglib-2.0.so.0.4200.1
7f56226c7000-7f56226c8000 rw-p 00000000 00:00 0 
7f56226c8000-7f5622718000 r-xp 00000000 08:05 2490755                    /usr/lib/x86_64-linux-gnu/libgobject-2.0.so.0.4200.1
7f5622718000-7f5622918000 ---p 00050000 08:05 2490755                    /usr/lib/x86_64-linux-gnu/libgobject-2.0.so.0.4200.1
7f5622918000-7f5622919000 r--p 00050000 08:05 2490755                    /usr/lib/x86_64-linux-gnu/libgobject-2.0.so.0.4200.1
7f5622919000-7f562291a000 rw-p 00051000 08:05 2490755                    /usr/lib/x86_64-linux-gnu/libgobject-2.0.so.0.4200.1
7f562291a000-7f5622a8b000 r-xp 00000000 08:05 2490773                    /usr/lib/x86_64-linux-gnu/libgio-2.0.so.0.4200.1
7f5622a8b000-7f5622c8b000 ---p 00171000 08:05 2490773                    /usr/lib/x86_64-linux-gnu/libgio-2.0.so.0.4200.1
7f5622c8b000-7f5622c8f000 r--p 00171000 08:05 2490773                    /usr/lib/x86_64-linux-gnu/libgio-2.0.so.0.4200.1
7f5622c8f000-7f5622c91000 rw-p 00175000 08:05 2490773                    /usr/lib/x86_64-linux-gnu/libgio-2.0.so.0.4200.1
7f5622c91000-7f5622c93000 rw-p 00000000 00:00 0 
7f5622c93000-7f5622caa000 r-xp 00000000 08:05 2511761                    /usr/lib/jvm/java-7-openjdk-amd64/jre/lib/amd64/libnet.so
7f5622caa000-7f5622ea9000 ---p 00017000 08:05 2511761                    /usr/lib/jvm/java-7-openjdk-amd64/jre/lib/amd64/libnet.so
7f5622ea9000-7f5622eaa000 r--p 00016000 08:05 2511761                    /usr/lib/jvm/java-7-openjdk-amd64/jre/lib/amd64/libnet.so
7f5622eaa000-7f5622eab000 rw-p 00017000 08:05 2511761                    /usr/lib/jvm/java-7-openjdk-amd64/jre/lib/amd64/libnet.so
7f5622eab000-7f5622ebc000 r-xp 00000000 08:05 2511783                    /usr/lib/jvm/java-7-openjdk-amd64/jre/lib/amd64/libnio.so
7f5622ebc000-7f56230bb000 ---p 00011000 08:05 2511783                    /usr/lib/jvm/java-7-openjdk-amd64/jre/lib/amd64/libnio.so
7f56230bb000-7f56230bc000 r--p 00010000 08:05 2511783                    /usr/lib/jvm/java-7-openjdk-amd64/jre/lib/amd64/libnio.so
7f56230bc000-7f56230bd000 rw-p 00011000 08:05 2511783                    /usr/lib/jvm/java-7-openjdk-amd64/jre/lib/amd64/libnio.so
7f56230bd000-7f56230c4000 r-xp 00000000 08:05 2503107                    /usr/lib/x86_64-linux-gnu/libffi.so.6.0.2
7f56230c4000-7f56232c3000 ---p 00007000 08:05 2503107                    /usr/lib/x86_64-linux-gnu/libffi.so.6.0.2
7f56232c3000-7f56232c4000 r--p 00006000 08:05 2503107                    /usr/lib/x86_64-linux-gnu/libffi.so.6.0.2
7f56232c4000-7f56232c5000 rw-p 00007000 08:05 2503107                    /usr/lib/x86_64-linux-gnu/libffi.so.6.0.2
7f56232c5000-7f56232dc000 r-xp 00000000 08:05 2103820                    /lib/x86_64-linux-gnu/libresolv-2.19.so
7f56232dc000-7f56234dc000 ---p 00017000 08:05 2103820                    /lib/x86_64-linux-gnu/libresolv-2.19.so
7f56234dc000-7f56234dd000 r--p 00017000 08:05 2103820                    /lib/x86_64-linux-gnu/libresolv-2.19.so
7f56234dd000-7f56234de000 rw-p 00018000 08:05 2103820                    /lib/x86_64-linux-gnu/libresolv-2.19.so
7f56234de000-7f56234e0000 rw-p 00000000 00:00 0 
7f56234e0000-7f56234e3000 r-xp 00000000 08:05 2104498                    /lib/x86_64-linux-gnu/libkeyutils.so.1.5
7f56234e3000-7f56236e2000 ---p 00003000 08:05 2104498                    /lib/x86_64-linux-gnu/libkeyutils.so.1.5
7f56236e2000-7f56236e3000 r--p 00002000 08:05 2104498                    /lib/x86_64-linux-gnu/libkeyutils.so.1.5
7f56236e3000-7f56236e4000 rw-p 00003000 08:05 2104498                    /lib/x86_64-linux-gnu/libkeyutils.so.1.5
7f56236e4000-7f5623709000 r-xp 00000000 08:05 2104574                    /lib/x86_64-linux-gnu/libpng12.so.0.51.0
7f5623709000-7f5623908000 ---p 00025000 08:05 2104574                    /lib/x86_64-linux-gnu/libpng12.so.0.51.0
7f5623908000-7f5623909000 r--p 00024000 08:05 2104574                    /lib/x86_64-linux-gnu/libpng12.so.0.51.0
7f5623909000-7f562390a000 rw-p 00025000 08:05 2104574                    /lib/x86_64-linux-gnu/libpng12.so.0.51.0
7f562390a000-7f5623950000 r-xp 00000000 08:05 2103488                    /lib/x86_64-linux-gnu/libdbus-1.so.3.8.7
7f5623950000-7f5623b4f000 ---p 00046000 08:05 2103488                    /lib/x86_64-linux-gnu/libdbus-1.so.3.8.7
7f5623b4f000-7f5623b51000 r--p 00045000 08:05 2103488                    /lib/x86_64-linux-gnu/libdbus-1.so.3.8.7
7f5623b51000-7f5623b52000 rw-p 00047000 08:05 2103488                    /lib/x86_64-linux-gnu/libdbus-1.so.3.8.7
7f5623b52000-7f5623bd0000 r-xp 00000000 08:05 2503220                    /usr/lib/x86_64-linux-gnu/libgmp.so.10.2.0
7f5623bd0000-7f5623dd0000 ---p 0007e000 08:05 2503220                    /usr/lib/x86_64-linux-gnu/libgmp.so.10.2.0
7f5623dd0000-7f5623dd1000 r--p 0007e000 08:05 2503220                    /usr/lib/x86_64-linux-gnu/libgmp.so.10.2.0
7f5623dd1000-7f5623dd2000 rw-p 0007f000 08:05 2503220                    /usr/lib/x86_64-linux-gnu/libgmp.so.10.2.0
7f5623dd2000-7f5623dfe000 r-xp 00000000 08:05 2503377                    /usr/lib/x86_64-linux-gnu/libhogweed.so.2.5
7f5623dfe000-7f5623ffe000 ---p 0002c000 08:05 2503377                    /usr/lib/x86_64-linux-gnu/libhogweed.so.2.5
7f5623ffe000-7f5623fff000 r--p 0002c000 08:05 2503377                    /usr/lib/x86_64-linux-gnu/libhogweed.so.2.5
7f5623fff000-7f5624000000 rw-p 0002d000 08:05 2503377                    /usr/lib/x86_64-linux-gnu/libhogweed.so.2.5
7f5624000000-7f5624021000 rw-p 00000000 00:00 0 
7f5624021000-7f5628000000 ---p 00000000 00:00 0 
7f5628070000-7f562809f000 r-xp 00000000 08:05 2503514                    /usr/lib/x86_64-linux-gnu/libnettle.so.4.7
7f562809f000-7f562829f000 ---p 0002f000 08:05 2503514                    /usr/lib/x86_64-linux-gnu/libnettle.so.4.7
7f562829f000-7f56282a0000 r--p 0002f000 08:05 2503514                    /usr/lib/x86_64-linux-gnu/libnettle.so.4.7
7f56282a0000-7f56282a1000 rw-p 00030000 08:05 2503514                    /usr/lib/x86_64-linux-gnu/libnettle.so.4.7
7f56282a1000-7f56282b2000 r-xp 00000000 08:05 2503765                    /usr/lib/x86_64-linux-gnu/libtasn1.so.6.3.0
7f56282b2000-7f56284b1000 ---p 00011000 08:05 2503765                    /usr/lib/x86_64-linux-gnu/libtasn1.so.6.3.0
7f56284b1000-7f56284b2000 r--p 00010000 08:05 2503765                    /usr/lib/x86_64-linux-gnu/libtasn1.so.6.3.0
7f56284b2000-7f56284b3000 rw-p 00011000 08:05 2503765                    /usr/lib/x86_64-linux-gnu/libtasn1.so.6.3.0
7f56284b3000-7f56284ee000 r-xp 00000000 08:05 2503564                    /usr/lib/x86_64-linux-gnu/libp11-kit.so.0.0.0
7f56284ee000-7f56286ed000 ---p 0003b000 08:05 2503564                    /usr/lib/x86_64-linux-gnu/libp11-kit.so.0.0.0
7f56286ed000-7f56286f3000 r--p 0003a000 08:05 2503564                    /usr/lib/x86_64-linux-gnu/libp11-kit.so.0.0.0
7f56286f3000-7f56286f5000 rw-p 00040000 08:05 2503564                    /usr/lib/x86_64-linux-gnu/libp11-kit.so.0.0.0
7f56286f5000-7f56286ff000 r-xp 00000000 08:05 2503442                    /usr/lib/x86_64-linux-gnu/libkrb5support.so.0.1
7f56286ff000-7f56288fe000 ---p 0000a000 08:05 2503442                    /usr/lib/x86_64-linux-gnu/libkrb5support.so.0.1
7f56288fe000-7f56288ff000 r--p 00009000 08:05 2503442                    /usr/lib/x86_64-linux-gnu/libkrb5support.so.0.1
7f56288ff000-7f5628900000 rw-p 0000a000 08:05 2503442                    /usr/lib/x86_64-linux-gnu/libkrb5support.so.0.1
7f5628900000-7f5628903000 r-xp 00000000 08:05 2104462                    /lib/x86_64-linux-gnu/libcom_err.so.2.1
7f5628903000-7f5628b02000 ---p 00003000 08:05 2104462                    /lib/x86_64-linux-gnu/libcom_err.so.2.1
7f5628b02000-7f5628b03000 r--p 00002000 08:05 2104462                    /lib/x86_64-linux-gnu/libcom_err.so.2.1
7f5628b03000-7f5628b04000 rw-p 00003000 08:05 2104462                    /lib/x86_64-linux-gnu/libcom_err.so.2.1
7f5628b04000-7f5628b31000 r-xp 00000000 08:05 2503436                    /usr/lib/x86_64-linux-gnu/libk5crypto.so.3.1
7f5628b31000-7f5628d30000 ---p 0002d000 08:05 2503436                    /usr/lib/x86_64-linux-gnu/libk5crypto.so.3.1
7f5628d30000-7f5628d32000 r--p 0002c000 08:05 2503436                    /usr/lib/x86_64-linux-gnu/libk5crypto.so.3.1
7f5628d32000-7f5628d33000 rw-p 0002e000 08:05 2503436                    /usr/lib/x86_64-linux-gnu/libk5crypto.so.3.1
7f5628d33000-7f5628d34000 rw-p 00000000 00:00 0 
7f5628d34000-7f5628df4000 r-xp 00000000 08:05 2503440                    /usr/lib/x86_64-linux-gnu/libkrb5.so.3.3
7f5628df4000-7f5628ff4000 ---p 000c0000 08:05 2503440                    /usr/lib/x86_64-linux-gnu/libkrb5.so.3.3
7f5628ff4000-7f5629001000 r--p 000c0000 08:05 2503440                    /usr/lib/x86_64-linux-gnu/libkrb5.so.3.3
7f5629001000-7f5629003000 rw-p 000cd000 08:05 2503440                    /usr/lib/x86_64-linux-gnu/libkrb5.so.3.3
7f5629003000-7f5629029000 r-xp 00000000 08:05 2104475                    /lib/x86_64-linux-gnu/libexpat.so.1.6.0
7f5629029000-7f5629228000 ---p 00026000 08:05 2104475                    /lib/x86_64-linux-gnu/libexpat.so.1.6.0
7f5629228000-7f562922b000 r--p 00025000 08:05 2104475                    /lib/x86_64-linux-gnu/libexpat.so.1.6.0
7f562922b000-7f562922c000 rw-p 00028000 08:05 2104475                    /lib/x86_64-linux-gnu/libexpat.so.1.6.0
7f562922c000-7f56292ce000 r-xp 00000000 08:05 2503149                    /usr/lib/x86_64-linux-gnu/libfreetype.so.6.11.1
7f56292ce000-7f56294cd000 ---p 000a2000 08:05 2503149                    /usr/lib/x86_64-linux-gnu/libfreetype.so.6.11.1
7f56294cd000-7f56294d3000 r--p 000a1000 08:05 2503149                    /usr/lib/x86_64-linux-gnu/libfreetype.so.6.11.1
7f56294d3000-7f56294d4000 rw-p 000a7000 08:05 2503149                    /usr/lib/x86_64-linux-gnu/libfreetype.so.6.11.1
7f56294d4000-7f56294e4000 r-xp 00000000 08:05 2502911                    /usr/lib/x86_64-linux-gnu/libavahi-client.so.3.2.9
7f56294e4000-7f56296e3000 ---p 00010000 08:05 2502911                    /usr/lib/x86_64-linux-gnu/libavahi-client.so.3.2.9
7f56296e3000-7f56296e4000 r--p 0000f000 08:05 2502911                    /usr/lib/x86_64-linux-gnu/libavahi-client.so.3.2.9
7f56296e4000-7f56296e5000 rw-p 00010000 08:05 2502911                    /usr/lib/x86_64-linux-gnu/libavahi-client.so.3.2.9
7f56296e5000-7f56296f0000 r-xp 00000000 08:05 2502913                    /usr/lib/x86_64-linux-gnu/libavahi-common.so.3.5.3
7f56296f0000-7f56298ef000 ---p 0000b000 08:05 2502913                    /usr/lib/x86_64-linux-gnu/libavahi-common.so.3.5.3
7f56298ef000-7f56298f0000 r--p 0000a000 08:05 2502913                    /usr/lib/x86_64-linux-gnu/libavahi-common.so.3.5.3
7f56298f0000-7f56298f1000 rw-p 0000b000 08:05 2502913                    /usr/lib/x86_64-linux-gnu/libavahi-common.so.3.5.3
7f56298f1000-7f56299f0000 r-xp 00000000 08:05 2497998                    /usr/lib/x86_64-linux-gnu/libgnutls-deb0.so.28.30.7
7f56299f0000-7f5629bef000 ---p 000ff000 08:05 2497998                    /usr/lib/x86_64-linux-gnu/libgnutls-deb0.so.28.30.7
7f5629bef000-7f5629bf8000 r--p 000fe000 08:05 2497998                    /usr/lib/x86_64-linux-gnu/libgnutls-deb0.so.28.30.7
7f5629bf8000-7f5629bfa000 rw-p 00107000 08:05 2497998                    /usr/lib/x86_64-linux-gnu/libgnutls-deb0.so.28.30.7
7f5629bfa000-7f5629c3f000 r-xp 00000000 08:05 2503265                    /usr/lib/x86_64-linux-gnu/libgssapi_krb5.so.2.2
7f5629c3f000-7f5629e3e000 ---p 00045000 08:05 2503265                    /usr/lib/x86_64-linux-gnu/libgssapi_krb5.so.2.2
7f5629e3e000-7f5629e40000 r--p 00044000 08:05 2503265                    /usr/lib/x86_64-linux-gnu/libgssapi_krb5.so.2.2
7f5629e40000-7f5629e41000 rw-p 00046000 08:05 2503265                    /usr/lib/x86_64-linux-gnu/libgssapi_krb5.so.2.2
7f5629e41000-7f5629e42000 rw-p 00000000 00:00 0 
7f5629e42000-7f5629e7d000 r-xp 00000000 08:05 2503121                    /usr/lib/x86_64-linux-gnu/libfontconfig.so.1.8.0
7f5629e7d000-7f562a07c000 ---p 0003b000 08:05 2503121                    /usr/lib/x86_64-linux-gnu/libfontconfig.so.1.8.0
7f562a07c000-7f562a07e000 r--p 0003a000 08:05 2503121                    /usr/lib/x86_64-linux-gnu/libfontconfig.so.1.8.0
7f562a07e000-7f562a07f000 rw-p 0003c000 08:05 2503121                    /usr/lib/x86_64-linux-gnu/libfontconfig.so.1.8.0
7f562a07f000-7f562a0ec000 r-xp 00000000 08:05 2503010                    /usr/lib/x86_64-linux-gnu/libcups.so.2
7f562a0ec000-7f562a2ec000 ---p 0006d000 08:05 2503010                    /usr/lib/x86_64-linux-gnu/libcups.so.2
7f562a2ec000-7f562a2f3000 r--p 0006d000 08:05 2503010                    /usr/lib/x86_64-linux-gnu/libcups.so.2
7f562a2f3000-7f562a2f4000 rw-p 00074000 08:05 2503010                    /usr/lib/x86_64-linux-gnu/libcups.so.2
7f562a2f4000-7f562a2fb000 r-xp 00000000 08:05 2511776                    /usr/lib/jvm/java-7-openjdk-amd64/jre/lib/amd64/headless/libmawt.so
7f562a2fb000-7f562a4fa000 ---p 00007000 08:05 2511776                    /usr/lib/jvm/java-7-openjdk-amd64/jre/lib/amd64/headless/libmawt.so
7f562a4fa000-7f562a4fb000 r--p 00006000 08:05 2511776                    /usr/lib/jvm/java-7-openjdk-amd64/jre/lib/amd64/headless/libmawt.so
7f562a4fb000-7f562a4fc000 rw-p 00007000 08:05 2511776                    /usr/lib/jvm/java-7-openjdk-amd64/jre/lib/amd64/headless/libmawt.so
7f562a4fc000-7f562a59c000 r-xp 00000000 08:05 2511790                    /usr/lib/jvm/java-7-openjdk-amd64/jre/lib/amd64/libawt.so
7f562a59c000-7f562a79c000 ---p 000a0000 08:05 2511790                    /usr/lib/jvm/java-7-openjdk-amd64/jre/lib/amd64/libawt.so
7f562a79c000-7f562a79d000 r--p 000a0000 08:05 2511790                    /usr/lib/jvm/java-7-openjdk-amd64/jre/lib/amd64/libawt.so
7f562a79d000-7f562a7a8000 rw-p 000a1000 08:05 2511790                    /usr/lib/jvm/java-7-openjdk-amd64/jre/lib/amd64/libawt.so
7f562a7a8000-7f562a7cd000 rw-p 00000000 00:00 0 
7f562a7cd000-7f562a7ce000 ---p 00000000 00:00 0 
7f562a7ce000-7f562a8ce000 rw-p 00000000 00:00 0                          [stack:25069]
7f562a8ce000-7f562a8d1000 ---p 00000000 00:00 0 
7f562a8d1000-7f562a9cf000 rw-p 00000000 00:00 0                          [stack:25067]
7f562a9cf000-7f562a9d2000 ---p 00000000 00:00 0 
7f562a9d2000-7f562c000000 rw-p 00000000 00:00 0                          [stack:25048]
7f562c000000-7f562c021000 rw-p 00000000 00:00 0 
7f562c021000-7f5630000000 ---p 00000000 00:00 0 
7f5630015000-7f5630018000 ---p 00000000 00:00 0 
7f5630018000-7f5630116000 rw-p 00000000 00:00 0                          [stack:25043]
7f5630116000-7f5630119000 ---p 00000000 00:00 0 
7f5630119000-7f5630217000 rw-p 00000000 00:00 0                          [stack:25008]
7f5630217000-7f56308f9000 r--p 00000000 08:05 2499634                    /usr/lib/locale/locale-archive
7f56308f9000-7f56308fc000 ---p 00000000 00:00 0 
7f56308fc000-7f56309fa000 rw-p 00000000 00:00 0                          [stack:24951]
7f56309fa000-7f56309fd000 ---p 00000000 00:00 0 
7f56309fd000-7f5630afb000 rw-p 00000000 00:00 0                          [stack:24942]
7f5630afb000-7f5630afc000 ---p 00000000 00:00 0 
7f5630afc000-7f5631000000 rw-p 00000000 00:00 0                          [stack:24931]
7f5631000000-7f5631270000 rwxp 00000000 00:00 0 
7f5631270000-7f56342f8000 rw-p 00000000 00:00 0 
7f56342f8000-7f5638000000 ---p 00000000 00:00 0 
7f5638025000-7f5638056000 rw-p 00000000 00:00 0 
7f5638074000-7f5638075000 rw-p 00000000 00:00 0 
7f5638075000-7f5638079000 r--s 00023000 00:26 1447793                    /home/oliver/projects/robocode/libs/robocode.ui.editor-1.9.2.4.jar
7f5638079000-7f5638081000 r--s 0014d000 00:26 1447794                    /home/oliver/projects/robocode/libs/robocode.ui-1.9.2.4.jar
7f5638081000-7f5638083000 r--s 00014000 00:26 1447791                    /home/oliver/projects/robocode/libs/robocode.host-1.9.2.4.jar
7f5638083000-7f5638085000 r--s 0000d000 00:26 1447792                    /home/oliver/projects/robocode/libs/robocode.repository-1.9.2.4.jar
7f5638085000-7f5638086000 r--s 00021000 00:26 1447795                    /home/oliver/projects/robocode/libs/robocode.sound-1.9.2.4.jar
7f5638086000-7f563808a000 r--s 00027000 00:26 1447790                    /home/oliver/projects/robocode/libs/robocode.battle-1.9.2.4.jar
7f563808a000-7f5638094000 r--s 00203000 08:05 2511797                    /usr/lib/jvm/java-7-openjdk-amd64/jre/lib/charsets.jar
7f5638094000-7f563809c000 r--s 00048000 00:26 1447788                    /home/oliver/projects/robocode/libs/picocontainer-2.14.2.jar
7f563809c000-7f56380a4000 r--s 00059000 00:26 1447789                    /home/oliver/projects/robocode/libs/codesize-1.1.jar
7f56380a4000-7f5638c9d000 rw-p 00000000 00:00 0 
7f5638c9d000-7f5638e4e000 r--s 01d25000 08:05 2511823                    /usr/lib/jvm/java-7-openjdk-amd64/jre/lib/rt.jar
7f5638e4e000-7f563909a000 rw-p 00000000 00:00 0 
7f563909a000-7f563909b000 ---p 00000000 00:00 0 
7f563909b000-7f563919b000 rw-p 00000000 00:00 0                          [stack:24901]
7f563919b000-7f563919c000 ---p 00000000 00:00 0 
7f563919c000-7f563929c000 rw-p 00000000 00:00 0                          [stack:24900]
7f563929c000-7f563929d000 ---p 00000000 00:00 0 
7f563929d000-7f563939d000 rw-p 00000000 00:00 0                          [stack:24898]
7f563939d000-7f563939e000 ---p 00000000 00:00 0 
7f563939e000-7f56394c6000 rw-p 00000000 00:00 0                          [stack:24875]
7f56394c6000-7f56394f1000 rw-p 00000000 00:00 0 
7f56394f1000-7f563951a000 rw-p 00000000 00:00 0 
7f563951a000-7f563959c000 rw-p 00000000 00:00 0 
7f563959c000-7f56395c4000 rw-p 00000000 00:00 0 
7f56395c4000-7f56395ef000 rw-p 00000000 00:00 0 
7f56395ef000-7f5639618000 rw-p 00000000 00:00 0 
7f5639618000-7f5639699000 rw-p 00000000 00:00 0 
7f5639699000-7f56396e1000 rw-p 00000000 00:00 0 
7f56396e1000-7f56396ef000 ---p 00000000 00:00 0 
7f56396ef000-7f56396f0000 rw-p 00000000 00:00 0 
7f56396f0000-7f56396f8000 r-xp 00000000 08:05 2511755                    /usr/lib/jvm/java-7-openjdk-amd64/jre/lib/amd64/libzip.so
7f56396f8000-7f56398f7000 ---p 00008000 08:05 2511755                    /usr/lib/jvm/java-7-openjdk-amd64/jre/lib/amd64/libzip.so
7f56398f7000-7f56398f8000 r--p 00007000 08:05 2511755                    /usr/lib/jvm/java-7-openjdk-amd64/jre/lib/amd64/libzip.so
7f56398f8000-7f56398f9000 rw-p 00008000 08:05 2511755                    /usr/lib/jvm/java-7-openjdk-amd64/jre/lib/amd64/libzip.so
7f56398f9000-7f5639904000 r-xp 00000000 08:05 2103824                    /lib/x86_64-linux-gnu/libnss_files-2.19.so
7f5639904000-7f5639b03000 ---p 0000b000 08:05 2103824                    /lib/x86_64-linux-gnu/libnss_files-2.19.so
7f5639b03000-7f5639b04000 r--p 0000a000 08:05 2103824                    /lib/x86_64-linux-gnu/libnss_files-2.19.so
7f5639b04000-7f5639b05000 rw-p 0000b000 08:05 2103824                    /lib/x86_64-linux-gnu/libnss_files-2.19.so
7f5639b05000-7f5639b10000 r-xp 00000000 08:05 2103816                    /lib/x86_64-linux-gnu/libnss_nis-2.19.so
7f5639b10000-7f5639d0f000 ---p 0000b000 08:05 2103816                    /lib/x86_64-linux-gnu/libnss_nis-2.19.so
7f5639d0f000-7f5639d10000 r--p 0000a000 08:05 2103816                    /lib/x86_64-linux-gnu/libnss_nis-2.19.so
7f5639d10000-7f5639d11000 rw-p 0000b000 08:05 2103816                    /lib/x86_64-linux-gnu/libnss_nis-2.19.so
7f5639d11000-7f5639d28000 r-xp 00000000 08:05 2103807                    /lib/x86_64-linux-gnu/libnsl-2.19.so
7f5639d28000-7f5639f27000 ---p 00017000 08:05 2103807                    /lib/x86_64-linux-gnu/libnsl-2.19.so
7f5639f27000-7f5639f28000 r--p 00016000 08:05 2103807                    /lib/x86_64-linux-gnu/libnsl-2.19.so
7f5639f28000-7f5639f29000 rw-p 00017000 08:05 2103807                    /lib/x86_64-linux-gnu/libnsl-2.19.so
7f5639f29000-7f5639f2b000 rw-p 00000000 00:00 0 
7f5639f2b000-7f5639f34000 r-xp 00000000 08:05 2103812                    /lib/x86_64-linux-gnu/libnss_compat-2.19.so
7f5639f34000-7f563a133000 ---p 00009000 08:05 2103812                    /lib/x86_64-linux-gnu/libnss_compat-2.19.so
7f563a133000-7f563a134000 r--p 00008000 08:05 2103812                    /lib/x86_64-linux-gnu/libnss_compat-2.19.so
7f563a134000-7f563a135000 rw-p 00009000 08:05 2103812                    /lib/x86_64-linux-gnu/libnss_compat-2.19.so
7f563a135000-7f563a162000 r-xp 00000000 08:05 2511752                    /usr/lib/jvm/java-7-openjdk-amd64/jre/lib/amd64/libjava.so
7f563a162000-7f563a361000 ---p 0002d000 08:05 2511752                    /usr/lib/jvm/java-7-openjdk-amd64/jre/lib/amd64/libjava.so
7f563a361000-7f563a362000 r--p 0002c000 08:05 2511752                    /usr/lib/jvm/java-7-openjdk-amd64/jre/lib/amd64/libjava.so
7f563a362000-7f563a364000 rw-p 0002d000 08:05 2511752                    /usr/lib/jvm/java-7-openjdk-amd64/jre/lib/amd64/libjava.so
7f563a364000-7f563a375000 r-xp 00000000 08:05 2511767                    /usr/lib/jvm/java-7-openjdk-amd64/jre/lib/amd64/libverify.so
7f563a375000-7f563a574000 ---p 00011000 08:05 2511767                    /usr/lib/jvm/java-7-openjdk-amd64/jre/lib/amd64/libverify.so
7f563a574000-7f563a576000 r--p 00010000 08:05 2511767                    /usr/lib/jvm/java-7-openjdk-amd64/jre/lib/amd64/libverify.so
7f563a576000-7f563a577000 rw-p 00012000 08:05 2511767                    /usr/lib/jvm/java-7-openjdk-amd64/jre/lib/amd64/libverify.so
7f563a577000-7f563a57e000 r-xp 00000000 08:05 2103815                    /lib/x86_64-linux-gnu/librt-2.19.so
7f563a57e000-7f563a77d000 ---p 00007000 08:05 2103815                    /lib/x86_64-linux-gnu/librt-2.19.so
7f563a77d000-7f563a77e000 r--p 00006000 08:05 2103815                    /lib/x86_64-linux-gnu/librt-2.19.so
7f563a77e000-7f563a77f000 rw-p 00007000 08:05 2103815                    /lib/x86_64-linux-gnu/librt-2.19.so
7f563a77f000-7f563a795000 r-xp 00000000 08:05 2104480                    /lib/x86_64-linux-gnu/libgcc_s.so.1
7f563a795000-7f563a994000 ---p 00016000 08:05 2104480                    /lib/x86_64-linux-gnu/libgcc_s.so.1
7f563a994000-7f563a995000 r--p 00015000 08:05 2104480                    /lib/x86_64-linux-gnu/libgcc_s.so.1
7f563a995000-7f563a996000 rw-p 00016000 08:05 2104480                    /lib/x86_64-linux-gnu/libgcc_s.so.1
7f563a996000-7f563aa9b000 r-xp 00000000 08:05 2103817                    /lib/x86_64-linux-gnu/libm-2.19.so
7f563aa9b000-7f563ac9a000 ---p 00105000 08:05 2103817                    /lib/x86_64-linux-gnu/libm-2.19.so
7f563ac9a000-7f563ac9b000 r--p 00104000 08:05 2103817                    /lib/x86_64-linux-gnu/libm-2.19.so
7f563ac9b000-7f563ac9c000 rw-p 00105000 08:05 2103817                    /lib/x86_64-linux-gnu/libm-2.19.so
7f563ac9c000-7f563ad8c000 r-xp 00000000 08:05 2503759                    /usr/lib/x86_64-linux-gnu/libstdc++.so.6.0.20
7f563ad8c000-7f563af8c000 ---p 000f0000 08:05 2503759                    /usr/lib/x86_64-linux-gnu/libstdc++.so.6.0.20
7f563af8c000-7f563af94000 r--p 000f0000 08:05 2503759                    /usr/lib/x86_64-linux-gnu/libstdc++.so.6.0.20
7f563af94000-7f563af96000 rw-p 000f8000 08:05 2503759                    /usr/lib/x86_64-linux-gnu/libstdc++.so.6.0.20
7f563af96000-7f563afab000 rw-p 00000000 00:00 0 
7f563afab000-7f563baf8000 r-xp 00000000 08:05 2511781                    /usr/lib/jvm/java-7-openjdk-amd64/jre/lib/amd64/server/libjvm.so
7f563baf8000-7f563bcf8000 ---p 00b4d000 08:05 2511781                    /usr/lib/jvm/java-7-openjdk-amd64/jre/lib/amd64/server/libjvm.so
7f563bcf8000-7f563bd97000 r--p 00b4d000 08:05 2511781                    /usr/lib/jvm/java-7-openjdk-amd64/jre/lib/amd64/server/libjvm.so
7f563bd97000-7f563bdba000 rw-p 00bec000 08:05 2511781                    /usr/lib/jvm/java-7-openjdk-amd64/jre/lib/amd64/server/libjvm.so
7f563bdba000-7f563bde7000 rw-p 00000000 00:00 0 
7f563bde7000-7f563bdff000 r-xp 00000000 08:05 2104624                    /lib/x86_64-linux-gnu/libz.so.1.2.8
7f563bdff000-7f563bffe000 ---p 00018000 08:05 2104624                    /lib/x86_64-linux-gnu/libz.so.1.2.8
7f563bffe000-7f563bfff000 r--p 00017000 08:05 2104624                    /lib/x86_64-linux-gnu/libz.so.1.2.8
7f563bfff000-7f563c000000 rw-p 00018000 08:05 2104624                    /lib/x86_64-linux-gnu/libz.so.1.2.8
7f563c000000-7f563c018000 r-xp 00000000 08:05 2103813                    /lib/x86_64-linux-gnu/libpthread-2.19.so
7f563c018000-7f563c218000 ---p 00018000 08:05 2103813                    /lib/x86_64-linux-gnu/libpthread-2.19.so
7f563c218000-7f563c219000 r--p 00018000 08:05 2103813                    /lib/x86_64-linux-gnu/libpthread-2.19.so
7f563c219000-7f563c21a000 rw-p 00019000 08:05 2103813                    /lib/x86_64-linux-gnu/libpthread-2.19.so
7f563c21a000-7f563c21e000 rw-p 00000000 00:00 0 
7f563c21e000-7f563c221000 r-xp 00000000 08:05 2103923                    /lib/x86_64-linux-gnu/libdl-2.19.so
7f563c221000-7f563c420000 ---p 00003000 08:05 2103923                    /lib/x86_64-linux-gnu/libdl-2.19.so
7f563c420000-7f563c421000 r--p 00002000 08:05 2103923                    /lib/x86_64-linux-gnu/libdl-2.19.so
7f563c421000-7f563c422000 rw-p 00003000 08:05 2103923                    /lib/x86_64-linux-gnu/libdl-2.19.so
7f563c422000-7f563c5dc000 r-xp 00000000 08:05 2103806                    /lib/x86_64-linux-gnu/libc-2.19.so
7f563c5dc000-7f563c7dc000 ---p 001ba000 08:05 2103806                    /lib/x86_64-linux-gnu/libc-2.19.so
7f563c7dc000-7f563c7e0000 r--p 001ba000 08:05 2103806                    /lib/x86_64-linux-gnu/libc-2.19.so
7f563c7e0000-7f563c7e2000 rw-p 001be000 08:05 2103806                    /lib/x86_64-linux-gnu/libc-2.19.so
7f563c7e2000-7f563c7e7000 rw-p 00000000 00:00 0 
7f563c7e7000-7f563c7f4000 r-xp 00000000 08:05 2511787                    /usr/lib/jvm/java-7-openjdk-amd64/jre/lib/amd64/jli/libjli.so
7f563c7f4000-7f563c9f3000 ---p 0000d000 08:05 2511787                    /usr/lib/jvm/java-7-openjdk-amd64/jre/lib/amd64/jli/libjli.so
7f563c9f3000-7f563c9f4000 r--p 0000c000 08:05 2511787                    /usr/lib/jvm/java-7-openjdk-amd64/jre/lib/amd64/jli/libjli.so
7f563c9f4000-7f563c9f5000 rw-p 0000d000 08:05 2511787                    /usr/lib/jvm/java-7-openjdk-amd64/jre/lib/amd64/jli/libjli.so
7f563c9f5000-7f563ca18000 r-xp 00000000 08:05 2103819                    /lib/x86_64-linux-gnu/ld-2.19.so
7f563ca18000-7f563ca19000 r--p 00000000 08:05 143970                     /usr/share/locale-langpack/en_GB/LC_MESSAGES/libc.mo
7f563ca19000-7f563ca1d000 r--s 0002e000 00:26 1447787                    /home/oliver/projects/robocode/libs/robocode.core-1.9.2.4.jar
7f563ca1d000-7f563ca23000 r--s 00026000 00:26 1447785                    /home/oliver/projects/robocode/libs/robocode.jar
7f563ca23000-7f563ca25000 r--s 00012000 08:05 2511800                    /usr/lib/jvm/java-7-openjdk-amd64/jre/lib/ext/zipfs.jar
7f563ca25000-7f563ca29000 r--s 00085000 08:05 2511799                    /usr/lib/jvm/java-7-openjdk-amd64/jre/lib/ext/localedata.jar
7f563ca29000-7f563ca2d000 r--s 00034000 08:05 2511801                    /usr/lib/jvm/java-7-openjdk-amd64/jre/lib/ext/sunjce_provider.jar
7f563ca2d000-7f563ca30000 r--s 0000f000 08:05 2511803                    /usr/lib/jvm/java-7-openjdk-amd64/jre/lib/ext/icedtea-sound.jar
7f563ca30000-7f563ca3a000 rw-p 00000000 00:00 0 
7f563ca3a000-7f563caf0000 rw-p 00000000 00:00 0 
7f563caf0000-7f563caf3000 ---p 00000000 00:00 0 
7f563caf3000-7f563cbf6000 rw-p 00000000 00:00 0                          [stack:24855]
7f563cbf6000-7f563cbfa000 r--s 0003c000 08:05 2511804                    /usr/lib/jvm/java-7-openjdk-amd64/jre/lib/ext/sunpkcs11.jar
7f563cbfa000-7f563cbfb000 r--s 00002000 08:05 2511802                    /usr/lib/jvm/java-7-openjdk-amd64/jre/lib/ext/dnsns.jar
7f563cbfb000-7f563cbfd000 r--s 00006000 08:05 2900065                    /usr/share/java/java-atk-wrapper.jar
7f563cbfd000-7f563cc0b000 rw-p 00000000 00:00 0 
7f563cc0b000-7f563cc13000 rw-s 00000000 08:05 2373641                    /tmp/hsperfdata_oliver/24833
7f563cc13000-7f563cc14000 rw-p 00000000 00:00 0 
7f563cc14000-7f563cc15000 r--p 00000000 00:00 0 
7f563cc15000-7f563cc17000 rw-p 00000000 00:00 0 
7f563cc17000-7f563cc18000 r--p 00022000 08:05 2103819                    /lib/x86_64-linux-gnu/ld-2.19.so
7f563cc18000-7f563cc19000 rw-p 00023000 08:05 2103819                    /lib/x86_64-linux-gnu/ld-2.19.so
7f563cc19000-7f563cc1a000 rw-p 00000000 00:00 0 
7fff8e1a4000-7fff8e1c5000 rw-p 00000000 00:00 0                          [stack]
7fff8e1fc000-7fff8e1fe000 r-xp 00000000 00:00 0                          [vdso]
7fff8e1fe000-7fff8e200000 r--p 00000000 00:00 0                          [vvar]
ffffffffff600000-ffffffffff601000 r-xp 00000000 00:00 0                  [vsyscall]

VM Arguments:
jvm_args: -Djava.awt.headless=true -DROBOTPATH=/home/oliver/projects/robocode/robots/ -Xmx512M -Dsun.io.useCanonCaches=false 
java_command: robocode.Robocode -battle /tmp/tmpMV7P_3.battle -nodisplay -nosound -results /tmp/tmp9cpnzt
Launcher Type: SUN_STANDARD

Environment Variables:
PATH=/usr/local/sbin:/usr/local/bin:/usr/sbin:/usr/bin:/sbin:/bin:/usr/games:/usr/local/games:/home/oliver/go/bin:/home/oliver/projects/evco/wallace/bin:/home/oliver/.rvm/bin:/home/oliver/.rvm/bin
SHELL=/bin/bash
DISPLAY=:0

Signal Handlers:
SIGSEGV: [libjvm.so+0x981590], sa_mask[0]=0x7ffbfeff, sa_flags=0x10000004
SIGBUS: [libjvm.so+0x981590], sa_mask[0]=0x7ffbfeff, sa_flags=0x10000004
SIGFPE: [libjvm.so+0x7efd60], sa_mask[0]=0x7ffbfeff, sa_flags=0x10000004
SIGPIPE: [libjvm.so+0x7efd60], sa_mask[0]=0x7ffbfeff, sa_flags=0x10000004
SIGXFSZ: [libjvm.so+0x7efd60], sa_mask[0]=0x7ffbfeff, sa_flags=0x10000004
SIGILL: [libjvm.so+0x7efd60], sa_mask[0]=0x7ffbfeff, sa_flags=0x10000004
SIGUSR1: SIG_DFL, sa_mask[0]=0x00000000, sa_flags=0x00000000
SIGUSR2: [libjvm.so+0x7efbe0], sa_mask[0]=0x00000000, sa_flags=0x10000004
SIGHUP: [libjvm.so+0x7efde0], sa_mask[0]=0x7ffbfeff, sa_flags=0x10000004
SIGINT: [libjvm.so+0x7efde0], sa_mask[0]=0x7ffbfeff, sa_flags=0x10000004
SIGTERM: [libjvm.so+0x7efde0], sa_mask[0]=0x7ffbfeff, sa_flags=0x10000004
SIGQUIT: [libjvm.so+0x7efde0], sa_mask[0]=0x7ffbfeff, sa_flags=0x10000004
SIGTRAP: SIG_DFL, sa_mask[0]=0x00000000, sa_flags=0x00000000


---------------  S Y S T E M  ---------------

OS:Ubuntu 14.10 (utopic)
uname:Linux 3.16.0-28-generic #38-Ubuntu SMP Fri Dec 12 17:37:40 UTC 2014 x86_64
libc:glibc 2.19 NPTL 2.19 
rlimit: STACK 8192k, CORE 0k, NPROC 31299, NOFILE 4096, AS infinity
load average:59.25 60.38 60.43

/proc/meminfo:
MemTotal:        8042924 kB
MemFree:          107948 kB
MemAvailable:      38960 kB
Buffers:             120 kB
Cached:            49944 kB
SwapCached:            0 kB
Active:          7629160 kB
Inactive:          46332 kB
Active(anon):    7627520 kB
Inactive(anon):    44736 kB
Active(file):       1640 kB
Inactive(file):     1596 kB
Unevictable:          32 kB
Mlocked:              32 kB
SwapTotal:             0 kB
SwapFree:              0 kB
Dirty:                 0 kB
Writeback:             0 kB
AnonPages:       7626344 kB
Mapped:            74588 kB
Shmem:             45944 kB
Slab:              69924 kB
SReclaimable:      27708 kB
SUnreclaim:        42216 kB
KernelStack:       12224 kB
PageTables:        52732 kB
NFS_Unstable:          0 kB
Bounce:                0 kB
WritebackTmp:          0 kB
CommitLimit:     4021460 kB
Committed_AS:   14078524 kB
VmallocTotal:   34359738367 kB
VmallocUsed:      393032 kB
VmallocChunk:   34359331836 kB
HardwareCorrupted:     0 kB
AnonHugePages:   4702208 kB
HugePages_Total:       0
HugePages_Free:        0
HugePages_Rsvd:        0
HugePages_Surp:        0
Hugepagesize:       2048 kB
DirectMap4k:      218828 kB
DirectMap2M:     8036352 kB
DirectMap1G:           0 kB


CPU:total 4 (4 cores per cpu, 1 threads per core) family 6 model 60 stepping 3, cmov, cx8, fxsr, mmx, sse, sse2, sse3, ssse3, sse4.1, sse4.2, popcnt, avx, avx2, aes, erms, tsc, tscinvbit

/proc/cpuinfo:
processor	: 0
vendor_id	: GenuineIntel
cpu family	: 6
model		: 60
model name	: Intel(R) Core(TM) i5-4690K CPU @ 3.50GHz
stepping	: 3
microcode	: 0x17
cpu MHz		: 3699.882
cache size	: 6144 KB
physical id	: 0
siblings	: 4
core id		: 0
cpu cores	: 4
apicid		: 0
initial apicid	: 0
fpu		: yes
fpu_exception	: yes
cpuid level	: 13
wp		: yes
flags		: fpu vme de pse tsc msr pae mce cx8 apic sep mtrr pge mca cmov pat pse36 clflush dts acpi mmx fxsr sse sse2 ss ht tm pbe syscall nx pdpe1gb rdtscp lm constant_tsc arch_perfmon pebs bts rep_good nopl xtopology nonstop_tsc aperfmperf eagerfpu pni pclmulqdq dtes64 monitor ds_cpl vmx est tm2 ssse3 fma cx16 xtpr pdcm pcid sse4_1 sse4_2 x2apic movbe popcnt tsc_deadline_timer aes xsave avx f16c rdrand lahf_lm abm ida arat xsaveopt pln pts dtherm tpr_shadow vnmi flexpriority ept vpid fsgsbase tsc_adjust bmi1 hle avx2 smep bmi2 erms invpcid rtm
bogomips	: 6999.88
clflush size	: 64
cache_alignment	: 64
address sizes	: 39 bits physical, 48 bits virtual
power management:

processor	: 1
vendor_id	: GenuineIntel
cpu family	: 6
model		: 60
model name	: Intel(R) Core(TM) i5-4690K CPU @ 3.50GHz
stepping	: 3
microcode	: 0x17
cpu MHz		: 3700.019
cache size	: 6144 KB
physical id	: 0
siblings	: 4
core id		: 1
cpu cores	: 4
apicid		: 2
initial apicid	: 2
fpu		: yes
fpu_exception	: yes
cpuid level	: 13
wp		: yes
flags		: fpu vme de pse tsc msr pae mce cx8 apic sep mtrr pge mca cmov pat pse36 clflush dts acpi mmx fxsr sse sse2 ss ht tm pbe syscall nx pdpe1gb rdtscp lm constant_tsc arch_perfmon pebs bts rep_good nopl xtopology nonstop_tsc aperfmperf eagerfpu pni pclmulqdq dtes64 monitor ds_cpl vmx est tm2 ssse3 fma cx16 xtpr pdcm pcid sse4_1 sse4_2 x2apic movbe popcnt tsc_deadline_timer aes xsave avx f16c rdrand lahf_lm abm ida arat xsaveopt pln pts dtherm tpr_shadow vnmi flexpriority ept vpid fsgsbase tsc_adjust bmi1 hle avx2 smep bmi2 erms invpcid rtm
bogomips	: 6999.88
clflush size	: 64
cache_alignment	: 64
address sizes	: 39 bits physical, 48 bits virtual
power management:

processor	: 2
vendor_id	: GenuineIntel
cpu family	: 6
model		: 60
model name	: Intel(R) Core(TM) i5-4690K CPU @ 3.50GHz
stepping	: 3
microcode	: 0x17
cpu MHz		: 3701.660
cache size	: 6144 KB
physical id	: 0
siblings	: 4
core id		: 2
cpu cores	: 4
apicid		: 4
initial apicid	: 4
fpu		: yes
fpu_exception	: yes
cpuid level	: 13
wp		: yes
flags		: fpu vme de pse tsc msr pae mce cx8 apic sep mtrr pge mca cmov pat pse36 clflush dts acpi mmx fxsr sse sse2 ss ht tm pbe syscall nx pdpe1gb rdtscp lm constant_tsc arch_perfmon pebs bts rep_good nopl xtopology nonstop_tsc aperfmperf eagerfpu pni pclmulqdq dtes64 monitor ds_cpl vmx est tm2 ssse3 fma cx16 xtpr pdcm pcid sse4_1 sse4_2 x2apic movbe popcnt tsc_deadline_timer aes xsave avx f16c rdrand lahf_lm abm ida arat xsaveopt pln pts dtherm tpr_shadow vnmi flexpriority ept vpid fsgsbase tsc_adjust bmi1 hle avx2 smep bmi2 erms invpcid rtm
bogomips	: 6999.88
clflush size	: 64
cache_alignment	: 64
address sizes	: 39 bits physical, 48 bits virtual
power management:

processor	: 3
vendor_id	: GenuineIntel
cpu family	: 6
model		: 60
model name	: Intel(R) Core(TM) i5-4690K CPU @ 3.50GHz
stepping	: 3
microcode	: 0x17
cpu MHz		: 3709.589
cache size	: 6144 KB
physical id	: 0
siblings	: 4
core id		: 3
cpu cores	: 4
apicid		: 6
initial apicid	: 6
fpu		: yes
fpu_exception	: yes
cpuid level	: 13
wp		: yes
flags		: fpu vme de pse tsc msr pae mce cx8 apic sep mtrr pge mca cmov pat pse36 clflush dts acpi mmx fxsr sse sse2 ss ht tm pbe syscall nx pdpe1gb rdtscp lm constant_tsc arch_perfmon pebs bts rep_good nopl xtopology nonstop_tsc aperfmperf eagerfpu pni pclmulqdq dtes64 monitor ds_cpl vmx est tm2 ssse3 fma cx16 xtpr pdcm pcid sse4_1 sse4_2 x2apic movbe popcnt tsc_deadline_timer aes xsave avx f16c rdrand lahf_lm abm ida arat xsaveopt pln pts dtherm tpr_shadow vnmi flexpriority ept vpid fsgsbase tsc_adjust bmi1 hle avx2 smep bmi2 erms invpcid rtm
bogomips	: 6999.88
clflush size	: 64
cache_alignment	: 64
address sizes	: 39 bits physical, 48 bits virtual
power management:



Memory: 4k page, physical 8042924k(107440k free), swap 0k(0k free)

vm_info: OpenJDK 64-Bit Server VM (24.65-b04) for linux-amd64 JRE (1.7.0_65-b32), built on Oct 22 2014 04:20:25 by "buildd" with gcc 4.9.1

time: Mon Jan  5 08:43:03 2015
elapsed time: 3557 seconds

