#
# There is insufficient memory for the Java Runtime Environment to continue.
# Native memory allocation (malloc) failed to allocate 23068672 bytes for committing reserved memory.
# Possible reasons:
#   The system is out of physical RAM or swap space
#   In 32 bit mode, the process size limit was hit
# Possible solutions:
#   Reduce memory load on the system
#   Increase physical memory or swap space
#   Check if swap backing store is full
#   Use 64 bit Java on a 64 bit OS
#   Decrease Java heap size (-Xmx/-Xms)
#   Decrease number of Java threads
#   Decrease Java thread stack sizes (-Xss)
#   Set larger code cache with -XX:ReservedCodeCacheSize=
# This output file may be truncated or incomplete.
#
#  Out of Memory Error (os_linux.cpp:2798), pid=12567, tid=140189875812096
#
# JRE version: OpenJDK Runtime Environment (7.0_65-b32) (build 1.7.0_65-b32)
# Java VM: OpenJDK 64-Bit Server VM (24.65-b04 mixed mode linux-amd64 compressed oops)
# Derivative: IcedTea 2.5.3
# Distribution: Ubuntu 14.10, package 7u71-2.5.3-0ubuntu1
# Failed to write core dump. Core dumps have been disabled. To enable core dumping, try "ulimit -c unlimited" before starting Java again
#

---------------  T H R E A D  ---------------

Current thread (0x00007f8088075800):  VMThread [stack: 0x00007f807fafb000,0x00007f807fbfc000] [id=12686]

Stack: [0x00007f807fafb000,0x00007f807fbfc000],  sp=0x00007f807fbfa550,  free space=1021k
Native frames: (J=compiled Java code, j=interpreted, Vv=VM code, C=native code)
V  [libjvm.so+0x980aa6]  VMError::report_and_die()+0x186
V  [libjvm.so+0x48fed2]  report_vm_out_of_memory(char const*, int, unsigned long, char const*)+0x92
V  [libjvm.so+0x7f480b]  os::pd_commit_memory(char*, unsigned long, unsigned long, bool)+0xeb
V  [libjvm.so+0x7eef1e]  os::commit_memory(char*, unsigned long, unsigned long, bool)+0x2e
V  [libjvm.so+0x86100b]  PSVirtualSpace::expand_by(unsigned long)+0x5b
V  [libjvm.so+0x8504ec]  PSOldGen::expand_by(unsigned long)+0x5c
V  [libjvm.so+0x859864]  PSPermGen::compute_new_size(unsigned long)+0x1a4
V  [libjvm.so+0x857b4e]  PSParallelCompact::invoke_no_policy(bool) [clone .part.122]+0x51e
V  [libjvm.so+0x858315]  PSParallelCompact::invoke(bool)+0x65
V  [libjvm.so+0x9822c5]  VM_ParallelGCSystemGC::doit()+0x115
V  [libjvm.so+0x986be7]  VM_Operation::evaluate()+0x47
V  [libjvm.so+0x9851db]  VMThread::evaluate_operation(VM_Operation*)+0xab
V  [libjvm.so+0x985886]  VMThread::loop()+0x1e6
V  [libjvm.so+0x985d51]  VMThread::run()+0x81
V  [libjvm.so+0x7f14f2]  java_start(Thread*)+0xf2

VM_Operation (0x00007f80761d07b0): ParallelGCSystemGC, mode: safepoint, requested by thread 0x00007f804464f800


---------------  P R O C E S S  ---------------

Java Threads: ( => current thread )
  0x00007f804464f800 JavaThread "Battle Thread" [_thread_blocked, id=12873, stack(0x00007f80760d1000,0x00007f80761d2000)]
  0x00007f808800a000 JavaThread "DestroyJavaVM" [_thread_blocked, id=12594, stack(0x00007f809101c000,0x00007f809111d000)]
  0x00007f80880b1000 JavaThread "Service Thread" daemon [_thread_blocked, id=12802, stack(0x00007f807ee13000,0x00007f807ef14000)]
  0x00007f80880af000 JavaThread "C2 CompilerThread1" daemon [_thread_blocked, id=12797, stack(0x00007f807ef14000,0x00007f807f015000)]
  0x00007f80880ac000 JavaThread "C2 CompilerThread0" daemon [_thread_blocked, id=12795, stack(0x00007f807f015000,0x00007f807f116000)]
  0x00007f80880a9800 JavaThread "Signal Dispatcher" daemon [_thread_blocked, id=12792, stack(0x00007f807f116000,0x00007f807f217000)]
  0x00007f808807c000 JavaThread "Finalizer" daemon [_thread_blocked, id=12741, stack(0x00007f807f8f9000,0x00007f807f9fa000)]
  0x00007f808807a000 JavaThread "Reference Handler" daemon [_thread_blocked, id=12705, stack(0x00007f807f9fa000,0x00007f807fafb000)]

Other Threads:
=>0x00007f8088075800 VMThread [stack: 0x00007f807fafb000,0x00007f807fbfc000] [id=12686]
  0x00007f80880bc000 WatcherThread [stack: 0x00007f807ed12000,0x00007f807ee13000] [id=12804]

VM state:at safepoint (normal execution)

VM Mutex/Monitor currently owned by a thread:  ([mutex/lock_event])
[0x00007f8088005fd0] ExpandHeap_lock - owner thread: 0x00007f8088075800
[0x00007f8088006650] Threads_lock - owner thread: 0x00007f8088075800
[0x00007f8088006b50] Heap_lock - owner thread: 0x00007f804464f800

Heap
 PSYoungGen      total 138240K, used 0K [0x00000000f5500000, 0x00000000fef00000, 0x0000000100000000)
  eden space 131072K, 0% used [0x00000000f5500000,0x00000000f5500000,0x00000000fd500000)
  from space 7168K, 0% used [0x00000000fe800000,0x00000000fe800000,0x00000000fef00000)
  to   space 13312K, 0% used [0x00000000fd500000,0x00000000fd500000,0x00000000fe200000)
 ParOldGen       total 83456K, used 14810K [0x00000000e0000000, 0x00000000e5180000, 0x00000000f5500000)
  object space 83456K, 17% used [0x00000000e0000000,0x00000000e0e76ac0,0x00000000e5180000)
 PSPermGen       total 102912K, used 12632K [0x00000000d5a00000, 0x00000000dbe80000, 0x00000000e0000000)
  object space 102912K, 12% used [0x00000000d5a00000,0x00000000d6656280,0x00000000dbe80000)

Card table byte_map: [0x00007f808dac8000,0x00007f808dc1c000] byte_map_base: 0x00007f808d41b000

Polling page: 0x00007f8091140000

Code Cache  [0x00007f8085000000, 0x00007f8085270000, 0x00007f8088000000)
 total_blobs=1198 nmethods=877 adapters=274 free_code_cache=46911Kb largest_free_block=47937152

Compilation events (10 events):
Event: 87.121 Thread 0x00007f80880af000 nmethod 967 0x00007f808522d390 code [0x00007f808522d4c0, 0x00007f808522d538]
Event: 87.121 Thread 0x00007f80880af000  968   !         java.util.concurrent.CopyOnWriteArrayList::clear (32 bytes)
Event: 87.121 Thread 0x00007f80880ac000 nmethod 966 0x00007f80851c0050 code [0x00007f80851c01a0, 0x00007f80851c0248]
Event: 87.123 Thread 0x00007f80880af000 nmethod 968 0x00007f80851c0a50 code [0x00007f80851c0bc0, 0x00007f80851c0e18]
Event: 87.277 Thread 0x00007f80880af000  970             robocode.Bullet::access$100 (11 bytes)
Event: 87.277 Thread 0x00007f80880ac000  969             robocode.Bullet$HiddenBulletHelper::update (12 bytes)
Event: 87.285 Thread 0x00007f80880af000 nmethod 970 0x00007f80851c0790 code [0x00007f80851c08c0, 0x00007f80851c0958]
Event: 87.285 Thread 0x00007f80880af000  971             robocode.Bullet::update (23 bytes)
Event: 87.286 Thread 0x00007f80880af000 nmethod 971 0x00007f808513cdd0 code [0x00007f808513cf00, 0x00007f808513cf78]
Event: 87.291 Thread 0x00007f80880ac000 nmethod 969 0x00007f80851bfdd0 code [0x00007f80851bff00, 0x00007f80851bff98]

GC Heap History (10 events):
Event: 66.802 GC heap after
Heap after GC invocations=17 (full 0):
 PSYoungGen      total 148992K, used 4320K [0x00000000f5500000, 0x0000000100000000, 0x0000000100000000)
  eden space 136192K, 0% used [0x00000000f5500000,0x00000000f5500000,0x00000000fda00000)
  from space 12800K, 33% used [0x00000000fda00000,0x00000000fde38000,0x00000000fe680000)
  to   space 12288K, 0% used [0x00000000ff400000,0x00000000ff400000,0x0000000100000000)
 ParOldGen       total 83456K, used 60486K [0x00000000e0000000, 0x00000000e5180000, 0x00000000f5500000)
  object space 83456K, 72% used [0x00000000e0000000,0x00000000e3b11a88,0x00000000e5180000)
 PSPermGen       total 88576K, used 88191K [0x00000000d5a00000, 0x00000000db080000, 0x00000000e0000000)
  object space 88576K, 99% used [0x00000000d5a00000,0x00000000db01fcc8,0x00000000db080000)
}
Event: 87.315 GC heap before
{Heap before GC invocations=18 (full 0):
 PSYoungGen      total 148992K, used 140512K [0x00000000f5500000, 0x0000000100000000, 0x0000000100000000)
  eden space 136192K, 100% used [0x00000000f5500000,0x00000000fda00000,0x00000000fda00000)
  from space 12800K, 33% used [0x00000000fda00000,0x00000000fde38000,0x00000000fe680000)
  to   space 12288K, 0% used [0x00000000ff400000,0x00000000ff400000,0x0000000100000000)
 ParOldGen       total 83456K, used 60486K [0x00000000e0000000, 0x00000000e5180000, 0x00000000f5500000)
  object space 83456K, 72% used [0x00000000e0000000,0x00000000e3b11a88,0x00000000e5180000)
 PSPermGen       total 90112K, used 90062K [0x00000000d5a00000, 0x00000000db200000, 0x00000000e0000000)
  object space 90112K, 99% used [0x00000000d5a00000,0x00000000db1f3af8,0x00000000db200000)
Event: 87.357 GC heap after
Heap after GC invocations=18 (full 0):
 PSYoungGen      total 132608K, used 1050K [0x00000000f5500000, 0x00000000ff580000, 0x0000000100000000)
  eden space 131072K, 0% used [0x00000000f5500000,0x00000000f5500000,0x00000000fd500000)
  from space 1536K, 68% used [0x00000000ff400000,0x00000000ff506920,0x00000000ff580000)
  to   space 12800K, 0% used [0x00000000fdc80000,0x00000000fdc80000,0x00000000fe900000)
 ParOldGen       total 83456K, used 64390K [0x00000000e0000000, 0x00000000e5180000, 0x00000000f5500000)
  object space 83456K, 77% used [0x00000000e0000000,0x00000000e3ee1a88,0x00000000e5180000)
 PSPermGen       total 90112K, used 90062K [0x00000000d5a00000, 0x00000000db200000, 0x00000000e0000000)
  object space 90112K, 99% used [0x00000000d5a00000,0x00000000db1f3af8,0x00000000db200000)
}
Event: 87.480 GC heap before
{Heap before GC invocations=19 (full 0):
 PSYoungGen      total 132608K, used 9570K [0x00000000f5500000, 0x00000000ff580000, 0x0000000100000000)
  eden space 131072K, 6% used [0x00000000f5500000,0x00000000f5d521a0,0x00000000fd500000)
  from space 1536K, 68% used [0x00000000ff400000,0x00000000ff506920,0x00000000ff580000)
  to   space 12800K, 0% used [0x00000000fdc80000,0x00000000fdc80000,0x00000000fe900000)
 ParOldGen       total 83456K, used 64390K [0x00000000e0000000, 0x00000000e5180000, 0x00000000f5500000)
  object space 83456K, 77% used [0x00000000e0000000,0x00000000e3ee1a88,0x00000000e5180000)
 PSPermGen       total 90112K, used 90076K [0x00000000d5a00000, 0x00000000db200000, 0x00000000e0000000)
  object space 90112K, 99% used [0x00000000d5a00000,0x00000000db1f7288,0x00000000db200000)
Event: 87.504 GC heap after
Heap after GC invocations=19 (full 0):
 PSYoungGen      total 131584K, used 128K [0x00000000f5500000, 0x00000000ff480000, 0x0000000100000000)
  eden space 131072K, 0% used [0x00000000f5500000,0x00000000f5500000,0x00000000fd500000)
  from space 512K, 25% used [0x00000000fdc80000,0x00000000fdca0000,0x00000000fdd00000)
  to   space 12800K, 0% used [0x00000000fe800000,0x00000000fe800000,0x00000000ff480000)
 ParOldGen       total 83456K, used 64963K [0x00000000e0000000, 0x00000000e5180000, 0x00000000f5500000)
  object space 83456K, 77% used [0x00000000e0000000,0x00000000e3f70e00,0x00000000e5180000)
 PSPermGen       total 90112K, used 90076K [0x00000000d5a00000, 0x00000000db200000, 0x00000000e0000000)
  object space 90112K, 99% used [0x00000000d5a00000,0x00000000db1f7288,0x00000000db200000)
}
Event: 87.505 GC heap before
{Heap before GC invocations=20 (full 1):
 PSYoungGen      total 131584K, used 128K [0x00000000f5500000, 0x00000000ff480000, 0x0000000100000000)
  eden space 131072K, 0% used [0x00000000f5500000,0x00000000f5500000,0x00000000fd500000)
  from space 512K, 25% used [0x00000000fdc80000,0x00000000fdca0000,0x00000000fdd00000)
  to   space 12800K, 0% used [0x00000000fe800000,0x00000000fe800000,0x00000000ff480000)
 ParOldGen       total 83456K, used 64963K [0x00000000e0000000, 0x00000000e5180000, 0x00000000f5500000)
  object space 83456K, 77% used [0x00000000e0000000,0x00000000e3f70e00,0x00000000e5180000)
 PSPermGen       total 90112K, used 90076K [0x00000000d5a00000, 0x00000000db200000, 0x00000000e0000000)
  object space 90112K, 99% used [0x00000000d5a00000,0x00000000db1f7288,0x00000000db200000)
Event: 87.641 GC heap after
Heap after GC invocations=20 (full 1):
 PSYoungGen      total 131584K, used 0K [0x00000000f5500000, 0x00000000ff480000, 0x0000000100000000)
  eden space 131072K, 0% used [0x00000000f5500000,0x00000000f5500000,0x00000000fd500000)
  from space 512K, 0% used [0x00000000fdc80000,0x00000000fdc80000,0x00000000fdd00000)
  to   space 12800K, 0% used [0x00000000fe800000,0x00000000fe800000,0x00000000ff480000)
 ParOldGen       total 83456K, used 14810K [0x00000000e0000000, 0x00000000e5180000, 0x00000000f5500000)
  object space 83456K, 17% used [0x00000000e0000000,0x00000000e0e76ac0,0x00000000e5180000)
 PSPermGen       total 102912K, used 12632K [0x00000000d5a00000, 0x00000000dbe80000, 0x00000000e0000000)
  object space 102912K, 12% used [0x00000000d5a00000,0x00000000d6656280,0x00000000dbe80000)
}
Event: 87.643 GC heap before
{Heap before GC invocations=21 (full 1):
 PSYoungGen      total 131584K, used 0K [0x00000000f5500000, 0x00000000ff480000, 0x0000000100000000)
  eden space 131072K, 0% used [0x00000000f5500000,0x00000000f5500000,0x00000000fd500000)
  from space 512K, 0% used [0x00000000fdc80000,0x00000000fdc80000,0x00000000fdd00000)
  to   space 12800K, 0% used [0x00000000fe800000,0x00000000fe800000,0x00000000ff480000)
 ParOldGen       total 83456K, used 14810K [0x00000000e0000000, 0x00000000e5180000, 0x00000000f5500000)
  object space 83456K, 17% used [0x00000000e0000000,0x00000000e0e76ac0,0x00000000e5180000)
 PSPermGen       total 102912K, used 12632K [0x00000000d5a00000, 0x00000000dbe80000, 0x00000000e0000000)
  object space 102912K, 12% used [0x00000000d5a00000,0x00000000d6656280,0x00000000dbe80000)
Event: 87.647 GC heap after
Heap after GC invocations=21 (full 1):
 PSYoungGen      total 138240K, used 0K [0x00000000f5500000, 0x00000000fef00000, 0x0000000100000000)
  eden space 131072K, 0% used [0x00000000f5500000,0x00000000f5500000,0x00000000fd500000)
  from space 7168K, 0% used [0x00000000fe800000,0x00000000fe800000,0x00000000fef00000)
  to   space 13312K, 0% used [0x00000000fd500000,0x00000000fd500000,0x00000000fe200000)
 ParOldGen       total 83456K, used 14810K [0x00000000e0000000, 0x00000000e5180000, 0x00000000f5500000)
  object space 83456K, 17% used [0x00000000e0000000,0x00000000e0e76ac0,0x00000000e5180000)
 PSPermGen       total 102912K, used 12632K [0x00000000d5a00000, 0x00000000dbe80000, 0x00000000e0000000)
  object space 102912K, 12% used [0x00000000d5a00000,0x00000000d6656280,0x00000000dbe80000)
}
Event: 87.647 GC heap before
{Heap before GC invocations=22 (full 2):
 PSYoungGen      total 138240K, used 0K [0x00000000f5500000, 0x00000000fef00000, 0x0000000100000000)
  eden space 131072K, 0% used [0x00000000f5500000,0x00000000f5500000,0x00000000fd500000)
  from space 7168K, 0% used [0x00000000fe800000,0x00000000fe800000,0x00000000fef00000)
  to   space 13312K, 0% used [0x00000000fd500000,0x00000000fd500000,0x00000000fe200000)
 ParOldGen       total 83456K, used 14810K [0x00000000e0000000, 0x00000000e5180000, 0x00000000f5500000)
  object space 83456K, 17% used [0x00000000e0000000,0x00000000e0e76ac0,0x00000000e5180000)
 PSPermGen       total 102912K, used 12632K [0x00000000d5a00000, 0x00000000dbe80000, 0x00000000e0000000)
  object space 102912K, 12% used [0x00000000d5a00000,0x00000000d6656280,0x00000000dbe80000)

Deoptimization events (10 events):
Event: 87.156 Thread 0x00007f8040003000 Uncommon trap: reason=unreached action=reinterpret pc=0x00007f808523be08 method=java.util.concurrent.ConcurrentHashMap$Segment.remove(Ljava/lang/Object;ILjava/lang/Object;)Ljava/lang/Object; @ 113
Event: 87.313 Thread 0x00007f804464f800 Uncommon trap: reason=class_check action=maybe_recompile pc=0x00007f8085211720 method=java.util.Collections.sort(Ljava/util/List;)V @ 1
Event: 87.361 Thread 0x00007f808807c000 Uncommon trap: reason=class_check action=maybe_recompile pc=0x00007f80851adf54 method=java.lang.System$2.invokeFinalize(Ljava/lang/Object;)V @ 1
Event: 87.437 Thread 0x00007f804464f800 Uncommon trap: reason=bimorphic action=maybe_recompile pc=0x00007f808520fb58 method=java.util.ArrayList.<init>(Ljava/util/Collection;)V @ 6
Event: 87.437 Thread 0x00007f804464f800 Uncommon trap: reason=class_check action=maybe_recompile pc=0x00007f8085211720 method=java.util.Collections.sort(Ljava/util/List;)V @ 1
Event: 87.438 Thread 0x00007f804464f800 Uncommon trap: reason=class_check action=maybe_recompile pc=0x00007f80850b74b8 method=java.util.Hashtable.get(Ljava/lang/Object;)Ljava/lang/Object; @ 46
Event: 87.438 Thread 0x00007f804464f800 Uncommon trap: reason=unreached action=reinterpret pc=0x00007f80850d073c method=java.lang.ThreadLocal$ThreadLocalMap.getEntry(Ljava/lang/ThreadLocal;)Ljava/lang/ThreadLocal$ThreadLocalMap$Entry; @ 21
Event: 87.441 Thread 0x00007f804464f800 Uncommon trap: reason=class_check action=maybe_recompile pc=0x00007f80850b74b8 method=java.util.Hashtable.get(Ljava/lang/Object;)Ljava/lang/Object; @ 46
Event: 87.441 Thread 0x00007f804464f800 Uncommon trap: reason=class_check action=maybe_recompile pc=0x00007f80850b74b8 method=java.util.Hashtable.get(Ljava/lang/Object;)Ljava/lang/Object; @ 46
Event: 87.441 Thread 0x00007f804464f800 Uncommon trap: reason=class_check action=maybe_recompile pc=0x00007f80850b74b8 method=java.util.Hashtable.get(Ljava/lang/Object;)Ljava/lang/Object; @ 46

Internal exceptions (10 events):
Event: 87.443 Thread 0x00007f804464f800 Threw 0x00000000f55d0800 at /build/buildd/openjdk-7-7u71-2.5.3/build/openjdk/hotspot/src/share/vm/prims/jvm.cpp:1284
Event: 87.443 Thread 0x00007f804464f800 Threw 0x00000000f55d0c20 at /build/buildd/openjdk-7-7u71-2.5.3/build/openjdk/hotspot/src/share/vm/prims/jvm.cpp:1284
Event: 87.443 Thread 0x00007f804464f800 Threw 0x00000000f55d2c40 at /build/buildd/openjdk-7-7u71-2.5.3/build/openjdk/hotspot/src/share/vm/prims/jvm.cpp:1284
Event: 87.443 Thread 0x00007f804464f800 Threw 0x00000000f55d3060 at /build/buildd/openjdk-7-7u71-2.5.3/build/openjdk/hotspot/src/share/vm/prims/jvm.cpp:1284
Event: 87.443 Thread 0x00007f804464f800 Threw 0x00000000f55d4190 at /build/buildd/openjdk-7-7u71-2.5.3/build/openjdk/hotspot/src/share/vm/prims/jvm.cpp:1284
Event: 87.443 Thread 0x00007f804464f800 Threw 0x00000000f55d45b0 at /build/buildd/openjdk-7-7u71-2.5.3/build/openjdk/hotspot/src/share/vm/prims/jvm.cpp:1284
Event: 87.443 Thread 0x00007f804464f800 Threw 0x00000000f55d6168 at /build/buildd/openjdk-7-7u71-2.5.3/build/openjdk/hotspot/src/share/vm/prims/jvm.cpp:1284
Event: 87.443 Thread 0x00007f804464f800 Threw 0x00000000f55d6508 at /build/buildd/openjdk-7-7u71-2.5.3/build/openjdk/hotspot/src/share/vm/prims/jvm.cpp:1284
Event: 87.443 Thread 0x00007f804464f800 Threw 0x00000000f55d71a8 at /build/buildd/openjdk-7-7u71-2.5.3/build/openjdk/hotspot/src/share/vm/prims/jvm.cpp:1284
Event: 87.443 Thread 0x00007f804464f800 Threw 0x00000000f55d7548 at /build/buildd/openjdk-7-7u71-2.5.3/build/openjdk/hotspot/src/share/vm/prims/jvm.cpp:1284

Events (10 events):
Event: 87.443 loading class 0x00007f8044341a90 done
Event: 87.443 loading class 0x00007f8044341a90
Event: 87.443 loading class 0x00007f8044341a90 done
Event: 87.443 loading class 0x00007f8044021fc0
Event: 87.443 loading class 0x00007f8044021fc0 done
Event: 87.443 loading class 0x00007f8044021fc0
Event: 87.443 loading class 0x00007f8044021fc0 done
Event: 87.457 Executing VM operation: ParallelGCSystemGC
Event: 87.642 Executing VM operation: ParallelGCSystemGC done
Event: 87.643 Executing VM operation: ParallelGCSystemGC


Dynamic libraries:
00400000-00401000 r-xp 00000000 08:05 2511838                            /usr/lib/jvm/java-7-openjdk-amd64/jre/bin/java
00600000-00601000 r--p 00000000 08:05 2511838                            /usr/lib/jvm/java-7-openjdk-amd64/jre/bin/java
00601000-00602000 rw-p 00001000 08:05 2511838                            /usr/lib/jvm/java-7-openjdk-amd64/jre/bin/java
01266000-01287000 rw-p 00000000 00:00 0                                  [heap]
d5a00000-dbe80000 rw-p 00000000 00:00 0 
dd480000-e0000000 rw-p 00000000 00:00 0 
e0000000-e5180000 rw-p 00000000 00:00 0 
e5180000-f5500000 rw-p 00000000 00:00 0 
f5500000-fef00000 rw-p 00000000 00:00 0 
fef00000-100000000 ---p 00000000 00:00 0 
7f8030000000-7f8030021000 rw-p 00000000 00:00 0 
7f8030021000-7f8034000000 ---p 00000000 00:00 0 
7f8034000000-7f8034021000 rw-p 00000000 00:00 0 
7f8034021000-7f8038000000 ---p 00000000 00:00 0 
7f8038000000-7f8038021000 rw-p 00000000 00:00 0 
7f8038021000-7f803c000000 ---p 00000000 00:00 0 
7f803c000000-7f803c021000 rw-p 00000000 00:00 0 
7f803c021000-7f8040000000 ---p 00000000 00:00 0 
7f8040000000-7f8040021000 rw-p 00000000 00:00 0 
7f8040021000-7f8044000000 ---p 00000000 00:00 0 
7f8044000000-7f8044974000 rw-p 00000000 00:00 0 
7f8044974000-7f8048000000 ---p 00000000 00:00 0 
7f8048000000-7f8048021000 rw-p 00000000 00:00 0 
7f8048021000-7f804c000000 ---p 00000000 00:00 0 
7f804c000000-7f804c021000 rw-p 00000000 00:00 0 
7f804c021000-7f8050000000 ---p 00000000 00:00 0 
7f8050000000-7f805086f000 rw-p 00000000 00:00 0 
7f805086f000-7f8054000000 ---p 00000000 00:00 0 
7f8054000000-7f8054021000 rw-p 00000000 00:00 0 
7f8054021000-7f8058000000 ---p 00000000 00:00 0 
7f8058000000-7f8058021000 rw-p 00000000 00:00 0 
7f8058021000-7f805c000000 ---p 00000000 00:00 0 
7f805c000000-7f805cb55000 rw-p 00000000 00:00 0 
7f805cb55000-7f8060000000 ---p 00000000 00:00 0 
7f8060000000-7f8060021000 rw-p 00000000 00:00 0 
7f8060021000-7f8064000000 ---p 00000000 00:00 0 
7f8064000000-7f8064021000 rw-p 00000000 00:00 0 
7f8064021000-7f8068000000 ---p 00000000 00:00 0 
7f8068000000-7f8068021000 rw-p 00000000 00:00 0 
7f8068021000-7f806c000000 ---p 00000000 00:00 0 
7f806c000000-7f806c240000 rw-p 00000000 00:00 0 
7f806c240000-7f8070000000 ---p 00000000 00:00 0 
7f8070000000-7f8070021000 rw-p 00000000 00:00 0 
7f8070021000-7f8074000000 ---p 00000000 00:00 0 
7f80757c3000-7f80757c6000 ---p 00000000 00:00 0 
7f80757c6000-7f80758c4000 rw-p 00000000 00:00 0 
7f80758c4000-7f80758c7000 ---p 00000000 00:00 0 
7f80758c7000-7f80759c5000 rw-p 00000000 00:00 0 
7f80759c5000-7f80759c8000 ---p 00000000 00:00 0 
7f80759c8000-7f8075ac6000 rw-p 00000000 00:00 0 
7f8075ac6000-7f8075ac9000 ---p 00000000 00:00 0 
7f8075ac9000-7f8075bc7000 rw-p 00000000 00:00 0 
7f8075bc7000-7f8075bcc000 r-xp 00000000 08:05 2103810                    /lib/x86_64-linux-gnu/libnss_dns-2.19.so
7f8075bcc000-7f8075dcb000 ---p 00005000 08:05 2103810                    /lib/x86_64-linux-gnu/libnss_dns-2.19.so
7f8075dcb000-7f8075dcc000 r--p 00004000 08:05 2103810                    /lib/x86_64-linux-gnu/libnss_dns-2.19.so
7f8075dcc000-7f8075dcd000 rw-p 00005000 08:05 2103810                    /lib/x86_64-linux-gnu/libnss_dns-2.19.so
7f8075dcd000-7f8075dcf000 r-xp 00000000 08:05 2104538                    /lib/x86_64-linux-gnu/libnss_mdns4_minimal.so.2
7f8075dcf000-7f8075fce000 ---p 00002000 08:05 2104538                    /lib/x86_64-linux-gnu/libnss_mdns4_minimal.so.2
7f8075fce000-7f8075fcf000 r--p 00001000 08:05 2104538                    /lib/x86_64-linux-gnu/libnss_mdns4_minimal.so.2
7f8075fcf000-7f8075fd0000 rw-p 00002000 08:05 2104538                    /lib/x86_64-linux-gnu/libnss_mdns4_minimal.so.2
7f8075fd0000-7f8075fd3000 ---p 00000000 00:00 0 
7f8075fd3000-7f80760d1000 rw-p 00000000 00:00 0 
7f80760d1000-7f80760d4000 ---p 00000000 00:00 0 
7f80760d4000-7f80761d2000 rw-p 00000000 00:00 0                          [stack:12873]
7f80761d2000-7f807623e000 r-xp 00000000 08:05 2104562                    /lib/x86_64-linux-gnu/libpcre.so.3.13.1
7f807623e000-7f807643d000 ---p 0006c000 08:05 2104562                    /lib/x86_64-linux-gnu/libpcre.so.3.13.1
7f807643d000-7f807643e000 r--p 0006b000 08:05 2104562                    /lib/x86_64-linux-gnu/libpcre.so.3.13.1
7f807643e000-7f807643f000 rw-p 0006c000 08:05 2104562                    /lib/x86_64-linux-gnu/libpcre.so.3.13.1
7f807643f000-7f8076460000 r-xp 00000000 08:05 2104589                    /lib/x86_64-linux-gnu/libselinux.so.1
7f8076460000-7f807665f000 ---p 00021000 08:05 2104589                    /lib/x86_64-linux-gnu/libselinux.so.1
7f807665f000-7f8076660000 r--p 00020000 08:05 2104589                    /lib/x86_64-linux-gnu/libselinux.so.1
7f8076660000-7f8076661000 rw-p 00021000 08:05 2104589                    /lib/x86_64-linux-gnu/libselinux.so.1
7f8076661000-7f8076663000 rw-p 00000000 00:00 0 
7f8076663000-7f8076666000 r-xp 00000000 08:05 2490776                    /usr/lib/x86_64-linux-gnu/libgmodule-2.0.so.0.4200.1
7f8076666000-7f8076865000 ---p 00003000 08:05 2490776                    /usr/lib/x86_64-linux-gnu/libgmodule-2.0.so.0.4200.1
7f8076865000-7f8076866000 r--p 00002000 08:05 2490776                    /usr/lib/x86_64-linux-gnu/libgmodule-2.0.so.0.4200.1
7f8076866000-7f8076867000 rw-p 00003000 08:05 2490776                    /usr/lib/x86_64-linux-gnu/libgmodule-2.0.so.0.4200.1
7f8076867000-7f8076973000 r-xp 00000000 08:05 2103771                    /lib/x86_64-linux-gnu/libglib-2.0.so.0.4200.1
7f8076973000-7f8076b73000 ---p 0010c000 08:05 2103771                    /lib/x86_64-linux-gnu/libglib-2.0.so.0.4200.1
7f8076b73000-7f8076b74000 r--p 0010c000 08:05 2103771                    /lib/x86_64-linux-gnu/libglib-2.0.so.0.4200.1
7f8076b74000-7f8076b75000 rw-p 0010d000 08:05 2103771                    /lib/x86_64-linux-gnu/libglib-2.0.so.0.4200.1
7f8076b75000-7f8076b76000 rw-p 00000000 00:00 0 
7f8076b76000-7f8076bc6000 r-xp 00000000 08:05 2490755                    /usr/lib/x86_64-linux-gnu/libgobject-2.0.so.0.4200.1
7f8076bc6000-7f8076dc6000 ---p 00050000 08:05 2490755                    /usr/lib/x86_64-linux-gnu/libgobject-2.0.so.0.4200.1
7f8076dc6000-7f8076dc7000 r--p 00050000 08:05 2490755                    /usr/lib/x86_64-linux-gnu/libgobject-2.0.so.0.4200.1
7f8076dc7000-7f8076dc8000 rw-p 00051000 08:05 2490755                    /usr/lib/x86_64-linux-gnu/libgobject-2.0.so.0.4200.1
7f8076dc8000-7f8076f39000 r-xp 00000000 08:05 2490773                    /usr/lib/x86_64-linux-gnu/libgio-2.0.so.0.4200.1
7f8076f39000-7f8077139000 ---p 00171000 08:05 2490773                    /usr/lib/x86_64-linux-gnu/libgio-2.0.so.0.4200.1
7f8077139000-7f807713d000 r--p 00171000 08:05 2490773                    /usr/lib/x86_64-linux-gnu/libgio-2.0.so.0.4200.1
7f807713d000-7f807713f000 rw-p 00175000 08:05 2490773                    /usr/lib/x86_64-linux-gnu/libgio-2.0.so.0.4200.1
7f807713f000-7f8077141000 rw-p 00000000 00:00 0 
7f8077141000-7f8077158000 r-xp 00000000 08:05 2511761                    /usr/lib/jvm/java-7-openjdk-amd64/jre/lib/amd64/libnet.so
7f8077158000-7f8077357000 ---p 00017000 08:05 2511761                    /usr/lib/jvm/java-7-openjdk-amd64/jre/lib/amd64/libnet.so
7f8077357000-7f8077358000 r--p 00016000 08:05 2511761                    /usr/lib/jvm/java-7-openjdk-amd64/jre/lib/amd64/libnet.so
7f8077358000-7f8077359000 rw-p 00017000 08:05 2511761                    /usr/lib/jvm/java-7-openjdk-amd64/jre/lib/amd64/libnet.so
7f8077359000-7f807736a000 r-xp 00000000 08:05 2511783                    /usr/lib/jvm/java-7-openjdk-amd64/jre/lib/amd64/libnio.so
7f807736a000-7f8077569000 ---p 00011000 08:05 2511783                    /usr/lib/jvm/java-7-openjdk-amd64/jre/lib/amd64/libnio.so
7f8077569000-7f807756a000 r--p 00010000 08:05 2511783                    /usr/lib/jvm/java-7-openjdk-amd64/jre/lib/amd64/libnio.so
7f807756a000-7f807756b000 rw-p 00011000 08:05 2511783                    /usr/lib/jvm/java-7-openjdk-amd64/jre/lib/amd64/libnio.so
7f807756b000-7f8077572000 r-xp 00000000 08:05 2503107                    /usr/lib/x86_64-linux-gnu/libffi.so.6.0.2
7f8077572000-7f8077771000 ---p 00007000 08:05 2503107                    /usr/lib/x86_64-linux-gnu/libffi.so.6.0.2
7f8077771000-7f8077772000 r--p 00006000 08:05 2503107                    /usr/lib/x86_64-linux-gnu/libffi.so.6.0.2
7f8077772000-7f8077773000 rw-p 00007000 08:05 2503107                    /usr/lib/x86_64-linux-gnu/libffi.so.6.0.2
7f8077773000-7f807778a000 r-xp 00000000 08:05 2103820                    /lib/x86_64-linux-gnu/libresolv-2.19.so
7f807778a000-7f807798a000 ---p 00017000 08:05 2103820                    /lib/x86_64-linux-gnu/libresolv-2.19.so
7f807798a000-7f807798b000 r--p 00017000 08:05 2103820                    /lib/x86_64-linux-gnu/libresolv-2.19.so
7f807798b000-7f807798c000 rw-p 00018000 08:05 2103820                    /lib/x86_64-linux-gnu/libresolv-2.19.so
7f807798c000-7f807798e000 rw-p 00000000 00:00 0 
7f807798e000-7f8077991000 r-xp 00000000 08:05 2104498                    /lib/x86_64-linux-gnu/libkeyutils.so.1.5
7f8077991000-7f8077b90000 ---p 00003000 08:05 2104498                    /lib/x86_64-linux-gnu/libkeyutils.so.1.5
7f8077b90000-7f8077b91000 r--p 00002000 08:05 2104498                    /lib/x86_64-linux-gnu/libkeyutils.so.1.5
7f8077b91000-7f8077b92000 rw-p 00003000 08:05 2104498                    /lib/x86_64-linux-gnu/libkeyutils.so.1.5
7f8077b92000-7f8077bb7000 r-xp 00000000 08:05 2104574                    /lib/x86_64-linux-gnu/libpng12.so.0.51.0
7f8077bb7000-7f8077db6000 ---p 00025000 08:05 2104574                    /lib/x86_64-linux-gnu/libpng12.so.0.51.0
7f8077db6000-7f8077db7000 r--p 00024000 08:05 2104574                    /lib/x86_64-linux-gnu/libpng12.so.0.51.0
7f8077db7000-7f8077db8000 rw-p 00025000 08:05 2104574                    /lib/x86_64-linux-gnu/libpng12.so.0.51.0
7f8077db8000-7f8077dfe000 r-xp 00000000 08:05 2103488                    /lib/x86_64-linux-gnu/libdbus-1.so.3.8.7
7f8077dfe000-7f8077ffd000 ---p 00046000 08:05 2103488                    /lib/x86_64-linux-gnu/libdbus-1.so.3.8.7
7f8077ffd000-7f8077fff000 r--p 00045000 08:05 2103488                    /lib/x86_64-linux-gnu/libdbus-1.so.3.8.7
7f8077fff000-7f8078000000 rw-p 00047000 08:05 2103488                    /lib/x86_64-linux-gnu/libdbus-1.so.3.8.7
7f8078000000-7f8078021000 rw-p 00000000 00:00 0 
7f8078021000-7f807c000000 ---p 00000000 00:00 0 
7f807c006000-7f807c009000 ---p 00000000 00:00 0 
7f807c009000-7f807c107000 rw-p 00000000 00:00 0 
7f807c107000-7f807c185000 r-xp 00000000 08:05 2503220                    /usr/lib/x86_64-linux-gnu/libgmp.so.10.2.0
7f807c185000-7f807c385000 ---p 0007e000 08:05 2503220                    /usr/lib/x86_64-linux-gnu/libgmp.so.10.2.0
7f807c385000-7f807c386000 r--p 0007e000 08:05 2503220                    /usr/lib/x86_64-linux-gnu/libgmp.so.10.2.0
7f807c386000-7f807c387000 rw-p 0007f000 08:05 2503220                    /usr/lib/x86_64-linux-gnu/libgmp.so.10.2.0
7f807c387000-7f807c3b3000 r-xp 00000000 08:05 2503377                    /usr/lib/x86_64-linux-gnu/libhogweed.so.2.5
7f807c3b3000-7f807c5b3000 ---p 0002c000 08:05 2503377                    /usr/lib/x86_64-linux-gnu/libhogweed.so.2.5
7f807c5b3000-7f807c5b4000 r--p 0002c000 08:05 2503377                    /usr/lib/x86_64-linux-gnu/libhogweed.so.2.5
7f807c5b4000-7f807c5b5000 rw-p 0002d000 08:05 2503377                    /usr/lib/x86_64-linux-gnu/libhogweed.so.2.5
7f807c5b5000-7f807c5e4000 r-xp 00000000 08:05 2503514                    /usr/lib/x86_64-linux-gnu/libnettle.so.4.7
7f807c5e4000-7f807c7e4000 ---p 0002f000 08:05 2503514                    /usr/lib/x86_64-linux-gnu/libnettle.so.4.7
7f807c7e4000-7f807c7e5000 r--p 0002f000 08:05 2503514                    /usr/lib/x86_64-linux-gnu/libnettle.so.4.7
7f807c7e5000-7f807c7e6000 rw-p 00030000 08:05 2503514                    /usr/lib/x86_64-linux-gnu/libnettle.so.4.7
7f807c7e6000-7f807c7f7000 r-xp 00000000 08:05 2503765                    /usr/lib/x86_64-linux-gnu/libtasn1.so.6.3.0
7f807c7f7000-7f807c9f6000 ---p 00011000 08:05 2503765                    /usr/lib/x86_64-linux-gnu/libtasn1.so.6.3.0
7f807c9f6000-7f807c9f7000 r--p 00010000 08:05 2503765                    /usr/lib/x86_64-linux-gnu/libtasn1.so.6.3.0
7f807c9f7000-7f807c9f8000 rw-p 00011000 08:05 2503765                    /usr/lib/x86_64-linux-gnu/libtasn1.so.6.3.0
7f807c9f8000-7f807ca33000 r-xp 00000000 08:05 2503564                    /usr/lib/x86_64-linux-gnu/libp11-kit.so.0.0.0
7f807ca33000-7f807cc32000 ---p 0003b000 08:05 2503564                    /usr/lib/x86_64-linux-gnu/libp11-kit.so.0.0.0
7f807cc32000-7f807cc38000 r--p 0003a000 08:05 2503564                    /usr/lib/x86_64-linux-gnu/libp11-kit.so.0.0.0
7f807cc38000-7f807cc3a000 rw-p 00040000 08:05 2503564                    /usr/lib/x86_64-linux-gnu/libp11-kit.so.0.0.0
7f807cc3a000-7f807cc44000 r-xp 00000000 08:05 2503442                    /usr/lib/x86_64-linux-gnu/libkrb5support.so.0.1
7f807cc44000-7f807ce43000 ---p 0000a000 08:05 2503442                    /usr/lib/x86_64-linux-gnu/libkrb5support.so.0.1
7f807ce43000-7f807ce44000 r--p 00009000 08:05 2503442                    /usr/lib/x86_64-linux-gnu/libkrb5support.so.0.1
7f807ce44000-7f807ce45000 rw-p 0000a000 08:05 2503442                    /usr/lib/x86_64-linux-gnu/libkrb5support.so.0.1
7f807ce45000-7f807ce48000 r-xp 00000000 08:05 2104462                    /lib/x86_64-linux-gnu/libcom_err.so.2.1
7f807ce48000-7f807d047000 ---p 00003000 08:05 2104462                    /lib/x86_64-linux-gnu/libcom_err.so.2.1
7f807d047000-7f807d048000 r--p 00002000 08:05 2104462                    /lib/x86_64-linux-gnu/libcom_err.so.2.1
7f807d048000-7f807d049000 rw-p 00003000 08:05 2104462                    /lib/x86_64-linux-gnu/libcom_err.so.2.1
7f807d049000-7f807d076000 r-xp 00000000 08:05 2503436                    /usr/lib/x86_64-linux-gnu/libk5crypto.so.3.1
7f807d076000-7f807d275000 ---p 0002d000 08:05 2503436                    /usr/lib/x86_64-linux-gnu/libk5crypto.so.3.1
7f807d275000-7f807d277000 r--p 0002c000 08:05 2503436                    /usr/lib/x86_64-linux-gnu/libk5crypto.so.3.1
7f807d277000-7f807d278000 rw-p 0002e000 08:05 2503436                    /usr/lib/x86_64-linux-gnu/libk5crypto.so.3.1
7f807d278000-7f807d279000 rw-p 00000000 00:00 0 
7f807d279000-7f807d339000 r-xp 00000000 08:05 2503440                    /usr/lib/x86_64-linux-gnu/libkrb5.so.3.3
7f807d339000-7f807d539000 ---p 000c0000 08:05 2503440                    /usr/lib/x86_64-linux-gnu/libkrb5.so.3.3
7f807d539000-7f807d546000 r--p 000c0000 08:05 2503440                    /usr/lib/x86_64-linux-gnu/libkrb5.so.3.3
7f807d546000-7f807d548000 rw-p 000cd000 08:05 2503440                    /usr/lib/x86_64-linux-gnu/libkrb5.so.3.3
7f807d548000-7f807d56e000 r-xp 00000000 08:05 2104475                    /lib/x86_64-linux-gnu/libexpat.so.1.6.0
7f807d56e000-7f807d76d000 ---p 00026000 08:05 2104475                    /lib/x86_64-linux-gnu/libexpat.so.1.6.0
7f807d76d000-7f807d770000 r--p 00025000 08:05 2104475                    /lib/x86_64-linux-gnu/libexpat.so.1.6.0
7f807d770000-7f807d771000 rw-p 00028000 08:05 2104475                    /lib/x86_64-linux-gnu/libexpat.so.1.6.0
7f807d771000-7f807d813000 r-xp 00000000 08:05 2503149                    /usr/lib/x86_64-linux-gnu/libfreetype.so.6.11.1
7f807d813000-7f807da12000 ---p 000a2000 08:05 2503149                    /usr/lib/x86_64-linux-gnu/libfreetype.so.6.11.1
7f807da12000-7f807da18000 r--p 000a1000 08:05 2503149                    /usr/lib/x86_64-linux-gnu/libfreetype.so.6.11.1
7f807da18000-7f807da19000 rw-p 000a7000 08:05 2503149                    /usr/lib/x86_64-linux-gnu/libfreetype.so.6.11.1
7f807da19000-7f807da29000 r-xp 00000000 08:05 2502911                    /usr/lib/x86_64-linux-gnu/libavahi-client.so.3.2.9
7f807da29000-7f807dc28000 ---p 00010000 08:05 2502911                    /usr/lib/x86_64-linux-gnu/libavahi-client.so.3.2.9
7f807dc28000-7f807dc29000 r--p 0000f000 08:05 2502911                    /usr/lib/x86_64-linux-gnu/libavahi-client.so.3.2.9
7f807dc29000-7f807dc2a000 rw-p 00010000 08:05 2502911                    /usr/lib/x86_64-linux-gnu/libavahi-client.so.3.2.9
7f807dc2a000-7f807dc35000 r-xp 00000000 08:05 2502913                    /usr/lib/x86_64-linux-gnu/libavahi-common.so.3.5.3
7f807dc35000-7f807de34000 ---p 0000b000 08:05 2502913                    /usr/lib/x86_64-linux-gnu/libavahi-common.so.3.5.3
7f807de34000-7f807de35000 r--p 0000a000 08:05 2502913                    /usr/lib/x86_64-linux-gnu/libavahi-common.so.3.5.3
7f807de35000-7f807de36000 rw-p 0000b000 08:05 2502913                    /usr/lib/x86_64-linux-gnu/libavahi-common.so.3.5.3
7f807de36000-7f807df35000 r-xp 00000000 08:05 2497998                    /usr/lib/x86_64-linux-gnu/libgnutls-deb0.so.28.30.7
7f807df35000-7f807e134000 ---p 000ff000 08:05 2497998                    /usr/lib/x86_64-linux-gnu/libgnutls-deb0.so.28.30.7
7f807e134000-7f807e13d000 r--p 000fe000 08:05 2497998                    /usr/lib/x86_64-linux-gnu/libgnutls-deb0.so.28.30.7
7f807e13d000-7f807e13f000 rw-p 00107000 08:05 2497998                    /usr/lib/x86_64-linux-gnu/libgnutls-deb0.so.28.30.7
7f807e13f000-7f807e184000 r-xp 00000000 08:05 2503265                    /usr/lib/x86_64-linux-gnu/libgssapi_krb5.so.2.2
7f807e184000-7f807e383000 ---p 00045000 08:05 2503265                    /usr/lib/x86_64-linux-gnu/libgssapi_krb5.so.2.2
7f807e383000-7f807e385000 r--p 00044000 08:05 2503265                    /usr/lib/x86_64-linux-gnu/libgssapi_krb5.so.2.2
7f807e385000-7f807e386000 rw-p 00046000 08:05 2503265                    /usr/lib/x86_64-linux-gnu/libgssapi_krb5.so.2.2
7f807e386000-7f807e387000 rw-p 00000000 00:00 0 
7f807e387000-7f807e3c2000 r-xp 00000000 08:05 2503121                    /usr/lib/x86_64-linux-gnu/libfontconfig.so.1.8.0
7f807e3c2000-7f807e5c1000 ---p 0003b000 08:05 2503121                    /usr/lib/x86_64-linux-gnu/libfontconfig.so.1.8.0
7f807e5c1000-7f807e5c3000 r--p 0003a000 08:05 2503121                    /usr/lib/x86_64-linux-gnu/libfontconfig.so.1.8.0
7f807e5c3000-7f807e5c4000 rw-p 0003c000 08:05 2503121                    /usr/lib/x86_64-linux-gnu/libfontconfig.so.1.8.0
7f807e5c4000-7f807e631000 r-xp 00000000 08:05 2503010                    /usr/lib/x86_64-linux-gnu/libcups.so.2
7f807e631000-7f807e831000 ---p 0006d000 08:05 2503010                    /usr/lib/x86_64-linux-gnu/libcups.so.2
7f807e831000-7f807e838000 r--p 0006d000 08:05 2503010                    /usr/lib/x86_64-linux-gnu/libcups.so.2
7f807e838000-7f807e839000 rw-p 00074000 08:05 2503010                    /usr/lib/x86_64-linux-gnu/libcups.so.2
7f807e839000-7f807e840000 r-xp 00000000 08:05 2511776                    /usr/lib/jvm/java-7-openjdk-amd64/jre/lib/amd64/headless/libmawt.so
7f807e840000-7f807ea3f000 ---p 00007000 08:05 2511776                    /usr/lib/jvm/java-7-openjdk-amd64/jre/lib/amd64/headless/libmawt.so
7f807ea3f000-7f807ea40000 r--p 00006000 08:05 2511776                    /usr/lib/jvm/java-7-openjdk-amd64/jre/lib/amd64/headless/libmawt.so
7f807ea40000-7f807ea41000 rw-p 00007000 08:05 2511776                    /usr/lib/jvm/java-7-openjdk-amd64/jre/lib/amd64/headless/libmawt.so
7f807ea41000-7f807eae1000 r-xp 00000000 08:05 2511790                    /usr/lib/jvm/java-7-openjdk-amd64/jre/lib/amd64/libawt.so
7f807eae1000-7f807ece1000 ---p 000a0000 08:05 2511790                    /usr/lib/jvm/java-7-openjdk-amd64/jre/lib/amd64/libawt.so
7f807ece1000-7f807ece2000 r--p 000a0000 08:05 2511790                    /usr/lib/jvm/java-7-openjdk-amd64/jre/lib/amd64/libawt.so
7f807ece2000-7f807eced000 rw-p 000a1000 08:05 2511790                    /usr/lib/jvm/java-7-openjdk-amd64/jre/lib/amd64/libawt.so
7f807eced000-7f807ed12000 rw-p 00000000 00:00 0 
7f807ed12000-7f807ed13000 ---p 00000000 00:00 0 
7f807ed13000-7f807ee13000 rw-p 00000000 00:00 0                          [stack:12804]
7f807ee13000-7f807ee16000 ---p 00000000 00:00 0 
7f807ee16000-7f807ef14000 rw-p 00000000 00:00 0                          [stack:12802]
7f807ef14000-7f807ef17000 ---p 00000000 00:00 0 
7f807ef17000-7f807f015000 rw-p 00000000 00:00 0                          [stack:12797]
7f807f015000-7f807f018000 ---p 00000000 00:00 0 
7f807f018000-7f807f116000 rw-p 00000000 00:00 0                          [stack:12795]
7f807f116000-7f807f119000 ---p 00000000 00:00 0 
7f807f119000-7f807f217000 rw-p 00000000 00:00 0                          [stack:12792]
7f807f217000-7f807f8f9000 r--p 00000000 08:05 2499634                    /usr/lib/locale/locale-archive
7f807f8f9000-7f807f8fc000 ---p 00000000 00:00 0 
7f807f8fc000-7f807f9fa000 rw-p 00000000 00:00 0                          [stack:12741]
7f807f9fa000-7f807f9fd000 ---p 00000000 00:00 0 
7f807f9fd000-7f807fafb000 rw-p 00000000 00:00 0                          [stack:12705]
7f807fafb000-7f807fafc000 ---p 00000000 00:00 0 
7f807fafc000-7f8080000000 rw-p 00000000 00:00 0                          [stack:12686]
7f8080000000-7f8080021000 rw-p 00000000 00:00 0 
7f8080021000-7f8084000000 ---p 00000000 00:00 0 
7f8084021000-7f8084052000 rw-p 00000000 00:00 0 
7f8084070000-7f8084071000 rw-p 00000000 00:00 0 
7f8084071000-7f8084075000 r--s 00023000 00:26 1447793                    /home/oliver/projects/robocode/libs/robocode.ui.editor-1.9.2.4.jar
7f8084075000-7f808407d000 r--s 0014d000 00:26 1447794                    /home/oliver/projects/robocode/libs/robocode.ui-1.9.2.4.jar
7f808407d000-7f808407f000 r--s 00014000 00:26 1447791                    /home/oliver/projects/robocode/libs/robocode.host-1.9.2.4.jar
7f808407f000-7f8084083000 r--s 00027000 00:26 1447790                    /home/oliver/projects/robocode/libs/robocode.battle-1.9.2.4.jar
7f8084083000-7f808408d000 r--s 00203000 08:05 2511797                    /usr/lib/jvm/java-7-openjdk-amd64/jre/lib/charsets.jar
7f808408d000-7f8084c86000 rw-p 00000000 00:00 0 
7f8084c86000-7f8084e37000 r--s 01d25000 08:05 2511823                    /usr/lib/jvm/java-7-openjdk-amd64/jre/lib/rt.jar
7f8084e37000-7f8085000000 rw-p 00000000 00:00 0 
7f8085000000-7f8085270000 rwxp 00000000 00:00 0 
7f8085270000-7f8088308000 rw-p 00000000 00:00 0 
7f8088308000-7f808c000000 ---p 00000000 00:00 0 
7f808c000000-7f808c002000 r--s 0000d000 00:26 1447792                    /home/oliver/projects/robocode/libs/robocode.repository-1.9.2.4.jar
7f808c002000-7f808c003000 r--s 00021000 00:26 1447795                    /home/oliver/projects/robocode/libs/robocode.sound-1.9.2.4.jar
7f808c003000-7f808c00b000 r--s 00048000 00:26 1447788                    /home/oliver/projects/robocode/libs/picocontainer-2.14.2.jar
7f808c00b000-7f808c013000 r--s 00059000 00:26 1447789                    /home/oliver/projects/robocode/libs/codesize-1.1.jar
7f808c013000-7f808d5c6000 rw-p 00000000 00:00 0 
7f808d5c6000-7f808d5c7000 ---p 00000000 00:00 0 
7f808d5c7000-7f808d6c7000 rw-p 00000000 00:00 0                          [stack:12674]
7f808d6c7000-7f808d6c8000 ---p 00000000 00:00 0 
7f808d6c8000-7f808d7c8000 rw-p 00000000 00:00 0                          [stack:12658]
7f808d7c8000-7f808d7c9000 ---p 00000000 00:00 0 
7f808d7c9000-7f808d8c9000 rw-p 00000000 00:00 0                          [stack:12624]
7f808d8c9000-7f808d8ca000 ---p 00000000 00:00 0 
7f808d8ca000-7f808d9fd000 rw-p 00000000 00:00 0                          [stack:12614]
7f808d9fd000-7f808da1d000 rw-p 00000000 00:00 0 
7f808da1d000-7f808da46000 rw-p 00000000 00:00 0 
7f808da46000-7f808dac8000 rw-p 00000000 00:00 0 
7f808dac8000-7f808dafb000 rw-p 00000000 00:00 0 
7f808dafb000-7f808db1b000 rw-p 00000000 00:00 0 
7f808db1b000-7f808db44000 rw-p 00000000 00:00 0 
7f808db44000-7f808dbc5000 rw-p 00000000 00:00 0 
7f808dbc5000-7f808dc13000 rw-p 00000000 00:00 0 
7f808dc13000-7f808dc1b000 ---p 00000000 00:00 0 
7f808dc1b000-7f808dc1c000 rw-p 00000000 00:00 0 
7f808dc1c000-7f808dc24000 r-xp 00000000 08:05 2511755                    /usr/lib/jvm/java-7-openjdk-amd64/jre/lib/amd64/libzip.so
7f808dc24000-7f808de23000 ---p 00008000 08:05 2511755                    /usr/lib/jvm/java-7-openjdk-amd64/jre/lib/amd64/libzip.so
7f808de23000-7f808de24000 r--p 00007000 08:05 2511755                    /usr/lib/jvm/java-7-openjdk-amd64/jre/lib/amd64/libzip.so
7f808de24000-7f808de25000 rw-p 00008000 08:05 2511755                    /usr/lib/jvm/java-7-openjdk-amd64/jre/lib/amd64/libzip.so
7f808de25000-7f808de30000 r-xp 00000000 08:05 2103824                    /lib/x86_64-linux-gnu/libnss_files-2.19.so
7f808de30000-7f808e02f000 ---p 0000b000 08:05 2103824                    /lib/x86_64-linux-gnu/libnss_files-2.19.so
7f808e02f000-7f808e030000 r--p 0000a000 08:05 2103824                    /lib/x86_64-linux-gnu/libnss_files-2.19.so
7f808e030000-7f808e031000 rw-p 0000b000 08:05 2103824                    /lib/x86_64-linux-gnu/libnss_files-2.19.so
7f808e031000-7f808e03c000 r-xp 00000000 08:05 2103816                    /lib/x86_64-linux-gnu/libnss_nis-2.19.so
7f808e03c000-7f808e23b000 ---p 0000b000 08:05 2103816                    /lib/x86_64-linux-gnu/libnss_nis-2.19.so
7f808e23b000-7f808e23c000 r--p 0000a000 08:05 2103816                    /lib/x86_64-linux-gnu/libnss_nis-2.19.so
7f808e23c000-7f808e23d000 rw-p 0000b000 08:05 2103816                    /lib/x86_64-linux-gnu/libnss_nis-2.19.so
7f808e23d000-7f808e254000 r-xp 00000000 08:05 2103807                    /lib/x86_64-linux-gnu/libnsl-2.19.so
7f808e254000-7f808e453000 ---p 00017000 08:05 2103807                    /lib/x86_64-linux-gnu/libnsl-2.19.so
7f808e453000-7f808e454000 r--p 00016000 08:05 2103807                    /lib/x86_64-linux-gnu/libnsl-2.19.so
7f808e454000-7f808e455000 rw-p 00017000 08:05 2103807                    /lib/x86_64-linux-gnu/libnsl-2.19.so
7f808e455000-7f808e457000 rw-p 00000000 00:00 0 
7f808e457000-7f808e460000 r-xp 00000000 08:05 2103812                    /lib/x86_64-linux-gnu/libnss_compat-2.19.so
7f808e460000-7f808e65f000 ---p 00009000 08:05 2103812                    /lib/x86_64-linux-gnu/libnss_compat-2.19.so
7f808e65f000-7f808e660000 r--p 00008000 08:05 2103812                    /lib/x86_64-linux-gnu/libnss_compat-2.19.so
7f808e660000-7f808e661000 rw-p 00009000 08:05 2103812                    /lib/x86_64-linux-gnu/libnss_compat-2.19.so
7f808e661000-7f808e68e000 r-xp 00000000 08:05 2511752                    /usr/lib/jvm/java-7-openjdk-amd64/jre/lib/amd64/libjava.so
7f808e68e000-7f808e88d000 ---p 0002d000 08:05 2511752                    /usr/lib/jvm/java-7-openjdk-amd64/jre/lib/amd64/libjava.so
7f808e88d000-7f808e88e000 r--p 0002c000 08:05 2511752                    /usr/lib/jvm/java-7-openjdk-amd64/jre/lib/amd64/libjava.so
7f808e88e000-7f808e890000 rw-p 0002d000 08:05 2511752                    /usr/lib/jvm/java-7-openjdk-amd64/jre/lib/amd64/libjava.so
7f808e890000-7f808e8a1000 r-xp 00000000 08:05 2511767                    /usr/lib/jvm/java-7-openjdk-amd64/jre/lib/amd64/libverify.so
7f808e8a1000-7f808eaa0000 ---p 00011000 08:05 2511767                    /usr/lib/jvm/java-7-openjdk-amd64/jre/lib/amd64/libverify.so
7f808eaa0000-7f808eaa2000 r--p 00010000 08:05 2511767                    /usr/lib/jvm/java-7-openjdk-amd64/jre/lib/amd64/libverify.so
7f808eaa2000-7f808eaa3000 rw-p 00012000 08:05 2511767                    /usr/lib/jvm/java-7-openjdk-amd64/jre/lib/amd64/libverify.so
7f808eaa3000-7f808eaaa000 r-xp 00000000 08:05 2103815                    /lib/x86_64-linux-gnu/librt-2.19.so
7f808eaaa000-7f808eca9000 ---p 00007000 08:05 2103815                    /lib/x86_64-linux-gnu/librt-2.19.so
7f808eca9000-7f808ecaa000 r--p 00006000 08:05 2103815                    /lib/x86_64-linux-gnu/librt-2.19.so
7f808ecaa000-7f808ecab000 rw-p 00007000 08:05 2103815                    /lib/x86_64-linux-gnu/librt-2.19.so
7f808ecab000-7f808ecc1000 r-xp 00000000 08:05 2104480                    /lib/x86_64-linux-gnu/libgcc_s.so.1
7f808ecc1000-7f808eec0000 ---p 00016000 08:05 2104480                    /lib/x86_64-linux-gnu/libgcc_s.so.1
7f808eec0000-7f808eec1000 r--p 00015000 08:05 2104480                    /lib/x86_64-linux-gnu/libgcc_s.so.1
7f808eec1000-7f808eec2000 rw-p 00016000 08:05 2104480                    /lib/x86_64-linux-gnu/libgcc_s.so.1
7f808eec2000-7f808efc7000 r-xp 00000000 08:05 2103817                    /lib/x86_64-linux-gnu/libm-2.19.so
7f808efc7000-7f808f1c6000 ---p 00105000 08:05 2103817                    /lib/x86_64-linux-gnu/libm-2.19.so
7f808f1c6000-7f808f1c7000 r--p 00104000 08:05 2103817                    /lib/x86_64-linux-gnu/libm-2.19.so
7f808f1c7000-7f808f1c8000 rw-p 00105000 08:05 2103817                    /lib/x86_64-linux-gnu/libm-2.19.so
7f808f1c8000-7f808f2b8000 r-xp 00000000 08:05 2503759                    /usr/lib/x86_64-linux-gnu/libstdc++.so.6.0.20
7f808f2b8000-7f808f4b8000 ---p 000f0000 08:05 2503759                    /usr/lib/x86_64-linux-gnu/libstdc++.so.6.0.20
7f808f4b8000-7f808f4c0000 r--p 000f0000 08:05 2503759                    /usr/lib/x86_64-linux-gnu/libstdc++.so.6.0.20
7f808f4c0000-7f808f4c2000 rw-p 000f8000 08:05 2503759                    /usr/lib/x86_64-linux-gnu/libstdc++.so.6.0.20
7f808f4c2000-7f808f4d7000 rw-p 00000000 00:00 0 
7f808f4d7000-7f8090024000 r-xp 00000000 08:05 2511781                    /usr/lib/jvm/java-7-openjdk-amd64/jre/lib/amd64/server/libjvm.so
7f8090024000-7f8090224000 ---p 00b4d000 08:05 2511781                    /usr/lib/jvm/java-7-openjdk-amd64/jre/lib/amd64/server/libjvm.so
7f8090224000-7f80902c3000 r--p 00b4d000 08:05 2511781                    /usr/lib/jvm/java-7-openjdk-amd64/jre/lib/amd64/server/libjvm.so
7f80902c3000-7f80902e6000 rw-p 00bec000 08:05 2511781                    /usr/lib/jvm/java-7-openjdk-amd64/jre/lib/amd64/server/libjvm.so
7f80902e6000-7f8090313000 rw-p 00000000 00:00 0 
7f8090313000-7f809032b000 r-xp 00000000 08:05 2104624                    /lib/x86_64-linux-gnu/libz.so.1.2.8
7f809032b000-7f809052a000 ---p 00018000 08:05 2104624                    /lib/x86_64-linux-gnu/libz.so.1.2.8
7f809052a000-7f809052b000 r--p 00017000 08:05 2104624                    /lib/x86_64-linux-gnu/libz.so.1.2.8
7f809052b000-7f809052c000 rw-p 00018000 08:05 2104624                    /lib/x86_64-linux-gnu/libz.so.1.2.8
7f809052c000-7f8090544000 r-xp 00000000 08:05 2103813                    /lib/x86_64-linux-gnu/libpthread-2.19.so
7f8090544000-7f8090744000 ---p 00018000 08:05 2103813                    /lib/x86_64-linux-gnu/libpthread-2.19.so
7f8090744000-7f8090745000 r--p 00018000 08:05 2103813                    /lib/x86_64-linux-gnu/libpthread-2.19.so
7f8090745000-7f8090746000 rw-p 00019000 08:05 2103813                    /lib/x86_64-linux-gnu/libpthread-2.19.so
7f8090746000-7f809074a000 rw-p 00000000 00:00 0 
7f809074a000-7f809074d000 r-xp 00000000 08:05 2103923                    /lib/x86_64-linux-gnu/libdl-2.19.so
7f809074d000-7f809094c000 ---p 00003000 08:05 2103923                    /lib/x86_64-linux-gnu/libdl-2.19.so
7f809094c000-7f809094d000 r--p 00002000 08:05 2103923                    /lib/x86_64-linux-gnu/libdl-2.19.so
7f809094d000-7f809094e000 rw-p 00003000 08:05 2103923                    /lib/x86_64-linux-gnu/libdl-2.19.so
7f809094e000-7f8090b08000 r-xp 00000000 08:05 2103806                    /lib/x86_64-linux-gnu/libc-2.19.so
7f8090b08000-7f8090d08000 ---p 001ba000 08:05 2103806                    /lib/x86_64-linux-gnu/libc-2.19.so
7f8090d08000-7f8090d0c000 r--p 001ba000 08:05 2103806                    /lib/x86_64-linux-gnu/libc-2.19.so
7f8090d0c000-7f8090d0e000 rw-p 001be000 08:05 2103806                    /lib/x86_64-linux-gnu/libc-2.19.so
7f8090d0e000-7f8090d13000 rw-p 00000000 00:00 0 
7f8090d13000-7f8090d20000 r-xp 00000000 08:05 2511787                    /usr/lib/jvm/java-7-openjdk-amd64/jre/lib/amd64/jli/libjli.so
7f8090d20000-7f8090f1f000 ---p 0000d000 08:05 2511787                    /usr/lib/jvm/java-7-openjdk-amd64/jre/lib/amd64/jli/libjli.so
7f8090f1f000-7f8090f20000 r--p 0000c000 08:05 2511787                    /usr/lib/jvm/java-7-openjdk-amd64/jre/lib/amd64/jli/libjli.so
7f8090f20000-7f8090f21000 rw-p 0000d000 08:05 2511787                    /usr/lib/jvm/java-7-openjdk-amd64/jre/lib/amd64/jli/libjli.so
7f8090f21000-7f8090f44000 r-xp 00000000 08:05 2103819                    /lib/x86_64-linux-gnu/ld-2.19.so
7f8090f44000-7f8090f45000 r--p 00000000 08:05 143970                     /usr/share/locale-langpack/en_GB/LC_MESSAGES/libc.mo
7f8090f45000-7f8090f49000 r--s 0002e000 00:26 1447787                    /home/oliver/projects/robocode/libs/robocode.core-1.9.2.4.jar
7f8090f49000-7f8090f4f000 r--s 00026000 00:26 1447785                    /home/oliver/projects/robocode/libs/robocode.jar
7f8090f4f000-7f8090f51000 r--s 00012000 08:05 2511800                    /usr/lib/jvm/java-7-openjdk-amd64/jre/lib/ext/zipfs.jar
7f8090f51000-7f8090f55000 r--s 00085000 08:05 2511799                    /usr/lib/jvm/java-7-openjdk-amd64/jre/lib/ext/localedata.jar
7f8090f55000-7f8090f59000 r--s 00034000 08:05 2511801                    /usr/lib/jvm/java-7-openjdk-amd64/jre/lib/ext/sunjce_provider.jar
7f8090f59000-7f8090f5c000 r--s 0000f000 08:05 2511803                    /usr/lib/jvm/java-7-openjdk-amd64/jre/lib/ext/icedtea-sound.jar
7f8090f5c000-7f8090f66000 rw-p 00000000 00:00 0 
7f8090f66000-7f809101c000 rw-p 00000000 00:00 0 
7f809101c000-7f809101f000 ---p 00000000 00:00 0 
7f809101f000-7f8091122000 rw-p 00000000 00:00 0                          [stack:12594]
7f8091122000-7f8091126000 r--s 0003c000 08:05 2511804                    /usr/lib/jvm/java-7-openjdk-amd64/jre/lib/ext/sunpkcs11.jar
7f8091126000-7f8091127000 r--s 00002000 08:05 2511802                    /usr/lib/jvm/java-7-openjdk-amd64/jre/lib/ext/dnsns.jar
7f8091127000-7f8091129000 r--s 00006000 08:05 2900065                    /usr/share/java/java-atk-wrapper.jar
7f8091129000-7f8091137000 rw-p 00000000 00:00 0 
7f8091137000-7f809113f000 rw-s 00000000 08:05 2373125                    /tmp/hsperfdata_oliver/12567
7f809113f000-7f8091140000 rw-p 00000000 00:00 0 
7f8091140000-7f8091141000 ---p 00000000 00:00 0 
7f8091141000-7f8091143000 rw-p 00000000 00:00 0 
7f8091143000-7f8091144000 r--p 00022000 08:05 2103819                    /lib/x86_64-linux-gnu/ld-2.19.so
7f8091144000-7f8091145000 rw-p 00023000 08:05 2103819                    /lib/x86_64-linux-gnu/ld-2.19.so
7f8091145000-7f8091146000 rw-p 00000000 00:00 0 
7fff7337a000-7fff7339b000 rw-p 00000000 00:00 0                          [stack]
7fff733fb000-7fff733fd000 r-xp 00000000 00:00 0                          [vdso]
7fff733fd000-7fff733ff000 r--p 00000000 00:00 0                          [vvar]
ffffffffff600000-ffffffffff601000 r-xp 00000000 00:00 0                  [vsyscall]

VM Arguments:
jvm_args: -Djava.awt.headless=true -DROBOTPATH=/home/oliver/projects/robocode/robots/ -Xmx512M -Dsun.io.useCanonCaches=false 
java_command: robocode.Robocode -battle /tmp/tmp8XgiX1.battle -nodisplay -nosound -results /tmp/tmpBA_R5o
Launcher Type: SUN_STANDARD

Environment Variables:
PATH=/usr/local/sbin:/usr/local/bin:/usr/sbin:/usr/bin:/sbin:/bin:/usr/games:/usr/local/games:/home/oliver/go/bin:/home/oliver/projects/evco/wallace/bin:/home/oliver/.rvm/bin:/home/oliver/.rvm/bin
SHELL=/bin/bash
DISPLAY=:0

Signal Handlers:
SIGSEGV: [libjvm.so+0x981590], sa_mask[0]=0x7ffbfeff, sa_flags=0x10000004
SIGBUS: [libjvm.so+0x981590], sa_mask[0]=0x7ffbfeff, sa_flags=0x10000004
SIGFPE: [libjvm.so+0x7efd60], sa_mask[0]=0x7ffbfeff, sa_flags=0x10000004
SIGPIPE: [libjvm.so+0x7efd60], sa_mask[0]=0x7ffbfeff, sa_flags=0x10000004
SIGXFSZ: [libjvm.so+0x7efd60], sa_mask[0]=0x7ffbfeff, sa_flags=0x10000004
SIGILL: [libjvm.so+0x7efd60], sa_mask[0]=0x7ffbfeff, sa_flags=0x10000004
SIGUSR1: SIG_DFL, sa_mask[0]=0x00000000, sa_flags=0x00000000
SIGUSR2: [libjvm.so+0x7efbe0], sa_mask[0]=0x00000000, sa_flags=0x10000004
SIGHUP: [libjvm.so+0x7efde0], sa_mask[0]=0x7ffbfeff, sa_flags=0x10000004
SIGINT: [libjvm.so+0x7efde0], sa_mask[0]=0x7ffbfeff, sa_flags=0x10000004
SIGTERM: [libjvm.so+0x7efde0], sa_mask[0]=0x7ffbfeff, sa_flags=0x10000004
SIGQUIT: [libjvm.so+0x7efde0], sa_mask[0]=0x7ffbfeff, sa_flags=0x10000004
SIGTRAP: SIG_DFL, sa_mask[0]=0x00000000, sa_flags=0x00000000


---------------  S Y S T E M  ---------------

OS:Ubuntu 14.10 (utopic)
uname:Linux 3.16.0-28-generic #38-Ubuntu SMP Fri Dec 12 17:37:40 UTC 2014 x86_64
libc:glibc 2.19 NPTL 2.19 
rlimit: STACK 8192k, CORE 0k, NPROC 31299, NOFILE 4096, AS infinity
load average:24.05 37.49 47.40

/proc/meminfo:
MemTotal:        8042924 kB
MemFree:          130772 kB
MemAvailable:      62388 kB
Buffers:             276 kB
Cached:            51116 kB
SwapCached:            0 kB
Active:          7603212 kB
Inactive:          48056 kB
Active(anon):    7602396 kB
Inactive(anon):    44728 kB
Active(file):        816 kB
Inactive(file):     3328 kB
Unevictable:          32 kB
Mlocked:              32 kB
SwapTotal:             0 kB
SwapFree:              0 kB
Dirty:                 0 kB
Writeback:             0 kB
AnonPages:       7601228 kB
Mapped:            76440 kB
Shmem:             45944 kB
Slab:              70568 kB
SReclaimable:      28016 kB
SUnreclaim:        42552 kB
KernelStack:       12304 kB
PageTables:        52800 kB
NFS_Unstable:          0 kB
Bounce:                0 kB
WritebackTmp:          0 kB
CommitLimit:     4021460 kB
Committed_AS:   14051380 kB
VmallocTotal:   34359738367 kB
VmallocUsed:      393032 kB
VmallocChunk:   34359331836 kB
HardwareCorrupted:     0 kB
AnonHugePages:   4933632 kB
HugePages_Total:       0
HugePages_Free:        0
HugePages_Rsvd:        0
HugePages_Surp:        0
Hugepagesize:       2048 kB
DirectMap4k:      218828 kB
DirectMap2M:     8036352 kB
DirectMap1G:           0 kB


CPU:total 4 (4 cores per cpu, 1 threads per core) family 6 model 60 stepping 3, cmov, cx8, fxsr, mmx, sse, sse2, sse3, ssse3, sse4.1, sse4.2, popcnt, avx, avx2, aes, erms, tsc, tscinvbit

/proc/cpuinfo:
processor	: 0
vendor_id	: GenuineIntel
cpu family	: 6
model		: 60
model name	: Intel(R) Core(TM) i5-4690K CPU @ 3.50GHz
stepping	: 3
microcode	: 0x17
cpu MHz		: 3700.019
cache size	: 6144 KB
physical id	: 0
siblings	: 4
core id		: 0
cpu cores	: 4
apicid		: 0
initial apicid	: 0
fpu		: yes
fpu_exception	: yes
cpuid level	: 13
wp		: yes
flags		: fpu vme de pse tsc msr pae mce cx8 apic sep mtrr pge mca cmov pat pse36 clflush dts acpi mmx fxsr sse sse2 ss ht tm pbe syscall nx pdpe1gb rdtscp lm constant_tsc arch_perfmon pebs bts rep_good nopl xtopology nonstop_tsc aperfmperf eagerfpu pni pclmulqdq dtes64 monitor ds_cpl vmx est tm2 ssse3 fma cx16 xtpr pdcm pcid sse4_1 sse4_2 x2apic movbe popcnt tsc_deadline_timer aes xsave avx f16c rdrand lahf_lm abm ida arat xsaveopt pln pts dtherm tpr_shadow vnmi flexpriority ept vpid fsgsbase tsc_adjust bmi1 hle avx2 smep bmi2 erms invpcid rtm
bogomips	: 6999.88
clflush size	: 64
cache_alignment	: 64
address sizes	: 39 bits physical, 48 bits virtual
power management:

processor	: 1
vendor_id	: GenuineIntel
cpu family	: 6
model		: 60
model name	: Intel(R) Core(TM) i5-4690K CPU @ 3.50GHz
stepping	: 3
microcode	: 0x17
cpu MHz		: 3700.019
cache size	: 6144 KB
physical id	: 0
siblings	: 4
core id		: 1
cpu cores	: 4
apicid		: 2
initial apicid	: 2
fpu		: yes
fpu_exception	: yes
cpuid level	: 13
wp		: yes
flags		: fpu vme de pse tsc msr pae mce cx8 apic sep mtrr pge mca cmov pat pse36 clflush dts acpi mmx fxsr sse sse2 ss ht tm pbe syscall nx pdpe1gb rdtscp lm constant_tsc arch_perfmon pebs bts rep_good nopl xtopology nonstop_tsc aperfmperf eagerfpu pni pclmulqdq dtes64 monitor ds_cpl vmx est tm2 ssse3 fma cx16 xtpr pdcm pcid sse4_1 sse4_2 x2apic movbe popcnt tsc_deadline_timer aes xsave avx f16c rdrand lahf_lm abm ida arat xsaveopt pln pts dtherm tpr_shadow vnmi flexpriority ept vpid fsgsbase tsc_adjust bmi1 hle avx2 smep bmi2 erms invpcid rtm
bogomips	: 6999.88
clflush size	: 64
cache_alignment	: 64
address sizes	: 39 bits physical, 48 bits virtual
power management:

processor	: 2
vendor_id	: GenuineIntel
cpu family	: 6
model		: 60
model name	: Intel(R) Core(TM) i5-4690K CPU @ 3.50GHz
stepping	: 3
microcode	: 0x17
cpu MHz		: 3704.531
cache size	: 6144 KB
physical id	: 0
siblings	: 4
core id		: 2
cpu cores	: 4
apicid		: 4
initial apicid	: 4
fpu		: yes
fpu_exception	: yes
cpuid level	: 13
wp		: yes
flags		: fpu vme de pse tsc msr pae mce cx8 apic sep mtrr pge mca cmov pat pse36 clflush dts acpi mmx fxsr sse sse2 ss ht tm pbe syscall nx pdpe1gb rdtscp lm constant_tsc arch_perfmon pebs bts rep_good nopl xtopology nonstop_tsc aperfmperf eagerfpu pni pclmulqdq dtes64 monitor ds_cpl vmx est tm2 ssse3 fma cx16 xtpr pdcm pcid sse4_1 sse4_2 x2apic movbe popcnt tsc_deadline_timer aes xsave avx f16c rdrand lahf_lm abm ida arat xsaveopt pln pts dtherm tpr_shadow vnmi flexpriority ept vpid fsgsbase tsc_adjust bmi1 hle avx2 smep bmi2 erms invpcid rtm
bogomips	: 6999.88
clflush size	: 64
cache_alignment	: 64
address sizes	: 39 bits physical, 48 bits virtual
power management:

processor	: 3
vendor_id	: GenuineIntel
cpu family	: 6
model		: 60
model name	: Intel(R) Core(TM) i5-4690K CPU @ 3.50GHz
stepping	: 3
microcode	: 0x17
cpu MHz		: 3699.882
cache size	: 6144 KB
physical id	: 0
siblings	: 4
core id		: 3
cpu cores	: 4
apicid		: 6
initial apicid	: 6
fpu		: yes
fpu_exception	: yes
cpuid level	: 13
wp		: yes
flags		: fpu vme de pse tsc msr pae mce cx8 apic sep mtrr pge mca cmov pat pse36 clflush dts acpi mmx fxsr sse sse2 ss ht tm pbe syscall nx pdpe1gb rdtscp lm constant_tsc arch_perfmon pebs bts rep_good nopl xtopology nonstop_tsc aperfmperf eagerfpu pni pclmulqdq dtes64 monitor ds_cpl vmx est tm2 ssse3 fma cx16 xtpr pdcm pcid sse4_1 sse4_2 x2apic movbe popcnt tsc_deadline_timer aes xsave avx f16c rdrand lahf_lm abm ida arat xsaveopt pln pts dtherm tpr_shadow vnmi flexpriority ept vpid fsgsbase tsc_adjust bmi1 hle avx2 smep bmi2 erms invpcid rtm
bogomips	: 6999.88
clflush size	: 64
cache_alignment	: 64
address sizes	: 39 bits physical, 48 bits virtual
power management:



Memory: 4k page, physical 8042924k(130524k free), swap 0k(0k free)

vm_info: OpenJDK 64-Bit Server VM (24.65-b04) for linux-amd64 JRE (1.7.0_65-b32), built on Oct 22 2014 04:20:25 by "buildd" with gcc 4.9.1

time: Mon Jan  5 03:11:07 2015
elapsed time: 87 seconds

