#
# There is insufficient memory for the Java Runtime Environment to continue.
# Native memory allocation (malloc) failed to allocate 17301504 bytes for committing reserved memory.
# Possible reasons:
#   The system is out of physical RAM or swap space
#   In 32 bit mode, the process size limit was hit
# Possible solutions:
#   Reduce memory load on the system
#   Increase physical memory or swap space
#   Check if swap backing store is full
#   Use 64 bit Java on a 64 bit OS
#   Decrease Java heap size (-Xmx/-Xms)
#   Decrease number of Java threads
#   Decrease Java thread stack sizes (-Xss)
#   Set larger code cache with -XX:ReservedCodeCacheSize=
# This output file may be truncated or incomplete.
#
#  Out of Memory Error (os_linux.cpp:2798), pid=20126, tid=140487065888512
#
# JRE version: OpenJDK Runtime Environment (7.0_65-b32) (build 1.7.0_65-b32)
# Java VM: OpenJDK 64-Bit Server VM (24.65-b04 mixed mode linux-amd64 compressed oops)
# Derivative: IcedTea 2.5.3
# Distribution: Ubuntu 14.10, package 7u71-2.5.3-0ubuntu1
# Failed to write core dump. Core dumps have been disabled. To enable core dumping, try "ulimit -c unlimited" before starting Java again
#

---------------  T H R E A D  ---------------

Current thread (0x00007fc5b8075800):  VMThread [stack: 0x00007fc5b1986000,0x00007fc5b1a87000] [id=20235]

Stack: [0x00007fc5b1986000,0x00007fc5b1a87000],  sp=0x00007fc5b1a854a0,  free space=1021k
Native frames: (J=compiled Java code, j=interpreted, Vv=VM code, C=native code)
V  [libjvm.so+0x980aa6]  VMError::report_and_die()+0x186
V  [libjvm.so+0x48fed2]  report_vm_out_of_memory(char const*, int, unsigned long, char const*)+0x92
V  [libjvm.so+0x7f480b]  os::pd_commit_memory(char*, unsigned long, unsigned long, bool)+0xeb
V  [libjvm.so+0x7eef1e]  os::commit_memory(char*, unsigned long, unsigned long, bool)+0x2e
V  [libjvm.so+0x86100b]  PSVirtualSpace::expand_by(unsigned long)+0x5b
V  [libjvm.so+0x861ec3]  PSYoungGen::resize_generation(unsigned long, unsigned long)+0xd3
V  [libjvm.so+0x8625db]  PSYoungGen::resize(unsigned long, unsigned long)+0x1b
V  [libjvm.so+0x85dfd9]  PSScavenge::invoke_no_policy()+0xdc9
V  [libjvm.so+0x85e7b8]  PSScavenge::invoke()+0x38
V  [libjvm.so+0x8163e3]  ParallelScavengeHeap::failed_mem_allocate(unsigned long)+0x63
V  [libjvm.so+0x982372]  VM_ParallelGCFailedAllocation::doit()+0x92
V  [libjvm.so+0x986be7]  VM_Operation::evaluate()+0x47
V  [libjvm.so+0x9851db]  VMThread::evaluate_operation(VM_Operation*)+0xab
V  [libjvm.so+0x985886]  VMThread::loop()+0x1e6
V  [libjvm.so+0x985d51]  VMThread::run()+0x81
V  [libjvm.so+0x7f14f2]  java_start(Thread*)+0xf2

VM_Operation (0x00007fc57bd8fc60): ParallelGCFailedAllocation, mode: safepoint, requested by thread 0x00007fc5b82d0800


---------------  P R O C E S S  ---------------

Java Threads: ( => current thread )
  0x00007fc5b800a000 JavaThread "DestroyJavaVM" [_thread_blocked, id=20149, stack(0x00007fc5bee14000,0x00007fc5bef15000)]
  0x00007fc5b82d0800 JavaThread "Robocode main thread" [_thread_blocked, id=20414, stack(0x00007fc57bc92000,0x00007fc57bd93000)]
  0x00007fc5b80b1000 JavaThread "Service Thread" daemon [_thread_blocked, id=20355, stack(0x00007fc5b0c9e000,0x00007fc5b0d9f000)]
  0x00007fc5b80af000 JavaThread "C2 CompilerThread1" daemon [_thread_blocked, id=20352, stack(0x00007fc5b0d9f000,0x00007fc5b0ea0000)]
  0x00007fc5b80ac000 JavaThread "C2 CompilerThread0" daemon [_thread_blocked, id=20343, stack(0x00007fc5b0ea0000,0x00007fc5b0fa1000)]
  0x00007fc5b80a9800 JavaThread "Signal Dispatcher" daemon [_thread_blocked, id=20340, stack(0x00007fc5b0fa1000,0x00007fc5b10a2000)]
  0x00007fc5b807c000 JavaThread "Finalizer" daemon [_thread_blocked, id=20256, stack(0x00007fc5b1784000,0x00007fc5b1885000)]
  0x00007fc5b807a000 JavaThread "Reference Handler" daemon [_thread_blocked, id=20244, stack(0x00007fc5b1885000,0x00007fc5b1986000)]

Other Threads:
=>0x00007fc5b8075800 VMThread [stack: 0x00007fc5b1986000,0x00007fc5b1a87000] [id=20235]
  0x00007fc5b80bc000 WatcherThread [stack: 0x00007fc5b0b9d000,0x00007fc5b0c9e000] [id=20362]

VM state:at safepoint (normal execution)

VM Mutex/Monitor currently owned by a thread:  ([mutex/lock_event])
[0x00007fc5b8006650] Threads_lock - owner thread: 0x00007fc5b8075800
[0x00007fc5b8006b50] Heap_lock - owner thread: 0x00007fc5b82d0800

Heap
 PSYoungGen      total 143872K, used 4256K [0x00000000f5500000, 0x00000000fef80000, 0x0000000100000000)
  eden space 133632K, 0% used [0x00000000f5500000,0x00000000f5500000,0x00000000fd780000)
  from space 10240K, 41% used [0x00000000fdb80000,0x00000000fdfa8000,0x00000000fe580000)
  to   space 4608K, 0% used [0x00000000feb00000,0x00000000feb00000,0x00000000fef80000)
 ParOldGen       total 83456K, used 53425K [0x00000000e0000000, 0x00000000e5180000, 0x00000000f5500000)
  object space 83456K, 64% used [0x00000000e0000000,0x00000000e342c450,0x00000000e5180000)
 PSPermGen       total 79360K, used 78991K [0x00000000d5a00000, 0x00000000da780000, 0x00000000e0000000)
  object space 79360K, 99% used [0x00000000d5a00000,0x00000000da723c18,0x00000000da780000)

Card table byte_map: [0x00007fc5b488b000,0x00007fc5b49df000] byte_map_base: 0x00007fc5b41de000

Polling page: 0x00007fc5bef38000

Code Cache  [0x00007fc5b49df000, 0x00007fc5b4c4f000, 0x00007fc5b79df000)
 total_blobs=862 nmethods=584 adapters=231 free_code_cache=47207Kb largest_free_block=48297664

Compilation events (10 events):
Event: 57.333 Thread 0x00007fc5b80af000  611   !         java.net.SocketPermission::init (405 bytes)
Event: 57.417 Thread 0x00007fc5b80af000 nmethod 611 0x00007fc5b4b95cd0 code [0x00007fc5b4b95ee0, 0x00007fc5b4b96740]
Event: 57.417 Thread 0x00007fc5b80af000  612             net.sf.robocode.host.security.RobotClassLoader::getPermissions (16 bytes)
Event: 57.418 Thread 0x00007fc5b80af000 nmethod 612 0x00007fc5b4b95ad0 code [0x00007fc5b4b95c00, 0x00007fc5b4b95c58]
Event: 57.581 Thread 0x00007fc5b80ac000 nmethod 605 0x00007fc5b4bc9f90 code [0x00007fc5b4bca320, 0x00007fc5b4bcbe60]
Event: 58.625 Thread 0x00007fc5b80af000  613   !         java.security.SecureClassLoader::getProtectionDomain (114 bytes)
Event: 58.645 Thread 0x00007fc5b80af000 nmethod 613 0x00007fc5b4bcdfd0 code [0x00007fc5b4bce1c0, 0x00007fc5b4bced50]
Event: 60.892 Thread 0x00007fc5b80ac000  614             sun.util.locale.BaseLocale::getLanguage (5 bytes)
Event: 60.905 Thread 0x00007fc5b80ac000 nmethod 614 0x00007fc5b4b958d0 code [0x00007fc5b4b95a00, 0x00007fc5b4b95a58]
Event: 63.835 Thread 0x00007fc5b80af000  615             net.sf.robocode.host.security.RobotClassLoader::testPackages (85 bytes)

GC Heap History (10 events):
Event: 35.120 GC heap after
Heap after GC invocations=12 (full 0):
 PSYoungGen      total 161792K, used 4928K [0x00000000f5500000, 0x00000000ffe80000, 0x0000000100000000)
  eden space 151040K, 0% used [0x00000000f5500000,0x00000000f5500000,0x00000000fe880000)
  from space 10752K, 45% used [0x00000000ff400000,0x00000000ff8d0000,0x00000000ffe80000)
  to   space 11264K, 0% used [0x00000000fe880000,0x00000000fe880000,0x00000000ff380000)
 ParOldGen       total 83456K, used 32009K [0x00000000e0000000, 0x00000000e5180000, 0x00000000f5500000)
  object space 83456K, 38% used [0x00000000e0000000,0x00000000e1f42450,0x00000000e5180000)
 PSPermGen       total 42496K, used 42063K [0x00000000d5a00000, 0x00000000d8380000, 0x00000000e0000000)
  object space 42496K, 98% used [0x00000000d5a00000,0x00000000d8313ec8,0x00000000d8380000)
}
Event: 39.744 GC heap before
{Heap before GC invocations=13 (full 0):
 PSYoungGen      total 161792K, used 155968K [0x00000000f5500000, 0x00000000ffe80000, 0x0000000100000000)
  eden space 151040K, 100% used [0x00000000f5500000,0x00000000fe880000,0x00000000fe880000)
  from space 10752K, 45% used [0x00000000ff400000,0x00000000ff8d0000,0x00000000ffe80000)
  to   space 11264K, 0% used [0x00000000fe880000,0x00000000fe880000,0x00000000ff380000)
 ParOldGen       total 83456K, used 32009K [0x00000000e0000000, 0x00000000e5180000, 0x00000000f5500000)
  object space 83456K, 38% used [0x00000000e0000000,0x00000000e1f42450,0x00000000e5180000)
 PSPermGen       total 50176K, used 49838K [0x00000000d5a00000, 0x00000000d8b00000, 0x00000000e0000000)
  object space 50176K, 99% used [0x00000000d5a00000,0x00000000d8aaba48,0x00000000d8b00000)
Event: 39.780 GC heap after
Heap after GC invocations=13 (full 0):
 PSYoungGen      total 162304K, used 4896K [0x00000000f5500000, 0x0000000100000000, 0x0000000100000000)
  eden space 151040K, 0% used [0x00000000f5500000,0x00000000f5500000,0x00000000fe880000)
  from space 11264K, 43% used [0x00000000fe880000,0x00000000fed48000,0x00000000ff380000)
  to   space 11264K, 0% used [0x00000000ff500000,0x00000000ff500000,0x0000000100000000)
 ParOldGen       total 83456K, used 36473K [0x00000000e0000000, 0x00000000e5180000, 0x00000000f5500000)
  object space 83456K, 43% used [0x00000000e0000000,0x00000000e239e450,0x00000000e5180000)
 PSPermGen       total 50176K, used 49838K [0x00000000d5a00000, 0x00000000d8b00000, 0x00000000e0000000)
  object space 50176K, 99% used [0x00000000d5a00000,0x00000000d8aaba48,0x00000000d8b00000)
}
Event: 44.822 GC heap before
{Heap before GC invocations=14 (full 0):
 PSYoungGen      total 162304K, used 155936K [0x00000000f5500000, 0x0000000100000000, 0x0000000100000000)
  eden space 151040K, 100% used [0x00000000f5500000,0x00000000fe880000,0x00000000fe880000)
  from space 11264K, 43% used [0x00000000fe880000,0x00000000fed48000,0x00000000ff380000)
  to   space 11264K, 0% used [0x00000000ff500000,0x00000000ff500000,0x0000000100000000)
 ParOldGen       total 83456K, used 36473K [0x00000000e0000000, 0x00000000e5180000, 0x00000000f5500000)
  object space 83456K, 43% used [0x00000000e0000000,0x00000000e239e450,0x00000000e5180000)
 PSPermGen       total 57856K, used 57603K [0x00000000d5a00000, 0x00000000d9280000, 0x00000000e0000000)
  object space 57856K, 99% used [0x00000000d5a00000,0x00000000d9240f78,0x00000000d9280000)
Event: 44.857 GC heap after
Heap after GC invocations=14 (full 0):
 PSYoungGen      total 150016K, used 4832K [0x00000000f5500000, 0x00000000ffa00000, 0x0000000100000000)
  eden space 144896K, 0% used [0x00000000f5500000,0x00000000f5500000,0x00000000fe280000)
  from space 5120K, 94% used [0x00000000ff500000,0x00000000ff9b8000,0x00000000ffa00000)
  to   space 10752K, 0% used [0x00000000fe500000,0x00000000fe500000,0x00000000fef80000)
 ParOldGen       total 83456K, used 40897K [0x00000000e0000000, 0x00000000e5180000, 0x00000000f5500000)
  object space 83456K, 49% used [0x00000000e0000000,0x00000000e27f0450,0x00000000e5180000)
 PSPermGen       total 57856K, used 57603K [0x00000000d5a00000, 0x00000000d9280000, 0x00000000e0000000)
  object space 57856K, 99% used [0x00000000d5a00000,0x00000000d9240f78,0x00000000d9280000)
}
Event: 49.759 GC heap before
{Heap before GC invocations=15 (full 0):
 PSYoungGen      total 150016K, used 149728K [0x00000000f5500000, 0x00000000ffa00000, 0x0000000100000000)
  eden space 144896K, 100% used [0x00000000f5500000,0x00000000fe280000,0x00000000fe280000)
  from space 5120K, 94% used [0x00000000ff500000,0x00000000ff9b8000,0x00000000ffa00000)
  to   space 10752K, 0% used [0x00000000fe500000,0x00000000fe500000,0x00000000fef80000)
 ParOldGen       total 83456K, used 40897K [0x00000000e0000000, 0x00000000e5180000, 0x00000000f5500000)
  object space 83456K, 49% used [0x00000000e0000000,0x00000000e27f0450,0x00000000e5180000)
 PSPermGen       total 65536K, used 65034K [0x00000000d5a00000, 0x00000000d9a00000, 0x00000000e0000000)
  object space 65536K, 99% used [0x00000000d5a00000,0x00000000d9982b90,0x00000000d9a00000)
Event: 49.791 GC heap after
Heap after GC invocations=15 (full 0):
 PSYoungGen      total 143872K, used 4608K [0x00000000f5500000, 0x00000000ff580000, 0x0000000100000000)
  eden space 139264K, 0% used [0x00000000f5500000,0x00000000f5500000,0x00000000fdd00000)
  from space 4608K, 100% used [0x00000000fe500000,0x00000000fe980000,0x00000000fe980000)
  to   space 10752K, 0% used [0x00000000feb00000,0x00000000feb00000,0x00000000ff580000)
 ParOldGen       total 83456K, used 45281K [0x00000000e0000000, 0x00000000e5180000, 0x00000000f5500000)
  object space 83456K, 54% used [0x00000000e0000000,0x00000000e2c38450,0x00000000e5180000)
 PSPermGen       total 65536K, used 65034K [0x00000000d5a00000, 0x00000000d9a00000, 0x00000000e0000000)
  object space 65536K, 99% used [0x00000000d5a00000,0x00000000d9982b90,0x00000000d9a00000)
}
Event: 56.623 GC heap before
{Heap before GC invocations=16 (full 0):
 PSYoungGen      total 143872K, used 143872K [0x00000000f5500000, 0x00000000ff580000, 0x0000000100000000)
  eden space 139264K, 100% used [0x00000000f5500000,0x00000000fdd00000,0x00000000fdd00000)
  from space 4608K, 100% used [0x00000000fe500000,0x00000000fe980000,0x00000000fe980000)
  to   space 10752K, 0% used [0x00000000feb00000,0x00000000feb00000,0x00000000ff580000)
 ParOldGen       total 83456K, used 45281K [0x00000000e0000000, 0x00000000e5180000, 0x00000000f5500000)
  object space 83456K, 54% used [0x00000000e0000000,0x00000000e2c38450,0x00000000e5180000)
 PSPermGen       total 72192K, used 72119K [0x00000000d5a00000, 0x00000000da080000, 0x00000000e0000000)
  object space 72192K, 99% used [0x00000000d5a00000,0x00000000da06dc68,0x00000000da080000)
Event: 56.680 GC heap after
Heap after GC invocations=16 (full 0):
 PSYoungGen      total 138240K, used 4384K [0x00000000f5500000, 0x00000000fef80000, 0x0000000100000000)
  eden space 133632K, 0% used [0x00000000f5500000,0x00000000f5500000,0x00000000fd780000)
  from space 4608K, 95% used [0x00000000feb00000,0x00000000fef48000,0x00000000fef80000)
  to   space 10240K, 0% used [0x00000000fdb80000,0x00000000fdb80000,0x00000000fe580000)
 ParOldGen       total 83456K, used 49457K [0x00000000e0000000, 0x00000000e5180000, 0x00000000f5500000)
  object space 83456K, 59% used [0x00000000e0000000,0x00000000e304c450,0x00000000e5180000)
 PSPermGen       total 72192K, used 72119K [0x00000000d5a00000, 0x00000000da080000, 0x00000000e0000000)
  object space 72192K, 99% used [0x00000000d5a00000,0x00000000da06dc68,0x00000000da080000)
}
Event: 63.851 GC heap before
{Heap before GC invocations=17 (full 0):
 PSYoungGen      total 138240K, used 138016K [0x00000000f5500000, 0x00000000fef80000, 0x0000000100000000)
  eden space 133632K, 100% used [0x00000000f5500000,0x00000000fd780000,0x00000000fd780000)
  from space 4608K, 95% used [0x00000000feb00000,0x00000000fef48000,0x00000000fef80000)
  to   space 10240K, 0% used [0x00000000fdb80000,0x00000000fdb80000,0x00000000fe580000)
 ParOldGen       total 83456K, used 49457K [0x00000000e0000000, 0x00000000e5180000, 0x00000000f5500000)
  object space 83456K, 59% used [0x00000000e0000000,0x00000000e304c450,0x00000000e5180000)
 PSPermGen       total 79360K, used 78991K [0x00000000d5a00000, 0x00000000da780000, 0x00000000e0000000)
  object space 79360K, 99% used [0x00000000d5a00000,0x00000000da723c18,0x00000000da780000)

Deoptimization events (10 events):
Event: 63.810 Thread 0x00007fc5b82d0800 Uncommon trap: reason=unreached action=reinterpret pc=0x00007fc5b4a876d0 method=java.util.concurrent.ConcurrentHashMap$Segment.put(Ljava/lang/Object;ILjava/lang/Object;Z)Ljava/lang/Object; @ 62
Event: 63.818 Thread 0x00007fc5b82d0800 Uncommon trap: reason=unreached action=reinterpret pc=0x00007fc5b4b814d4 method=sun.misc.URLClassPath$FileLoader.findResource(Ljava/lang/String;Z)Ljava/net/URL; @ 8
Event: 63.818 Thread 0x00007fc5b82d0800 Uncommon trap: reason=null_check action=make_not_entrant pc=0x00007fc5b4b78e88 method=java.net.URLClassLoader.findResource(Ljava/lang/String;)Ljava/net/URL; @ 16
Event: 63.818 Thread 0x00007fc5b82d0800 Uncommon trap: reason=null_check action=make_not_entrant pc=0x00007fc5b4b3baf4 method=net.sf.robocode.host.security.RobotClassLoader.findLocalResource(Ljava/lang/String;)Ljava/nio/ByteBuffer; @ 12
Event: 63.818 Thread 0x00007fc5b82d0800 Uncommon trap: reason=unreached action=reinterpret pc=0x00007fc5b4b3dc5c method=java.net.URLClassLoader$1.run()Ljava/lang/Class; @ 31
Event: 63.818 Thread 0x00007fc5b82d0800 Uncommon trap: reason=unreached action=reinterpret pc=0x00007fc5b4b15b54 method=java.util.concurrent.ConcurrentHashMap.putIfAbsent(Ljava/lang/Object;Ljava/lang/Object;)Ljava/lang/Object; @ 59
Event: 63.818 Thread 0x00007fc5b82d0800 Uncommon trap: reason=unreached action=reinterpret pc=0x00007fc5b4af6e60 method=java.net.URLClassLoader$1.run()Ljava/lang/Class; @ 31
Event: 63.821 Thread 0x00007fc5b82d0800 Uncommon trap: reason=unreached action=reinterpret pc=0x00007fc5b4b172dc method=net.sf.robocode.io.FileUtil.cleanupStream(Ljava/lang/Object;)V @ 1
Event: 63.822 Thread 0x00007fc5b82d0800 Uncommon trap: reason=unreached action=reinterpret pc=0x00007fc5b4ba42dc method=net.sf.robocode.host.JavaHost.getRobotType(Lnet/sf/robocode/repository/IRobotItem;ZZ)Lnet/sf/robocode/repository/RobotType; @ 22
Event: 63.834 Thread 0x00007fc5b82d0800 Uncommon trap: reason=unreached action=reinterpret pc=0x00007fc5b4bbbc04 method=net.sf.robocode.host.JavaHost.getRobotType(Lnet/sf/robocode/repository/IRobotItem;ZZ)Lnet/sf/robocode/repository/RobotType; @ 22

Internal exceptions (10 events):
Event: 63.844 Thread 0x00007fc5b82d0800 Threw 0x00000000fd74c868 at /build/buildd/openjdk-7-7u71-2.5.3/build/openjdk/hotspot/src/share/vm/prims/jvm.cpp:1284
Event: 63.844 Thread 0x00007fc5b82d0800 Threw 0x00000000fd74cd48 at /build/buildd/openjdk-7-7u71-2.5.3/build/openjdk/hotspot/src/share/vm/prims/jvm.cpp:1284
Event: 63.844 Thread 0x00007fc5b82d0800 Threw 0x00000000fd74e1e0 at /build/buildd/openjdk-7-7u71-2.5.3/build/openjdk/hotspot/src/share/vm/prims/jvm.cpp:1284
Event: 63.844 Thread 0x00007fc5b82d0800 Threw 0x00000000fd74e6c0 at /build/buildd/openjdk-7-7u71-2.5.3/build/openjdk/hotspot/src/share/vm/prims/jvm.cpp:1284
Event: 63.844 Thread 0x00007fc5b82d0800 Threw 0x00000000fd751ab0 at /build/buildd/openjdk-7-7u71-2.5.3/build/openjdk/hotspot/src/share/vm/prims/jni.cpp:721
Event: 63.844 Thread 0x00007fc5b82d0800 Threw 0x00000000fd754358 at /build/buildd/openjdk-7-7u71-2.5.3/build/openjdk/hotspot/src/share/vm/prims/jni.cpp:721
Event: 63.845 Thread 0x00007fc5b82d0800 Threw 0x00000000fd766440 at /build/buildd/openjdk-7-7u71-2.5.3/build/openjdk/hotspot/src/share/vm/prims/jvm.cpp:1284
Event: 63.845 Thread 0x00007fc5b82d0800 Threw 0x00000000fd766860 at /build/buildd/openjdk-7-7u71-2.5.3/build/openjdk/hotspot/src/share/vm/prims/jvm.cpp:1284
Event: 63.845 Thread 0x00007fc5b82d0800 Threw 0x00000000fd767888 at /build/buildd/openjdk-7-7u71-2.5.3/build/openjdk/hotspot/src/share/vm/prims/jvm.cpp:1284
Event: 63.845 Thread 0x00007fc5b82d0800 Threw 0x00000000fd767ca8 at /build/buildd/openjdk-7-7u71-2.5.3/build/openjdk/hotspot/src/share/vm/prims/jvm.cpp:1284

Events (10 events):
Event: 63.844 loading class 0x00007fc5700ff2e0 done
Event: 63.844 loading class 0x00007fc5700ff320
Event: 63.844 loading class 0x00007fc5700ff320 done
Event: 63.844 loading class 0x00007fc5700ff320
Event: 63.844 loading class 0x00007fc5700ff320 done
Event: 63.844 loading class 0x00007fc570c9bc30
Event: 63.845 loading class 0x00007fc570c9bc30 done
Event: 63.845 loading class 0x00007fc570c9bc30
Event: 63.845 loading class 0x00007fc570c9bc30 done
Event: 63.845 Executing VM operation: ParallelGCFailedAllocation


Dynamic libraries:
00400000-00401000 r-xp 00000000 08:05 2511838                            /usr/lib/jvm/java-7-openjdk-amd64/jre/bin/java
00600000-00601000 r--p 00000000 08:05 2511838                            /usr/lib/jvm/java-7-openjdk-amd64/jre/bin/java
00601000-00602000 rw-p 00001000 08:05 2511838                            /usr/lib/jvm/java-7-openjdk-amd64/jre/bin/java
00daf000-00dd0000 rw-p 00000000 00:00 0                                  [heap]
d5a00000-da780000 rw-p 00000000 00:00 0 
da780000-e0000000 rw-p 00000000 00:00 0 
e0000000-e5180000 rw-p 00000000 00:00 0 
e5180000-f5500000 rw-p 00000000 00:00 0 
f5500000-fef80000 rw-p 00000000 00:00 0 
7fc56c000000-7fc56c021000 rw-p 00000000 00:00 0 
7fc56c021000-7fc570000000 ---p 00000000 00:00 0 
7fc570000000-7fc5717a1000 rw-p 00000000 00:00 0 
7fc5717a1000-7fc574000000 ---p 00000000 00:00 0 
7fc574000000-7fc574021000 rw-p 00000000 00:00 0 
7fc574021000-7fc578000000 ---p 00000000 00:00 0 
7fc57b889000-7fc57b88e000 r-xp 00000000 08:05 2103810                    /lib/x86_64-linux-gnu/libnss_dns-2.19.so
7fc57b88e000-7fc57ba8d000 ---p 00005000 08:05 2103810                    /lib/x86_64-linux-gnu/libnss_dns-2.19.so
7fc57ba8d000-7fc57ba8e000 r--p 00004000 08:05 2103810                    /lib/x86_64-linux-gnu/libnss_dns-2.19.so
7fc57ba8e000-7fc57ba8f000 rw-p 00005000 08:05 2103810                    /lib/x86_64-linux-gnu/libnss_dns-2.19.so
7fc57ba8f000-7fc57ba91000 r-xp 00000000 08:05 2104538                    /lib/x86_64-linux-gnu/libnss_mdns4_minimal.so.2
7fc57ba91000-7fc57bc90000 ---p 00002000 08:05 2104538                    /lib/x86_64-linux-gnu/libnss_mdns4_minimal.so.2
7fc57bc90000-7fc57bc91000 r--p 00001000 08:05 2104538                    /lib/x86_64-linux-gnu/libnss_mdns4_minimal.so.2
7fc57bc91000-7fc57bc92000 rw-p 00002000 08:05 2104538                    /lib/x86_64-linux-gnu/libnss_mdns4_minimal.so.2
7fc57bc92000-7fc57bc95000 ---p 00000000 00:00 0 
7fc57bc95000-7fc57bd93000 rw-p 00000000 00:00 0                          [stack:20414]
7fc57bd93000-7fc57bdff000 r-xp 00000000 08:05 2104562                    /lib/x86_64-linux-gnu/libpcre.so.3.13.1
7fc57bdff000-7fc57bffe000 ---p 0006c000 08:05 2104562                    /lib/x86_64-linux-gnu/libpcre.so.3.13.1
7fc57bffe000-7fc57bfff000 r--p 0006b000 08:05 2104562                    /lib/x86_64-linux-gnu/libpcre.so.3.13.1
7fc57bfff000-7fc57c000000 rw-p 0006c000 08:05 2104562                    /lib/x86_64-linux-gnu/libpcre.so.3.13.1
7fc57c000000-7fc57c021000 rw-p 00000000 00:00 0 
7fc57c021000-7fc580000000 ---p 00000000 00:00 0 
7fc5800be000-7fc5800c1000 ---p 00000000 00:00 0 
7fc5800c1000-7fc5801bf000 rw-p 00000000 00:00 0 
7fc5801bf000-7fc5801e0000 r-xp 00000000 08:05 2104589                    /lib/x86_64-linux-gnu/libselinux.so.1
7fc5801e0000-7fc5803df000 ---p 00021000 08:05 2104589                    /lib/x86_64-linux-gnu/libselinux.so.1
7fc5803df000-7fc5803e0000 r--p 00020000 08:05 2104589                    /lib/x86_64-linux-gnu/libselinux.so.1
7fc5803e0000-7fc5803e1000 rw-p 00021000 08:05 2104589                    /lib/x86_64-linux-gnu/libselinux.so.1
7fc5803e1000-7fc5803e3000 rw-p 00000000 00:00 0 
7fc5803e3000-7fc5803e6000 r-xp 00000000 08:05 2490776                    /usr/lib/x86_64-linux-gnu/libgmodule-2.0.so.0.4200.1
7fc5803e6000-7fc5805e5000 ---p 00003000 08:05 2490776                    /usr/lib/x86_64-linux-gnu/libgmodule-2.0.so.0.4200.1
7fc5805e5000-7fc5805e6000 r--p 00002000 08:05 2490776                    /usr/lib/x86_64-linux-gnu/libgmodule-2.0.so.0.4200.1
7fc5805e6000-7fc5805e7000 rw-p 00003000 08:05 2490776                    /usr/lib/x86_64-linux-gnu/libgmodule-2.0.so.0.4200.1
7fc5805e7000-7fc5806f3000 r-xp 00000000 08:05 2103771                    /lib/x86_64-linux-gnu/libglib-2.0.so.0.4200.1
7fc5806f3000-7fc5808f3000 ---p 0010c000 08:05 2103771                    /lib/x86_64-linux-gnu/libglib-2.0.so.0.4200.1
7fc5808f3000-7fc5808f4000 r--p 0010c000 08:05 2103771                    /lib/x86_64-linux-gnu/libglib-2.0.so.0.4200.1
7fc5808f4000-7fc5808f5000 rw-p 0010d000 08:05 2103771                    /lib/x86_64-linux-gnu/libglib-2.0.so.0.4200.1
7fc5808f5000-7fc5808f6000 rw-p 00000000 00:00 0 
7fc5808f6000-7fc580946000 r-xp 00000000 08:05 2490755                    /usr/lib/x86_64-linux-gnu/libgobject-2.0.so.0.4200.1
7fc580946000-7fc580b46000 ---p 00050000 08:05 2490755                    /usr/lib/x86_64-linux-gnu/libgobject-2.0.so.0.4200.1
7fc580b46000-7fc580b47000 r--p 00050000 08:05 2490755                    /usr/lib/x86_64-linux-gnu/libgobject-2.0.so.0.4200.1
7fc580b47000-7fc580b48000 rw-p 00051000 08:05 2490755                    /usr/lib/x86_64-linux-gnu/libgobject-2.0.so.0.4200.1
7fc580b48000-7fc580cb9000 r-xp 00000000 08:05 2490773                    /usr/lib/x86_64-linux-gnu/libgio-2.0.so.0.4200.1
7fc580cb9000-7fc580eb9000 ---p 00171000 08:05 2490773                    /usr/lib/x86_64-linux-gnu/libgio-2.0.so.0.4200.1
7fc580eb9000-7fc580ebd000 r--p 00171000 08:05 2490773                    /usr/lib/x86_64-linux-gnu/libgio-2.0.so.0.4200.1
7fc580ebd000-7fc580ebf000 rw-p 00175000 08:05 2490773                    /usr/lib/x86_64-linux-gnu/libgio-2.0.so.0.4200.1
7fc580ebf000-7fc580ec1000 rw-p 00000000 00:00 0 
7fc580ec1000-7fc580ed8000 r-xp 00000000 08:05 2511761                    /usr/lib/jvm/java-7-openjdk-amd64/jre/lib/amd64/libnet.so
7fc580ed8000-7fc5810d7000 ---p 00017000 08:05 2511761                    /usr/lib/jvm/java-7-openjdk-amd64/jre/lib/amd64/libnet.so
7fc5810d7000-7fc5810d8000 r--p 00016000 08:05 2511761                    /usr/lib/jvm/java-7-openjdk-amd64/jre/lib/amd64/libnet.so
7fc5810d8000-7fc5810d9000 rw-p 00017000 08:05 2511761                    /usr/lib/jvm/java-7-openjdk-amd64/jre/lib/amd64/libnet.so
7fc5810d9000-7fc5810ea000 r-xp 00000000 08:05 2511783                    /usr/lib/jvm/java-7-openjdk-amd64/jre/lib/amd64/libnio.so
7fc5810ea000-7fc5812e9000 ---p 00011000 08:05 2511783                    /usr/lib/jvm/java-7-openjdk-amd64/jre/lib/amd64/libnio.so
7fc5812e9000-7fc5812ea000 r--p 00010000 08:05 2511783                    /usr/lib/jvm/java-7-openjdk-amd64/jre/lib/amd64/libnio.so
7fc5812ea000-7fc5812eb000 rw-p 00011000 08:05 2511783                    /usr/lib/jvm/java-7-openjdk-amd64/jre/lib/amd64/libnio.so
7fc5812eb000-7fc5812f2000 r-xp 00000000 08:05 2503107                    /usr/lib/x86_64-linux-gnu/libffi.so.6.0.2
7fc5812f2000-7fc5814f1000 ---p 00007000 08:05 2503107                    /usr/lib/x86_64-linux-gnu/libffi.so.6.0.2
7fc5814f1000-7fc5814f2000 r--p 00006000 08:05 2503107                    /usr/lib/x86_64-linux-gnu/libffi.so.6.0.2
7fc5814f2000-7fc5814f3000 rw-p 00007000 08:05 2503107                    /usr/lib/x86_64-linux-gnu/libffi.so.6.0.2
7fc5814f3000-7fc58150a000 r-xp 00000000 08:05 2103820                    /lib/x86_64-linux-gnu/libresolv-2.19.so
7fc58150a000-7fc58170a000 ---p 00017000 08:05 2103820                    /lib/x86_64-linux-gnu/libresolv-2.19.so
7fc58170a000-7fc58170b000 r--p 00017000 08:05 2103820                    /lib/x86_64-linux-gnu/libresolv-2.19.so
7fc58170b000-7fc58170c000 rw-p 00018000 08:05 2103820                    /lib/x86_64-linux-gnu/libresolv-2.19.so
7fc58170c000-7fc58170e000 rw-p 00000000 00:00 0 
7fc58170e000-7fc581711000 r-xp 00000000 08:05 2104498                    /lib/x86_64-linux-gnu/libkeyutils.so.1.5
7fc581711000-7fc581910000 ---p 00003000 08:05 2104498                    /lib/x86_64-linux-gnu/libkeyutils.so.1.5
7fc581910000-7fc581911000 r--p 00002000 08:05 2104498                    /lib/x86_64-linux-gnu/libkeyutils.so.1.5
7fc581911000-7fc581912000 rw-p 00003000 08:05 2104498                    /lib/x86_64-linux-gnu/libkeyutils.so.1.5
7fc581912000-7fc581937000 r-xp 00000000 08:05 2104574                    /lib/x86_64-linux-gnu/libpng12.so.0.51.0
7fc581937000-7fc581b36000 ---p 00025000 08:05 2104574                    /lib/x86_64-linux-gnu/libpng12.so.0.51.0
7fc581b36000-7fc581b37000 r--p 00024000 08:05 2104574                    /lib/x86_64-linux-gnu/libpng12.so.0.51.0
7fc581b37000-7fc581b38000 rw-p 00025000 08:05 2104574                    /lib/x86_64-linux-gnu/libpng12.so.0.51.0
7fc581b38000-7fc581b7e000 r-xp 00000000 08:05 2103488                    /lib/x86_64-linux-gnu/libdbus-1.so.3.8.7
7fc581b7e000-7fc581d7d000 ---p 00046000 08:05 2103488                    /lib/x86_64-linux-gnu/libdbus-1.so.3.8.7
7fc581d7d000-7fc581d7f000 r--p 00045000 08:05 2103488                    /lib/x86_64-linux-gnu/libdbus-1.so.3.8.7
7fc581d7f000-7fc581d80000 rw-p 00047000 08:05 2103488                    /lib/x86_64-linux-gnu/libdbus-1.so.3.8.7
7fc581d80000-7fc581dfe000 r-xp 00000000 08:05 2503220                    /usr/lib/x86_64-linux-gnu/libgmp.so.10.2.0
7fc581dfe000-7fc581ffe000 ---p 0007e000 08:05 2503220                    /usr/lib/x86_64-linux-gnu/libgmp.so.10.2.0
7fc581ffe000-7fc581fff000 r--p 0007e000 08:05 2503220                    /usr/lib/x86_64-linux-gnu/libgmp.so.10.2.0
7fc581fff000-7fc582000000 rw-p 0007f000 08:05 2503220                    /usr/lib/x86_64-linux-gnu/libgmp.so.10.2.0
7fc582000000-7fc58202c000 r-xp 00000000 08:05 2503377                    /usr/lib/x86_64-linux-gnu/libhogweed.so.2.5
7fc58202c000-7fc58222c000 ---p 0002c000 08:05 2503377                    /usr/lib/x86_64-linux-gnu/libhogweed.so.2.5
7fc58222c000-7fc58222d000 r--p 0002c000 08:05 2503377                    /usr/lib/x86_64-linux-gnu/libhogweed.so.2.5
7fc58222d000-7fc58222e000 rw-p 0002d000 08:05 2503377                    /usr/lib/x86_64-linux-gnu/libhogweed.so.2.5
7fc58222e000-7fc58225d000 r-xp 00000000 08:05 2503514                    /usr/lib/x86_64-linux-gnu/libnettle.so.4.7
7fc58225d000-7fc58245d000 ---p 0002f000 08:05 2503514                    /usr/lib/x86_64-linux-gnu/libnettle.so.4.7
7fc58245d000-7fc58245e000 r--p 0002f000 08:05 2503514                    /usr/lib/x86_64-linux-gnu/libnettle.so.4.7
7fc58245e000-7fc58245f000 rw-p 00030000 08:05 2503514                    /usr/lib/x86_64-linux-gnu/libnettle.so.4.7
7fc58245f000-7fc582470000 r-xp 00000000 08:05 2503765                    /usr/lib/x86_64-linux-gnu/libtasn1.so.6.3.0
7fc582470000-7fc58266f000 ---p 00011000 08:05 2503765                    /usr/lib/x86_64-linux-gnu/libtasn1.so.6.3.0
7fc58266f000-7fc582670000 r--p 00010000 08:05 2503765                    /usr/lib/x86_64-linux-gnu/libtasn1.so.6.3.0
7fc582670000-7fc582671000 rw-p 00011000 08:05 2503765                    /usr/lib/x86_64-linux-gnu/libtasn1.so.6.3.0
7fc582671000-7fc5826ac000 r-xp 00000000 08:05 2503564                    /usr/lib/x86_64-linux-gnu/libp11-kit.so.0.0.0
7fc5826ac000-7fc5828ab000 ---p 0003b000 08:05 2503564                    /usr/lib/x86_64-linux-gnu/libp11-kit.so.0.0.0
7fc5828ab000-7fc5828b1000 r--p 0003a000 08:05 2503564                    /usr/lib/x86_64-linux-gnu/libp11-kit.so.0.0.0
7fc5828b1000-7fc5828b3000 rw-p 00040000 08:05 2503564                    /usr/lib/x86_64-linux-gnu/libp11-kit.so.0.0.0
7fc5828b3000-7fc5828bd000 r-xp 00000000 08:05 2503442                    /usr/lib/x86_64-linux-gnu/libkrb5support.so.0.1
7fc5828bd000-7fc582abc000 ---p 0000a000 08:05 2503442                    /usr/lib/x86_64-linux-gnu/libkrb5support.so.0.1
7fc582abc000-7fc582abd000 r--p 00009000 08:05 2503442                    /usr/lib/x86_64-linux-gnu/libkrb5support.so.0.1
7fc582abd000-7fc582abe000 rw-p 0000a000 08:05 2503442                    /usr/lib/x86_64-linux-gnu/libkrb5support.so.0.1
7fc582abe000-7fc582ac1000 r-xp 00000000 08:05 2104462                    /lib/x86_64-linux-gnu/libcom_err.so.2.1
7fc582ac1000-7fc582cc0000 ---p 00003000 08:05 2104462                    /lib/x86_64-linux-gnu/libcom_err.so.2.1
7fc582cc0000-7fc582cc1000 r--p 00002000 08:05 2104462                    /lib/x86_64-linux-gnu/libcom_err.so.2.1
7fc582cc1000-7fc582cc2000 rw-p 00003000 08:05 2104462                    /lib/x86_64-linux-gnu/libcom_err.so.2.1
7fc582cc2000-7fc582cef000 r-xp 00000000 08:05 2503436                    /usr/lib/x86_64-linux-gnu/libk5crypto.so.3.1
7fc582cef000-7fc582eee000 ---p 0002d000 08:05 2503436                    /usr/lib/x86_64-linux-gnu/libk5crypto.so.3.1
7fc582eee000-7fc582ef0000 r--p 0002c000 08:05 2503436                    /usr/lib/x86_64-linux-gnu/libk5crypto.so.3.1
7fc582ef0000-7fc582ef1000 rw-p 0002e000 08:05 2503436                    /usr/lib/x86_64-linux-gnu/libk5crypto.so.3.1
7fc582ef1000-7fc582ef2000 rw-p 00000000 00:00 0 
7fc582ef2000-7fc582fb2000 r-xp 00000000 08:05 2503440                    /usr/lib/x86_64-linux-gnu/libkrb5.so.3.3
7fc582fb2000-7fc5831b2000 ---p 000c0000 08:05 2503440                    /usr/lib/x86_64-linux-gnu/libkrb5.so.3.3
7fc5831b2000-7fc5831bf000 r--p 000c0000 08:05 2503440                    /usr/lib/x86_64-linux-gnu/libkrb5.so.3.3
7fc5831bf000-7fc5831c1000 rw-p 000cd000 08:05 2503440                    /usr/lib/x86_64-linux-gnu/libkrb5.so.3.3
7fc5831c1000-7fc5831e7000 r-xp 00000000 08:05 2104475                    /lib/x86_64-linux-gnu/libexpat.so.1.6.0
7fc5831e7000-7fc5833e6000 ---p 00026000 08:05 2104475                    /lib/x86_64-linux-gnu/libexpat.so.1.6.0
7fc5833e6000-7fc5833e9000 r--p 00025000 08:05 2104475                    /lib/x86_64-linux-gnu/libexpat.so.1.6.0
7fc5833e9000-7fc5833ea000 rw-p 00028000 08:05 2104475                    /lib/x86_64-linux-gnu/libexpat.so.1.6.0
7fc5833ea000-7fc58348c000 r-xp 00000000 08:05 2503149                    /usr/lib/x86_64-linux-gnu/libfreetype.so.6.11.1
7fc58348c000-7fc58368b000 ---p 000a2000 08:05 2503149                    /usr/lib/x86_64-linux-gnu/libfreetype.so.6.11.1
7fc58368b000-7fc583691000 r--p 000a1000 08:05 2503149                    /usr/lib/x86_64-linux-gnu/libfreetype.so.6.11.1
7fc583691000-7fc583692000 rw-p 000a7000 08:05 2503149                    /usr/lib/x86_64-linux-gnu/libfreetype.so.6.11.1
7fc583692000-7fc5836a2000 r-xp 00000000 08:05 2502911                    /usr/lib/x86_64-linux-gnu/libavahi-client.so.3.2.9
7fc5836a2000-7fc5838a1000 ---p 00010000 08:05 2502911                    /usr/lib/x86_64-linux-gnu/libavahi-client.so.3.2.9
7fc5838a1000-7fc5838a2000 r--p 0000f000 08:05 2502911                    /usr/lib/x86_64-linux-gnu/libavahi-client.so.3.2.9
7fc5838a2000-7fc5838a3000 rw-p 00010000 08:05 2502911                    /usr/lib/x86_64-linux-gnu/libavahi-client.so.3.2.9
7fc5838a3000-7fc5838ae000 r-xp 00000000 08:05 2502913                    /usr/lib/x86_64-linux-gnu/libavahi-common.so.3.5.3
7fc5838ae000-7fc583aad000 ---p 0000b000 08:05 2502913                    /usr/lib/x86_64-linux-gnu/libavahi-common.so.3.5.3
7fc583aad000-7fc583aae000 r--p 0000a000 08:05 2502913                    /usr/lib/x86_64-linux-gnu/libavahi-common.so.3.5.3
7fc583aae000-7fc583aaf000 rw-p 0000b000 08:05 2502913                    /usr/lib/x86_64-linux-gnu/libavahi-common.so.3.5.3
7fc583aaf000-7fc583bae000 r-xp 00000000 08:05 2497998                    /usr/lib/x86_64-linux-gnu/libgnutls-deb0.so.28.30.7
7fc583bae000-7fc583dad000 ---p 000ff000 08:05 2497998                    /usr/lib/x86_64-linux-gnu/libgnutls-deb0.so.28.30.7
7fc583dad000-7fc583db6000 r--p 000fe000 08:05 2497998                    /usr/lib/x86_64-linux-gnu/libgnutls-deb0.so.28.30.7
7fc583db6000-7fc583db8000 rw-p 00107000 08:05 2497998                    /usr/lib/x86_64-linux-gnu/libgnutls-deb0.so.28.30.7
7fc583db8000-7fc583dfd000 r-xp 00000000 08:05 2503265                    /usr/lib/x86_64-linux-gnu/libgssapi_krb5.so.2.2
7fc583dfd000-7fc583ffc000 ---p 00045000 08:05 2503265                    /usr/lib/x86_64-linux-gnu/libgssapi_krb5.so.2.2
7fc583ffc000-7fc583ffe000 r--p 00044000 08:05 2503265                    /usr/lib/x86_64-linux-gnu/libgssapi_krb5.so.2.2
7fc583ffe000-7fc583fff000 rw-p 00046000 08:05 2503265                    /usr/lib/x86_64-linux-gnu/libgssapi_krb5.so.2.2
7fc583fff000-7fc584000000 rw-p 00000000 00:00 0 
7fc584000000-7fc584a3b000 rw-p 00000000 00:00 0 
7fc584a3b000-7fc588000000 ---p 00000000 00:00 0 
7fc588000000-7fc588021000 rw-p 00000000 00:00 0 
7fc588021000-7fc58c000000 ---p 00000000 00:00 0 
7fc58c000000-7fc58c021000 rw-p 00000000 00:00 0 
7fc58c021000-7fc590000000 ---p 00000000 00:00 0 
7fc590000000-7fc59086c000 rw-p 00000000 00:00 0 
7fc59086c000-7fc594000000 ---p 00000000 00:00 0 
7fc594000000-7fc594021000 rw-p 00000000 00:00 0 
7fc594021000-7fc598000000 ---p 00000000 00:00 0 
7fc598000000-7fc598021000 rw-p 00000000 00:00 0 
7fc598021000-7fc59c000000 ---p 00000000 00:00 0 
7fc59c000000-7fc59c021000 rw-p 00000000 00:00 0 
7fc59c021000-7fc5a0000000 ---p 00000000 00:00 0 
7fc5a0000000-7fc5a023e000 rw-p 00000000 00:00 0 
7fc5a023e000-7fc5a4000000 ---p 00000000 00:00 0 
7fc5a4000000-7fc5a4021000 rw-p 00000000 00:00 0 
7fc5a4021000-7fc5a8000000 ---p 00000000 00:00 0 
7fc5a8000000-7fc5a8021000 rw-p 00000000 00:00 0 
7fc5a8021000-7fc5ac000000 ---p 00000000 00:00 0 
7fc5ac000000-7fc5ac021000 rw-p 00000000 00:00 0 
7fc5ac021000-7fc5b0000000 ---p 00000000 00:00 0 
7fc5b0090000-7fc5b0093000 ---p 00000000 00:00 0 
7fc5b0093000-7fc5b01c2000 rw-p 00000000 00:00 0 
7fc5b01e1000-7fc5b021c000 r-xp 00000000 08:05 2503121                    /usr/lib/x86_64-linux-gnu/libfontconfig.so.1.8.0
7fc5b021c000-7fc5b041b000 ---p 0003b000 08:05 2503121                    /usr/lib/x86_64-linux-gnu/libfontconfig.so.1.8.0
7fc5b041b000-7fc5b041d000 r--p 0003a000 08:05 2503121                    /usr/lib/x86_64-linux-gnu/libfontconfig.so.1.8.0
7fc5b041d000-7fc5b041e000 rw-p 0003c000 08:05 2503121                    /usr/lib/x86_64-linux-gnu/libfontconfig.so.1.8.0
7fc5b041e000-7fc5b048b000 r-xp 00000000 08:05 2503010                    /usr/lib/x86_64-linux-gnu/libcups.so.2
7fc5b048b000-7fc5b068b000 ---p 0006d000 08:05 2503010                    /usr/lib/x86_64-linux-gnu/libcups.so.2
7fc5b068b000-7fc5b0692000 r--p 0006d000 08:05 2503010                    /usr/lib/x86_64-linux-gnu/libcups.so.2
7fc5b0692000-7fc5b0693000 rw-p 00074000 08:05 2503010                    /usr/lib/x86_64-linux-gnu/libcups.so.2
7fc5b06a1000-7fc5b06a2000 rw-p 00000000 00:00 0 
7fc5b06a2000-7fc5b06a6000 r--s 00023000 00:26 1447793                    /home/oliver/projects/robocode/libs/robocode.ui.editor-1.9.2.4.jar
7fc5b06a6000-7fc5b06ae000 r--s 0014d000 00:26 1447794                    /home/oliver/projects/robocode/libs/robocode.ui-1.9.2.4.jar
7fc5b06ae000-7fc5b06b0000 r--s 00014000 00:26 1447791                    /home/oliver/projects/robocode/libs/robocode.host-1.9.2.4.jar
7fc5b06b0000-7fc5b06b2000 r--s 0000d000 00:26 1447792                    /home/oliver/projects/robocode/libs/robocode.repository-1.9.2.4.jar
7fc5b06b2000-7fc5b06b9000 r-xp 00000000 08:05 2511776                    /usr/lib/jvm/java-7-openjdk-amd64/jre/lib/amd64/headless/libmawt.so
7fc5b06b9000-7fc5b08b8000 ---p 00007000 08:05 2511776                    /usr/lib/jvm/java-7-openjdk-amd64/jre/lib/amd64/headless/libmawt.so
7fc5b08b8000-7fc5b08b9000 r--p 00006000 08:05 2511776                    /usr/lib/jvm/java-7-openjdk-amd64/jre/lib/amd64/headless/libmawt.so
7fc5b08b9000-7fc5b08ba000 rw-p 00007000 08:05 2511776                    /usr/lib/jvm/java-7-openjdk-amd64/jre/lib/amd64/headless/libmawt.so
7fc5b08ba000-7fc5b095a000 r-xp 00000000 08:05 2511790                    /usr/lib/jvm/java-7-openjdk-amd64/jre/lib/amd64/libawt.so
7fc5b095a000-7fc5b0b5a000 ---p 000a0000 08:05 2511790                    /usr/lib/jvm/java-7-openjdk-amd64/jre/lib/amd64/libawt.so
7fc5b0b5a000-7fc5b0b5b000 r--p 000a0000 08:05 2511790                    /usr/lib/jvm/java-7-openjdk-amd64/jre/lib/amd64/libawt.so
7fc5b0b5b000-7fc5b0b66000 rw-p 000a1000 08:05 2511790                    /usr/lib/jvm/java-7-openjdk-amd64/jre/lib/amd64/libawt.so
7fc5b0b66000-7fc5b0b8b000 rw-p 00000000 00:00 0 
7fc5b0b8b000-7fc5b0b95000 r--s 00203000 08:05 2511797                    /usr/lib/jvm/java-7-openjdk-amd64/jre/lib/charsets.jar
7fc5b0b95000-7fc5b0b9d000 r--s 00048000 00:26 1447788                    /home/oliver/projects/robocode/libs/picocontainer-2.14.2.jar
7fc5b0b9d000-7fc5b0b9e000 ---p 00000000 00:00 0 
7fc5b0b9e000-7fc5b0c9e000 rw-p 00000000 00:00 0                          [stack:20362]
7fc5b0c9e000-7fc5b0ca1000 ---p 00000000 00:00 0 
7fc5b0ca1000-7fc5b0d9f000 rw-p 00000000 00:00 0                          [stack:20355]
7fc5b0d9f000-7fc5b0da2000 ---p 00000000 00:00 0 
7fc5b0da2000-7fc5b0ea0000 rw-p 00000000 00:00 0                          [stack:20352]
7fc5b0ea0000-7fc5b0ea3000 ---p 00000000 00:00 0 
7fc5b0ea3000-7fc5b0fa1000 rw-p 00000000 00:00 0                          [stack:20343]
7fc5b0fa1000-7fc5b0fa4000 ---p 00000000 00:00 0 
7fc5b0fa4000-7fc5b10a2000 rw-p 00000000 00:00 0                          [stack:20340]
7fc5b10a2000-7fc5b1784000 r--p 00000000 08:05 2499634                    /usr/lib/locale/locale-archive
7fc5b1784000-7fc5b1787000 ---p 00000000 00:00 0 
7fc5b1787000-7fc5b1885000 rw-p 00000000 00:00 0                          [stack:20256]
7fc5b1885000-7fc5b1888000 ---p 00000000 00:00 0 
7fc5b1888000-7fc5b1986000 rw-p 00000000 00:00 0                          [stack:20244]
7fc5b1986000-7fc5b1987000 ---p 00000000 00:00 0 
7fc5b1987000-7fc5b2a84000 rw-p 00000000 00:00 0                          [stack:20235]
7fc5b2a84000-7fc5b2c35000 r--s 01d25000 08:05 2511823                    /usr/lib/jvm/java-7-openjdk-amd64/jre/lib/rt.jar
7fc5b2c35000-7fc5b4389000 rw-p 00000000 00:00 0 
7fc5b4389000-7fc5b438a000 ---p 00000000 00:00 0 
7fc5b438a000-7fc5b448a000 rw-p 00000000 00:00 0                          [stack:20219]
7fc5b448a000-7fc5b448b000 ---p 00000000 00:00 0 
7fc5b448b000-7fc5b458b000 rw-p 00000000 00:00 0                          [stack:20215]
7fc5b458b000-7fc5b458c000 ---p 00000000 00:00 0 
7fc5b458c000-7fc5b468c000 rw-p 00000000 00:00 0                          [stack:20184]
7fc5b468c000-7fc5b468d000 ---p 00000000 00:00 0 
7fc5b468d000-7fc5b47b4000 rw-p 00000000 00:00 0                          [stack:20176]
7fc5b47b4000-7fc5b47e0000 rw-p 00000000 00:00 0 
7fc5b47e0000-7fc5b4809000 rw-p 00000000 00:00 0 
7fc5b4809000-7fc5b488b000 rw-p 00000000 00:00 0 
7fc5b488b000-7fc5b48b2000 rw-p 00000000 00:00 0 
7fc5b48b2000-7fc5b48de000 rw-p 00000000 00:00 0 
7fc5b48de000-7fc5b4907000 rw-p 00000000 00:00 0 
7fc5b4907000-7fc5b4988000 rw-p 00000000 00:00 0 
7fc5b4988000-7fc5b49d6000 rw-p 00000000 00:00 0 
7fc5b49d6000-7fc5b49de000 ---p 00000000 00:00 0 
7fc5b49de000-7fc5b49df000 rw-p 00000000 00:00 0 
7fc5b49df000-7fc5b4c4f000 rwxp 00000000 00:00 0 
7fc5b4c4f000-7fc5b79df000 rw-p 00000000 00:00 0 
7fc5b79df000-7fc5b79e7000 r-xp 00000000 08:05 2511755                    /usr/lib/jvm/java-7-openjdk-amd64/jre/lib/amd64/libzip.so
7fc5b79e7000-7fc5b7be6000 ---p 00008000 08:05 2511755                    /usr/lib/jvm/java-7-openjdk-amd64/jre/lib/amd64/libzip.so
7fc5b7be6000-7fc5b7be7000 r--p 00007000 08:05 2511755                    /usr/lib/jvm/java-7-openjdk-amd64/jre/lib/amd64/libzip.so
7fc5b7be7000-7fc5b7be8000 rw-p 00008000 08:05 2511755                    /usr/lib/jvm/java-7-openjdk-amd64/jre/lib/amd64/libzip.so
7fc5b7be8000-7fc5b7bf3000 r-xp 00000000 08:05 2103824                    /lib/x86_64-linux-gnu/libnss_files-2.19.so
7fc5b7bf3000-7fc5b7df2000 ---p 0000b000 08:05 2103824                    /lib/x86_64-linux-gnu/libnss_files-2.19.so
7fc5b7df2000-7fc5b7df3000 r--p 0000a000 08:05 2103824                    /lib/x86_64-linux-gnu/libnss_files-2.19.so
7fc5b7df3000-7fc5b7df4000 rw-p 0000b000 08:05 2103824                    /lib/x86_64-linux-gnu/libnss_files-2.19.so
7fc5b7df4000-7fc5b7dff000 r-xp 00000000 08:05 2103816                    /lib/x86_64-linux-gnu/libnss_nis-2.19.so
7fc5b7dff000-7fc5b7ffe000 ---p 0000b000 08:05 2103816                    /lib/x86_64-linux-gnu/libnss_nis-2.19.so
7fc5b7ffe000-7fc5b7fff000 r--p 0000a000 08:05 2103816                    /lib/x86_64-linux-gnu/libnss_nis-2.19.so
7fc5b7fff000-7fc5b8000000 rw-p 0000b000 08:05 2103816                    /lib/x86_64-linux-gnu/libnss_nis-2.19.so
7fc5b8000000-7fc5b82e0000 rw-p 00000000 00:00 0 
7fc5b82e0000-7fc5bc000000 ---p 00000000 00:00 0 
7fc5bc000000-7fc5bc001000 r--s 00021000 00:26 1447795                    /home/oliver/projects/robocode/libs/robocode.sound-1.9.2.4.jar
7fc5bc001000-7fc5bc005000 r--s 00027000 00:26 1447790                    /home/oliver/projects/robocode/libs/robocode.battle-1.9.2.4.jar
7fc5bc005000-7fc5bc00d000 r--s 00059000 00:26 1447789                    /home/oliver/projects/robocode/libs/codesize-1.1.jar
7fc5bc00d000-7fc5bc035000 rw-p 00000000 00:00 0 
7fc5bc035000-7fc5bc04c000 r-xp 00000000 08:05 2103807                    /lib/x86_64-linux-gnu/libnsl-2.19.so
7fc5bc04c000-7fc5bc24b000 ---p 00017000 08:05 2103807                    /lib/x86_64-linux-gnu/libnsl-2.19.so
7fc5bc24b000-7fc5bc24c000 r--p 00016000 08:05 2103807                    /lib/x86_64-linux-gnu/libnsl-2.19.so
7fc5bc24c000-7fc5bc24d000 rw-p 00017000 08:05 2103807                    /lib/x86_64-linux-gnu/libnsl-2.19.so
7fc5bc24d000-7fc5bc24f000 rw-p 00000000 00:00 0 
7fc5bc24f000-7fc5bc258000 r-xp 00000000 08:05 2103812                    /lib/x86_64-linux-gnu/libnss_compat-2.19.so
7fc5bc258000-7fc5bc457000 ---p 00009000 08:05 2103812                    /lib/x86_64-linux-gnu/libnss_compat-2.19.so
7fc5bc457000-7fc5bc458000 r--p 00008000 08:05 2103812                    /lib/x86_64-linux-gnu/libnss_compat-2.19.so
7fc5bc458000-7fc5bc459000 rw-p 00009000 08:05 2103812                    /lib/x86_64-linux-gnu/libnss_compat-2.19.so
7fc5bc459000-7fc5bc486000 r-xp 00000000 08:05 2511752                    /usr/lib/jvm/java-7-openjdk-amd64/jre/lib/amd64/libjava.so
7fc5bc486000-7fc5bc685000 ---p 0002d000 08:05 2511752                    /usr/lib/jvm/java-7-openjdk-amd64/jre/lib/amd64/libjava.so
7fc5bc685000-7fc5bc686000 r--p 0002c000 08:05 2511752                    /usr/lib/jvm/java-7-openjdk-amd64/jre/lib/amd64/libjava.so
7fc5bc686000-7fc5bc688000 rw-p 0002d000 08:05 2511752                    /usr/lib/jvm/java-7-openjdk-amd64/jre/lib/amd64/libjava.so
7fc5bc688000-7fc5bc699000 r-xp 00000000 08:05 2511767                    /usr/lib/jvm/java-7-openjdk-amd64/jre/lib/amd64/libverify.so
7fc5bc699000-7fc5bc898000 ---p 00011000 08:05 2511767                    /usr/lib/jvm/java-7-openjdk-amd64/jre/lib/amd64/libverify.so
7fc5bc898000-7fc5bc89a000 r--p 00010000 08:05 2511767                    /usr/lib/jvm/java-7-openjdk-amd64/jre/lib/amd64/libverify.so
7fc5bc89a000-7fc5bc89b000 rw-p 00012000 08:05 2511767                    /usr/lib/jvm/java-7-openjdk-amd64/jre/lib/amd64/libverify.so
7fc5bc89b000-7fc5bc8a2000 r-xp 00000000 08:05 2103815                    /lib/x86_64-linux-gnu/librt-2.19.so
7fc5bc8a2000-7fc5bcaa1000 ---p 00007000 08:05 2103815                    /lib/x86_64-linux-gnu/librt-2.19.so
7fc5bcaa1000-7fc5bcaa2000 r--p 00006000 08:05 2103815                    /lib/x86_64-linux-gnu/librt-2.19.so
7fc5bcaa2000-7fc5bcaa3000 rw-p 00007000 08:05 2103815                    /lib/x86_64-linux-gnu/librt-2.19.so
7fc5bcaa3000-7fc5bcab9000 r-xp 00000000 08:05 2104480                    /lib/x86_64-linux-gnu/libgcc_s.so.1
7fc5bcab9000-7fc5bccb8000 ---p 00016000 08:05 2104480                    /lib/x86_64-linux-gnu/libgcc_s.so.1
7fc5bccb8000-7fc5bccb9000 r--p 00015000 08:05 2104480                    /lib/x86_64-linux-gnu/libgcc_s.so.1
7fc5bccb9000-7fc5bccba000 rw-p 00016000 08:05 2104480                    /lib/x86_64-linux-gnu/libgcc_s.so.1
7fc5bccba000-7fc5bcdbf000 r-xp 00000000 08:05 2103817                    /lib/x86_64-linux-gnu/libm-2.19.so
7fc5bcdbf000-7fc5bcfbe000 ---p 00105000 08:05 2103817                    /lib/x86_64-linux-gnu/libm-2.19.so
7fc5bcfbe000-7fc5bcfbf000 r--p 00104000 08:05 2103817                    /lib/x86_64-linux-gnu/libm-2.19.so
7fc5bcfbf000-7fc5bcfc0000 rw-p 00105000 08:05 2103817                    /lib/x86_64-linux-gnu/libm-2.19.so
7fc5bcfc0000-7fc5bd0b0000 r-xp 00000000 08:05 2503759                    /usr/lib/x86_64-linux-gnu/libstdc++.so.6.0.20
7fc5bd0b0000-7fc5bd2b0000 ---p 000f0000 08:05 2503759                    /usr/lib/x86_64-linux-gnu/libstdc++.so.6.0.20
7fc5bd2b0000-7fc5bd2b8000 r--p 000f0000 08:05 2503759                    /usr/lib/x86_64-linux-gnu/libstdc++.so.6.0.20
7fc5bd2b8000-7fc5bd2ba000 rw-p 000f8000 08:05 2503759                    /usr/lib/x86_64-linux-gnu/libstdc++.so.6.0.20
7fc5bd2ba000-7fc5bd2cf000 rw-p 00000000 00:00 0 
7fc5bd2cf000-7fc5bde1c000 r-xp 00000000 08:05 2511781                    /usr/lib/jvm/java-7-openjdk-amd64/jre/lib/amd64/server/libjvm.so
7fc5bde1c000-7fc5be01c000 ---p 00b4d000 08:05 2511781                    /usr/lib/jvm/java-7-openjdk-amd64/jre/lib/amd64/server/libjvm.so
7fc5be01c000-7fc5be0bb000 r--p 00b4d000 08:05 2511781                    /usr/lib/jvm/java-7-openjdk-amd64/jre/lib/amd64/server/libjvm.so
7fc5be0bb000-7fc5be0de000 rw-p 00bec000 08:05 2511781                    /usr/lib/jvm/java-7-openjdk-amd64/jre/lib/amd64/server/libjvm.so
7fc5be0de000-7fc5be10b000 rw-p 00000000 00:00 0 
7fc5be10b000-7fc5be123000 r-xp 00000000 08:05 2104624                    /lib/x86_64-linux-gnu/libz.so.1.2.8
7fc5be123000-7fc5be322000 ---p 00018000 08:05 2104624                    /lib/x86_64-linux-gnu/libz.so.1.2.8
7fc5be322000-7fc5be323000 r--p 00017000 08:05 2104624                    /lib/x86_64-linux-gnu/libz.so.1.2.8
7fc5be323000-7fc5be324000 rw-p 00018000 08:05 2104624                    /lib/x86_64-linux-gnu/libz.so.1.2.8
7fc5be324000-7fc5be33c000 r-xp 00000000 08:05 2103813                    /lib/x86_64-linux-gnu/libpthread-2.19.so
7fc5be33c000-7fc5be53c000 ---p 00018000 08:05 2103813                    /lib/x86_64-linux-gnu/libpthread-2.19.so
7fc5be53c000-7fc5be53d000 r--p 00018000 08:05 2103813                    /lib/x86_64-linux-gnu/libpthread-2.19.so
7fc5be53d000-7fc5be53e000 rw-p 00019000 08:05 2103813                    /lib/x86_64-linux-gnu/libpthread-2.19.so
7fc5be53e000-7fc5be542000 rw-p 00000000 00:00 0 
7fc5be542000-7fc5be545000 r-xp 00000000 08:05 2103923                    /lib/x86_64-linux-gnu/libdl-2.19.so
7fc5be545000-7fc5be744000 ---p 00003000 08:05 2103923                    /lib/x86_64-linux-gnu/libdl-2.19.so
7fc5be744000-7fc5be745000 r--p 00002000 08:05 2103923                    /lib/x86_64-linux-gnu/libdl-2.19.so
7fc5be745000-7fc5be746000 rw-p 00003000 08:05 2103923                    /lib/x86_64-linux-gnu/libdl-2.19.so
7fc5be746000-7fc5be900000 r-xp 00000000 08:05 2103806                    /lib/x86_64-linux-gnu/libc-2.19.so
7fc5be900000-7fc5beb00000 ---p 001ba000 08:05 2103806                    /lib/x86_64-linux-gnu/libc-2.19.so
7fc5beb00000-7fc5beb04000 r--p 001ba000 08:05 2103806                    /lib/x86_64-linux-gnu/libc-2.19.so
7fc5beb04000-7fc5beb06000 rw-p 001be000 08:05 2103806                    /lib/x86_64-linux-gnu/libc-2.19.so
7fc5beb06000-7fc5beb0b000 rw-p 00000000 00:00 0 
7fc5beb0b000-7fc5beb18000 r-xp 00000000 08:05 2511787                    /usr/lib/jvm/java-7-openjdk-amd64/jre/lib/amd64/jli/libjli.so
7fc5beb18000-7fc5bed17000 ---p 0000d000 08:05 2511787                    /usr/lib/jvm/java-7-openjdk-amd64/jre/lib/amd64/jli/libjli.so
7fc5bed17000-7fc5bed18000 r--p 0000c000 08:05 2511787                    /usr/lib/jvm/java-7-openjdk-amd64/jre/lib/amd64/jli/libjli.so
7fc5bed18000-7fc5bed19000 rw-p 0000d000 08:05 2511787                    /usr/lib/jvm/java-7-openjdk-amd64/jre/lib/amd64/jli/libjli.so
7fc5bed19000-7fc5bed3c000 r-xp 00000000 08:05 2103819                    /lib/x86_64-linux-gnu/ld-2.19.so
7fc5bed3c000-7fc5bed3d000 r--p 00000000 08:05 143970                     /usr/share/locale-langpack/en_GB/LC_MESSAGES/libc.mo
7fc5bed3d000-7fc5bed41000 r--s 0002e000 00:26 1447787                    /home/oliver/projects/robocode/libs/robocode.core-1.9.2.4.jar
7fc5bed41000-7fc5bed47000 r--s 00026000 00:26 1447785                    /home/oliver/projects/robocode/libs/robocode.jar
7fc5bed47000-7fc5bed49000 r--s 00012000 08:05 2511800                    /usr/lib/jvm/java-7-openjdk-amd64/jre/lib/ext/zipfs.jar
7fc5bed49000-7fc5bed4d000 r--s 00085000 08:05 2511799                    /usr/lib/jvm/java-7-openjdk-amd64/jre/lib/ext/localedata.jar
7fc5bed4d000-7fc5bed51000 r--s 00034000 08:05 2511801                    /usr/lib/jvm/java-7-openjdk-amd64/jre/lib/ext/sunjce_provider.jar
7fc5bed51000-7fc5bed54000 r--s 0000f000 08:05 2511803                    /usr/lib/jvm/java-7-openjdk-amd64/jre/lib/ext/icedtea-sound.jar
7fc5bed54000-7fc5bed5e000 rw-p 00000000 00:00 0 
7fc5bed5e000-7fc5bee14000 rw-p 00000000 00:00 0 
7fc5bee14000-7fc5bee17000 ---p 00000000 00:00 0 
7fc5bee17000-7fc5bef1a000 rw-p 00000000 00:00 0                          [stack:20149]
7fc5bef1a000-7fc5bef1e000 r--s 0003c000 08:05 2511804                    /usr/lib/jvm/java-7-openjdk-amd64/jre/lib/ext/sunpkcs11.jar
7fc5bef1e000-7fc5bef1f000 r--s 00002000 08:05 2511802                    /usr/lib/jvm/java-7-openjdk-amd64/jre/lib/ext/dnsns.jar
7fc5bef1f000-7fc5bef21000 r--s 00006000 08:05 2900065                    /usr/share/java/java-atk-wrapper.jar
7fc5bef21000-7fc5bef2f000 rw-p 00000000 00:00 0 
7fc5bef2f000-7fc5bef37000 rw-s 00000000 08:05 2372067                    /tmp/hsperfdata_oliver/20126
7fc5bef37000-7fc5bef38000 rw-p 00000000 00:00 0 
7fc5bef38000-7fc5bef39000 ---p 00000000 00:00 0 
7fc5bef39000-7fc5bef3b000 rw-p 00000000 00:00 0 
7fc5bef3b000-7fc5bef3c000 r--p 00022000 08:05 2103819                    /lib/x86_64-linux-gnu/ld-2.19.so
7fc5bef3c000-7fc5bef3d000 rw-p 00023000 08:05 2103819                    /lib/x86_64-linux-gnu/ld-2.19.so
7fc5bef3d000-7fc5bef3e000 rw-p 00000000 00:00 0 
7fff4890e000-7fff4892f000 rw-p 00000000 00:00 0                          [stack]
7fff489fc000-7fff489fe000 r-xp 00000000 00:00 0                          [vdso]
7fff489fe000-7fff48a00000 r--p 00000000 00:00 0                          [vvar]
ffffffffff600000-ffffffffff601000 r-xp 00000000 00:00 0                  [vsyscall]

VM Arguments:
jvm_args: -Djava.awt.headless=true -DROBOTPATH=/home/oliver/projects/robocode/robots/ -Xmx512M -Dsun.io.useCanonCaches=false 
java_command: robocode.Robocode -battle /tmp/tmpvBUGNQ.battle -nodisplay -nosound -results /tmp/tmpYAbCY7
Launcher Type: SUN_STANDARD

Environment Variables:
PATH=/usr/local/sbin:/usr/local/bin:/usr/sbin:/usr/bin:/sbin:/bin:/usr/games:/usr/local/games:/home/oliver/go/bin:/home/oliver/projects/evco/wallace/bin:/home/oliver/.rvm/bin:/home/oliver/.rvm/bin
SHELL=/bin/bash
DISPLAY=:0

Signal Handlers:
SIGSEGV: [libjvm.so+0x981590], sa_mask[0]=0x7ffbfeff, sa_flags=0x10000004
SIGBUS: [libjvm.so+0x981590], sa_mask[0]=0x7ffbfeff, sa_flags=0x10000004
SIGFPE: [libjvm.so+0x7efd60], sa_mask[0]=0x7ffbfeff, sa_flags=0x10000004
SIGPIPE: [libjvm.so+0x7efd60], sa_mask[0]=0x7ffbfeff, sa_flags=0x10000004
SIGXFSZ: [libjvm.so+0x7efd60], sa_mask[0]=0x7ffbfeff, sa_flags=0x10000004
SIGILL: [libjvm.so+0x7efd60], sa_mask[0]=0x7ffbfeff, sa_flags=0x10000004
SIGUSR1: SIG_DFL, sa_mask[0]=0x00000000, sa_flags=0x00000000
SIGUSR2: [libjvm.so+0x7efbe0], sa_mask[0]=0x00000000, sa_flags=0x10000004
SIGHUP: [libjvm.so+0x7efde0], sa_mask[0]=0x7ffbfeff, sa_flags=0x10000004
SIGINT: [libjvm.so+0x7efde0], sa_mask[0]=0x7ffbfeff, sa_flags=0x10000004
SIGTERM: [libjvm.so+0x7efde0], sa_mask[0]=0x7ffbfeff, sa_flags=0x10000004
SIGQUIT: [libjvm.so+0x7efde0], sa_mask[0]=0x7ffbfeff, sa_flags=0x10000004
SIGTRAP: SIG_DFL, sa_mask[0]=0x00000000, sa_flags=0x00000000


---------------  S Y S T E M  ---------------

OS:Ubuntu 14.10 (utopic)
uname:Linux 3.16.0-28-generic #38-Ubuntu SMP Fri Dec 12 17:37:40 UTC 2014 x86_64
libc:glibc 2.19 NPTL 2.19 
rlimit: STACK 8192k, CORE 0k, NPROC 31299, NOFILE 4096, AS infinity
load average:23.75 23.89 24.28

/proc/meminfo:
MemTotal:        8042924 kB
MemFree:          120844 kB
MemAvailable:      57340 kB
Buffers:             968 kB
Cached:            59208 kB
SwapCached:            0 kB
Active:          7611016 kB
Inactive:          50984 kB
Active(anon):    7603544 kB
Inactive(anon):    44732 kB
Active(file):       7472 kB
Inactive(file):     6252 kB
Unevictable:          32 kB
Mlocked:              32 kB
SwapTotal:             0 kB
SwapFree:              0 kB
Dirty:                52 kB
Writeback:            68 kB
AnonPages:       7602364 kB
Mapped:            84964 kB
Shmem:             45944 kB
Slab:              70464 kB
SReclaimable:      28192 kB
SUnreclaim:        42272 kB
KernelStack:       12224 kB
PageTables:        52528 kB
NFS_Unstable:          0 kB
Bounce:                0 kB
WritebackTmp:          0 kB
CommitLimit:     4021460 kB
Committed_AS:   14144080 kB
VmallocTotal:   34359738367 kB
VmallocUsed:      393032 kB
VmallocChunk:   34359331836 kB
HardwareCorrupted:     0 kB
AnonHugePages:   4853760 kB
HugePages_Total:       0
HugePages_Free:        0
HugePages_Rsvd:        0
HugePages_Surp:        0
Hugepagesize:       2048 kB
DirectMap4k:      218828 kB
DirectMap2M:     8036352 kB
DirectMap1G:           0 kB


CPU:total 4 (4 cores per cpu, 1 threads per core) family 6 model 60 stepping 3, cmov, cx8, fxsr, mmx, sse, sse2, sse3, ssse3, sse4.1, sse4.2, popcnt, avx, avx2, aes, erms, tsc, tscinvbit

/proc/cpuinfo:
processor	: 0
vendor_id	: GenuineIntel
cpu family	: 6
model		: 60
model name	: Intel(R) Core(TM) i5-4690K CPU @ 3.50GHz
stepping	: 3
microcode	: 0x17
cpu MHz		: 3701.113
cache size	: 6144 KB
physical id	: 0
siblings	: 4
core id		: 0
cpu cores	: 4
apicid		: 0
initial apicid	: 0
fpu		: yes
fpu_exception	: yes
cpuid level	: 13
wp		: yes
flags		: fpu vme de pse tsc msr pae mce cx8 apic sep mtrr pge mca cmov pat pse36 clflush dts acpi mmx fxsr sse sse2 ss ht tm pbe syscall nx pdpe1gb rdtscp lm constant_tsc arch_perfmon pebs bts rep_good nopl xtopology nonstop_tsc aperfmperf eagerfpu pni pclmulqdq dtes64 monitor ds_cpl vmx est tm2 ssse3 fma cx16 xtpr pdcm pcid sse4_1 sse4_2 x2apic movbe popcnt tsc_deadline_timer aes xsave avx f16c rdrand lahf_lm abm ida arat xsaveopt pln pts dtherm tpr_shadow vnmi flexpriority ept vpid fsgsbase tsc_adjust bmi1 hle avx2 smep bmi2 erms invpcid rtm
bogomips	: 6999.88
clflush size	: 64
cache_alignment	: 64
address sizes	: 39 bits physical, 48 bits virtual
power management:

processor	: 1
vendor_id	: GenuineIntel
cpu family	: 6
model		: 60
model name	: Intel(R) Core(TM) i5-4690K CPU @ 3.50GHz
stepping	: 3
microcode	: 0x17
cpu MHz		: 3700.019
cache size	: 6144 KB
physical id	: 0
siblings	: 4
core id		: 1
cpu cores	: 4
apicid		: 2
initial apicid	: 2
fpu		: yes
fpu_exception	: yes
cpuid level	: 13
wp		: yes
flags		: fpu vme de pse tsc msr pae mce cx8 apic sep mtrr pge mca cmov pat pse36 clflush dts acpi mmx fxsr sse sse2 ss ht tm pbe syscall nx pdpe1gb rdtscp lm constant_tsc arch_perfmon pebs bts rep_good nopl xtopology nonstop_tsc aperfmperf eagerfpu pni pclmulqdq dtes64 monitor ds_cpl vmx est tm2 ssse3 fma cx16 xtpr pdcm pcid sse4_1 sse4_2 x2apic movbe popcnt tsc_deadline_timer aes xsave avx f16c rdrand lahf_lm abm ida arat xsaveopt pln pts dtherm tpr_shadow vnmi flexpriority ept vpid fsgsbase tsc_adjust bmi1 hle avx2 smep bmi2 erms invpcid rtm
bogomips	: 6999.88
clflush size	: 64
cache_alignment	: 64
address sizes	: 39 bits physical, 48 bits virtual
power management:

processor	: 2
vendor_id	: GenuineIntel
cpu family	: 6
model		: 60
model name	: Intel(R) Core(TM) i5-4690K CPU @ 3.50GHz
stepping	: 3
microcode	: 0x17
cpu MHz		: 3701.660
cache size	: 6144 KB
physical id	: 0
siblings	: 4
core id		: 2
cpu cores	: 4
apicid		: 4
initial apicid	: 4
fpu		: yes
fpu_exception	: yes
cpuid level	: 13
wp		: yes
flags		: fpu vme de pse tsc msr pae mce cx8 apic sep mtrr pge mca cmov pat pse36 clflush dts acpi mmx fxsr sse sse2 ss ht tm pbe syscall nx pdpe1gb rdtscp lm constant_tsc arch_perfmon pebs bts rep_good nopl xtopology nonstop_tsc aperfmperf eagerfpu pni pclmulqdq dtes64 monitor ds_cpl vmx est tm2 ssse3 fma cx16 xtpr pdcm pcid sse4_1 sse4_2 x2apic movbe popcnt tsc_deadline_timer aes xsave avx f16c rdrand lahf_lm abm ida arat xsaveopt pln pts dtherm tpr_shadow vnmi flexpriority ept vpid fsgsbase tsc_adjust bmi1 hle avx2 smep bmi2 erms invpcid rtm
bogomips	: 6999.88
clflush size	: 64
cache_alignment	: 64
address sizes	: 39 bits physical, 48 bits virtual
power management:

processor	: 3
vendor_id	: GenuineIntel
cpu family	: 6
model		: 60
model name	: Intel(R) Core(TM) i5-4690K CPU @ 3.50GHz
stepping	: 3
microcode	: 0x17
cpu MHz		: 3700.019
cache size	: 6144 KB
physical id	: 0
siblings	: 4
core id		: 3
cpu cores	: 4
apicid		: 6
initial apicid	: 6
fpu		: yes
fpu_exception	: yes
cpuid level	: 13
wp		: yes
flags		: fpu vme de pse tsc msr pae mce cx8 apic sep mtrr pge mca cmov pat pse36 clflush dts acpi mmx fxsr sse sse2 ss ht tm pbe syscall nx pdpe1gb rdtscp lm constant_tsc arch_perfmon pebs bts rep_good nopl xtopology nonstop_tsc aperfmperf eagerfpu pni pclmulqdq dtes64 monitor ds_cpl vmx est tm2 ssse3 fma cx16 xtpr pdcm pcid sse4_1 sse4_2 x2apic movbe popcnt tsc_deadline_timer aes xsave avx f16c rdrand lahf_lm abm ida arat xsaveopt pln pts dtherm tpr_shadow vnmi flexpriority ept vpid fsgsbase tsc_adjust bmi1 hle avx2 smep bmi2 erms invpcid rtm
bogomips	: 6999.88
clflush size	: 64
cache_alignment	: 64
address sizes	: 39 bits physical, 48 bits virtual
power management:



Memory: 4k page, physical 8042924k(121800k free), swap 0k(0k free)

vm_info: OpenJDK 64-Bit Server VM (24.65-b04) for linux-amd64 JRE (1.7.0_65-b32), built on Oct 22 2014 04:20:25 by "buildd" with gcc 4.9.1

time: Sun Jan  4 23:36:15 2015
elapsed time: 66 seconds

