#
# There is insufficient memory for the Java Runtime Environment to continue.
# Native memory allocation (malloc) failed to allocate 524288 bytes for committing reserved memory.
# Possible reasons:
#   The system is out of physical RAM or swap space
#   In 32 bit mode, the process size limit was hit
# Possible solutions:
#   Reduce memory load on the system
#   Increase physical memory or swap space
#   Check if swap backing store is full
#   Use 64 bit Java on a 64 bit OS
#   Decrease Java heap size (-Xmx/-Xms)
#   Decrease number of Java threads
#   Decrease Java thread stack sizes (-Xss)
#   Set larger code cache with -XX:ReservedCodeCacheSize=
# This output file may be truncated or incomplete.
#
#  Out of Memory Error (os_linux.cpp:2798), pid=27896, tid=139835853772544
#
# JRE version: OpenJDK Runtime Environment (7.0_65-b32) (build 1.7.0_65-b32)
# Java VM: OpenJDK 64-Bit Server VM (24.65-b04 mixed mode linux-amd64 compressed oops)
# Derivative: IcedTea 2.5.3
# Distribution: Ubuntu 14.10, package 7u71-2.5.3-0ubuntu1
# Failed to write core dump. Core dumps have been disabled. To enable core dumping, try "ulimit -c unlimited" before starting Java again
#

---------------  T H R E A D  ---------------

Current thread (0x00007f2e4c2d0800):  JavaThread "Robocode main thread" [_thread_in_vm, id=28367, stack(0x00007f2e12541000,0x00007f2e12642000)]

Stack: [0x00007f2e12541000,0x00007f2e12642000],  sp=0x00007f2e1263ee60,  free space=1015k
Native frames: (J=compiled Java code, j=interpreted, Vv=VM code, C=native code)
V  [libjvm.so+0x980aa6]  VMError::report_and_die()+0x186
V  [libjvm.so+0x48fed2]  report_vm_out_of_memory(char const*, int, unsigned long, char const*)+0x92
V  [libjvm.so+0x7f480b]  os::pd_commit_memory(char*, unsigned long, unsigned long, bool)+0xeb
V  [libjvm.so+0x7eef1e]  os::commit_memory(char*, unsigned long, unsigned long, bool)+0x2e
V  [libjvm.so+0x86100b]  PSVirtualSpace::expand_by(unsigned long)+0x5b
V  [libjvm.so+0x84f80a]  PSOldGen::expand_by(unsigned long) [clone .part.29]+0x2a
V  [libjvm.so+0x84f9c0]  PSOldGen::expand(unsigned long) [clone .part.30]+0xc0
V  [libjvm.so+0x8502af]  PSOldGen::expand_and_allocate(unsigned long)+0x1f
V  [libjvm.so+0x814b78]  ParallelScavengeHeap::permanent_mem_allocate(unsigned long)+0x88
V  [libjvm.so+0x4816c4]  constantPoolKlass::allocate(int, bool, Thread*)+0xa4
V  [libjvm.so+0x400073]  ClassFileParser::parse_constant_pool(Handle, Thread*)+0xc3
V  [libjvm.so+0x404346]  ClassFileParser::parseClassFile(Symbol*, Handle, Handle, KlassHandle, GrowableArray<Handle>*, TempNewSymbol&, bool, Thread*)+0x546
V  [libjvm.so+0x8f8479]  SystemDictionary::resolve_from_stream(Symbol*, Handle, Handle, ClassFileStream*, bool, Thread*)+0x109
V  [libjvm.so+0x6399e8]  jvm_define_class_common(JNIEnv_*, char const*, _jobject*, signed char const*, int, _jobject*, char const*, unsigned char, Thread*)+0x248
V  [libjvm.so+0x63af3c]  JVM_DefineClassWithSource+0xbc
C  [libjava.so+0xd798]  Java_java_lang_ClassLoader_defineClass1+0x2c8
j  java.lang.ClassLoader.defineClass1(Ljava/lang/String;[BIILjava/security/ProtectionDomain;Ljava/lang/String;)Ljava/lang/Class;+0
j  java.lang.ClassLoader.defineClass(Ljava/lang/String;[BIILjava/security/ProtectionDomain;)Ljava/lang/Class;+30
j  java.lang.ClassLoader.defineClass(Ljava/lang/String;Ljava/nio/ByteBuffer;Ljava/security/ProtectionDomain;)Ljava/lang/Class;+38
J 357 C2 net.sf.robocode.host.security.RobotClassLoader.loadClass(Ljava/lang/String;Z)Ljava/lang/Class; (58 bytes) @ 0x00007f2e49132c88 [0x00007f2e49132360+0x928]
j  net.sf.robocode.host.security.RobotClassLoader.loadRobotMainClass(Z)Ljava/lang/Class;+14
j  net.sf.robocode.host.JavaHost.getRobotType(Lnet/sf/robocode/repository/IRobotItem;ZZ)Lnet/sf/robocode/repository/RobotType;+13
j  net.sf.robocode.host.HostManager.getRobotType(Lnet/sf/robocode/repository/IRobotItem;ZZ)Lnet/sf/robocode/repository/RobotType;+8
j  net.sf.robocode.repository.items.RobotItem.validateType(Z)V+30
j  net.sf.robocode.repository.items.RobotItem.update(JZ)V+81
j  net.sf.robocode.repository.root.ClasspathRoot.updateItems(Z)V+108
j  net.sf.robocode.repository.root.handlers.ClassPathHandler.handleDirectory(Ljava/io/File;Ljava/io/File;Ljava/util/Map;Lnet/sf/robocode/repository/IRepository;Z)V+71
j  net.sf.robocode.repository.root.handlers.ClassPathHandler.visitDirectory(Ljava/io/File;ZLjava/util/Map;Lnet/sf/robocode/repository/IRepository;Z)V+171
j  net.sf.robocode.repository.root.handlers.RootHandler.visitDirectories(Ljava/io/File;ZLjava/util/Map;Lnet/sf/robocode/repository/IRepository;Z)V+47
j  net.sf.robocode.repository.RepositoryManager.update(Ljava/io/File;Ljava/util/Collection;Z)Z+35
j  net.sf.robocode.repository.RepositoryManager.refresh(Z)Z+10
j  net.sf.robocode.repository.RepositoryManager.reload(Z)V+77
j  net.sf.robocode.repository.RepositoryManager.checkDbExists()V+9
j  net.sf.robocode.repository.RepositoryManager.loadSelectedRobots(Ljava/lang/String;)[Lrobocode/control/RobotSpecification;+1
j  net.sf.robocode.battle.BattleManager.startNewBattle(Lnet/sf/robocode/battle/BattleProperties;ZZ)V+13
j  net.sf.robocode.core.RobocodeMain.run()V+318
j  java.lang.Thread.run()V+11
v  ~StubRoutines::call_stub
V  [libjvm.so+0x5fc644]  JavaCalls::call_helper(JavaValue*, methodHandle*, JavaCallArguments*, Thread*)+0x354
V  [libjvm.so+0x5fb36e]  JavaCalls::call_virtual(JavaValue*, Handle, KlassHandle, Symbol*, Symbol*, Thread*)+0x21e
V  [libjvm.so+0x6389df]  thread_entry(JavaThread*, Thread*)+0xdf
V  [libjvm.so+0x92ec48]  JavaThread::thread_main_inner()+0x118
V  [libjvm.so+0x92eed1]  JavaThread::run()+0x231
V  [libjvm.so+0x7f14f2]  java_start(Thread*)+0xf2

Java frames: (J=compiled Java code, j=interpreted, Vv=VM code)
j  java.lang.ClassLoader.defineClass1(Ljava/lang/String;[BIILjava/security/ProtectionDomain;Ljava/lang/String;)Ljava/lang/Class;+0
j  java.lang.ClassLoader.defineClass(Ljava/lang/String;[BIILjava/security/ProtectionDomain;)Ljava/lang/Class;+30
j  java.lang.ClassLoader.defineClass(Ljava/lang/String;Ljava/nio/ByteBuffer;Ljava/security/ProtectionDomain;)Ljava/lang/Class;+38
J 357 C2 net.sf.robocode.host.security.RobotClassLoader.loadClass(Ljava/lang/String;Z)Ljava/lang/Class; (58 bytes) @ 0x00007f2e49132c88 [0x00007f2e49132360+0x928]
j  net.sf.robocode.host.security.RobotClassLoader.loadRobotMainClass(Z)Ljava/lang/Class;+14
j  net.sf.robocode.host.JavaHost.getRobotType(Lnet/sf/robocode/repository/IRobotItem;ZZ)Lnet/sf/robocode/repository/RobotType;+13
j  net.sf.robocode.host.HostManager.getRobotType(Lnet/sf/robocode/repository/IRobotItem;ZZ)Lnet/sf/robocode/repository/RobotType;+8
j  net.sf.robocode.repository.items.RobotItem.validateType(Z)V+30
j  net.sf.robocode.repository.items.RobotItem.update(JZ)V+81
j  net.sf.robocode.repository.root.ClasspathRoot.updateItems(Z)V+108
j  net.sf.robocode.repository.root.handlers.ClassPathHandler.handleDirectory(Ljava/io/File;Ljava/io/File;Ljava/util/Map;Lnet/sf/robocode/repository/IRepository;Z)V+71
j  net.sf.robocode.repository.root.handlers.ClassPathHandler.visitDirectory(Ljava/io/File;ZLjava/util/Map;Lnet/sf/robocode/repository/IRepository;Z)V+171
j  net.sf.robocode.repository.root.handlers.RootHandler.visitDirectories(Ljava/io/File;ZLjava/util/Map;Lnet/sf/robocode/repository/IRepository;Z)V+47
j  net.sf.robocode.repository.RepositoryManager.update(Ljava/io/File;Ljava/util/Collection;Z)Z+35
j  net.sf.robocode.repository.RepositoryManager.refresh(Z)Z+10
j  net.sf.robocode.repository.RepositoryManager.reload(Z)V+77
j  net.sf.robocode.repository.RepositoryManager.checkDbExists()V+9
j  net.sf.robocode.repository.RepositoryManager.loadSelectedRobots(Ljava/lang/String;)[Lrobocode/control/RobotSpecification;+1
j  net.sf.robocode.battle.BattleManager.startNewBattle(Lnet/sf/robocode/battle/BattleProperties;ZZ)V+13
j  net.sf.robocode.core.RobocodeMain.run()V+318
j  java.lang.Thread.run()V+11
v  ~StubRoutines::call_stub

---------------  P R O C E S S  ---------------

Java Threads: ( => current thread )
  0x00007f2e4c00a000 JavaThread "DestroyJavaVM" [_thread_blocked, id=27931, stack(0x00007f2e5567a000,0x00007f2e5577b000)]
=>0x00007f2e4c2d0800 JavaThread "Robocode main thread" [_thread_in_vm, id=28367, stack(0x00007f2e12541000,0x00007f2e12642000)]
  0x00007f2e4c0b1000 JavaThread "Service Thread" daemon [_thread_blocked, id=28263, stack(0x00007f2e33419000,0x00007f2e3351a000)]
  0x00007f2e4c0af000 JavaThread "C2 CompilerThread1" daemon [_thread_blocked, id=28255, stack(0x00007f2e3351a000,0x00007f2e3361b000)]
  0x00007f2e4c0ac000 JavaThread "C2 CompilerThread0" daemon [_thread_blocked, id=28245, stack(0x00007f2e3361b000,0x00007f2e3371c000)]
  0x00007f2e4c0a9800 JavaThread "Signal Dispatcher" daemon [_thread_blocked, id=28217, stack(0x00007f2e3371c000,0x00007f2e3381d000)]
  0x00007f2e4c07c000 JavaThread "Finalizer" daemon [_thread_blocked, id=28128, stack(0x00007f2e33eff000,0x00007f2e34000000)]
  0x00007f2e4c07a000 JavaThread "Reference Handler" daemon [_thread_blocked, id=28110, stack(0x00007f2e480f1000,0x00007f2e481f2000)]

Other Threads:
  0x00007f2e4c075800 VMThread [stack: 0x00007f2e481f2000,0x00007f2e482f3000] [id=28090]
  0x00007f2e4c0bc000 WatcherThread [stack: 0x00007f2e33318000,0x00007f2e33419000] [id=28265]

VM state:not at safepoint (normal execution)

VM Mutex/Monitor currently owned by a thread:  ([mutex/lock_event])
[0x00007f2e4c005fd0] ExpandHeap_lock - owner thread: 0x00007f2e4c2d0800
[0x00007f2e4c006b50] Heap_lock - owner thread: 0x00007f2e4c2d0800

Heap
 PSYoungGen      total 129024K, used 44399K [0x00000000f5500000, 0x00000000ff680000, 0x0000000100000000)
  eden space 117760K, 28% used [0x00000000f5500000,0x00000000f755be80,0x00000000fc800000)
  from space 11264K, 100% used [0x00000000fea00000,0x00000000ff500000,0x00000000ff500000)
  to   space 1536K, 0% used [0x00000000ff500000,0x00000000ff500000,0x00000000ff680000)
 ParOldGen       total 83456K, used 16005K [0x00000000e0000000, 0x00000000e5180000, 0x00000000f5500000)
  object space 83456K, 19% used [0x00000000e0000000,0x00000000e0fa1610,0x00000000e5180000)
 PSPermGen       total 31232K, used 31231K [0x00000000d5a00000, 0x00000000d7880000, 0x00000000e0000000)
  object space 31232K, 99% used [0x00000000d5a00000,0x00000000d787fed8,0x00000000d7880000)

Card table byte_map: [0x00007f2e52126000,0x00007f2e5227a000] byte_map_base: 0x00007f2e51a79000

Polling page: 0x00007f2e5579e000

Code Cache  [0x00007f2e49000000, 0x00007f2e49270000, 0x00007f2e4c000000)
 total_blobs=669 nmethods=391 adapters=231 free_code_cache=47736Kb largest_free_block=48826304

Compilation events (10 events):
Event: 45.931 Thread 0x00007f2e4c0ac000  405             java.lang.ClassLoader::isAncestor (20 bytes)
Event: 45.932 Thread 0x00007f2e4c0ac000 nmethod 405 0x00007f2e4915b990 code [0x00007f2e4915bae0, 0x00007f2e4915bb98]
Event: 46.026 Thread 0x00007f2e4c0af000  406             net.sf.robocode.repository.items.RobotItem::populate (14 bytes)
Event: 46.383 Thread 0x00007f2e4c0af000 nmethod 406 0x00007f2e4916a790 code [0x00007f2e4916ac00, 0x00007f2e4916cbf0]
Event: 493.121 Thread 0x00007f2e4c0ac000  407             java.util.AbstractCollection::toArray (147 bytes)
Event: 493.126 Thread 0x00007f2e4c0ac000 nmethod 407 0x00007f2e4915ad10 code [0x00007f2e4915aec0, 0x00007f2e4915b438]
Event: 493.355 Thread 0x00007f2e4c0af000  408             sun.misc.VM::addFinalRefCount (24 bytes)
Event: 493.355 Thread 0x00007f2e4c0af000 nmethod 408 0x00007f2e490fd510 code [0x00007f2e490fd640, 0x00007f2e490fd6b8]
Event: 494.243 Thread 0x00007f2e4c0af000  409             java.lang.ThreadLocal::get (34 bytes)
Event: 494.244 Thread 0x00007f2e4c0af000 nmethod 409 0x00007f2e4915cf50 code [0x00007f2e4915d0c0, 0x00007f2e4915d218]

GC Heap History (10 events):
Event: 16.714 GC heap before
{Heap before GC invocations=5 (full 0):
 PSYoungGen      total 68608K, used 68600K [0x00000000f5500000, 0x00000000f9d00000, 0x0000000100000000)
  eden space 63488K, 100% used [0x00000000f5500000,0x00000000f9300000,0x00000000f9300000)
  from space 5120K, 99% used [0x00000000f9800000,0x00000000f9cfe1c8,0x00000000f9d00000)
  to   space 5120K, 0% used [0x00000000f9300000,0x00000000f9300000,0x00000000f9800000)
 ParOldGen       total 83456K, used 7935K [0x00000000e0000000, 0x00000000e5180000, 0x00000000f5500000)
  object space 83456K, 9% used [0x00000000e0000000,0x00000000e07bff20,0x00000000e5180000)
 PSPermGen       total 21504K, used 11433K [0x00000000d5a00000, 0x00000000d6f00000, 0x00000000e0000000)
  object space 21504K, 53% used [0x00000000d5a00000,0x00000000d652a508,0x00000000d6f00000)
Event: 16.749 GC heap after
Heap after GC invocations=5 (full 0):
 PSYoungGen      total 68608K, used 5104K [0x00000000f5500000, 0x00000000fe600000, 0x0000000100000000)
  eden space 63488K, 0% used [0x00000000f5500000,0x00000000f5500000,0x00000000f9300000)
  from space 5120K, 99% used [0x00000000f9300000,0x00000000f97fc030,0x00000000f9800000)
  to   space 10752K, 0% used [0x00000000fdb80000,0x00000000fdb80000,0x00000000fe600000)
 ParOldGen       total 83456K, used 8701K [0x00000000e0000000, 0x00000000e5180000, 0x00000000f5500000)
  object space 83456K, 10% used [0x00000000e0000000,0x00000000e087f560,0x00000000e5180000)
 PSPermGen       total 21504K, used 11433K [0x00000000d5a00000, 0x00000000d6f00000, 0x00000000e0000000)
  object space 21504K, 53% used [0x00000000d5a00000,0x00000000d652a508,0x00000000d6f00000)
}
Event: 23.167 GC heap before
{Heap before GC invocations=6 (full 0):
 PSYoungGen      total 68608K, used 68592K [0x00000000f5500000, 0x00000000fe600000, 0x0000000100000000)
  eden space 63488K, 100% used [0x00000000f5500000,0x00000000f9300000,0x00000000f9300000)
  from space 5120K, 99% used [0x00000000f9300000,0x00000000f97fc030,0x00000000f9800000)
  to   space 10752K, 0% used [0x00000000fdb80000,0x00000000fdb80000,0x00000000fe600000)
 ParOldGen       total 83456K, used 8701K [0x00000000e0000000, 0x00000000e5180000, 0x00000000f5500000)
  object space 83456K, 10% used [0x00000000e0000000,0x00000000e087f560,0x00000000e5180000)
 PSPermGen       total 21504K, used 14098K [0x00000000d5a00000, 0x00000000d6f00000, 0x00000000e0000000)
  object space 21504K, 65% used [0x00000000d5a00000,0x00000000d67c4848,0x00000000d6f00000)
Event: 23.191 GC heap after
Heap after GC invocations=6 (full 0):
 PSYoungGen      total 136704K, used 7280K [0x00000000f5500000, 0x00000000fe500000, 0x0000000100000000)
  eden space 126976K, 0% used [0x00000000f5500000,0x00000000f5500000,0x00000000fd100000)
  from space 9728K, 74% used [0x00000000fdb80000,0x00000000fe29c010,0x00000000fe500000)
  to   space 10240K, 0% used [0x00000000fd100000,0x00000000fd100000,0x00000000fdb00000)
 ParOldGen       total 83456K, used 8701K [0x00000000e0000000, 0x00000000e5180000, 0x00000000f5500000)
  object space 83456K, 10% used [0x00000000e0000000,0x00000000e087f560,0x00000000e5180000)
 PSPermGen       total 21504K, used 14098K [0x00000000d5a00000, 0x00000000d6f00000, 0x00000000e0000000)
  object space 21504K, 65% used [0x00000000d5a00000,0x00000000d67c4848,0x00000000d6f00000)
}
Event: 29.871 GC heap before
{Heap before GC invocations=7 (full 0):
 PSYoungGen      total 136704K, used 134256K [0x00000000f5500000, 0x00000000fe500000, 0x0000000100000000)
  eden space 126976K, 100% used [0x00000000f5500000,0x00000000fd100000,0x00000000fd100000)
  from space 9728K, 74% used [0x00000000fdb80000,0x00000000fe29c010,0x00000000fe500000)
  to   space 10240K, 0% used [0x00000000fd100000,0x00000000fd100000,0x00000000fdb00000)
 ParOldGen       total 83456K, used 8701K [0x00000000e0000000, 0x00000000e5180000, 0x00000000f5500000)
  object space 83456K, 10% used [0x00000000e0000000,0x00000000e087f560,0x00000000e5180000)
 PSPermGen       total 21504K, used 19442K [0x00000000d5a00000, 0x00000000d6f00000, 0x00000000e0000000)
  object space 21504K, 90% used [0x00000000d5a00000,0x00000000d6cfcb00,0x00000000d6f00000)
Event: 29.921 GC heap after
Heap after GC invocations=7 (full 0):
 PSYoungGen      total 137216K, used 7264K [0x00000000f5500000, 0x0000000100000000, 0x0000000100000000)
  eden space 126976K, 0% used [0x00000000f5500000,0x00000000f5500000,0x00000000fd100000)
  from space 10240K, 70% used [0x00000000fd100000,0x00000000fd818000,0x00000000fdb00000)
  to   space 10240K, 0% used [0x00000000ff600000,0x00000000ff600000,0x0000000100000000)
 ParOldGen       total 83456K, used 12661K [0x00000000e0000000, 0x00000000e5180000, 0x00000000f5500000)
  object space 83456K, 15% used [0x00000000e0000000,0x00000000e0c5d610,0x00000000e5180000)
 PSPermGen       total 21504K, used 19442K [0x00000000d5a00000, 0x00000000d6f00000, 0x00000000e0000000)
  object space 21504K, 90% used [0x00000000d5a00000,0x00000000d6cfcb00,0x00000000d6f00000)
}
Event: 36.048 GC heap before
{Heap before GC invocations=8 (full 0):
 PSYoungGen      total 137216K, used 134240K [0x00000000f5500000, 0x0000000100000000, 0x0000000100000000)
  eden space 126976K, 100% used [0x00000000f5500000,0x00000000fd100000,0x00000000fd100000)
  from space 10240K, 70% used [0x00000000fd100000,0x00000000fd818000,0x00000000fdb00000)
  to   space 10240K, 0% used [0x00000000ff600000,0x00000000ff600000,0x0000000100000000)
 ParOldGen       total 83456K, used 12661K [0x00000000e0000000, 0x00000000e5180000, 0x00000000f5500000)
  object space 83456K, 15% used [0x00000000e0000000,0x00000000e0c5d610,0x00000000e5180000)
 PSPermGen       total 25088K, used 24761K [0x00000000d5a00000, 0x00000000d7280000, 0x00000000e0000000)
  object space 25088K, 98% used [0x00000000d5a00000,0x00000000d722e6a8,0x00000000d7280000)
Event: 36.062 GC heap after
Heap after GC invocations=8 (full 0):
 PSYoungGen      total 132608K, used 10240K [0x00000000f5500000, 0x0000000100000000, 0x0000000100000000)
  eden space 122368K, 0% used [0x00000000f5500000,0x00000000f5500000,0x00000000fcc80000)
  from space 10240K, 100% used [0x00000000ff600000,0x0000000100000000,0x0000000100000000)
  to   space 11264K, 0% used [0x00000000fea00000,0x00000000fea00000,0x00000000ff500000)
 ParOldGen       total 83456K, used 13389K [0x00000000e0000000, 0x00000000e5180000, 0x00000000f5500000)
  object space 83456K, 16% used [0x00000000e0000000,0x00000000e0d13610,0x00000000e5180000)
 PSPermGen       total 25088K, used 24761K [0x00000000d5a00000, 0x00000000d7280000, 0x00000000e0000000)
  object space 25088K, 98% used [0x00000000d5a00000,0x00000000d722e6a8,0x00000000d7280000)
}
Event: 493.301 GC heap before
{Heap before GC invocations=9 (full 0):
 PSYoungGen      total 132608K, used 132608K [0x00000000f5500000, 0x0000000100000000, 0x0000000100000000)
  eden space 122368K, 100% used [0x00000000f5500000,0x00000000fcc80000,0x00000000fcc80000)
  from space 10240K, 100% used [0x00000000ff600000,0x0000000100000000,0x0000000100000000)
  to   space 11264K, 0% used [0x00000000fea00000,0x00000000fea00000,0x00000000ff500000)
 ParOldGen       total 83456K, used 13389K [0x00000000e0000000, 0x00000000e5180000, 0x00000000f5500000)
  object space 83456K, 16% used [0x00000000e0000000,0x00000000e0d13610,0x00000000e5180000)
 PSPermGen       total 30208K, used 29929K [0x00000000d5a00000, 0x00000000d7780000, 0x00000000e0000000)
  object space 30208K, 99% used [0x00000000d5a00000,0x00000000d773a4d8,0x00000000d7780000)
Event: 493.352 GC heap after
Heap after GC invocations=9 (full 0):
 PSYoungGen      total 129024K, used 11264K [0x00000000f5500000, 0x00000000ff680000, 0x0000000100000000)
  eden space 117760K, 0% used [0x00000000f5500000,0x00000000f5500000,0x00000000fc800000)
  from space 11264K, 100% used [0x00000000fea00000,0x00000000ff500000,0x00000000ff500000)
  to   space 1536K, 0% used [0x00000000ff500000,0x00000000ff500000,0x00000000ff680000)
 ParOldGen       total 83456K, used 16005K [0x00000000e0000000, 0x00000000e5180000, 0x00000000f5500000)
  object space 83456K, 19% used [0x00000000e0000000,0x00000000e0fa1610,0x00000000e5180000)
 PSPermGen       total 30208K, used 29929K [0x00000000d5a00000, 0x00000000d7780000, 0x00000000e0000000)
  object space 30208K, 99% used [0x00000000d5a00000,0x00000000d773a4d8,0x00000000d7780000)
}

Deoptimization events (10 events):
Event: 14.831 Thread 0x00007f2e4c2d0800 Uncommon trap: reason=unreached action=reinterpret pc=0x00007f2e490a22ec method=java.util.HashMap.containsKey(Ljava/lang/Object;)Z @ 5
Event: 14.831 Thread 0x00007f2e4c2d0800 Uncommon trap: reason=bimorphic action=maybe_recompile pc=0x00007f2e490d4164 method=java.net.URL.<init>(Ljava/net/URL;Ljava/lang/String;Ljava/net/URLStreamHandler;)V @ 504
Event: 14.887 Thread 0x00007f2e4c2d0800 Uncommon trap: reason=bimorphic action=maybe_recompile pc=0x00007f2e490d4164 method=java.net.URL.<init>(Ljava/net/URL;Ljava/lang/String;Ljava/net/URLStreamHandler;)V @ 504
Event: 18.211 Thread 0x00007f2e4c2d0800 Uncommon trap: reason=null_check action=make_not_entrant pc=0x00007f2e490f5678 method=sun.reflect.Reflection.filterMethods(Ljava/lang/Class;[Ljava/lang/reflect/Method;)[Ljava/lang/reflect/Method; @ 18
Event: 18.497 Thread 0x00007f2e4c2d0800 Uncommon trap: reason=null_check action=make_not_entrant pc=0x00007f2e490fe568 method=sun.reflect.Reflection.filterMethods(Ljava/lang/Class;[Ljava/lang/reflect/Method;)[Ljava/lang/reflect/Method; @ 18
Event: 36.295 Thread 0x00007f2e4c2d0800 Uncommon trap: reason=predicate action=maybe_recompile pc=0x00007f2e49151538 method=java.util.AbstractCollection.toArray([Ljava/lang/Object;)[Ljava/lang/Object; @ 49
Event: 45.599 Thread 0x00007f2e4c2d0800 Uncommon trap: reason=array_check action=maybe_recompile pc=0x00007f2e490fdbf8 method=java.util.AbstractCollection.toArray([Ljava/lang/Object;)[Ljava/lang/Object; @ 119
Event: 45.599 Thread 0x00007f2e4c2d0800 Uncommon trap: reason=array_check action=maybe_recompile pc=0x00007f2e490fdbf8 method=java.util.AbstractCollection.toArray([Ljava/lang/Object;)[Ljava/lang/Object; @ 119
Event: 45.600 Thread 0x00007f2e4c2d0800 Uncommon trap: reason=array_check action=maybe_recompile pc=0x00007f2e490fdbf8 method=java.util.AbstractCollection.toArray([Ljava/lang/Object;)[Ljava/lang/Object; @ 119
Event: 45.600 Thread 0x00007f2e4c2d0800 Uncommon trap: reason=array_check action=maybe_recompile pc=0x00007f2e490fdbf8 method=java.util.AbstractCollection.toArray([Ljava/lang/Object;)[Ljava/lang/Object; @ 119

Internal exceptions (10 events):
Event: 785.259 Thread 0x00007f2e4c2d0800 Threw 0x00000000f734a478 at /build/buildd/openjdk-7-7u71-2.5.3/build/openjdk/hotspot/src/share/vm/prims/jvm.cpp:1284
Event: 785.259 Thread 0x00007f2e4c2d0800 Threw 0x00000000f734a890 at /build/buildd/openjdk-7-7u71-2.5.3/build/openjdk/hotspot/src/share/vm/prims/jvm.cpp:1284
Event: 785.260 Thread 0x00007f2e4c2d0800 Threw 0x00000000f73644c8 at /build/buildd/openjdk-7-7u71-2.5.3/build/openjdk/hotspot/src/share/vm/prims/jvm.cpp:1284
Event: 785.260 Thread 0x00007f2e4c2d0800 Threw 0x00000000f73648e8 at /build/buildd/openjdk-7-7u71-2.5.3/build/openjdk/hotspot/src/share/vm/prims/jvm.cpp:1284
Event: 785.260 Thread 0x00007f2e4c2d0800 Threw 0x00000000f7365a18 at /build/buildd/openjdk-7-7u71-2.5.3/build/openjdk/hotspot/src/share/vm/prims/jvm.cpp:1284
Event: 785.260 Thread 0x00007f2e4c2d0800 Threw 0x00000000f7365e38 at /build/buildd/openjdk-7-7u71-2.5.3/build/openjdk/hotspot/src/share/vm/prims/jvm.cpp:1284
Event: 785.260 Thread 0x00007f2e4c2d0800 Threw 0x00000000f73800f8 at /build/buildd/openjdk-7-7u71-2.5.3/build/openjdk/hotspot/src/share/vm/prims/jvm.cpp:1284
Event: 785.260 Thread 0x00007f2e4c2d0800 Threw 0x00000000f7380518 at /build/buildd/openjdk-7-7u71-2.5.3/build/openjdk/hotspot/src/share/vm/prims/jvm.cpp:1284
Event: 785.260 Thread 0x00007f2e4c2d0800 Threw 0x00000000f7381648 at /build/buildd/openjdk-7-7u71-2.5.3/build/openjdk/hotspot/src/share/vm/prims/jvm.cpp:1284
Event: 785.260 Thread 0x00007f2e4c2d0800 Threw 0x00000000f7381a68 at /build/buildd/openjdk-7-7u71-2.5.3/build/openjdk/hotspot/src/share/vm/prims/jvm.cpp:1284

Events (10 events):
Event: 785.259 loading class 0x00007f2e08047a60
Event: 785.259 loading class 0x00007f2e08047a60 done
Event: 785.260 loading class 0x00007f2e081532e0
Event: 785.260 loading class 0x00007f2e081532e0 done
Event: 785.260 loading class 0x00007f2e081532e0
Event: 785.260 loading class 0x00007f2e081532e0 done
Event: 785.260 loading class 0x00007f2e08033000
Event: 785.260 loading class 0x00007f2e08033000 done
Event: 785.260 loading class 0x00007f2e08033000
Event: 785.260 loading class 0x00007f2e08033000 done


Dynamic libraries:
00400000-00401000 r-xp 00000000 08:05 2511838                            /usr/lib/jvm/java-7-openjdk-amd64/jre/bin/java
00600000-00601000 r--p 00000000 08:05 2511838                            /usr/lib/jvm/java-7-openjdk-amd64/jre/bin/java
00601000-00602000 rw-p 00001000 08:05 2511838                            /usr/lib/jvm/java-7-openjdk-amd64/jre/bin/java
01de4000-01e05000 rw-p 00000000 00:00 0                                  [heap]
d5a00000-d7880000 rw-p 00000000 00:00 0 
d7900000-e0000000 rw-p 00000000 00:00 0 
e0000000-e5180000 rw-p 00000000 00:00 0 
e5180000-f5500000 rw-p 00000000 00:00 0 
f5500000-ff680000 rw-p 00000000 00:00 0 
ff680000-100000000 ---p 00000000 00:00 0 
7f2e04000000-7f2e04021000 rw-p 00000000 00:00 0 
7f2e04021000-7f2e08000000 ---p 00000000 00:00 0 
7f2e08000000-7f2e0853f000 rw-p 00000000 00:00 0 
7f2e0853f000-7f2e0c000000 ---p 00000000 00:00 0 
7f2e0c000000-7f2e0c021000 rw-p 00000000 00:00 0 
7f2e0c021000-7f2e10000000 ---p 00000000 00:00 0 
7f2e12138000-7f2e1213d000 r-xp 00000000 08:05 2103810                    /lib/x86_64-linux-gnu/libnss_dns-2.19.so
7f2e1213d000-7f2e1233c000 ---p 00005000 08:05 2103810                    /lib/x86_64-linux-gnu/libnss_dns-2.19.so
7f2e1233c000-7f2e1233d000 r--p 00004000 08:05 2103810                    /lib/x86_64-linux-gnu/libnss_dns-2.19.so
7f2e1233d000-7f2e1233e000 rw-p 00005000 08:05 2103810                    /lib/x86_64-linux-gnu/libnss_dns-2.19.so
7f2e1233e000-7f2e12340000 r-xp 00000000 08:05 2104538                    /lib/x86_64-linux-gnu/libnss_mdns4_minimal.so.2
7f2e12340000-7f2e1253f000 ---p 00002000 08:05 2104538                    /lib/x86_64-linux-gnu/libnss_mdns4_minimal.so.2
7f2e1253f000-7f2e12540000 r--p 00001000 08:05 2104538                    /lib/x86_64-linux-gnu/libnss_mdns4_minimal.so.2
7f2e12540000-7f2e12541000 rw-p 00002000 08:05 2104538                    /lib/x86_64-linux-gnu/libnss_mdns4_minimal.so.2
7f2e12541000-7f2e12544000 ---p 00000000 00:00 0 
7f2e12544000-7f2e12642000 rw-p 00000000 00:00 0                          [stack:28367]
7f2e12642000-7f2e12645000 ---p 00000000 00:00 0 
7f2e12645000-7f2e12743000 rw-p 00000000 00:00 0 
7f2e12743000-7f2e12746000 ---p 00000000 00:00 0 
7f2e12746000-7f2e12844000 rw-p 00000000 00:00 0 
7f2e12844000-7f2e128b0000 r-xp 00000000 08:05 2104562                    /lib/x86_64-linux-gnu/libpcre.so.3.13.1
7f2e128b0000-7f2e12aaf000 ---p 0006c000 08:05 2104562                    /lib/x86_64-linux-gnu/libpcre.so.3.13.1
7f2e12aaf000-7f2e12ab0000 r--p 0006b000 08:05 2104562                    /lib/x86_64-linux-gnu/libpcre.so.3.13.1
7f2e12ab0000-7f2e12ab1000 rw-p 0006c000 08:05 2104562                    /lib/x86_64-linux-gnu/libpcre.so.3.13.1
7f2e12ab1000-7f2e12ad2000 r-xp 00000000 08:05 2104589                    /lib/x86_64-linux-gnu/libselinux.so.1
7f2e12ad2000-7f2e12cd1000 ---p 00021000 08:05 2104589                    /lib/x86_64-linux-gnu/libselinux.so.1
7f2e12cd1000-7f2e12cd2000 r--p 00020000 08:05 2104589                    /lib/x86_64-linux-gnu/libselinux.so.1
7f2e12cd2000-7f2e12cd3000 rw-p 00021000 08:05 2104589                    /lib/x86_64-linux-gnu/libselinux.so.1
7f2e12cd3000-7f2e12cd5000 rw-p 00000000 00:00 0 
7f2e12cd5000-7f2e12cd8000 r-xp 00000000 08:05 2490776                    /usr/lib/x86_64-linux-gnu/libgmodule-2.0.so.0.4200.1
7f2e12cd8000-7f2e12ed7000 ---p 00003000 08:05 2490776                    /usr/lib/x86_64-linux-gnu/libgmodule-2.0.so.0.4200.1
7f2e12ed7000-7f2e12ed8000 r--p 00002000 08:05 2490776                    /usr/lib/x86_64-linux-gnu/libgmodule-2.0.so.0.4200.1
7f2e12ed8000-7f2e12ed9000 rw-p 00003000 08:05 2490776                    /usr/lib/x86_64-linux-gnu/libgmodule-2.0.so.0.4200.1
7f2e12ed9000-7f2e12fe5000 r-xp 00000000 08:05 2103771                    /lib/x86_64-linux-gnu/libglib-2.0.so.0.4200.1
7f2e12fe5000-7f2e131e5000 ---p 0010c000 08:05 2103771                    /lib/x86_64-linux-gnu/libglib-2.0.so.0.4200.1
7f2e131e5000-7f2e131e6000 r--p 0010c000 08:05 2103771                    /lib/x86_64-linux-gnu/libglib-2.0.so.0.4200.1
7f2e131e6000-7f2e131e7000 rw-p 0010d000 08:05 2103771                    /lib/x86_64-linux-gnu/libglib-2.0.so.0.4200.1
7f2e131e7000-7f2e131e8000 rw-p 00000000 00:00 0 
7f2e131e8000-7f2e13238000 r-xp 00000000 08:05 2490755                    /usr/lib/x86_64-linux-gnu/libgobject-2.0.so.0.4200.1
7f2e13238000-7f2e13438000 ---p 00050000 08:05 2490755                    /usr/lib/x86_64-linux-gnu/libgobject-2.0.so.0.4200.1
7f2e13438000-7f2e13439000 r--p 00050000 08:05 2490755                    /usr/lib/x86_64-linux-gnu/libgobject-2.0.so.0.4200.1
7f2e13439000-7f2e1343a000 rw-p 00051000 08:05 2490755                    /usr/lib/x86_64-linux-gnu/libgobject-2.0.so.0.4200.1
7f2e1343a000-7f2e135ab000 r-xp 00000000 08:05 2490773                    /usr/lib/x86_64-linux-gnu/libgio-2.0.so.0.4200.1
7f2e135ab000-7f2e137ab000 ---p 00171000 08:05 2490773                    /usr/lib/x86_64-linux-gnu/libgio-2.0.so.0.4200.1
7f2e137ab000-7f2e137af000 r--p 00171000 08:05 2490773                    /usr/lib/x86_64-linux-gnu/libgio-2.0.so.0.4200.1
7f2e137af000-7f2e137b1000 rw-p 00175000 08:05 2490773                    /usr/lib/x86_64-linux-gnu/libgio-2.0.so.0.4200.1
7f2e137b1000-7f2e137b3000 rw-p 00000000 00:00 0 
7f2e137b3000-7f2e137ca000 r-xp 00000000 08:05 2511761                    /usr/lib/jvm/java-7-openjdk-amd64/jre/lib/amd64/libnet.so
7f2e137ca000-7f2e139c9000 ---p 00017000 08:05 2511761                    /usr/lib/jvm/java-7-openjdk-amd64/jre/lib/amd64/libnet.so
7f2e139c9000-7f2e139ca000 r--p 00016000 08:05 2511761                    /usr/lib/jvm/java-7-openjdk-amd64/jre/lib/amd64/libnet.so
7f2e139ca000-7f2e139cb000 rw-p 00017000 08:05 2511761                    /usr/lib/jvm/java-7-openjdk-amd64/jre/lib/amd64/libnet.so
7f2e139cb000-7f2e139dc000 r-xp 00000000 08:05 2511783                    /usr/lib/jvm/java-7-openjdk-amd64/jre/lib/amd64/libnio.so
7f2e139dc000-7f2e13bdb000 ---p 00011000 08:05 2511783                    /usr/lib/jvm/java-7-openjdk-amd64/jre/lib/amd64/libnio.so
7f2e13bdb000-7f2e13bdc000 r--p 00010000 08:05 2511783                    /usr/lib/jvm/java-7-openjdk-amd64/jre/lib/amd64/libnio.so
7f2e13bdc000-7f2e13bdd000 rw-p 00011000 08:05 2511783                    /usr/lib/jvm/java-7-openjdk-amd64/jre/lib/amd64/libnio.so
7f2e13bdd000-7f2e13be4000 r-xp 00000000 08:05 2503107                    /usr/lib/x86_64-linux-gnu/libffi.so.6.0.2
7f2e13be4000-7f2e13de3000 ---p 00007000 08:05 2503107                    /usr/lib/x86_64-linux-gnu/libffi.so.6.0.2
7f2e13de3000-7f2e13de4000 r--p 00006000 08:05 2503107                    /usr/lib/x86_64-linux-gnu/libffi.so.6.0.2
7f2e13de4000-7f2e13de5000 rw-p 00007000 08:05 2503107                    /usr/lib/x86_64-linux-gnu/libffi.so.6.0.2
7f2e13de5000-7f2e13dfc000 r-xp 00000000 08:05 2103820                    /lib/x86_64-linux-gnu/libresolv-2.19.so
7f2e13dfc000-7f2e13ffc000 ---p 00017000 08:05 2103820                    /lib/x86_64-linux-gnu/libresolv-2.19.so
7f2e13ffc000-7f2e13ffd000 r--p 00017000 08:05 2103820                    /lib/x86_64-linux-gnu/libresolv-2.19.so
7f2e13ffd000-7f2e13ffe000 rw-p 00018000 08:05 2103820                    /lib/x86_64-linux-gnu/libresolv-2.19.so
7f2e13ffe000-7f2e14000000 rw-p 00000000 00:00 0 
7f2e14000000-7f2e14021000 rw-p 00000000 00:00 0 
7f2e14021000-7f2e18000000 ---p 00000000 00:00 0 
7f2e18000000-7f2e18021000 rw-p 00000000 00:00 0 
7f2e18021000-7f2e1c000000 ---p 00000000 00:00 0 
7f2e1c000000-7f2e1cb0c000 rw-p 00000000 00:00 0 
7f2e1cb0c000-7f2e20000000 ---p 00000000 00:00 0 
7f2e20000000-7f2e20de0000 rw-p 00000000 00:00 0 
7f2e20de0000-7f2e24000000 ---p 00000000 00:00 0 
7f2e24000000-7f2e24021000 rw-p 00000000 00:00 0 
7f2e24021000-7f2e28000000 ---p 00000000 00:00 0 
7f2e28000000-7f2e28021000 rw-p 00000000 00:00 0 
7f2e28021000-7f2e2c000000 ---p 00000000 00:00 0 
7f2e2c000000-7f2e2c021000 rw-p 00000000 00:00 0 
7f2e2c021000-7f2e30000000 ---p 00000000 00:00 0 
7f2e3009b000-7f2e3009e000 r-xp 00000000 08:05 2104498                    /lib/x86_64-linux-gnu/libkeyutils.so.1.5
7f2e3009e000-7f2e3029d000 ---p 00003000 08:05 2104498                    /lib/x86_64-linux-gnu/libkeyutils.so.1.5
7f2e3029d000-7f2e3029e000 r--p 00002000 08:05 2104498                    /lib/x86_64-linux-gnu/libkeyutils.so.1.5
7f2e3029e000-7f2e3029f000 rw-p 00003000 08:05 2104498                    /lib/x86_64-linux-gnu/libkeyutils.so.1.5
7f2e3029f000-7f2e302c4000 r-xp 00000000 08:05 2104574                    /lib/x86_64-linux-gnu/libpng12.so.0.51.0
7f2e302c4000-7f2e304c3000 ---p 00025000 08:05 2104574                    /lib/x86_64-linux-gnu/libpng12.so.0.51.0
7f2e304c3000-7f2e304c4000 r--p 00024000 08:05 2104574                    /lib/x86_64-linux-gnu/libpng12.so.0.51.0
7f2e304c4000-7f2e304c5000 rw-p 00025000 08:05 2104574                    /lib/x86_64-linux-gnu/libpng12.so.0.51.0
7f2e304c5000-7f2e3050b000 r-xp 00000000 08:05 2103488                    /lib/x86_64-linux-gnu/libdbus-1.so.3.8.7
7f2e3050b000-7f2e3070a000 ---p 00046000 08:05 2103488                    /lib/x86_64-linux-gnu/libdbus-1.so.3.8.7
7f2e3070a000-7f2e3070c000 r--p 00045000 08:05 2103488                    /lib/x86_64-linux-gnu/libdbus-1.so.3.8.7
7f2e3070c000-7f2e3070d000 rw-p 00047000 08:05 2103488                    /lib/x86_64-linux-gnu/libdbus-1.so.3.8.7
7f2e3070d000-7f2e3078b000 r-xp 00000000 08:05 2503220                    /usr/lib/x86_64-linux-gnu/libgmp.so.10.2.0
7f2e3078b000-7f2e3098b000 ---p 0007e000 08:05 2503220                    /usr/lib/x86_64-linux-gnu/libgmp.so.10.2.0
7f2e3098b000-7f2e3098c000 r--p 0007e000 08:05 2503220                    /usr/lib/x86_64-linux-gnu/libgmp.so.10.2.0
7f2e3098c000-7f2e3098d000 rw-p 0007f000 08:05 2503220                    /usr/lib/x86_64-linux-gnu/libgmp.so.10.2.0
7f2e3098d000-7f2e309b9000 r-xp 00000000 08:05 2503377                    /usr/lib/x86_64-linux-gnu/libhogweed.so.2.5
7f2e309b9000-7f2e30bb9000 ---p 0002c000 08:05 2503377                    /usr/lib/x86_64-linux-gnu/libhogweed.so.2.5
7f2e30bb9000-7f2e30bba000 r--p 0002c000 08:05 2503377                    /usr/lib/x86_64-linux-gnu/libhogweed.so.2.5
7f2e30bba000-7f2e30bbb000 rw-p 0002d000 08:05 2503377                    /usr/lib/x86_64-linux-gnu/libhogweed.so.2.5
7f2e30bbb000-7f2e30bea000 r-xp 00000000 08:05 2503514                    /usr/lib/x86_64-linux-gnu/libnettle.so.4.7
7f2e30bea000-7f2e30dea000 ---p 0002f000 08:05 2503514                    /usr/lib/x86_64-linux-gnu/libnettle.so.4.7
7f2e30dea000-7f2e30deb000 r--p 0002f000 08:05 2503514                    /usr/lib/x86_64-linux-gnu/libnettle.so.4.7
7f2e30deb000-7f2e30dec000 rw-p 00030000 08:05 2503514                    /usr/lib/x86_64-linux-gnu/libnettle.so.4.7
7f2e30dec000-7f2e30dfd000 r-xp 00000000 08:05 2503765                    /usr/lib/x86_64-linux-gnu/libtasn1.so.6.3.0
7f2e30dfd000-7f2e30ffc000 ---p 00011000 08:05 2503765                    /usr/lib/x86_64-linux-gnu/libtasn1.so.6.3.0
7f2e30ffc000-7f2e30ffd000 r--p 00010000 08:05 2503765                    /usr/lib/x86_64-linux-gnu/libtasn1.so.6.3.0
7f2e30ffd000-7f2e30ffe000 rw-p 00011000 08:05 2503765                    /usr/lib/x86_64-linux-gnu/libtasn1.so.6.3.0
7f2e30ffe000-7f2e31039000 r-xp 00000000 08:05 2503564                    /usr/lib/x86_64-linux-gnu/libp11-kit.so.0.0.0
7f2e31039000-7f2e31238000 ---p 0003b000 08:05 2503564                    /usr/lib/x86_64-linux-gnu/libp11-kit.so.0.0.0
7f2e31238000-7f2e3123e000 r--p 0003a000 08:05 2503564                    /usr/lib/x86_64-linux-gnu/libp11-kit.so.0.0.0
7f2e3123e000-7f2e31240000 rw-p 00040000 08:05 2503564                    /usr/lib/x86_64-linux-gnu/libp11-kit.so.0.0.0
7f2e31240000-7f2e3124a000 r-xp 00000000 08:05 2503442                    /usr/lib/x86_64-linux-gnu/libkrb5support.so.0.1
7f2e3124a000-7f2e31449000 ---p 0000a000 08:05 2503442                    /usr/lib/x86_64-linux-gnu/libkrb5support.so.0.1
7f2e31449000-7f2e3144a000 r--p 00009000 08:05 2503442                    /usr/lib/x86_64-linux-gnu/libkrb5support.so.0.1
7f2e3144a000-7f2e3144b000 rw-p 0000a000 08:05 2503442                    /usr/lib/x86_64-linux-gnu/libkrb5support.so.0.1
7f2e3144b000-7f2e3144e000 r-xp 00000000 08:05 2104462                    /lib/x86_64-linux-gnu/libcom_err.so.2.1
7f2e3144e000-7f2e3164d000 ---p 00003000 08:05 2104462                    /lib/x86_64-linux-gnu/libcom_err.so.2.1
7f2e3164d000-7f2e3164e000 r--p 00002000 08:05 2104462                    /lib/x86_64-linux-gnu/libcom_err.so.2.1
7f2e3164e000-7f2e3164f000 rw-p 00003000 08:05 2104462                    /lib/x86_64-linux-gnu/libcom_err.so.2.1
7f2e3164f000-7f2e3167c000 r-xp 00000000 08:05 2503436                    /usr/lib/x86_64-linux-gnu/libk5crypto.so.3.1
7f2e3167c000-7f2e3187b000 ---p 0002d000 08:05 2503436                    /usr/lib/x86_64-linux-gnu/libk5crypto.so.3.1
7f2e3187b000-7f2e3187d000 r--p 0002c000 08:05 2503436                    /usr/lib/x86_64-linux-gnu/libk5crypto.so.3.1
7f2e3187d000-7f2e3187e000 rw-p 0002e000 08:05 2503436                    /usr/lib/x86_64-linux-gnu/libk5crypto.so.3.1
7f2e3187e000-7f2e3187f000 rw-p 00000000 00:00 0 
7f2e3187f000-7f2e3193f000 r-xp 00000000 08:05 2503440                    /usr/lib/x86_64-linux-gnu/libkrb5.so.3.3
7f2e3193f000-7f2e31b3f000 ---p 000c0000 08:05 2503440                    /usr/lib/x86_64-linux-gnu/libkrb5.so.3.3
7f2e31b3f000-7f2e31b4c000 r--p 000c0000 08:05 2503440                    /usr/lib/x86_64-linux-gnu/libkrb5.so.3.3
7f2e31b4c000-7f2e31b4e000 rw-p 000cd000 08:05 2503440                    /usr/lib/x86_64-linux-gnu/libkrb5.so.3.3
7f2e31b4e000-7f2e31b74000 r-xp 00000000 08:05 2104475                    /lib/x86_64-linux-gnu/libexpat.so.1.6.0
7f2e31b74000-7f2e31d73000 ---p 00026000 08:05 2104475                    /lib/x86_64-linux-gnu/libexpat.so.1.6.0
7f2e31d73000-7f2e31d76000 r--p 00025000 08:05 2104475                    /lib/x86_64-linux-gnu/libexpat.so.1.6.0
7f2e31d76000-7f2e31d77000 rw-p 00028000 08:05 2104475                    /lib/x86_64-linux-gnu/libexpat.so.1.6.0
7f2e31d77000-7f2e31e19000 r-xp 00000000 08:05 2503149                    /usr/lib/x86_64-linux-gnu/libfreetype.so.6.11.1
7f2e31e19000-7f2e32018000 ---p 000a2000 08:05 2503149                    /usr/lib/x86_64-linux-gnu/libfreetype.so.6.11.1
7f2e32018000-7f2e3201e000 r--p 000a1000 08:05 2503149                    /usr/lib/x86_64-linux-gnu/libfreetype.so.6.11.1
7f2e3201e000-7f2e3201f000 rw-p 000a7000 08:05 2503149                    /usr/lib/x86_64-linux-gnu/libfreetype.so.6.11.1
7f2e3201f000-7f2e3202f000 r-xp 00000000 08:05 2502911                    /usr/lib/x86_64-linux-gnu/libavahi-client.so.3.2.9
7f2e3202f000-7f2e3222e000 ---p 00010000 08:05 2502911                    /usr/lib/x86_64-linux-gnu/libavahi-client.so.3.2.9
7f2e3222e000-7f2e3222f000 r--p 0000f000 08:05 2502911                    /usr/lib/x86_64-linux-gnu/libavahi-client.so.3.2.9
7f2e3222f000-7f2e32230000 rw-p 00010000 08:05 2502911                    /usr/lib/x86_64-linux-gnu/libavahi-client.so.3.2.9
7f2e32230000-7f2e3223b000 r-xp 00000000 08:05 2502913                    /usr/lib/x86_64-linux-gnu/libavahi-common.so.3.5.3
7f2e3223b000-7f2e3243a000 ---p 0000b000 08:05 2502913                    /usr/lib/x86_64-linux-gnu/libavahi-common.so.3.5.3
7f2e3243a000-7f2e3243b000 r--p 0000a000 08:05 2502913                    /usr/lib/x86_64-linux-gnu/libavahi-common.so.3.5.3
7f2e3243b000-7f2e3243c000 rw-p 0000b000 08:05 2502913                    /usr/lib/x86_64-linux-gnu/libavahi-common.so.3.5.3
7f2e3243c000-7f2e3253b000 r-xp 00000000 08:05 2497998                    /usr/lib/x86_64-linux-gnu/libgnutls-deb0.so.28.30.7
7f2e3253b000-7f2e3273a000 ---p 000ff000 08:05 2497998                    /usr/lib/x86_64-linux-gnu/libgnutls-deb0.so.28.30.7
7f2e3273a000-7f2e32743000 r--p 000fe000 08:05 2497998                    /usr/lib/x86_64-linux-gnu/libgnutls-deb0.so.28.30.7
7f2e32743000-7f2e32745000 rw-p 00107000 08:05 2497998                    /usr/lib/x86_64-linux-gnu/libgnutls-deb0.so.28.30.7
7f2e32745000-7f2e3278a000 r-xp 00000000 08:05 2503265                    /usr/lib/x86_64-linux-gnu/libgssapi_krb5.so.2.2
7f2e3278a000-7f2e32989000 ---p 00045000 08:05 2503265                    /usr/lib/x86_64-linux-gnu/libgssapi_krb5.so.2.2
7f2e32989000-7f2e3298b000 r--p 00044000 08:05 2503265                    /usr/lib/x86_64-linux-gnu/libgssapi_krb5.so.2.2
7f2e3298b000-7f2e3298c000 rw-p 00046000 08:05 2503265                    /usr/lib/x86_64-linux-gnu/libgssapi_krb5.so.2.2
7f2e3298c000-7f2e3298d000 rw-p 00000000 00:00 0 
7f2e3298d000-7f2e329c8000 r-xp 00000000 08:05 2503121                    /usr/lib/x86_64-linux-gnu/libfontconfig.so.1.8.0
7f2e329c8000-7f2e32bc7000 ---p 0003b000 08:05 2503121                    /usr/lib/x86_64-linux-gnu/libfontconfig.so.1.8.0
7f2e32bc7000-7f2e32bc9000 r--p 0003a000 08:05 2503121                    /usr/lib/x86_64-linux-gnu/libfontconfig.so.1.8.0
7f2e32bc9000-7f2e32bca000 rw-p 0003c000 08:05 2503121                    /usr/lib/x86_64-linux-gnu/libfontconfig.so.1.8.0
7f2e32bca000-7f2e32c37000 r-xp 00000000 08:05 2503010                    /usr/lib/x86_64-linux-gnu/libcups.so.2
7f2e32c37000-7f2e32e37000 ---p 0006d000 08:05 2503010                    /usr/lib/x86_64-linux-gnu/libcups.so.2
7f2e32e37000-7f2e32e3e000 r--p 0006d000 08:05 2503010                    /usr/lib/x86_64-linux-gnu/libcups.so.2
7f2e32e3e000-7f2e32e3f000 rw-p 00074000 08:05 2503010                    /usr/lib/x86_64-linux-gnu/libcups.so.2
7f2e32e3f000-7f2e32e46000 r-xp 00000000 08:05 2511776                    /usr/lib/jvm/java-7-openjdk-amd64/jre/lib/amd64/headless/libmawt.so
7f2e32e46000-7f2e33045000 ---p 00007000 08:05 2511776                    /usr/lib/jvm/java-7-openjdk-amd64/jre/lib/amd64/headless/libmawt.so
7f2e33045000-7f2e33046000 r--p 00006000 08:05 2511776                    /usr/lib/jvm/java-7-openjdk-amd64/jre/lib/amd64/headless/libmawt.so
7f2e33046000-7f2e33047000 rw-p 00007000 08:05 2511776                    /usr/lib/jvm/java-7-openjdk-amd64/jre/lib/amd64/headless/libmawt.so
7f2e33047000-7f2e330e7000 r-xp 00000000 08:05 2511790                    /usr/lib/jvm/java-7-openjdk-amd64/jre/lib/amd64/libawt.so
7f2e330e7000-7f2e332e7000 ---p 000a0000 08:05 2511790                    /usr/lib/jvm/java-7-openjdk-amd64/jre/lib/amd64/libawt.so
7f2e332e7000-7f2e332e8000 r--p 000a0000 08:05 2511790                    /usr/lib/jvm/java-7-openjdk-amd64/jre/lib/amd64/libawt.so
7f2e332e8000-7f2e332f3000 rw-p 000a1000 08:05 2511790                    /usr/lib/jvm/java-7-openjdk-amd64/jre/lib/amd64/libawt.so
7f2e332f3000-7f2e33318000 rw-p 00000000 00:00 0 
7f2e33318000-7f2e33319000 ---p 00000000 00:00 0 
7f2e33319000-7f2e33419000 rw-p 00000000 00:00 0                          [stack:28265]
7f2e33419000-7f2e3341c000 ---p 00000000 00:00 0 
7f2e3341c000-7f2e3351a000 rw-p 00000000 00:00 0                          [stack:28263]
7f2e3351a000-7f2e3351d000 ---p 00000000 00:00 0 
7f2e3351d000-7f2e3361b000 rw-p 00000000 00:00 0                          [stack:28255]
7f2e3361b000-7f2e3361e000 ---p 00000000 00:00 0 
7f2e3361e000-7f2e3371c000 rw-p 00000000 00:00 0                          [stack:28245]
7f2e3371c000-7f2e3371f000 ---p 00000000 00:00 0 
7f2e3371f000-7f2e3381d000 rw-p 00000000 00:00 0                          [stack:28217]
7f2e3381d000-7f2e33eff000 r--p 00000000 08:05 2499634                    /usr/lib/locale/locale-archive
7f2e33eff000-7f2e33f02000 ---p 00000000 00:00 0 
7f2e33f02000-7f2e34000000 rw-p 00000000 00:00 0                          [stack:28128]
7f2e34000000-7f2e34021000 rw-p 00000000 00:00 0 
7f2e34021000-7f2e38000000 ---p 00000000 00:00 0 
7f2e38000000-7f2e38021000 rw-p 00000000 00:00 0 
7f2e38021000-7f2e3c000000 ---p 00000000 00:00 0 
7f2e3c000000-7f2e3c021000 rw-p 00000000 00:00 0 
7f2e3c021000-7f2e40000000 ---p 00000000 00:00 0 
7f2e40000000-7f2e40021000 rw-p 00000000 00:00 0 
7f2e40021000-7f2e44000000 ---p 00000000 00:00 0 
7f2e44000000-7f2e44021000 rw-p 00000000 00:00 0 
7f2e44021000-7f2e48000000 ---p 00000000 00:00 0 
7f2e48079000-7f2e480aa000 rw-p 00000000 00:00 0 
7f2e480c8000-7f2e480c9000 rw-p 00000000 00:00 0 
7f2e480c9000-7f2e480cd000 r--s 00023000 00:26 1447793                    /home/oliver/projects/robocode/libs/robocode.ui.editor-1.9.2.4.jar
7f2e480cd000-7f2e480d5000 r--s 0014d000 00:26 1447794                    /home/oliver/projects/robocode/libs/robocode.ui-1.9.2.4.jar
7f2e480d5000-7f2e480d7000 r--s 00014000 00:26 1447791                    /home/oliver/projects/robocode/libs/robocode.host-1.9.2.4.jar
7f2e480d7000-7f2e480e1000 r--s 00203000 08:05 2511797                    /usr/lib/jvm/java-7-openjdk-amd64/jre/lib/charsets.jar
7f2e480e1000-7f2e480e9000 r--s 00048000 00:26 1447788                    /home/oliver/projects/robocode/libs/picocontainer-2.14.2.jar
7f2e480e9000-7f2e480f1000 r--s 00059000 00:26 1447789                    /home/oliver/projects/robocode/libs/codesize-1.1.jar
7f2e480f1000-7f2e480f4000 ---p 00000000 00:00 0 
7f2e480f4000-7f2e481f2000 rw-p 00000000 00:00 0                          [stack:28110]
7f2e481f2000-7f2e481f3000 ---p 00000000 00:00 0 
7f2e481f3000-7f2e49000000 rw-p 00000000 00:00 0                          [stack:28090]
7f2e49000000-7f2e49270000 rwxp 00000000 00:00 0 
7f2e49270000-7f2e4c2e0000 rw-p 00000000 00:00 0 
7f2e4c2e0000-7f2e50000000 ---p 00000000 00:00 0 
7f2e50000000-7f2e50002000 r--s 0000d000 00:26 1447792                    /home/oliver/projects/robocode/libs/robocode.repository-1.9.2.4.jar
7f2e50002000-7f2e50003000 r--s 00021000 00:26 1447795                    /home/oliver/projects/robocode/libs/robocode.sound-1.9.2.4.jar
7f2e50003000-7f2e50007000 r--s 00027000 00:26 1447790                    /home/oliver/projects/robocode/libs/robocode.battle-1.9.2.4.jar
7f2e50007000-7f2e502f7000 rw-p 00000000 00:00 0 
7f2e502f7000-7f2e504a8000 r--s 01d25000 08:05 2511823                    /usr/lib/jvm/java-7-openjdk-amd64/jre/lib/rt.jar
7f2e504a8000-7f2e51c24000 rw-p 00000000 00:00 0 
7f2e51c24000-7f2e51c25000 ---p 00000000 00:00 0 
7f2e51c25000-7f2e51d25000 rw-p 00000000 00:00 0                          [stack:28045]
7f2e51d25000-7f2e51d26000 ---p 00000000 00:00 0 
7f2e51d26000-7f2e51e26000 rw-p 00000000 00:00 0                          [stack:28029]
7f2e51e26000-7f2e51e27000 ---p 00000000 00:00 0 
7f2e51e27000-7f2e51f27000 rw-p 00000000 00:00 0                          [stack:27980]
7f2e51f27000-7f2e51f28000 ---p 00000000 00:00 0 
7f2e51f28000-7f2e52038000 rw-p 00000000 00:00 0                          [stack:27947]
7f2e52038000-7f2e5207b000 rw-p 00000000 00:00 0 
7f2e5207b000-7f2e520a4000 rw-p 00000000 00:00 0 
7f2e520a4000-7f2e52126000 rw-p 00000000 00:00 0 
7f2e52126000-7f2e52136000 rw-p 00000000 00:00 0 
7f2e52136000-7f2e52179000 rw-p 00000000 00:00 0 
7f2e52179000-7f2e521a2000 rw-p 00000000 00:00 0 
7f2e521a2000-7f2e52223000 rw-p 00000000 00:00 0 
7f2e52223000-7f2e52275000 rw-p 00000000 00:00 0 
7f2e52275000-7f2e52279000 ---p 00000000 00:00 0 
7f2e52279000-7f2e5227a000 rw-p 00000000 00:00 0 
7f2e5227a000-7f2e52282000 r-xp 00000000 08:05 2511755                    /usr/lib/jvm/java-7-openjdk-amd64/jre/lib/amd64/libzip.so
7f2e52282000-7f2e52481000 ---p 00008000 08:05 2511755                    /usr/lib/jvm/java-7-openjdk-amd64/jre/lib/amd64/libzip.so
7f2e52481000-7f2e52482000 r--p 00007000 08:05 2511755                    /usr/lib/jvm/java-7-openjdk-amd64/jre/lib/amd64/libzip.so
7f2e52482000-7f2e52483000 rw-p 00008000 08:05 2511755                    /usr/lib/jvm/java-7-openjdk-amd64/jre/lib/amd64/libzip.so
7f2e52483000-7f2e5248e000 r-xp 00000000 08:05 2103824                    /lib/x86_64-linux-gnu/libnss_files-2.19.so
7f2e5248e000-7f2e5268d000 ---p 0000b000 08:05 2103824                    /lib/x86_64-linux-gnu/libnss_files-2.19.so
7f2e5268d000-7f2e5268e000 r--p 0000a000 08:05 2103824                    /lib/x86_64-linux-gnu/libnss_files-2.19.so
7f2e5268e000-7f2e5268f000 rw-p 0000b000 08:05 2103824                    /lib/x86_64-linux-gnu/libnss_files-2.19.so
7f2e5268f000-7f2e5269a000 r-xp 00000000 08:05 2103816                    /lib/x86_64-linux-gnu/libnss_nis-2.19.so
7f2e5269a000-7f2e52899000 ---p 0000b000 08:05 2103816                    /lib/x86_64-linux-gnu/libnss_nis-2.19.so
7f2e52899000-7f2e5289a000 r--p 0000a000 08:05 2103816                    /lib/x86_64-linux-gnu/libnss_nis-2.19.so
7f2e5289a000-7f2e5289b000 rw-p 0000b000 08:05 2103816                    /lib/x86_64-linux-gnu/libnss_nis-2.19.so
7f2e5289b000-7f2e528b2000 r-xp 00000000 08:05 2103807                    /lib/x86_64-linux-gnu/libnsl-2.19.so
7f2e528b2000-7f2e52ab1000 ---p 00017000 08:05 2103807                    /lib/x86_64-linux-gnu/libnsl-2.19.so
7f2e52ab1000-7f2e52ab2000 r--p 00016000 08:05 2103807                    /lib/x86_64-linux-gnu/libnsl-2.19.so
7f2e52ab2000-7f2e52ab3000 rw-p 00017000 08:05 2103807                    /lib/x86_64-linux-gnu/libnsl-2.19.so
7f2e52ab3000-7f2e52ab5000 rw-p 00000000 00:00 0 
7f2e52ab5000-7f2e52abe000 r-xp 00000000 08:05 2103812                    /lib/x86_64-linux-gnu/libnss_compat-2.19.so
7f2e52abe000-7f2e52cbd000 ---p 00009000 08:05 2103812                    /lib/x86_64-linux-gnu/libnss_compat-2.19.so
7f2e52cbd000-7f2e52cbe000 r--p 00008000 08:05 2103812                    /lib/x86_64-linux-gnu/libnss_compat-2.19.so
7f2e52cbe000-7f2e52cbf000 rw-p 00009000 08:05 2103812                    /lib/x86_64-linux-gnu/libnss_compat-2.19.so
7f2e52cbf000-7f2e52cec000 r-xp 00000000 08:05 2511752                    /usr/lib/jvm/java-7-openjdk-amd64/jre/lib/amd64/libjava.so
7f2e52cec000-7f2e52eeb000 ---p 0002d000 08:05 2511752                    /usr/lib/jvm/java-7-openjdk-amd64/jre/lib/amd64/libjava.so
7f2e52eeb000-7f2e52eec000 r--p 0002c000 08:05 2511752                    /usr/lib/jvm/java-7-openjdk-amd64/jre/lib/amd64/libjava.so
7f2e52eec000-7f2e52eee000 rw-p 0002d000 08:05 2511752                    /usr/lib/jvm/java-7-openjdk-amd64/jre/lib/amd64/libjava.so
7f2e52eee000-7f2e52eff000 r-xp 00000000 08:05 2511767                    /usr/lib/jvm/java-7-openjdk-amd64/jre/lib/amd64/libverify.so
7f2e52eff000-7f2e530fe000 ---p 00011000 08:05 2511767                    /usr/lib/jvm/java-7-openjdk-amd64/jre/lib/amd64/libverify.so
7f2e530fe000-7f2e53100000 r--p 00010000 08:05 2511767                    /usr/lib/jvm/java-7-openjdk-amd64/jre/lib/amd64/libverify.so
7f2e53100000-7f2e53101000 rw-p 00012000 08:05 2511767                    /usr/lib/jvm/java-7-openjdk-amd64/jre/lib/amd64/libverify.so
7f2e53101000-7f2e53108000 r-xp 00000000 08:05 2103815                    /lib/x86_64-linux-gnu/librt-2.19.so
7f2e53108000-7f2e53307000 ---p 00007000 08:05 2103815                    /lib/x86_64-linux-gnu/librt-2.19.so
7f2e53307000-7f2e53308000 r--p 00006000 08:05 2103815                    /lib/x86_64-linux-gnu/librt-2.19.so
7f2e53308000-7f2e53309000 rw-p 00007000 08:05 2103815                    /lib/x86_64-linux-gnu/librt-2.19.so
7f2e53309000-7f2e5331f000 r-xp 00000000 08:05 2104480                    /lib/x86_64-linux-gnu/libgcc_s.so.1
7f2e5331f000-7f2e5351e000 ---p 00016000 08:05 2104480                    /lib/x86_64-linux-gnu/libgcc_s.so.1
7f2e5351e000-7f2e5351f000 r--p 00015000 08:05 2104480                    /lib/x86_64-linux-gnu/libgcc_s.so.1
7f2e5351f000-7f2e53520000 rw-p 00016000 08:05 2104480                    /lib/x86_64-linux-gnu/libgcc_s.so.1
7f2e53520000-7f2e53625000 r-xp 00000000 08:05 2103817                    /lib/x86_64-linux-gnu/libm-2.19.so
7f2e53625000-7f2e53824000 ---p 00105000 08:05 2103817                    /lib/x86_64-linux-gnu/libm-2.19.so
7f2e53824000-7f2e53825000 r--p 00104000 08:05 2103817                    /lib/x86_64-linux-gnu/libm-2.19.so
7f2e53825000-7f2e53826000 rw-p 00105000 08:05 2103817                    /lib/x86_64-linux-gnu/libm-2.19.so
7f2e53826000-7f2e53916000 r-xp 00000000 08:05 2503759                    /usr/lib/x86_64-linux-gnu/libstdc++.so.6.0.20
7f2e53916000-7f2e53b16000 ---p 000f0000 08:05 2503759                    /usr/lib/x86_64-linux-gnu/libstdc++.so.6.0.20
7f2e53b16000-7f2e53b1e000 r--p 000f0000 08:05 2503759                    /usr/lib/x86_64-linux-gnu/libstdc++.so.6.0.20
7f2e53b1e000-7f2e53b20000 rw-p 000f8000 08:05 2503759                    /usr/lib/x86_64-linux-gnu/libstdc++.so.6.0.20
7f2e53b20000-7f2e53b35000 rw-p 00000000 00:00 0 
7f2e53b35000-7f2e54682000 r-xp 00000000 08:05 2511781                    /usr/lib/jvm/java-7-openjdk-amd64/jre/lib/amd64/server/libjvm.so
7f2e54682000-7f2e54882000 ---p 00b4d000 08:05 2511781                    /usr/lib/jvm/java-7-openjdk-amd64/jre/lib/amd64/server/libjvm.so
7f2e54882000-7f2e54921000 r--p 00b4d000 08:05 2511781                    /usr/lib/jvm/java-7-openjdk-amd64/jre/lib/amd64/server/libjvm.so
7f2e54921000-7f2e54944000 rw-p 00bec000 08:05 2511781                    /usr/lib/jvm/java-7-openjdk-amd64/jre/lib/amd64/server/libjvm.so
7f2e54944000-7f2e54971000 rw-p 00000000 00:00 0 
7f2e54971000-7f2e54989000 r-xp 00000000 08:05 2104624                    /lib/x86_64-linux-gnu/libz.so.1.2.8
7f2e54989000-7f2e54b88000 ---p 00018000 08:05 2104624                    /lib/x86_64-linux-gnu/libz.so.1.2.8
7f2e54b88000-7f2e54b89000 r--p 00017000 08:05 2104624                    /lib/x86_64-linux-gnu/libz.so.1.2.8
7f2e54b89000-7f2e54b8a000 rw-p 00018000 08:05 2104624                    /lib/x86_64-linux-gnu/libz.so.1.2.8
7f2e54b8a000-7f2e54ba2000 r-xp 00000000 08:05 2103813                    /lib/x86_64-linux-gnu/libpthread-2.19.so
7f2e54ba2000-7f2e54da2000 ---p 00018000 08:05 2103813                    /lib/x86_64-linux-gnu/libpthread-2.19.so
7f2e54da2000-7f2e54da3000 r--p 00018000 08:05 2103813                    /lib/x86_64-linux-gnu/libpthread-2.19.so
7f2e54da3000-7f2e54da4000 rw-p 00019000 08:05 2103813                    /lib/x86_64-linux-gnu/libpthread-2.19.so
7f2e54da4000-7f2e54da8000 rw-p 00000000 00:00 0 
7f2e54da8000-7f2e54dab000 r-xp 00000000 08:05 2103923                    /lib/x86_64-linux-gnu/libdl-2.19.so
7f2e54dab000-7f2e54faa000 ---p 00003000 08:05 2103923                    /lib/x86_64-linux-gnu/libdl-2.19.so
7f2e54faa000-7f2e54fab000 r--p 00002000 08:05 2103923                    /lib/x86_64-linux-gnu/libdl-2.19.so
7f2e54fab000-7f2e54fac000 rw-p 00003000 08:05 2103923                    /lib/x86_64-linux-gnu/libdl-2.19.so
7f2e54fac000-7f2e55166000 r-xp 00000000 08:05 2103806                    /lib/x86_64-linux-gnu/libc-2.19.so
7f2e55166000-7f2e55366000 ---p 001ba000 08:05 2103806                    /lib/x86_64-linux-gnu/libc-2.19.so
7f2e55366000-7f2e5536a000 r--p 001ba000 08:05 2103806                    /lib/x86_64-linux-gnu/libc-2.19.so
7f2e5536a000-7f2e5536c000 rw-p 001be000 08:05 2103806                    /lib/x86_64-linux-gnu/libc-2.19.so
7f2e5536c000-7f2e55371000 rw-p 00000000 00:00 0 
7f2e55371000-7f2e5537e000 r-xp 00000000 08:05 2511787                    /usr/lib/jvm/java-7-openjdk-amd64/jre/lib/amd64/jli/libjli.so
7f2e5537e000-7f2e5557d000 ---p 0000d000 08:05 2511787                    /usr/lib/jvm/java-7-openjdk-amd64/jre/lib/amd64/jli/libjli.so
7f2e5557d000-7f2e5557e000 r--p 0000c000 08:05 2511787                    /usr/lib/jvm/java-7-openjdk-amd64/jre/lib/amd64/jli/libjli.so
7f2e5557e000-7f2e5557f000 rw-p 0000d000 08:05 2511787                    /usr/lib/jvm/java-7-openjdk-amd64/jre/lib/amd64/jli/libjli.so
7f2e5557f000-7f2e555a2000 r-xp 00000000 08:05 2103819                    /lib/x86_64-linux-gnu/ld-2.19.so
7f2e555a2000-7f2e555a3000 r--p 00000000 08:05 142478                     /usr/share/locale-langpack/en_GB/LC_MESSAGES/libc.mo
7f2e555a3000-7f2e555a7000 r--s 0002e000 00:26 1447787                    /home/oliver/projects/robocode/libs/robocode.core-1.9.2.4.jar
7f2e555a7000-7f2e555ad000 r--s 00026000 00:26 1447785                    /home/oliver/projects/robocode/libs/robocode.jar
7f2e555ad000-7f2e555af000 r--s 00012000 08:05 2511800                    /usr/lib/jvm/java-7-openjdk-amd64/jre/lib/ext/zipfs.jar
7f2e555af000-7f2e555b3000 r--s 00085000 08:05 2511799                    /usr/lib/jvm/java-7-openjdk-amd64/jre/lib/ext/localedata.jar
7f2e555b3000-7f2e555b7000 r--s 00034000 08:05 2511801                    /usr/lib/jvm/java-7-openjdk-amd64/jre/lib/ext/sunjce_provider.jar
7f2e555b7000-7f2e555ba000 r--s 0000f000 08:05 2511803                    /usr/lib/jvm/java-7-openjdk-amd64/jre/lib/ext/icedtea-sound.jar
7f2e555ba000-7f2e555c4000 rw-p 00000000 00:00 0 
7f2e555c4000-7f2e5567a000 rw-p 00000000 00:00 0 
7f2e5567a000-7f2e5567d000 ---p 00000000 00:00 0 
7f2e5567d000-7f2e55780000 rw-p 00000000 00:00 0                          [stack:27931]
7f2e55780000-7f2e55784000 r--s 0003c000 08:05 2511804                    /usr/lib/jvm/java-7-openjdk-amd64/jre/lib/ext/sunpkcs11.jar
7f2e55784000-7f2e55785000 r--s 00002000 08:05 2511802                    /usr/lib/jvm/java-7-openjdk-amd64/jre/lib/ext/dnsns.jar
7f2e55785000-7f2e55787000 r--s 00006000 08:05 2900065                    /usr/share/java/java-atk-wrapper.jar
7f2e55787000-7f2e55795000 rw-p 00000000 00:00 0 
7f2e55795000-7f2e5579d000 rw-s 00000000 08:05 2362167                    /tmp/hsperfdata_oliver/27896
7f2e5579d000-7f2e5579e000 rw-p 00000000 00:00 0 
7f2e5579e000-7f2e5579f000 r--p 00000000 00:00 0 
7f2e5579f000-7f2e557a1000 rw-p 00000000 00:00 0 
7f2e557a1000-7f2e557a2000 r--p 00022000 08:05 2103819                    /lib/x86_64-linux-gnu/ld-2.19.so
7f2e557a2000-7f2e557a3000 rw-p 00023000 08:05 2103819                    /lib/x86_64-linux-gnu/ld-2.19.so
7f2e557a3000-7f2e557a4000 rw-p 00000000 00:00 0 
7fff9b9be000-7fff9b9df000 rw-p 00000000 00:00 0                          [stack]
7fff9b9fc000-7fff9b9fe000 r-xp 00000000 00:00 0                          [vdso]
7fff9b9fe000-7fff9ba00000 r--p 00000000 00:00 0                          [vvar]
ffffffffff600000-ffffffffff601000 r-xp 00000000 00:00 0                  [vsyscall]

VM Arguments:
jvm_args: -Djava.awt.headless=true -DROBOTPATH=/home/oliver/projects/robocode/robots/ -Xmx512M -Dsun.io.useCanonCaches=false 
java_command: robocode.Robocode -battle /tmp/tmpILBk4I.battle -nodisplay -nosound -results /tmp/tmpM3DKEV
Launcher Type: SUN_STANDARD

Environment Variables:
PATH=/usr/local/sbin:/usr/local/bin:/usr/sbin:/usr/bin:/sbin:/bin:/usr/games:/usr/local/games:/home/oliver/go/bin:/home/oliver/projects/evco/wallace/bin:/home/oliver/.rvm/bin:/home/oliver/.rvm/bin
SHELL=/bin/bash
DISPLAY=:0

Signal Handlers:
SIGSEGV: [libjvm.so+0x981590], sa_mask[0]=0x7ffbfeff, sa_flags=0x10000004
SIGBUS: [libjvm.so+0x981590], sa_mask[0]=0x7ffbfeff, sa_flags=0x10000004
SIGFPE: [libjvm.so+0x7efd60], sa_mask[0]=0x7ffbfeff, sa_flags=0x10000004
SIGPIPE: [libjvm.so+0x7efd60], sa_mask[0]=0x7ffbfeff, sa_flags=0x10000004
SIGXFSZ: [libjvm.so+0x7efd60], sa_mask[0]=0x7ffbfeff, sa_flags=0x10000004
SIGILL: [libjvm.so+0x7efd60], sa_mask[0]=0x7ffbfeff, sa_flags=0x10000004
SIGUSR1: SIG_DFL, sa_mask[0]=0x00000000, sa_flags=0x00000000
SIGUSR2: [libjvm.so+0x7efbe0], sa_mask[0]=0x00000000, sa_flags=0x10000004
SIGHUP: [libjvm.so+0x7efde0], sa_mask[0]=0x7ffbfeff, sa_flags=0x10000004
SIGINT: [libjvm.so+0x7efde0], sa_mask[0]=0x7ffbfeff, sa_flags=0x10000004
SIGTERM: [libjvm.so+0x7efde0], sa_mask[0]=0x7ffbfeff, sa_flags=0x10000004
SIGQUIT: [libjvm.so+0x7efde0], sa_mask[0]=0x7ffbfeff, sa_flags=0x10000004
SIGTRAP: SIG_DFL, sa_mask[0]=0x00000000, sa_flags=0x00000000


---------------  S Y S T E M  ---------------

OS:Ubuntu 14.10 (utopic)
uname:Linux 3.16.0-25-generic #33-Ubuntu SMP Tue Nov 4 12:06:54 UTC 2014 x86_64
libc:glibc 2.19 NPTL 2.19 
rlimit: STACK 8192k, CORE 0k, NPROC 31299, NOFILE 4096, AS infinity
load average:71.77 64.84 52.42

/proc/meminfo:
MemTotal:        8042916 kB
MemFree:          117776 kB
MemAvailable:      47788 kB
Buffers:             112 kB
Cached:            68452 kB
SwapCached:            0 kB
Active:          7599048 kB
Inactive:          64780 kB
Active(anon):    7597244 kB
Inactive(anon):    62276 kB
Active(file):       1804 kB
Inactive(file):     2504 kB
Unevictable:          32 kB
Mlocked:              32 kB
SwapTotal:             0 kB
SwapFree:              0 kB
Dirty:                 0 kB
Writeback:             0 kB
AnonPages:       7596072 kB
Mapped:            92204 kB
Shmem:             63480 kB
Slab:              67028 kB
SReclaimable:      24636 kB
SUnreclaim:        42392 kB
KernelStack:       14832 kB
PageTables:        55532 kB
NFS_Unstable:          0 kB
Bounce:                0 kB
WritebackTmp:          0 kB
CommitLimit:     4021456 kB
Committed_AS:   13864732 kB
VmallocTotal:   34359738367 kB
VmallocUsed:      393024 kB
VmallocChunk:   34359342364 kB
HardwareCorrupted:     0 kB
AnonHugePages:   3237888 kB
HugePages_Total:       0
HugePages_Free:        0
HugePages_Rsvd:        0
HugePages_Surp:        0
Hugepagesize:       2048 kB
DirectMap4k:      163532 kB
DirectMap2M:     3897344 kB
DirectMap1G:     4194304 kB


CPU:total 4 (4 cores per cpu, 1 threads per core) family 6 model 60 stepping 3, cmov, cx8, fxsr, mmx, sse, sse2, sse3, ssse3, sse4.1, sse4.2, popcnt, avx, avx2, aes, erms, tsc, tscinvbit

/proc/cpuinfo:
processor	: 0
vendor_id	: GenuineIntel
cpu family	: 6
model		: 60
model name	: Intel(R) Core(TM) i5-4690K CPU @ 3.50GHz
stepping	: 3
microcode	: 0x17
cpu MHz		: 3700.019
cache size	: 6144 KB
physical id	: 0
siblings	: 4
core id		: 0
cpu cores	: 4
apicid		: 0
initial apicid	: 0
fpu		: yes
fpu_exception	: yes
cpuid level	: 13
wp		: yes
flags		: fpu vme de pse tsc msr pae mce cx8 apic sep mtrr pge mca cmov pat pse36 clflush dts acpi mmx fxsr sse sse2 ss ht tm pbe syscall nx pdpe1gb rdtscp lm constant_tsc arch_perfmon pebs bts rep_good nopl xtopology nonstop_tsc aperfmperf eagerfpu pni pclmulqdq dtes64 monitor ds_cpl vmx est tm2 ssse3 fma cx16 xtpr pdcm pcid sse4_1 sse4_2 x2apic movbe popcnt tsc_deadline_timer aes xsave avx f16c rdrand lahf_lm abm ida arat xsaveopt pln pts dtherm tpr_shadow vnmi flexpriority ept vpid fsgsbase tsc_adjust bmi1 hle avx2 smep bmi2 erms invpcid rtm
bogomips	: 6999.94
clflush size	: 64
cache_alignment	: 64
address sizes	: 39 bits physical, 48 bits virtual
power management:

processor	: 1
vendor_id	: GenuineIntel
cpu family	: 6
model		: 60
model name	: Intel(R) Core(TM) i5-4690K CPU @ 3.50GHz
stepping	: 3
microcode	: 0x17
cpu MHz		: 3700.019
cache size	: 6144 KB
physical id	: 0
siblings	: 4
core id		: 1
cpu cores	: 4
apicid		: 2
initial apicid	: 2
fpu		: yes
fpu_exception	: yes
cpuid level	: 13
wp		: yes
flags		: fpu vme de pse tsc msr pae mce cx8 apic sep mtrr pge mca cmov pat pse36 clflush dts acpi mmx fxsr sse sse2 ss ht tm pbe syscall nx pdpe1gb rdtscp lm constant_tsc arch_perfmon pebs bts rep_good nopl xtopology nonstop_tsc aperfmperf eagerfpu pni pclmulqdq dtes64 monitor ds_cpl vmx est tm2 ssse3 fma cx16 xtpr pdcm pcid sse4_1 sse4_2 x2apic movbe popcnt tsc_deadline_timer aes xsave avx f16c rdrand lahf_lm abm ida arat xsaveopt pln pts dtherm tpr_shadow vnmi flexpriority ept vpid fsgsbase tsc_adjust bmi1 hle avx2 smep bmi2 erms invpcid rtm
bogomips	: 6999.94
clflush size	: 64
cache_alignment	: 64
address sizes	: 39 bits physical, 48 bits virtual
power management:

processor	: 2
vendor_id	: GenuineIntel
cpu family	: 6
model		: 60
model name	: Intel(R) Core(TM) i5-4690K CPU @ 3.50GHz
stepping	: 3
microcode	: 0x17
cpu MHz		: 3699.882
cache size	: 6144 KB
physical id	: 0
siblings	: 4
core id		: 2
cpu cores	: 4
apicid		: 4
initial apicid	: 4
fpu		: yes
fpu_exception	: yes
cpuid level	: 13
wp		: yes
flags		: fpu vme de pse tsc msr pae mce cx8 apic sep mtrr pge mca cmov pat pse36 clflush dts acpi mmx fxsr sse sse2 ss ht tm pbe syscall nx pdpe1gb rdtscp lm constant_tsc arch_perfmon pebs bts rep_good nopl xtopology nonstop_tsc aperfmperf eagerfpu pni pclmulqdq dtes64 monitor ds_cpl vmx est tm2 ssse3 fma cx16 xtpr pdcm pcid sse4_1 sse4_2 x2apic movbe popcnt tsc_deadline_timer aes xsave avx f16c rdrand lahf_lm abm ida arat xsaveopt pln pts dtherm tpr_shadow vnmi flexpriority ept vpid fsgsbase tsc_adjust bmi1 hle avx2 smep bmi2 erms invpcid rtm
bogomips	: 6999.94
clflush size	: 64
cache_alignment	: 64
address sizes	: 39 bits physical, 48 bits virtual
power management:

processor	: 3
vendor_id	: GenuineIntel
cpu family	: 6
model		: 60
model name	: Intel(R) Core(TM) i5-4690K CPU @ 3.50GHz
stepping	: 3
microcode	: 0x17
cpu MHz		: 3700.019
cache size	: 6144 KB
physical id	: 0
siblings	: 4
core id		: 3
cpu cores	: 4
apicid		: 6
initial apicid	: 6
fpu		: yes
fpu_exception	: yes
cpuid level	: 13
wp		: yes
flags		: fpu vme de pse tsc msr pae mce cx8 apic sep mtrr pge mca cmov pat pse36 clflush dts acpi mmx fxsr sse sse2 ss ht tm pbe syscall nx pdpe1gb rdtscp lm constant_tsc arch_perfmon pebs bts rep_good nopl xtopology nonstop_tsc aperfmperf eagerfpu pni pclmulqdq dtes64 monitor ds_cpl vmx est tm2 ssse3 fma cx16 xtpr pdcm pcid sse4_1 sse4_2 x2apic movbe popcnt tsc_deadline_timer aes xsave avx f16c rdrand lahf_lm abm ida arat xsaveopt pln pts dtherm tpr_shadow vnmi flexpriority ept vpid fsgsbase tsc_adjust bmi1 hle avx2 smep bmi2 erms invpcid rtm
bogomips	: 6999.94
clflush size	: 64
cache_alignment	: 64
address sizes	: 39 bits physical, 48 bits virtual
power management:



Memory: 4k page, physical 8042916k(118832k free), swap 0k(0k free)

vm_info: OpenJDK 64-Bit Server VM (24.65-b04) for linux-amd64 JRE (1.7.0_65-b32), built on Oct 22 2014 04:20:25 by "buildd" with gcc 4.9.1

time: Mon Dec  8 12:05:20 2014
elapsed time: 795 seconds

