#
# There is insufficient memory for the Java Runtime Environment to continue.
# Native memory allocation (malloc) failed to allocate 18874368 bytes for committing reserved memory.
# Possible reasons:
#   The system is out of physical RAM or swap space
#   In 32 bit mode, the process size limit was hit
# Possible solutions:
#   Reduce memory load on the system
#   Increase physical memory or swap space
#   Check if swap backing store is full
#   Use 64 bit Java on a 64 bit OS
#   Decrease Java heap size (-Xmx/-Xms)
#   Decrease number of Java threads
#   Decrease Java thread stack sizes (-Xss)
#   Set larger code cache with -XX:ReservedCodeCacheSize=
# This output file may be truncated or incomplete.
#
#  Out of Memory Error (os_linux.cpp:2798), pid=20771, tid=140238751000320
#
# JRE version: OpenJDK Runtime Environment (7.0_65-b32) (build 1.7.0_65-b32)
# Java VM: OpenJDK 64-Bit Server VM (24.65-b04 mixed mode linux-amd64 compressed oops)
# Derivative: IcedTea 2.5.3
# Distribution: Ubuntu 14.10, package 7u71-2.5.3-0ubuntu1
# Failed to write core dump. Core dumps have been disabled. To enable core dumping, try "ulimit -c unlimited" before starting Java again
#

---------------  T H R E A D  ---------------

Current thread (0x00007f8be4075800):  VMThread [stack: 0x00007f8be0dfe000,0x00007f8be0eff000] [id=20905]

Stack: [0x00007f8be0dfe000,0x00007f8be0eff000],  sp=0x00007f8be0efd4a0,  free space=1021k
Native frames: (J=compiled Java code, j=interpreted, Vv=VM code, C=native code)
V  [libjvm.so+0x980aa6]  VMError::report_and_die()+0x186
V  [libjvm.so+0x48fed2]  report_vm_out_of_memory(char const*, int, unsigned long, char const*)+0x92
V  [libjvm.so+0x7f480b]  os::pd_commit_memory(char*, unsigned long, unsigned long, bool)+0xeb
V  [libjvm.so+0x7eef1e]  os::commit_memory(char*, unsigned long, unsigned long, bool)+0x2e
V  [libjvm.so+0x86100b]  PSVirtualSpace::expand_by(unsigned long)+0x5b
V  [libjvm.so+0x861ec3]  PSYoungGen::resize_generation(unsigned long, unsigned long)+0xd3
V  [libjvm.so+0x8625db]  PSYoungGen::resize(unsigned long, unsigned long)+0x1b
V  [libjvm.so+0x85dfd9]  PSScavenge::invoke_no_policy()+0xdc9
V  [libjvm.so+0x85e7b8]  PSScavenge::invoke()+0x38
V  [libjvm.so+0x8163e3]  ParallelScavengeHeap::failed_mem_allocate(unsigned long)+0x63
V  [libjvm.so+0x982372]  VM_ParallelGCFailedAllocation::doit()+0x92
V  [libjvm.so+0x986be7]  VM_Operation::evaluate()+0x47
V  [libjvm.so+0x9851db]  VMThread::evaluate_operation(VM_Operation*)+0xab
V  [libjvm.so+0x985886]  VMThread::loop()+0x1e6
V  [libjvm.so+0x985d51]  VMThread::run()+0x81
V  [libjvm.so+0x7f14f2]  java_start(Thread*)+0xf2

VM_Operation (0x00007f8bab306550): ParallelGCFailedAllocation, mode: safepoint, requested by thread 0x00007f8be42d8800


---------------  P R O C E S S  ---------------

Java Threads: ( => current thread )
  0x00007f8be400a000 JavaThread "DestroyJavaVM" [_thread_blocked, id=20783, stack(0x00007f8bee301000,0x00007f8bee402000)]
  0x00007f8be42d8800 JavaThread "Robocode main thread" [_thread_blocked, id=21108, stack(0x00007f8bab208000,0x00007f8bab309000)]
  0x00007f8be40b1000 JavaThread "Service Thread" daemon [_thread_blocked, id=21028, stack(0x00007f8be0116000,0x00007f8be0217000)]
  0x00007f8be40af000 JavaThread "C2 CompilerThread1" daemon [_thread_blocked, id=21026, stack(0x00007f8be0217000,0x00007f8be0318000)]
  0x00007f8be40ac000 JavaThread "C2 CompilerThread0" daemon [_thread_blocked, id=21021, stack(0x00007f8be0318000,0x00007f8be0419000)]
  0x00007f8be40a9800 JavaThread "Signal Dispatcher" daemon [_thread_blocked, id=20998, stack(0x00007f8be0419000,0x00007f8be051a000)]
  0x00007f8be407c000 JavaThread "Finalizer" daemon [_thread_blocked, id=20936, stack(0x00007f8be0bfc000,0x00007f8be0cfd000)]
  0x00007f8be407a000 JavaThread "Reference Handler" daemon [_thread_blocked, id=20916, stack(0x00007f8be0cfd000,0x00007f8be0dfe000)]

Other Threads:
=>0x00007f8be4075800 VMThread [stack: 0x00007f8be0dfe000,0x00007f8be0eff000] [id=20905]
  0x00007f8be40bc000 WatcherThread [stack: 0x00007f8be0015000,0x00007f8be0116000] [id=21038]

VM state:at safepoint (normal execution)

VM Mutex/Monitor currently owned by a thread:  ([mutex/lock_event])
[0x00007f8be4006650] Threads_lock - owner thread: 0x00007f8be4075800
[0x00007f8be4006b50] Heap_lock - owner thread: 0x00007f8be42d8800

Heap
 PSYoungGen      total 138240K, used 4096K [0x00000000f5500000, 0x00000000fee00000, 0x0000000100000000)
  eden space 128000K, 0% used [0x00000000f5500000,0x00000000f5500000,0x00000000fd200000)
  from space 10240K, 40% used [0x00000000fda00000,0x00000000fde00000,0x00000000fe400000)
  to   space 4608K, 0% used [0x00000000fe980000,0x00000000fe980000,0x00000000fee00000)
 ParOldGen       total 83456K, used 61713K [0x00000000e0000000, 0x00000000e5180000, 0x00000000f5500000)
  object space 83456K, 73% used [0x00000000e0000000,0x00000000e3c44458,0x00000000e5180000)
 PSPermGen       total 88576K, used 88379K [0x00000000d5a00000, 0x00000000db080000, 0x00000000e0000000)
  object space 88576K, 99% used [0x00000000d5a00000,0x00000000db04ef48,0x00000000db080000)

Card table byte_map: [0x00007f8beadad000,0x00007f8beaf01000] byte_map_base: 0x00007f8bea700000

Polling page: 0x00007f8bee425000

Code Cache  [0x00007f8be1000000, 0x00007f8be1270000, 0x00007f8be4000000)
 total_blobs=868 nmethods=590 adapters=231 free_code_cache=47214Kb largest_free_block=48305984

Compilation events (10 events):
Event: 59.496 Thread 0x00007f8be40ac000  611             java.net.InetAddress::getAllByName0 (57 bytes)
Event: 59.500 Thread 0x00007f8be40ac000 nmethod 611 0x00007f8be11d9850 code [0x00007f8be11d9a20, 0x00007f8be11da180]
Event: 59.500 Thread 0x00007f8be40ac000  612   !         java.net.InetAddress::getCachedAddresses (57 bytes)
Event: 59.503 Thread 0x00007f8be40ac000 nmethod 612 0x00007f8be11e0610 code [0x00007f8be11e07c0, 0x00007f8be11e0d90]
Event: 62.934 Thread 0x00007f8be40ac000  615             sun.net.util.URLUtil::urlNoFragString (114 bytes)
Event: 62.944 Thread 0x00007f8be40ac000 nmethod 615 0x00007f8be11ec7d0 code [0x00007f8be11eca40, 0x00007f8be11ed710]
Event: 66.973 Thread 0x00007f8be40af000  616             java.util.Locale::getLanguage (8 bytes)
Event: 67.003 Thread 0x00007f8be40af000 nmethod 616 0x00007f8be11d9290 code [0x00007f8be11d93c0, 0x00007f8be11d9438]
Event: 67.605 Thread 0x00007f8be40ac000  617             java.net.URLConnection::setUseCaches (23 bytes)
Event: 67.605 Thread 0x00007f8be40ac000 nmethod 617 0x00007f8be11d9010 code [0x00007f8be11d9140, 0x00007f8be11d91b8]

GC Heap History (10 events):
Event: 41.608 GC heap after
Heap after GC invocations=14 (full 0):
 PSYoungGen      total 156160K, used 4672K [0x00000000f5500000, 0x0000000100000000, 0x0000000100000000)
  eden space 143872K, 0% used [0x00000000f5500000,0x00000000f5500000,0x00000000fe180000)
  from space 12288K, 38% used [0x00000000fed00000,0x00000000ff190000,0x00000000ff900000)
  to   space 11776K, 0% used [0x00000000fe180000,0x00000000fe180000,0x00000000fed00000)
 ParOldGen       total 83456K, used 41321K [0x00000000e0000000, 0x00000000e5180000, 0x00000000f5500000)
  object space 83456K, 49% used [0x00000000e0000000,0x00000000e285a458,0x00000000e5180000)
 PSPermGen       total 53248K, used 53066K [0x00000000d5a00000, 0x00000000d8e00000, 0x00000000e0000000)
  object space 53248K, 99% used [0x00000000d5a00000,0x00000000d8dd2b38,0x00000000d8e00000)
}
Event: 45.985 GC heap before
{Heap before GC invocations=15 (full 0):
 PSYoungGen      total 156160K, used 148544K [0x00000000f5500000, 0x0000000100000000, 0x0000000100000000)
  eden space 143872K, 100% used [0x00000000f5500000,0x00000000fe180000,0x00000000fe180000)
  from space 12288K, 38% used [0x00000000fed00000,0x00000000ff190000,0x00000000ff900000)
  to   space 11776K, 0% used [0x00000000fe180000,0x00000000fe180000,0x00000000fed00000)
 ParOldGen       total 83456K, used 41321K [0x00000000e0000000, 0x00000000e5180000, 0x00000000f5500000)
  object space 83456K, 49% used [0x00000000e0000000,0x00000000e285a458,0x00000000e5180000)
 PSPermGen       total 60928K, used 60458K [0x00000000d5a00000, 0x00000000d9580000, 0x00000000e0000000)
  object space 60928K, 99% used [0x00000000d5a00000,0x00000000d950aad0,0x00000000d9580000)
Event: 46.018 GC heap after
Heap after GC invocations=15 (full 0):
 PSYoungGen      total 155648K, used 4640K [0x00000000f5500000, 0x00000000ffe80000, 0x0000000100000000)
  eden space 143872K, 0% used [0x00000000f5500000,0x00000000f5500000,0x00000000fe180000)
  from space 11776K, 39% used [0x00000000fe180000,0x00000000fe608000,0x00000000fed00000)
  to   space 11264K, 0% used [0x00000000ff380000,0x00000000ff380000,0x00000000ffe80000)
 ParOldGen       total 83456K, used 45521K [0x00000000e0000000, 0x00000000e5180000, 0x00000000f5500000)
  object space 83456K, 54% used [0x00000000e0000000,0x00000000e2c74458,0x00000000e5180000)
 PSPermGen       total 60928K, used 60458K [0x00000000d5a00000, 0x00000000d9580000, 0x00000000e0000000)
  object space 60928K, 99% used [0x00000000d5a00000,0x00000000d950aad0,0x00000000d9580000)
}
Event: 51.237 GC heap before
{Heap before GC invocations=16 (full 0):
 PSYoungGen      total 155648K, used 148512K [0x00000000f5500000, 0x00000000ffe80000, 0x0000000100000000)
  eden space 143872K, 100% used [0x00000000f5500000,0x00000000fe180000,0x00000000fe180000)
  from space 11776K, 39% used [0x00000000fe180000,0x00000000fe608000,0x00000000fed00000)
  to   space 11264K, 0% used [0x00000000ff380000,0x00000000ff380000,0x00000000ffe80000)
 ParOldGen       total 83456K, used 45521K [0x00000000e0000000, 0x00000000e5180000, 0x00000000f5500000)
  object space 83456K, 54% used [0x00000000e0000000,0x00000000e2c74458,0x00000000e5180000)
 PSPermGen       total 68096K, used 67852K [0x00000000d5a00000, 0x00000000d9c80000, 0x00000000e0000000)
  object space 68096K, 99% used [0x00000000d5a00000,0x00000000d9c43368,0x00000000d9c80000)
Event: 51.268 GC heap after
Heap after GC invocations=16 (full 0):
 PSYoungGen      total 143360K, used 4640K [0x00000000f5500000, 0x00000000ff880000, 0x0000000100000000)
  eden space 138240K, 0% used [0x00000000f5500000,0x00000000f5500000,0x00000000fdc00000)
  from space 5120K, 90% used [0x00000000ff380000,0x00000000ff808000,0x00000000ff880000)
  to   space 11264K, 0% used [0x00000000fe280000,0x00000000fe280000,0x00000000fed80000)
 ParOldGen       total 83456K, used 49721K [0x00000000e0000000, 0x00000000e5180000, 0x00000000f5500000)
  object space 83456K, 59% used [0x00000000e0000000,0x00000000e308e458,0x00000000e5180000)
 PSPermGen       total 68096K, used 67852K [0x00000000d5a00000, 0x00000000d9c80000, 0x00000000e0000000)
  object space 68096K, 99% used [0x00000000d5a00000,0x00000000d9c43368,0x00000000d9c80000)
}
Event: 58.560 GC heap before
{Heap before GC invocations=17 (full 0):
 PSYoungGen      total 143360K, used 142880K [0x00000000f5500000, 0x00000000ff880000, 0x0000000100000000)
  eden space 138240K, 100% used [0x00000000f5500000,0x00000000fdc00000,0x00000000fdc00000)
  from space 5120K, 90% used [0x00000000ff380000,0x00000000ff808000,0x00000000ff880000)
  to   space 11264K, 0% used [0x00000000fe280000,0x00000000fe280000,0x00000000fed80000)
 ParOldGen       total 83456K, used 49721K [0x00000000e0000000, 0x00000000e5180000, 0x00000000f5500000)
  object space 83456K, 59% used [0x00000000e0000000,0x00000000e308e458,0x00000000e5180000)
 PSPermGen       total 75264K, used 74957K [0x00000000d5a00000, 0x00000000da380000, 0x00000000e0000000)
  object space 75264K, 99% used [0x00000000d5a00000,0x00000000da333488,0x00000000da380000)
Event: 58.593 GC heap after
Heap after GC invocations=17 (full 0):
 PSYoungGen      total 137728K, used 4384K [0x00000000f5500000, 0x00000000ff400000, 0x0000000100000000)
  eden space 133120K, 0% used [0x00000000f5500000,0x00000000f5500000,0x00000000fd700000)
  from space 4608K, 95% used [0x00000000fe280000,0x00000000fe6c8000,0x00000000fe700000)
  to   space 10752K, 0% used [0x00000000fe980000,0x00000000fe980000,0x00000000ff400000)
 ParOldGen       total 83456K, used 53889K [0x00000000e0000000, 0x00000000e5180000, 0x00000000f5500000)
  object space 83456K, 64% used [0x00000000e0000000,0x00000000e34a0458,0x00000000e5180000)
 PSPermGen       total 75264K, used 74957K [0x00000000d5a00000, 0x00000000da380000, 0x00000000e0000000)
  object space 75264K, 99% used [0x00000000d5a00000,0x00000000da333488,0x00000000da380000)
}
Event: 63.489 GC heap before
{Heap before GC invocations=18 (full 0):
 PSYoungGen      total 137728K, used 137504K [0x00000000f5500000, 0x00000000ff400000, 0x0000000100000000)
  eden space 133120K, 100% used [0x00000000f5500000,0x00000000fd700000,0x00000000fd700000)
  from space 4608K, 95% used [0x00000000fe280000,0x00000000fe6c8000,0x00000000fe700000)
  to   space 10752K, 0% used [0x00000000fe980000,0x00000000fe980000,0x00000000ff400000)
 ParOldGen       total 83456K, used 53889K [0x00000000e0000000, 0x00000000e5180000, 0x00000000f5500000)
  object space 83456K, 64% used [0x00000000e0000000,0x00000000e34a0458,0x00000000e5180000)
 PSPermGen       total 81920K, used 81797K [0x00000000d5a00000, 0x00000000daa00000, 0x00000000e0000000)
  object space 81920K, 99% used [0x00000000d5a00000,0x00000000da9e14c0,0x00000000daa00000)
Event: 63.519 GC heap after
Heap after GC invocations=18 (full 0):
 PSYoungGen      total 132608K, used 4224K [0x00000000f5500000, 0x00000000fee00000, 0x0000000100000000)
  eden space 128000K, 0% used [0x00000000f5500000,0x00000000f5500000,0x00000000fd200000)
  from space 4608K, 91% used [0x00000000fe980000,0x00000000feda0000,0x00000000fee00000)
  to   space 10240K, 0% used [0x00000000fda00000,0x00000000fda00000,0x00000000fe400000)
 ParOldGen       total 83456K, used 57881K [0x00000000e0000000, 0x00000000e5180000, 0x00000000f5500000)
  object space 83456K, 69% used [0x00000000e0000000,0x00000000e3886458,0x00000000e5180000)
 PSPermGen       total 81920K, used 81797K [0x00000000d5a00000, 0x00000000daa00000, 0x00000000e0000000)
  object space 81920K, 99% used [0x00000000d5a00000,0x00000000da9e14c0,0x00000000daa00000)
}
Event: 128.324 GC heap before
{Heap before GC invocations=19 (full 0):
 PSYoungGen      total 132608K, used 132224K [0x00000000f5500000, 0x00000000fee00000, 0x0000000100000000)
  eden space 128000K, 100% used [0x00000000f5500000,0x00000000fd200000,0x00000000fd200000)
  from space 4608K, 91% used [0x00000000fe980000,0x00000000feda0000,0x00000000fee00000)
  to   space 10240K, 0% used [0x00000000fda00000,0x00000000fda00000,0x00000000fe400000)
 ParOldGen       total 83456K, used 57881K [0x00000000e0000000, 0x00000000e5180000, 0x00000000f5500000)
  object space 83456K, 69% used [0x00000000e0000000,0x00000000e3886458,0x00000000e5180000)
 PSPermGen       total 88576K, used 88379K [0x00000000d5a00000, 0x00000000db080000, 0x00000000e0000000)
  object space 88576K, 99% used [0x00000000d5a00000,0x00000000db04ef48,0x00000000db080000)

Deoptimization events (10 events):
Event: 14.877 Thread 0x00007f8be42d8800 Uncommon trap: reason=class_check action=maybe_recompile pc=0x00007f8be109d314 method=java.util.HashMap.put(Ljava/lang/Object;Ljava/lang/Object;)Ljava/lang/Object; @ 137
Event: 14.990 Thread 0x00007f8be42d8800 Uncommon trap: reason=class_check action=maybe_recompile pc=0x00007f8be109d314 method=java.util.HashMap.put(Ljava/lang/Object;Ljava/lang/Object;)Ljava/lang/Object; @ 137
Event: 14.991 Thread 0x00007f8be42d8800 Uncommon trap: reason=unreached action=reinterpret pc=0x00007f8be10a8930 method=java.util.HashMap.containsKey(Ljava/lang/Object;)Z @ 5
Event: 14.993 Thread 0x00007f8be42d8800 Uncommon trap: reason=unreached action=reinterpret pc=0x00007f8be10a8fe4 method=java.util.HashMap.containsKey(Ljava/lang/Object;)Z @ 5
Event: 16.262 Thread 0x00007f8be42d8800 Uncommon trap: reason=null_check action=make_not_entrant pc=0x00007f8be10c2a18 method=sun.reflect.Reflection.filterMethods(Ljava/lang/Class;[Ljava/lang/reflect/Method;)[Ljava/lang/reflect/Method; @ 18
Event: 22.153 Thread 0x00007f8be42d8800 Uncommon trap: reason=predicate action=maybe_recompile pc=0x00007f8be114e63c method=java.util.AbstractCollection.toArray([Ljava/lang/Object;)[Ljava/lang/Object; @ 49
Event: 24.100 Thread 0x00007f8be42d8800 Uncommon trap: reason=array_check action=maybe_recompile pc=0x00007f8be115d270 method=java.util.AbstractCollection.toArray([Ljava/lang/Object;)[Ljava/lang/Object; @ 119
Event: 24.101 Thread 0x00007f8be42d8800 Uncommon trap: reason=array_check action=maybe_recompile pc=0x00007f8be115d270 method=java.util.AbstractCollection.toArray([Ljava/lang/Object;)[Ljava/lang/Object; @ 119
Event: 24.101 Thread 0x00007f8be42d8800 Uncommon trap: reason=array_check action=maybe_recompile pc=0x00007f8be115d270 method=java.util.AbstractCollection.toArray([Ljava/lang/Object;)[Ljava/lang/Object; @ 119
Event: 24.102 Thread 0x00007f8be42d8800 Uncommon trap: reason=array_check action=maybe_recompile pc=0x00007f8be115d270 method=java.util.AbstractCollection.toArray([Ljava/lang/Object;)[Ljava/lang/Object; @ 119

Internal exceptions (10 events):
Event: 122.881 Thread 0x00007f8be42d8800 Threw 0x00000000fd1a7d90 at /build/buildd/openjdk-7-7u71-2.5.3/build/openjdk/hotspot/src/share/vm/prims/jvm.cpp:1284
Event: 122.881 Thread 0x00007f8be42d8800 Threw 0x00000000fd1a81b0 at /build/buildd/openjdk-7-7u71-2.5.3/build/openjdk/hotspot/src/share/vm/prims/jvm.cpp:1284
Event: 123.032 Thread 0x00007f8be42d8800 Threw 0x00000000fd1c4a10 at /build/buildd/openjdk-7-7u71-2.5.3/build/openjdk/hotspot/src/share/vm/prims/jvm.cpp:1284
Event: 123.108 Thread 0x00007f8be42d8800 Threw 0x00000000fd1c4e30 at /build/buildd/openjdk-7-7u71-2.5.3/build/openjdk/hotspot/src/share/vm/prims/jvm.cpp:1284
Event: 123.229 Thread 0x00007f8be42d8800 Threw 0x00000000fd1c5f60 at /build/buildd/openjdk-7-7u71-2.5.3/build/openjdk/hotspot/src/share/vm/prims/jvm.cpp:1284
Event: 123.306 Thread 0x00007f8be42d8800 Threw 0x00000000fd1c6380 at /build/buildd/openjdk-7-7u71-2.5.3/build/openjdk/hotspot/src/share/vm/prims/jvm.cpp:1284
Event: 124.143 Thread 0x00007f8be42d8800 Threw 0x00000000fd1e28b8 at /build/buildd/openjdk-7-7u71-2.5.3/build/openjdk/hotspot/src/share/vm/prims/jvm.cpp:1284
Event: 124.143 Thread 0x00007f8be42d8800 Threw 0x00000000fd1e2cd8 at /build/buildd/openjdk-7-7u71-2.5.3/build/openjdk/hotspot/src/share/vm/prims/jvm.cpp:1284
Event: 124.143 Thread 0x00007f8be42d8800 Threw 0x00000000fd1e3e08 at /build/buildd/openjdk-7-7u71-2.5.3/build/openjdk/hotspot/src/share/vm/prims/jvm.cpp:1284
Event: 124.143 Thread 0x00007f8be42d8800 Threw 0x00000000fd1e4228 at /build/buildd/openjdk-7-7u71-2.5.3/build/openjdk/hotspot/src/share/vm/prims/jvm.cpp:1284

Events (10 events):
Event: 122.948 loading class 0x00007f8ba0223770 done
Event: 123.160 loading class 0x00007f8ba0223770
Event: 123.190 loading class 0x00007f8ba0223770 done
Event: 124.141 loading class 0x00007f8ba00710f0
Event: 124.143 loading class 0x00007f8ba00710f0 done
Event: 124.143 loading class 0x00007f8ba00710f0
Event: 124.143 loading class 0x00007f8ba00710f0 done
Event: 127.798 loading class 0x00007f8ba02679f0
Event: 127.869 loading class 0x00007f8ba02679f0 done
Event: 128.079 Executing VM operation: ParallelGCFailedAllocation


Dynamic libraries:
00400000-00401000 r-xp 00000000 08:05 2511838                            /usr/lib/jvm/java-7-openjdk-amd64/jre/bin/java
00600000-00601000 r--p 00000000 08:05 2511838                            /usr/lib/jvm/java-7-openjdk-amd64/jre/bin/java
00601000-00602000 rw-p 00001000 08:05 2511838                            /usr/lib/jvm/java-7-openjdk-amd64/jre/bin/java
00bff000-00c20000 rw-p 00000000 00:00 0                                  [heap]
d5a00000-db080000 rw-p 00000000 00:00 0 
db080000-e0000000 rw-p 00000000 00:00 0 
e0000000-e5180000 rw-p 00000000 00:00 0 
e5180000-f5500000 rw-p 00000000 00:00 0 
f5500000-fee00000 rw-p 00000000 00:00 0 
7f8b9c000000-7f8b9c021000 rw-p 00000000 00:00 0 
7f8b9c021000-7f8ba0000000 ---p 00000000 00:00 0 
7f8ba0000000-7f8ba1aa7000 rw-p 00000000 00:00 0 
7f8ba1aa7000-7f8ba4000000 ---p 00000000 00:00 0 
7f8ba4000000-7f8ba4021000 rw-p 00000000 00:00 0 
7f8ba4021000-7f8ba8000000 ---p 00000000 00:00 0 
7f8baac9f000-7f8baadff000 rw-p 00000000 00:00 0 
7f8baadff000-7f8baae04000 r-xp 00000000 08:05 2103810                    /lib/x86_64-linux-gnu/libnss_dns-2.19.so
7f8baae04000-7f8bab003000 ---p 00005000 08:05 2103810                    /lib/x86_64-linux-gnu/libnss_dns-2.19.so
7f8bab003000-7f8bab004000 r--p 00004000 08:05 2103810                    /lib/x86_64-linux-gnu/libnss_dns-2.19.so
7f8bab004000-7f8bab005000 rw-p 00005000 08:05 2103810                    /lib/x86_64-linux-gnu/libnss_dns-2.19.so
7f8bab005000-7f8bab007000 r-xp 00000000 08:05 2104538                    /lib/x86_64-linux-gnu/libnss_mdns4_minimal.so.2
7f8bab007000-7f8bab206000 ---p 00002000 08:05 2104538                    /lib/x86_64-linux-gnu/libnss_mdns4_minimal.so.2
7f8bab206000-7f8bab207000 r--p 00001000 08:05 2104538                    /lib/x86_64-linux-gnu/libnss_mdns4_minimal.so.2
7f8bab207000-7f8bab208000 rw-p 00002000 08:05 2104538                    /lib/x86_64-linux-gnu/libnss_mdns4_minimal.so.2
7f8bab208000-7f8bab20b000 ---p 00000000 00:00 0 
7f8bab20b000-7f8bab309000 rw-p 00000000 00:00 0                          [stack:21108]
7f8bab309000-7f8bab30c000 ---p 00000000 00:00 0 
7f8bab30c000-7f8bab40a000 rw-p 00000000 00:00 0 
7f8bab40a000-7f8bab476000 r-xp 00000000 08:05 2104562                    /lib/x86_64-linux-gnu/libpcre.so.3.13.1
7f8bab476000-7f8bab675000 ---p 0006c000 08:05 2104562                    /lib/x86_64-linux-gnu/libpcre.so.3.13.1
7f8bab675000-7f8bab676000 r--p 0006b000 08:05 2104562                    /lib/x86_64-linux-gnu/libpcre.so.3.13.1
7f8bab676000-7f8bab677000 rw-p 0006c000 08:05 2104562                    /lib/x86_64-linux-gnu/libpcre.so.3.13.1
7f8bab677000-7f8bab698000 r-xp 00000000 08:05 2104589                    /lib/x86_64-linux-gnu/libselinux.so.1
7f8bab698000-7f8bab897000 ---p 00021000 08:05 2104589                    /lib/x86_64-linux-gnu/libselinux.so.1
7f8bab897000-7f8bab898000 r--p 00020000 08:05 2104589                    /lib/x86_64-linux-gnu/libselinux.so.1
7f8bab898000-7f8bab899000 rw-p 00021000 08:05 2104589                    /lib/x86_64-linux-gnu/libselinux.so.1
7f8bab899000-7f8bab89b000 rw-p 00000000 00:00 0 
7f8bab89b000-7f8bab89e000 r-xp 00000000 08:05 2490776                    /usr/lib/x86_64-linux-gnu/libgmodule-2.0.so.0.4200.1
7f8bab89e000-7f8baba9d000 ---p 00003000 08:05 2490776                    /usr/lib/x86_64-linux-gnu/libgmodule-2.0.so.0.4200.1
7f8baba9d000-7f8baba9e000 r--p 00002000 08:05 2490776                    /usr/lib/x86_64-linux-gnu/libgmodule-2.0.so.0.4200.1
7f8baba9e000-7f8baba9f000 rw-p 00003000 08:05 2490776                    /usr/lib/x86_64-linux-gnu/libgmodule-2.0.so.0.4200.1
7f8baba9f000-7f8babbab000 r-xp 00000000 08:05 2103771                    /lib/x86_64-linux-gnu/libglib-2.0.so.0.4200.1
7f8babbab000-7f8babdab000 ---p 0010c000 08:05 2103771                    /lib/x86_64-linux-gnu/libglib-2.0.so.0.4200.1
7f8babdab000-7f8babdac000 r--p 0010c000 08:05 2103771                    /lib/x86_64-linux-gnu/libglib-2.0.so.0.4200.1
7f8babdac000-7f8babdad000 rw-p 0010d000 08:05 2103771                    /lib/x86_64-linux-gnu/libglib-2.0.so.0.4200.1
7f8babdad000-7f8babdae000 rw-p 00000000 00:00 0 
7f8babdae000-7f8babdfe000 r-xp 00000000 08:05 2490755                    /usr/lib/x86_64-linux-gnu/libgobject-2.0.so.0.4200.1
7f8babdfe000-7f8babffe000 ---p 00050000 08:05 2490755                    /usr/lib/x86_64-linux-gnu/libgobject-2.0.so.0.4200.1
7f8babffe000-7f8babfff000 r--p 00050000 08:05 2490755                    /usr/lib/x86_64-linux-gnu/libgobject-2.0.so.0.4200.1
7f8babfff000-7f8bac000000 rw-p 00051000 08:05 2490755                    /usr/lib/x86_64-linux-gnu/libgobject-2.0.so.0.4200.1
7f8bac000000-7f8bac021000 rw-p 00000000 00:00 0 
7f8bac021000-7f8bb0000000 ---p 00000000 00:00 0 
7f8bb00bc000-7f8bb00bf000 ---p 00000000 00:00 0 
7f8bb00bf000-7f8bb01bd000 rw-p 00000000 00:00 0 
7f8bb01bd000-7f8bb032e000 r-xp 00000000 08:05 2490773                    /usr/lib/x86_64-linux-gnu/libgio-2.0.so.0.4200.1
7f8bb032e000-7f8bb052e000 ---p 00171000 08:05 2490773                    /usr/lib/x86_64-linux-gnu/libgio-2.0.so.0.4200.1
7f8bb052e000-7f8bb0532000 r--p 00171000 08:05 2490773                    /usr/lib/x86_64-linux-gnu/libgio-2.0.so.0.4200.1
7f8bb0532000-7f8bb0534000 rw-p 00175000 08:05 2490773                    /usr/lib/x86_64-linux-gnu/libgio-2.0.so.0.4200.1
7f8bb0534000-7f8bb0536000 rw-p 00000000 00:00 0 
7f8bb0536000-7f8bb054d000 r-xp 00000000 08:05 2511761                    /usr/lib/jvm/java-7-openjdk-amd64/jre/lib/amd64/libnet.so
7f8bb054d000-7f8bb074c000 ---p 00017000 08:05 2511761                    /usr/lib/jvm/java-7-openjdk-amd64/jre/lib/amd64/libnet.so
7f8bb074c000-7f8bb074d000 r--p 00016000 08:05 2511761                    /usr/lib/jvm/java-7-openjdk-amd64/jre/lib/amd64/libnet.so
7f8bb074d000-7f8bb074e000 rw-p 00017000 08:05 2511761                    /usr/lib/jvm/java-7-openjdk-amd64/jre/lib/amd64/libnet.so
7f8bb074e000-7f8bb075f000 r-xp 00000000 08:05 2511783                    /usr/lib/jvm/java-7-openjdk-amd64/jre/lib/amd64/libnio.so
7f8bb075f000-7f8bb095e000 ---p 00011000 08:05 2511783                    /usr/lib/jvm/java-7-openjdk-amd64/jre/lib/amd64/libnio.so
7f8bb095e000-7f8bb095f000 r--p 00010000 08:05 2511783                    /usr/lib/jvm/java-7-openjdk-amd64/jre/lib/amd64/libnio.so
7f8bb095f000-7f8bb0960000 rw-p 00011000 08:05 2511783                    /usr/lib/jvm/java-7-openjdk-amd64/jre/lib/amd64/libnio.so
7f8bb0960000-7f8bb0967000 r-xp 00000000 08:05 2503107                    /usr/lib/x86_64-linux-gnu/libffi.so.6.0.2
7f8bb0967000-7f8bb0b66000 ---p 00007000 08:05 2503107                    /usr/lib/x86_64-linux-gnu/libffi.so.6.0.2
7f8bb0b66000-7f8bb0b67000 r--p 00006000 08:05 2503107                    /usr/lib/x86_64-linux-gnu/libffi.so.6.0.2
7f8bb0b67000-7f8bb0b68000 rw-p 00007000 08:05 2503107                    /usr/lib/x86_64-linux-gnu/libffi.so.6.0.2
7f8bb0b68000-7f8bb0b7f000 r-xp 00000000 08:05 2103820                    /lib/x86_64-linux-gnu/libresolv-2.19.so
7f8bb0b7f000-7f8bb0d7f000 ---p 00017000 08:05 2103820                    /lib/x86_64-linux-gnu/libresolv-2.19.so
7f8bb0d7f000-7f8bb0d80000 r--p 00017000 08:05 2103820                    /lib/x86_64-linux-gnu/libresolv-2.19.so
7f8bb0d80000-7f8bb0d81000 rw-p 00018000 08:05 2103820                    /lib/x86_64-linux-gnu/libresolv-2.19.so
7f8bb0d81000-7f8bb0d83000 rw-p 00000000 00:00 0 
7f8bb0d83000-7f8bb0d86000 r-xp 00000000 08:05 2104498                    /lib/x86_64-linux-gnu/libkeyutils.so.1.5
7f8bb0d86000-7f8bb0f85000 ---p 00003000 08:05 2104498                    /lib/x86_64-linux-gnu/libkeyutils.so.1.5
7f8bb0f85000-7f8bb0f86000 r--p 00002000 08:05 2104498                    /lib/x86_64-linux-gnu/libkeyutils.so.1.5
7f8bb0f86000-7f8bb0f87000 rw-p 00003000 08:05 2104498                    /lib/x86_64-linux-gnu/libkeyutils.so.1.5
7f8bb0f87000-7f8bb0fac000 r-xp 00000000 08:05 2104574                    /lib/x86_64-linux-gnu/libpng12.so.0.51.0
7f8bb0fac000-7f8bb11ab000 ---p 00025000 08:05 2104574                    /lib/x86_64-linux-gnu/libpng12.so.0.51.0
7f8bb11ab000-7f8bb11ac000 r--p 00024000 08:05 2104574                    /lib/x86_64-linux-gnu/libpng12.so.0.51.0
7f8bb11ac000-7f8bb11ad000 rw-p 00025000 08:05 2104574                    /lib/x86_64-linux-gnu/libpng12.so.0.51.0
7f8bb11ad000-7f8bb11f3000 r-xp 00000000 08:05 2103488                    /lib/x86_64-linux-gnu/libdbus-1.so.3.8.7
7f8bb11f3000-7f8bb13f2000 ---p 00046000 08:05 2103488                    /lib/x86_64-linux-gnu/libdbus-1.so.3.8.7
7f8bb13f2000-7f8bb13f4000 r--p 00045000 08:05 2103488                    /lib/x86_64-linux-gnu/libdbus-1.so.3.8.7
7f8bb13f4000-7f8bb13f5000 rw-p 00047000 08:05 2103488                    /lib/x86_64-linux-gnu/libdbus-1.so.3.8.7
7f8bb13f5000-7f8bb1473000 r-xp 00000000 08:05 2503220                    /usr/lib/x86_64-linux-gnu/libgmp.so.10.2.0
7f8bb1473000-7f8bb1673000 ---p 0007e000 08:05 2503220                    /usr/lib/x86_64-linux-gnu/libgmp.so.10.2.0
7f8bb1673000-7f8bb1674000 r--p 0007e000 08:05 2503220                    /usr/lib/x86_64-linux-gnu/libgmp.so.10.2.0
7f8bb1674000-7f8bb1675000 rw-p 0007f000 08:05 2503220                    /usr/lib/x86_64-linux-gnu/libgmp.so.10.2.0
7f8bb1675000-7f8bb16a1000 r-xp 00000000 08:05 2503377                    /usr/lib/x86_64-linux-gnu/libhogweed.so.2.5
7f8bb16a1000-7f8bb18a1000 ---p 0002c000 08:05 2503377                    /usr/lib/x86_64-linux-gnu/libhogweed.so.2.5
7f8bb18a1000-7f8bb18a2000 r--p 0002c000 08:05 2503377                    /usr/lib/x86_64-linux-gnu/libhogweed.so.2.5
7f8bb18a2000-7f8bb18a3000 rw-p 0002d000 08:05 2503377                    /usr/lib/x86_64-linux-gnu/libhogweed.so.2.5
7f8bb18a3000-7f8bb18d2000 r-xp 00000000 08:05 2503514                    /usr/lib/x86_64-linux-gnu/libnettle.so.4.7
7f8bb18d2000-7f8bb1ad2000 ---p 0002f000 08:05 2503514                    /usr/lib/x86_64-linux-gnu/libnettle.so.4.7
7f8bb1ad2000-7f8bb1ad3000 r--p 0002f000 08:05 2503514                    /usr/lib/x86_64-linux-gnu/libnettle.so.4.7
7f8bb1ad3000-7f8bb1ad4000 rw-p 00030000 08:05 2503514                    /usr/lib/x86_64-linux-gnu/libnettle.so.4.7
7f8bb1ad4000-7f8bb1ae5000 r-xp 00000000 08:05 2503765                    /usr/lib/x86_64-linux-gnu/libtasn1.so.6.3.0
7f8bb1ae5000-7f8bb1ce4000 ---p 00011000 08:05 2503765                    /usr/lib/x86_64-linux-gnu/libtasn1.so.6.3.0
7f8bb1ce4000-7f8bb1ce5000 r--p 00010000 08:05 2503765                    /usr/lib/x86_64-linux-gnu/libtasn1.so.6.3.0
7f8bb1ce5000-7f8bb1ce6000 rw-p 00011000 08:05 2503765                    /usr/lib/x86_64-linux-gnu/libtasn1.so.6.3.0
7f8bb1ce6000-7f8bb1d21000 r-xp 00000000 08:05 2503564                    /usr/lib/x86_64-linux-gnu/libp11-kit.so.0.0.0
7f8bb1d21000-7f8bb1f20000 ---p 0003b000 08:05 2503564                    /usr/lib/x86_64-linux-gnu/libp11-kit.so.0.0.0
7f8bb1f20000-7f8bb1f26000 r--p 0003a000 08:05 2503564                    /usr/lib/x86_64-linux-gnu/libp11-kit.so.0.0.0
7f8bb1f26000-7f8bb1f28000 rw-p 00040000 08:05 2503564                    /usr/lib/x86_64-linux-gnu/libp11-kit.so.0.0.0
7f8bb1f28000-7f8bb1f32000 r-xp 00000000 08:05 2503442                    /usr/lib/x86_64-linux-gnu/libkrb5support.so.0.1
7f8bb1f32000-7f8bb2131000 ---p 0000a000 08:05 2503442                    /usr/lib/x86_64-linux-gnu/libkrb5support.so.0.1
7f8bb2131000-7f8bb2132000 r--p 00009000 08:05 2503442                    /usr/lib/x86_64-linux-gnu/libkrb5support.so.0.1
7f8bb2132000-7f8bb2133000 rw-p 0000a000 08:05 2503442                    /usr/lib/x86_64-linux-gnu/libkrb5support.so.0.1
7f8bb2133000-7f8bb2136000 r-xp 00000000 08:05 2104462                    /lib/x86_64-linux-gnu/libcom_err.so.2.1
7f8bb2136000-7f8bb2335000 ---p 00003000 08:05 2104462                    /lib/x86_64-linux-gnu/libcom_err.so.2.1
7f8bb2335000-7f8bb2336000 r--p 00002000 08:05 2104462                    /lib/x86_64-linux-gnu/libcom_err.so.2.1
7f8bb2336000-7f8bb2337000 rw-p 00003000 08:05 2104462                    /lib/x86_64-linux-gnu/libcom_err.so.2.1
7f8bb2337000-7f8bb2364000 r-xp 00000000 08:05 2503436                    /usr/lib/x86_64-linux-gnu/libk5crypto.so.3.1
7f8bb2364000-7f8bb2563000 ---p 0002d000 08:05 2503436                    /usr/lib/x86_64-linux-gnu/libk5crypto.so.3.1
7f8bb2563000-7f8bb2565000 r--p 0002c000 08:05 2503436                    /usr/lib/x86_64-linux-gnu/libk5crypto.so.3.1
7f8bb2565000-7f8bb2566000 rw-p 0002e000 08:05 2503436                    /usr/lib/x86_64-linux-gnu/libk5crypto.so.3.1
7f8bb2566000-7f8bb2567000 rw-p 00000000 00:00 0 
7f8bb2567000-7f8bb2627000 r-xp 00000000 08:05 2503440                    /usr/lib/x86_64-linux-gnu/libkrb5.so.3.3
7f8bb2627000-7f8bb2827000 ---p 000c0000 08:05 2503440                    /usr/lib/x86_64-linux-gnu/libkrb5.so.3.3
7f8bb2827000-7f8bb2834000 r--p 000c0000 08:05 2503440                    /usr/lib/x86_64-linux-gnu/libkrb5.so.3.3
7f8bb2834000-7f8bb2836000 rw-p 000cd000 08:05 2503440                    /usr/lib/x86_64-linux-gnu/libkrb5.so.3.3
7f8bb2836000-7f8bb285c000 r-xp 00000000 08:05 2104475                    /lib/x86_64-linux-gnu/libexpat.so.1.6.0
7f8bb285c000-7f8bb2a5b000 ---p 00026000 08:05 2104475                    /lib/x86_64-linux-gnu/libexpat.so.1.6.0
7f8bb2a5b000-7f8bb2a5e000 r--p 00025000 08:05 2104475                    /lib/x86_64-linux-gnu/libexpat.so.1.6.0
7f8bb2a5e000-7f8bb2a5f000 rw-p 00028000 08:05 2104475                    /lib/x86_64-linux-gnu/libexpat.so.1.6.0
7f8bb2a5f000-7f8bb2b01000 r-xp 00000000 08:05 2503149                    /usr/lib/x86_64-linux-gnu/libfreetype.so.6.11.1
7f8bb2b01000-7f8bb2d00000 ---p 000a2000 08:05 2503149                    /usr/lib/x86_64-linux-gnu/libfreetype.so.6.11.1
7f8bb2d00000-7f8bb2d06000 r--p 000a1000 08:05 2503149                    /usr/lib/x86_64-linux-gnu/libfreetype.so.6.11.1
7f8bb2d06000-7f8bb2d07000 rw-p 000a7000 08:05 2503149                    /usr/lib/x86_64-linux-gnu/libfreetype.so.6.11.1
7f8bb2d07000-7f8bb2d17000 r-xp 00000000 08:05 2502911                    /usr/lib/x86_64-linux-gnu/libavahi-client.so.3.2.9
7f8bb2d17000-7f8bb2f16000 ---p 00010000 08:05 2502911                    /usr/lib/x86_64-linux-gnu/libavahi-client.so.3.2.9
7f8bb2f16000-7f8bb2f17000 r--p 0000f000 08:05 2502911                    /usr/lib/x86_64-linux-gnu/libavahi-client.so.3.2.9
7f8bb2f17000-7f8bb2f18000 rw-p 00010000 08:05 2502911                    /usr/lib/x86_64-linux-gnu/libavahi-client.so.3.2.9
7f8bb2f18000-7f8bb2f23000 r-xp 00000000 08:05 2502913                    /usr/lib/x86_64-linux-gnu/libavahi-common.so.3.5.3
7f8bb2f23000-7f8bb3122000 ---p 0000b000 08:05 2502913                    /usr/lib/x86_64-linux-gnu/libavahi-common.so.3.5.3
7f8bb3122000-7f8bb3123000 r--p 0000a000 08:05 2502913                    /usr/lib/x86_64-linux-gnu/libavahi-common.so.3.5.3
7f8bb3123000-7f8bb3124000 rw-p 0000b000 08:05 2502913                    /usr/lib/x86_64-linux-gnu/libavahi-common.so.3.5.3
7f8bb3124000-7f8bb3223000 r-xp 00000000 08:05 2497998                    /usr/lib/x86_64-linux-gnu/libgnutls-deb0.so.28.30.7
7f8bb3223000-7f8bb3422000 ---p 000ff000 08:05 2497998                    /usr/lib/x86_64-linux-gnu/libgnutls-deb0.so.28.30.7
7f8bb3422000-7f8bb342b000 r--p 000fe000 08:05 2497998                    /usr/lib/x86_64-linux-gnu/libgnutls-deb0.so.28.30.7
7f8bb342b000-7f8bb342d000 rw-p 00107000 08:05 2497998                    /usr/lib/x86_64-linux-gnu/libgnutls-deb0.so.28.30.7
7f8bb342d000-7f8bb3472000 r-xp 00000000 08:05 2503265                    /usr/lib/x86_64-linux-gnu/libgssapi_krb5.so.2.2
7f8bb3472000-7f8bb3671000 ---p 00045000 08:05 2503265                    /usr/lib/x86_64-linux-gnu/libgssapi_krb5.so.2.2
7f8bb3671000-7f8bb3673000 r--p 00044000 08:05 2503265                    /usr/lib/x86_64-linux-gnu/libgssapi_krb5.so.2.2
7f8bb3673000-7f8bb3674000 rw-p 00046000 08:05 2503265                    /usr/lib/x86_64-linux-gnu/libgssapi_krb5.so.2.2
7f8bb3674000-7f8bb3675000 rw-p 00000000 00:00 0 
7f8bb3675000-7f8bb36b0000 r-xp 00000000 08:05 2503121                    /usr/lib/x86_64-linux-gnu/libfontconfig.so.1.8.0
7f8bb36b0000-7f8bb38af000 ---p 0003b000 08:05 2503121                    /usr/lib/x86_64-linux-gnu/libfontconfig.so.1.8.0
7f8bb38af000-7f8bb38b1000 r--p 0003a000 08:05 2503121                    /usr/lib/x86_64-linux-gnu/libfontconfig.so.1.8.0
7f8bb38b1000-7f8bb38b2000 rw-p 0003c000 08:05 2503121                    /usr/lib/x86_64-linux-gnu/libfontconfig.so.1.8.0
7f8bb38b2000-7f8bb391f000 r-xp 00000000 08:05 2503010                    /usr/lib/x86_64-linux-gnu/libcups.so.2
7f8bb391f000-7f8bb3b1f000 ---p 0006d000 08:05 2503010                    /usr/lib/x86_64-linux-gnu/libcups.so.2
7f8bb3b1f000-7f8bb3b26000 r--p 0006d000 08:05 2503010                    /usr/lib/x86_64-linux-gnu/libcups.so.2
7f8bb3b26000-7f8bb3b27000 rw-p 00074000 08:05 2503010                    /usr/lib/x86_64-linux-gnu/libcups.so.2
7f8bb3b27000-7f8bb3b2e000 r-xp 00000000 08:05 2511776                    /usr/lib/jvm/java-7-openjdk-amd64/jre/lib/amd64/headless/libmawt.so
7f8bb3b2e000-7f8bb3d2d000 ---p 00007000 08:05 2511776                    /usr/lib/jvm/java-7-openjdk-amd64/jre/lib/amd64/headless/libmawt.so
7f8bb3d2d000-7f8bb3d2e000 r--p 00006000 08:05 2511776                    /usr/lib/jvm/java-7-openjdk-amd64/jre/lib/amd64/headless/libmawt.so
7f8bb3d2e000-7f8bb3d2f000 rw-p 00007000 08:05 2511776                    /usr/lib/jvm/java-7-openjdk-amd64/jre/lib/amd64/headless/libmawt.so
7f8bb3d2f000-7f8bb3dcf000 r-xp 00000000 08:05 2511790                    /usr/lib/jvm/java-7-openjdk-amd64/jre/lib/amd64/libawt.so
7f8bb3dcf000-7f8bb3fcf000 ---p 000a0000 08:05 2511790                    /usr/lib/jvm/java-7-openjdk-amd64/jre/lib/amd64/libawt.so
7f8bb3fcf000-7f8bb3fd0000 r--p 000a0000 08:05 2511790                    /usr/lib/jvm/java-7-openjdk-amd64/jre/lib/amd64/libawt.so
7f8bb3fd0000-7f8bb3fdb000 rw-p 000a1000 08:05 2511790                    /usr/lib/jvm/java-7-openjdk-amd64/jre/lib/amd64/libawt.so
7f8bb3fdb000-7f8bb4000000 rw-p 00000000 00:00 0 
7f8bb4000000-7f8bb4dd8000 rw-p 00000000 00:00 0 
7f8bb4dd8000-7f8bb8000000 ---p 00000000 00:00 0 
7f8bb8000000-7f8bb8021000 rw-p 00000000 00:00 0 
7f8bb8021000-7f8bbc000000 ---p 00000000 00:00 0 
7f8bbc000000-7f8bbc021000 rw-p 00000000 00:00 0 
7f8bbc021000-7f8bc0000000 ---p 00000000 00:00 0 
7f8bc0000000-7f8bc0aa3000 rw-p 00000000 00:00 0 
7f8bc0aa3000-7f8bc4000000 ---p 00000000 00:00 0 
7f8bc4000000-7f8bc4021000 rw-p 00000000 00:00 0 
7f8bc4021000-7f8bc8000000 ---p 00000000 00:00 0 
7f8bc8000000-7f8bc8021000 rw-p 00000000 00:00 0 
7f8bc8021000-7f8bcc000000 ---p 00000000 00:00 0 
7f8bcc000000-7f8bcc021000 rw-p 00000000 00:00 0 
7f8bcc021000-7f8bd0000000 ---p 00000000 00:00 0 
7f8bd0000000-7f8bd00df000 rw-p 00000000 00:00 0 
7f8bd00df000-7f8bd4000000 ---p 00000000 00:00 0 
7f8bd4000000-7f8bd4021000 rw-p 00000000 00:00 0 
7f8bd4021000-7f8bd8000000 ---p 00000000 00:00 0 
7f8bd8000000-7f8bd8021000 rw-p 00000000 00:00 0 
7f8bd8021000-7f8bdc000000 ---p 00000000 00:00 0 
7f8bdc000000-7f8bdc021000 rw-p 00000000 00:00 0 
7f8bdc021000-7f8be0000000 ---p 00000000 00:00 0 
7f8be0015000-7f8be0016000 ---p 00000000 00:00 0 
7f8be0016000-7f8be0116000 rw-p 00000000 00:00 0                          [stack:21038]
7f8be0116000-7f8be0119000 ---p 00000000 00:00 0 
7f8be0119000-7f8be0217000 rw-p 00000000 00:00 0                          [stack:21028]
7f8be0217000-7f8be021a000 ---p 00000000 00:00 0 
7f8be021a000-7f8be0318000 rw-p 00000000 00:00 0                          [stack:21026]
7f8be0318000-7f8be031b000 ---p 00000000 00:00 0 
7f8be031b000-7f8be0419000 rw-p 00000000 00:00 0                          [stack:21021]
7f8be0419000-7f8be041c000 ---p 00000000 00:00 0 
7f8be041c000-7f8be051a000 rw-p 00000000 00:00 0                          [stack:20998]
7f8be051a000-7f8be0bfc000 r--p 00000000 08:05 2499634                    /usr/lib/locale/locale-archive
7f8be0bfc000-7f8be0bff000 ---p 00000000 00:00 0 
7f8be0bff000-7f8be0cfd000 rw-p 00000000 00:00 0                          [stack:20936]
7f8be0cfd000-7f8be0d00000 ---p 00000000 00:00 0 
7f8be0d00000-7f8be0dfe000 rw-p 00000000 00:00 0                          [stack:20916]
7f8be0dfe000-7f8be0dff000 ---p 00000000 00:00 0 
7f8be0dff000-7f8be1000000 rw-p 00000000 00:00 0                          [stack:20905]
7f8be1000000-7f8be1270000 rwxp 00000000 00:00 0 
7f8be1270000-7f8be42e8000 rw-p 00000000 00:00 0 
7f8be42e8000-7f8be8000000 ---p 00000000 00:00 0 
7f8be8003000-7f8be8034000 rw-p 00000000 00:00 0 
7f8be8052000-7f8be8053000 rw-p 00000000 00:00 0 
7f8be8053000-7f8be8057000 r--s 00023000 00:26 1447793                    /home/oliver/projects/robocode/libs/robocode.ui.editor-1.9.2.4.jar
7f8be8057000-7f8be805f000 r--s 0014d000 00:26 1447794                    /home/oliver/projects/robocode/libs/robocode.ui-1.9.2.4.jar
7f8be805f000-7f8be8061000 r--s 00014000 00:26 1447791                    /home/oliver/projects/robocode/libs/robocode.host-1.9.2.4.jar
7f8be8061000-7f8be8063000 r--s 0000d000 00:26 1447792                    /home/oliver/projects/robocode/libs/robocode.repository-1.9.2.4.jar
7f8be8063000-7f8be8064000 r--s 00021000 00:26 1447795                    /home/oliver/projects/robocode/libs/robocode.sound-1.9.2.4.jar
7f8be8064000-7f8be8068000 r--s 00027000 00:26 1447790                    /home/oliver/projects/robocode/libs/robocode.battle-1.9.2.4.jar
7f8be8068000-7f8be8072000 r--s 00203000 08:05 2511797                    /usr/lib/jvm/java-7-openjdk-amd64/jre/lib/charsets.jar
7f8be8072000-7f8be807a000 r--s 00048000 00:26 1447788                    /home/oliver/projects/robocode/libs/picocontainer-2.14.2.jar
7f8be807a000-7f8be8082000 r--s 00059000 00:26 1447789                    /home/oliver/projects/robocode/libs/codesize-1.1.jar
7f8be8082000-7f8be8f7e000 rw-p 00000000 00:00 0 
7f8be8f7e000-7f8be912f000 r--s 01d25000 08:05 2511823                    /usr/lib/jvm/java-7-openjdk-amd64/jre/lib/rt.jar
7f8be912f000-7f8bea8ab000 rw-p 00000000 00:00 0 
7f8bea8ab000-7f8bea8ac000 ---p 00000000 00:00 0 
7f8bea8ac000-7f8bea9ac000 rw-p 00000000 00:00 0                          [stack:20878]
7f8bea9ac000-7f8bea9ad000 ---p 00000000 00:00 0 
7f8bea9ad000-7f8beaaad000 rw-p 00000000 00:00 0                          [stack:20875]
7f8beaaad000-7f8beaaae000 ---p 00000000 00:00 0 
7f8beaaae000-7f8beabae000 rw-p 00000000 00:00 0                          [stack:20866]
7f8beabae000-7f8beabaf000 ---p 00000000 00:00 0 
7f8beabaf000-7f8beacdb000 rw-p 00000000 00:00 0                          [stack:20819]
7f8beacdb000-7f8bead02000 rw-p 00000000 00:00 0 
7f8bead02000-7f8bead2b000 rw-p 00000000 00:00 0 
7f8bead2b000-7f8beadad000 rw-p 00000000 00:00 0 
7f8beadad000-7f8beadd9000 rw-p 00000000 00:00 0 
7f8beadd9000-7f8beae00000 rw-p 00000000 00:00 0 
7f8beae00000-7f8beae29000 rw-p 00000000 00:00 0 
7f8beae29000-7f8beaeaa000 rw-p 00000000 00:00 0 
7f8beaeaa000-7f8beaef7000 rw-p 00000000 00:00 0 
7f8beaef7000-7f8beaf00000 ---p 00000000 00:00 0 
7f8beaf00000-7f8beaf01000 rw-p 00000000 00:00 0 
7f8beaf01000-7f8beaf09000 r-xp 00000000 08:05 2511755                    /usr/lib/jvm/java-7-openjdk-amd64/jre/lib/amd64/libzip.so
7f8beaf09000-7f8beb108000 ---p 00008000 08:05 2511755                    /usr/lib/jvm/java-7-openjdk-amd64/jre/lib/amd64/libzip.so
7f8beb108000-7f8beb109000 r--p 00007000 08:05 2511755                    /usr/lib/jvm/java-7-openjdk-amd64/jre/lib/amd64/libzip.so
7f8beb109000-7f8beb10a000 rw-p 00008000 08:05 2511755                    /usr/lib/jvm/java-7-openjdk-amd64/jre/lib/amd64/libzip.so
7f8beb10a000-7f8beb115000 r-xp 00000000 08:05 2103824                    /lib/x86_64-linux-gnu/libnss_files-2.19.so
7f8beb115000-7f8beb314000 ---p 0000b000 08:05 2103824                    /lib/x86_64-linux-gnu/libnss_files-2.19.so
7f8beb314000-7f8beb315000 r--p 0000a000 08:05 2103824                    /lib/x86_64-linux-gnu/libnss_files-2.19.so
7f8beb315000-7f8beb316000 rw-p 0000b000 08:05 2103824                    /lib/x86_64-linux-gnu/libnss_files-2.19.so
7f8beb316000-7f8beb321000 r-xp 00000000 08:05 2103816                    /lib/x86_64-linux-gnu/libnss_nis-2.19.so
7f8beb321000-7f8beb520000 ---p 0000b000 08:05 2103816                    /lib/x86_64-linux-gnu/libnss_nis-2.19.so
7f8beb520000-7f8beb521000 r--p 0000a000 08:05 2103816                    /lib/x86_64-linux-gnu/libnss_nis-2.19.so
7f8beb521000-7f8beb522000 rw-p 0000b000 08:05 2103816                    /lib/x86_64-linux-gnu/libnss_nis-2.19.so
7f8beb522000-7f8beb539000 r-xp 00000000 08:05 2103807                    /lib/x86_64-linux-gnu/libnsl-2.19.so
7f8beb539000-7f8beb738000 ---p 00017000 08:05 2103807                    /lib/x86_64-linux-gnu/libnsl-2.19.so
7f8beb738000-7f8beb739000 r--p 00016000 08:05 2103807                    /lib/x86_64-linux-gnu/libnsl-2.19.so
7f8beb739000-7f8beb73a000 rw-p 00017000 08:05 2103807                    /lib/x86_64-linux-gnu/libnsl-2.19.so
7f8beb73a000-7f8beb73c000 rw-p 00000000 00:00 0 
7f8beb73c000-7f8beb745000 r-xp 00000000 08:05 2103812                    /lib/x86_64-linux-gnu/libnss_compat-2.19.so
7f8beb745000-7f8beb944000 ---p 00009000 08:05 2103812                    /lib/x86_64-linux-gnu/libnss_compat-2.19.so
7f8beb944000-7f8beb945000 r--p 00008000 08:05 2103812                    /lib/x86_64-linux-gnu/libnss_compat-2.19.so
7f8beb945000-7f8beb946000 rw-p 00009000 08:05 2103812                    /lib/x86_64-linux-gnu/libnss_compat-2.19.so
7f8beb946000-7f8beb973000 r-xp 00000000 08:05 2511752                    /usr/lib/jvm/java-7-openjdk-amd64/jre/lib/amd64/libjava.so
7f8beb973000-7f8bebb72000 ---p 0002d000 08:05 2511752                    /usr/lib/jvm/java-7-openjdk-amd64/jre/lib/amd64/libjava.so
7f8bebb72000-7f8bebb73000 r--p 0002c000 08:05 2511752                    /usr/lib/jvm/java-7-openjdk-amd64/jre/lib/amd64/libjava.so
7f8bebb73000-7f8bebb75000 rw-p 0002d000 08:05 2511752                    /usr/lib/jvm/java-7-openjdk-amd64/jre/lib/amd64/libjava.so
7f8bebb75000-7f8bebb86000 r-xp 00000000 08:05 2511767                    /usr/lib/jvm/java-7-openjdk-amd64/jre/lib/amd64/libverify.so
7f8bebb86000-7f8bebd85000 ---p 00011000 08:05 2511767                    /usr/lib/jvm/java-7-openjdk-amd64/jre/lib/amd64/libverify.so
7f8bebd85000-7f8bebd87000 r--p 00010000 08:05 2511767                    /usr/lib/jvm/java-7-openjdk-amd64/jre/lib/amd64/libverify.so
7f8bebd87000-7f8bebd88000 rw-p 00012000 08:05 2511767                    /usr/lib/jvm/java-7-openjdk-amd64/jre/lib/amd64/libverify.so
7f8bebd88000-7f8bebd8f000 r-xp 00000000 08:05 2103815                    /lib/x86_64-linux-gnu/librt-2.19.so
7f8bebd8f000-7f8bebf8e000 ---p 00007000 08:05 2103815                    /lib/x86_64-linux-gnu/librt-2.19.so
7f8bebf8e000-7f8bebf8f000 r--p 00006000 08:05 2103815                    /lib/x86_64-linux-gnu/librt-2.19.so
7f8bebf8f000-7f8bebf90000 rw-p 00007000 08:05 2103815                    /lib/x86_64-linux-gnu/librt-2.19.so
7f8bebf90000-7f8bebfa6000 r-xp 00000000 08:05 2104480                    /lib/x86_64-linux-gnu/libgcc_s.so.1
7f8bebfa6000-7f8bec1a5000 ---p 00016000 08:05 2104480                    /lib/x86_64-linux-gnu/libgcc_s.so.1
7f8bec1a5000-7f8bec1a6000 r--p 00015000 08:05 2104480                    /lib/x86_64-linux-gnu/libgcc_s.so.1
7f8bec1a6000-7f8bec1a7000 rw-p 00016000 08:05 2104480                    /lib/x86_64-linux-gnu/libgcc_s.so.1
7f8bec1a7000-7f8bec2ac000 r-xp 00000000 08:05 2103817                    /lib/x86_64-linux-gnu/libm-2.19.so
7f8bec2ac000-7f8bec4ab000 ---p 00105000 08:05 2103817                    /lib/x86_64-linux-gnu/libm-2.19.so
7f8bec4ab000-7f8bec4ac000 r--p 00104000 08:05 2103817                    /lib/x86_64-linux-gnu/libm-2.19.so
7f8bec4ac000-7f8bec4ad000 rw-p 00105000 08:05 2103817                    /lib/x86_64-linux-gnu/libm-2.19.so
7f8bec4ad000-7f8bec59d000 r-xp 00000000 08:05 2503759                    /usr/lib/x86_64-linux-gnu/libstdc++.so.6.0.20
7f8bec59d000-7f8bec79d000 ---p 000f0000 08:05 2503759                    /usr/lib/x86_64-linux-gnu/libstdc++.so.6.0.20
7f8bec79d000-7f8bec7a5000 r--p 000f0000 08:05 2503759                    /usr/lib/x86_64-linux-gnu/libstdc++.so.6.0.20
7f8bec7a5000-7f8bec7a7000 rw-p 000f8000 08:05 2503759                    /usr/lib/x86_64-linux-gnu/libstdc++.so.6.0.20
7f8bec7a7000-7f8bec7bc000 rw-p 00000000 00:00 0 
7f8bec7bc000-7f8bed309000 r-xp 00000000 08:05 2511781                    /usr/lib/jvm/java-7-openjdk-amd64/jre/lib/amd64/server/libjvm.so
7f8bed309000-7f8bed509000 ---p 00b4d000 08:05 2511781                    /usr/lib/jvm/java-7-openjdk-amd64/jre/lib/amd64/server/libjvm.so
7f8bed509000-7f8bed5a8000 r--p 00b4d000 08:05 2511781                    /usr/lib/jvm/java-7-openjdk-amd64/jre/lib/amd64/server/libjvm.so
7f8bed5a8000-7f8bed5cb000 rw-p 00bec000 08:05 2511781                    /usr/lib/jvm/java-7-openjdk-amd64/jre/lib/amd64/server/libjvm.so
7f8bed5cb000-7f8bed5f8000 rw-p 00000000 00:00 0 
7f8bed5f8000-7f8bed610000 r-xp 00000000 08:05 2104624                    /lib/x86_64-linux-gnu/libz.so.1.2.8
7f8bed610000-7f8bed80f000 ---p 00018000 08:05 2104624                    /lib/x86_64-linux-gnu/libz.so.1.2.8
7f8bed80f000-7f8bed810000 r--p 00017000 08:05 2104624                    /lib/x86_64-linux-gnu/libz.so.1.2.8
7f8bed810000-7f8bed811000 rw-p 00018000 08:05 2104624                    /lib/x86_64-linux-gnu/libz.so.1.2.8
7f8bed811000-7f8bed829000 r-xp 00000000 08:05 2103813                    /lib/x86_64-linux-gnu/libpthread-2.19.so
7f8bed829000-7f8beda29000 ---p 00018000 08:05 2103813                    /lib/x86_64-linux-gnu/libpthread-2.19.so
7f8beda29000-7f8beda2a000 r--p 00018000 08:05 2103813                    /lib/x86_64-linux-gnu/libpthread-2.19.so
7f8beda2a000-7f8beda2b000 rw-p 00019000 08:05 2103813                    /lib/x86_64-linux-gnu/libpthread-2.19.so
7f8beda2b000-7f8beda2f000 rw-p 00000000 00:00 0 
7f8beda2f000-7f8beda32000 r-xp 00000000 08:05 2103923                    /lib/x86_64-linux-gnu/libdl-2.19.so
7f8beda32000-7f8bedc31000 ---p 00003000 08:05 2103923                    /lib/x86_64-linux-gnu/libdl-2.19.so
7f8bedc31000-7f8bedc32000 r--p 00002000 08:05 2103923                    /lib/x86_64-linux-gnu/libdl-2.19.so
7f8bedc32000-7f8bedc33000 rw-p 00003000 08:05 2103923                    /lib/x86_64-linux-gnu/libdl-2.19.so
7f8bedc33000-7f8bedded000 r-xp 00000000 08:05 2103806                    /lib/x86_64-linux-gnu/libc-2.19.so
7f8bedded000-7f8bedfed000 ---p 001ba000 08:05 2103806                    /lib/x86_64-linux-gnu/libc-2.19.so
7f8bedfed000-7f8bedff1000 r--p 001ba000 08:05 2103806                    /lib/x86_64-linux-gnu/libc-2.19.so
7f8bedff1000-7f8bedff3000 rw-p 001be000 08:05 2103806                    /lib/x86_64-linux-gnu/libc-2.19.so
7f8bedff3000-7f8bedff8000 rw-p 00000000 00:00 0 
7f8bedff8000-7f8bee005000 r-xp 00000000 08:05 2511787                    /usr/lib/jvm/java-7-openjdk-amd64/jre/lib/amd64/jli/libjli.so
7f8bee005000-7f8bee204000 ---p 0000d000 08:05 2511787                    /usr/lib/jvm/java-7-openjdk-amd64/jre/lib/amd64/jli/libjli.so
7f8bee204000-7f8bee205000 r--p 0000c000 08:05 2511787                    /usr/lib/jvm/java-7-openjdk-amd64/jre/lib/amd64/jli/libjli.so
7f8bee205000-7f8bee206000 rw-p 0000d000 08:05 2511787                    /usr/lib/jvm/java-7-openjdk-amd64/jre/lib/amd64/jli/libjli.so
7f8bee206000-7f8bee229000 r-xp 00000000 08:05 2103819                    /lib/x86_64-linux-gnu/ld-2.19.so
7f8bee229000-7f8bee22a000 r--p 00000000 08:05 143970                     /usr/share/locale-langpack/en_GB/LC_MESSAGES/libc.mo
7f8bee22a000-7f8bee22e000 r--s 0002e000 00:26 1447787                    /home/oliver/projects/robocode/libs/robocode.core-1.9.2.4.jar
7f8bee22e000-7f8bee234000 r--s 00026000 00:26 1447785                    /home/oliver/projects/robocode/libs/robocode.jar
7f8bee234000-7f8bee236000 r--s 00012000 08:05 2511800                    /usr/lib/jvm/java-7-openjdk-amd64/jre/lib/ext/zipfs.jar
7f8bee236000-7f8bee23a000 r--s 00085000 08:05 2511799                    /usr/lib/jvm/java-7-openjdk-amd64/jre/lib/ext/localedata.jar
7f8bee23a000-7f8bee23e000 r--s 00034000 08:05 2511801                    /usr/lib/jvm/java-7-openjdk-amd64/jre/lib/ext/sunjce_provider.jar
7f8bee23e000-7f8bee241000 r--s 0000f000 08:05 2511803                    /usr/lib/jvm/java-7-openjdk-amd64/jre/lib/ext/icedtea-sound.jar
7f8bee241000-7f8bee24b000 rw-p 00000000 00:00 0 
7f8bee24b000-7f8bee301000 rw-p 00000000 00:00 0 
7f8bee301000-7f8bee304000 ---p 00000000 00:00 0 
7f8bee304000-7f8bee407000 rw-p 00000000 00:00 0                          [stack:20783]
7f8bee407000-7f8bee40b000 r--s 0003c000 08:05 2511804                    /usr/lib/jvm/java-7-openjdk-amd64/jre/lib/ext/sunpkcs11.jar
7f8bee40b000-7f8bee40c000 r--s 00002000 08:05 2511802                    /usr/lib/jvm/java-7-openjdk-amd64/jre/lib/ext/dnsns.jar
7f8bee40c000-7f8bee40e000 r--s 00006000 08:05 2900065                    /usr/share/java/java-atk-wrapper.jar
7f8bee40e000-7f8bee41c000 rw-p 00000000 00:00 0 
7f8bee41c000-7f8bee424000 rw-s 00000000 08:05 2373465                    /tmp/hsperfdata_oliver/20771
7f8bee424000-7f8bee425000 rw-p 00000000 00:00 0 
7f8bee425000-7f8bee426000 ---p 00000000 00:00 0 
7f8bee426000-7f8bee428000 rw-p 00000000 00:00 0 
7f8bee428000-7f8bee429000 r--p 00022000 08:05 2103819                    /lib/x86_64-linux-gnu/ld-2.19.so
7f8bee429000-7f8bee42a000 rw-p 00023000 08:05 2103819                    /lib/x86_64-linux-gnu/ld-2.19.so
7f8bee42a000-7f8bee42b000 rw-p 00000000 00:00 0 
7fff26d4d000-7fff26d6e000 rw-p 00000000 00:00 0                          [stack]
7fff26dfc000-7fff26dfe000 r-xp 00000000 00:00 0                          [vdso]
7fff26dfe000-7fff26e00000 r--p 00000000 00:00 0                          [vvar]
ffffffffff600000-ffffffffff601000 r-xp 00000000 00:00 0                  [vsyscall]

VM Arguments:
jvm_args: -Djava.awt.headless=true -DROBOTPATH=/home/oliver/projects/robocode/robots/ -Xmx512M -Dsun.io.useCanonCaches=false 
java_command: robocode.Robocode -battle /tmp/tmpM8Bk6K.battle -nodisplay -nosound -results /tmp/tmpQEYb_l
Launcher Type: SUN_STANDARD

Environment Variables:
PATH=/usr/local/sbin:/usr/local/bin:/usr/sbin:/usr/bin:/sbin:/bin:/usr/games:/usr/local/games:/home/oliver/go/bin:/home/oliver/projects/evco/wallace/bin:/home/oliver/.rvm/bin:/home/oliver/.rvm/bin
SHELL=/bin/bash
DISPLAY=:0

Signal Handlers:
SIGSEGV: [libjvm.so+0x981590], sa_mask[0]=0x7ffbfeff, sa_flags=0x10000004
SIGBUS: [libjvm.so+0x981590], sa_mask[0]=0x7ffbfeff, sa_flags=0x10000004
SIGFPE: [libjvm.so+0x7efd60], sa_mask[0]=0x7ffbfeff, sa_flags=0x10000004
SIGPIPE: [libjvm.so+0x7efd60], sa_mask[0]=0x7ffbfeff, sa_flags=0x10000004
SIGXFSZ: [libjvm.so+0x7efd60], sa_mask[0]=0x7ffbfeff, sa_flags=0x10000004
SIGILL: [libjvm.so+0x7efd60], sa_mask[0]=0x7ffbfeff, sa_flags=0x10000004
SIGUSR1: SIG_DFL, sa_mask[0]=0x00000000, sa_flags=0x00000000
SIGUSR2: [libjvm.so+0x7efbe0], sa_mask[0]=0x00000000, sa_flags=0x10000004
SIGHUP: [libjvm.so+0x7efde0], sa_mask[0]=0x7ffbfeff, sa_flags=0x10000004
SIGINT: [libjvm.so+0x7efde0], sa_mask[0]=0x7ffbfeff, sa_flags=0x10000004
SIGTERM: [libjvm.so+0x7efde0], sa_mask[0]=0x7ffbfeff, sa_flags=0x10000004
SIGQUIT: [libjvm.so+0x7efde0], sa_mask[0]=0x7ffbfeff, sa_flags=0x10000004
SIGTRAP: SIG_DFL, sa_mask[0]=0x00000000, sa_flags=0x00000000


---------------  S Y S T E M  ---------------

OS:Ubuntu 14.10 (utopic)
uname:Linux 3.16.0-28-generic #38-Ubuntu SMP Fri Dec 12 17:37:40 UTC 2014 x86_64
libc:glibc 2.19 NPTL 2.19 
rlimit: STACK 8192k, CORE 0k, NPROC 31299, NOFILE 4096, AS infinity
load average:44.78 33.32 44.87

/proc/meminfo:
MemTotal:        8042924 kB
MemFree:          110112 kB
MemAvailable:      40936 kB
Buffers:             100 kB
Cached:            50020 kB
SwapCached:            0 kB
Active:          7626448 kB
Inactive:          46668 kB
Active(anon):    7625644 kB
Inactive(anon):    44732 kB
Active(file):        804 kB
Inactive(file):     1936 kB
Unevictable:          32 kB
Mlocked:              32 kB
SwapTotal:             0 kB
SwapFree:              0 kB
Dirty:                 0 kB
Writeback:             0 kB
AnonPages:       7624464 kB
Mapped:            74800 kB
Shmem:             45944 kB
Slab:              69912 kB
SReclaimable:      27832 kB
SUnreclaim:        42080 kB
KernelStack:       12208 kB
PageTables:        52808 kB
NFS_Unstable:          0 kB
Bounce:                0 kB
WritebackTmp:          0 kB
CommitLimit:     4021460 kB
Committed_AS:   13963340 kB
VmallocTotal:   34359738367 kB
VmallocUsed:      393032 kB
VmallocChunk:   34359331836 kB
HardwareCorrupted:     0 kB
AnonHugePages:   4866048 kB
HugePages_Total:       0
HugePages_Free:        0
HugePages_Rsvd:        0
HugePages_Surp:        0
Hugepagesize:       2048 kB
DirectMap4k:      218828 kB
DirectMap2M:     8036352 kB
DirectMap1G:           0 kB


CPU:total 4 (4 cores per cpu, 1 threads per core) family 6 model 60 stepping 3, cmov, cx8, fxsr, mmx, sse, sse2, sse3, ssse3, sse4.1, sse4.2, popcnt, avx, avx2, aes, erms, tsc, tscinvbit

/proc/cpuinfo:
processor	: 0
vendor_id	: GenuineIntel
cpu family	: 6
model		: 60
model name	: Intel(R) Core(TM) i5-4690K CPU @ 3.50GHz
stepping	: 3
microcode	: 0x17
cpu MHz		: 3699.882
cache size	: 6144 KB
physical id	: 0
siblings	: 4
core id		: 0
cpu cores	: 4
apicid		: 0
initial apicid	: 0
fpu		: yes
fpu_exception	: yes
cpuid level	: 13
wp		: yes
flags		: fpu vme de pse tsc msr pae mce cx8 apic sep mtrr pge mca cmov pat pse36 clflush dts acpi mmx fxsr sse sse2 ss ht tm pbe syscall nx pdpe1gb rdtscp lm constant_tsc arch_perfmon pebs bts rep_good nopl xtopology nonstop_tsc aperfmperf eagerfpu pni pclmulqdq dtes64 monitor ds_cpl vmx est tm2 ssse3 fma cx16 xtpr pdcm pcid sse4_1 sse4_2 x2apic movbe popcnt tsc_deadline_timer aes xsave avx f16c rdrand lahf_lm abm ida arat xsaveopt pln pts dtherm tpr_shadow vnmi flexpriority ept vpid fsgsbase tsc_adjust bmi1 hle avx2 smep bmi2 erms invpcid rtm
bogomips	: 6999.88
clflush size	: 64
cache_alignment	: 64
address sizes	: 39 bits physical, 48 bits virtual
power management:

processor	: 1
vendor_id	: GenuineIntel
cpu family	: 6
model		: 60
model name	: Intel(R) Core(TM) i5-4690K CPU @ 3.50GHz
stepping	: 3
microcode	: 0x17
cpu MHz		: 3700.019
cache size	: 6144 KB
physical id	: 0
siblings	: 4
core id		: 1
cpu cores	: 4
apicid		: 2
initial apicid	: 2
fpu		: yes
fpu_exception	: yes
cpuid level	: 13
wp		: yes
flags		: fpu vme de pse tsc msr pae mce cx8 apic sep mtrr pge mca cmov pat pse36 clflush dts acpi mmx fxsr sse sse2 ss ht tm pbe syscall nx pdpe1gb rdtscp lm constant_tsc arch_perfmon pebs bts rep_good nopl xtopology nonstop_tsc aperfmperf eagerfpu pni pclmulqdq dtes64 monitor ds_cpl vmx est tm2 ssse3 fma cx16 xtpr pdcm pcid sse4_1 sse4_2 x2apic movbe popcnt tsc_deadline_timer aes xsave avx f16c rdrand lahf_lm abm ida arat xsaveopt pln pts dtherm tpr_shadow vnmi flexpriority ept vpid fsgsbase tsc_adjust bmi1 hle avx2 smep bmi2 erms invpcid rtm
bogomips	: 6999.88
clflush size	: 64
cache_alignment	: 64
address sizes	: 39 bits physical, 48 bits virtual
power management:

processor	: 2
vendor_id	: GenuineIntel
cpu family	: 6
model		: 60
model name	: Intel(R) Core(TM) i5-4690K CPU @ 3.50GHz
stepping	: 3
microcode	: 0x17
cpu MHz		: 3700.019
cache size	: 6144 KB
physical id	: 0
siblings	: 4
core id		: 2
cpu cores	: 4
apicid		: 4
initial apicid	: 4
fpu		: yes
fpu_exception	: yes
cpuid level	: 13
wp		: yes
flags		: fpu vme de pse tsc msr pae mce cx8 apic sep mtrr pge mca cmov pat pse36 clflush dts acpi mmx fxsr sse sse2 ss ht tm pbe syscall nx pdpe1gb rdtscp lm constant_tsc arch_perfmon pebs bts rep_good nopl xtopology nonstop_tsc aperfmperf eagerfpu pni pclmulqdq dtes64 monitor ds_cpl vmx est tm2 ssse3 fma cx16 xtpr pdcm pcid sse4_1 sse4_2 x2apic movbe popcnt tsc_deadline_timer aes xsave avx f16c rdrand lahf_lm abm ida arat xsaveopt pln pts dtherm tpr_shadow vnmi flexpriority ept vpid fsgsbase tsc_adjust bmi1 hle avx2 smep bmi2 erms invpcid rtm
bogomips	: 6999.88
clflush size	: 64
cache_alignment	: 64
address sizes	: 39 bits physical, 48 bits virtual
power management:

processor	: 3
vendor_id	: GenuineIntel
cpu family	: 6
model		: 60
model name	: Intel(R) Core(TM) i5-4690K CPU @ 3.50GHz
stepping	: 3
microcode	: 0x17
cpu MHz		: 3700.019
cache size	: 6144 KB
physical id	: 0
siblings	: 4
core id		: 3
cpu cores	: 4
apicid		: 6
initial apicid	: 6
fpu		: yes
fpu_exception	: yes
cpuid level	: 13
wp		: yes
flags		: fpu vme de pse tsc msr pae mce cx8 apic sep mtrr pge mca cmov pat pse36 clflush dts acpi mmx fxsr sse sse2 ss ht tm pbe syscall nx pdpe1gb rdtscp lm constant_tsc arch_perfmon pebs bts rep_good nopl xtopology nonstop_tsc aperfmperf eagerfpu pni pclmulqdq dtes64 monitor ds_cpl vmx est tm2 ssse3 fma cx16 xtpr pdcm pcid sse4_1 sse4_2 x2apic movbe popcnt tsc_deadline_timer aes xsave avx f16c rdrand lahf_lm abm ida arat xsaveopt pln pts dtherm tpr_shadow vnmi flexpriority ept vpid fsgsbase tsc_adjust bmi1 hle avx2 smep bmi2 erms invpcid rtm
bogomips	: 6999.88
clflush size	: 64
cache_alignment	: 64
address sizes	: 39 bits physical, 48 bits virtual
power management:



Memory: 4k page, physical 8042924k(109972k free), swap 0k(0k free)

vm_info: OpenJDK 64-Bit Server VM (24.65-b04) for linux-amd64 JRE (1.7.0_65-b32), built on Oct 22 2014 04:20:25 by "buildd" with gcc 4.9.1

time: Mon Jan  5 06:33:08 2015
elapsed time: 211 seconds

