#
# There is insufficient memory for the Java Runtime Environment to continue.
# Native memory allocation (malloc) failed to allocate 22020096 bytes for committing reserved memory.
# Possible reasons:
#   The system is out of physical RAM or swap space
#   In 32 bit mode, the process size limit was hit
# Possible solutions:
#   Reduce memory load on the system
#   Increase physical memory or swap space
#   Check if swap backing store is full
#   Use 64 bit Java on a 64 bit OS
#   Decrease Java heap size (-Xmx/-Xms)
#   Decrease number of Java threads
#   Decrease Java thread stack sizes (-Xss)
#   Set larger code cache with -XX:ReservedCodeCacheSize=
# This output file may be truncated or incomplete.
#
#  Out of Memory Error (os_linux.cpp:2798), pid=2040, tid=140720778245888
#
# JRE version: OpenJDK Runtime Environment (7.0_65-b32) (build 1.7.0_65-b32)
# Java VM: OpenJDK 64-Bit Server VM (24.65-b04 mixed mode linux-amd64 compressed oops)
# Derivative: IcedTea 2.5.3
# Distribution: Ubuntu 14.10, package 7u71-2.5.3-0ubuntu1
# Failed to write core dump. Core dumps have been disabled. To enable core dumping, try "ulimit -c unlimited" before starting Java again
#

---------------  T H R E A D  ---------------

Current thread (0x00007ffc2c075800):  VMThread [stack: 0x00007ffc1beff000,0x00007ffc1c000000] [id=2145]

Stack: [0x00007ffc1beff000,0x00007ffc1c000000],  sp=0x00007ffc1bffe550,  free space=1021k
Native frames: (J=compiled Java code, j=interpreted, Vv=VM code, C=native code)
V  [libjvm.so+0x980aa6]  VMError::report_and_die()+0x186
V  [libjvm.so+0x48fed2]  report_vm_out_of_memory(char const*, int, unsigned long, char const*)+0x92
V  [libjvm.so+0x7f480b]  os::pd_commit_memory(char*, unsigned long, unsigned long, bool)+0xeb
V  [libjvm.so+0x7eef1e]  os::commit_memory(char*, unsigned long, unsigned long, bool)+0x2e
V  [libjvm.so+0x86100b]  PSVirtualSpace::expand_by(unsigned long)+0x5b
V  [libjvm.so+0x8504ec]  PSOldGen::expand_by(unsigned long)+0x5c
V  [libjvm.so+0x859864]  PSPermGen::compute_new_size(unsigned long)+0x1a4
V  [libjvm.so+0x857b4e]  PSParallelCompact::invoke_no_policy(bool) [clone .part.122]+0x51e
V  [libjvm.so+0x858315]  PSParallelCompact::invoke(bool)+0x65
V  [libjvm.so+0x9822c5]  VM_ParallelGCSystemGC::doit()+0x115
V  [libjvm.so+0x986be7]  VM_Operation::evaluate()+0x47
V  [libjvm.so+0x9851db]  VMThread::evaluate_operation(VM_Operation*)+0xab
V  [libjvm.so+0x985886]  VMThread::loop()+0x1e6
V  [libjvm.so+0x985d51]  VMThread::run()+0x81
V  [libjvm.so+0x7f14f2]  java_start(Thread*)+0xf2

VM_Operation (0x00007ffbf253d7b0): ParallelGCSystemGC, mode: safepoint, requested by thread 0x00007ffbe85d8000


---------------  P R O C E S S  ---------------

Java Threads: ( => current thread )
  0x00007ffbe85d8000 JavaThread "Battle Thread" [_thread_blocked, id=2432, stack(0x00007ffbf243e000,0x00007ffbf253f000)]
  0x00007ffc2c00a000 JavaThread "DestroyJavaVM" [_thread_blocked, id=2060, stack(0x00007ffc35441000,0x00007ffc35542000)]
  0x00007ffc2c0b1000 JavaThread "Service Thread" daemon [_thread_blocked, id=2228, stack(0x00007ffc1b217000,0x00007ffc1b318000)]
  0x00007ffc2c0af000 JavaThread "C2 CompilerThread1" daemon [_thread_blocked, id=2225, stack(0x00007ffc1b318000,0x00007ffc1b419000)]
  0x00007ffc2c0ac000 JavaThread "C2 CompilerThread0" daemon [_thread_blocked, id=2216, stack(0x00007ffc1b419000,0x00007ffc1b51a000)]
  0x00007ffc2c0a9800 JavaThread "Signal Dispatcher" daemon [_thread_blocked, id=2202, stack(0x00007ffc1b51a000,0x00007ffc1b61b000)]
  0x00007ffc2c07c000 JavaThread "Finalizer" daemon [_thread_blocked, id=2168, stack(0x00007ffc1bcfd000,0x00007ffc1bdfe000)]
  0x00007ffc2c07a000 JavaThread "Reference Handler" daemon [_thread_blocked, id=2160, stack(0x00007ffc1bdfe000,0x00007ffc1beff000)]

Other Threads:
=>0x00007ffc2c075800 VMThread [stack: 0x00007ffc1beff000,0x00007ffc1c000000] [id=2145]
  0x00007ffc2c0bc000 WatcherThread [stack: 0x00007ffc1b116000,0x00007ffc1b217000] [id=2243]

VM state:at safepoint (normal execution)

VM Mutex/Monitor currently owned by a thread:  ([mutex/lock_event])
[0x00007ffc2c005fd0] ExpandHeap_lock - owner thread: 0x00007ffc2c075800
[0x00007ffc2c006650] Threads_lock - owner thread: 0x00007ffc2c075800
[0x00007ffc2c006b50] Heap_lock - owner thread: 0x00007ffbe85d8000

Heap
 PSYoungGen      total 115712K, used 0K [0x00000000f5500000, 0x00000000fd100000, 0x0000000100000000)
  eden space 104960K, 0% used [0x00000000f5500000,0x00000000f5500000,0x00000000fbb80000)
  from space 10752K, 0% used [0x00000000fbb80000,0x00000000fbb80000,0x00000000fc600000)
  to   space 10752K, 0% used [0x00000000fc680000,0x00000000fc680000,0x00000000fd100000)
 ParOldGen       total 83456K, used 14167K [0x00000000e0000000, 0x00000000e5180000, 0x00000000f5500000)
  object space 83456K, 16% used [0x00000000e0000000,0x00000000e0dd5cc8,0x00000000e5180000)
 PSPermGen       total 99328K, used 12632K [0x00000000d5a00000, 0x00000000dbb00000, 0x00000000e0000000)
  object space 99328K, 12% used [0x00000000d5a00000,0x00000000d66561f8,0x00000000dbb00000)

Card table byte_map: [0x00007ffc31eed000,0x00007ffc32041000] byte_map_base: 0x00007ffc31840000

Polling page: 0x00007ffc35565000

Code Cache  [0x00007ffc29000000, 0x00007ffc29270000, 0x00007ffc2c000000)
 total_blobs=1195 nmethods=874 adapters=274 free_code_cache=46860Kb largest_free_block=47911488

Compilation events (10 events):
Event: 86.853 Thread 0x00007ffc2c0ac000  968             java.util.concurrent.locks.ReentrantLock::lock (8 bytes)
Event: 86.853 Thread 0x00007ffc2c0ac000 nmethod 968 0x00007ffc2922da10 code [0x00007ffc2922db60, 0x00007ffc2922dc28]
Event: 86.853 Thread 0x00007ffc2c0ac000  969             java.util.concurrent.locks.ReentrantLock$NonfairSync::lock (25 bytes)
Event: 86.854 Thread 0x00007ffc2c0ac000 nmethod 969 0x00007ffc2922d790 code [0x00007ffc2922d8e0, 0x00007ffc2922d988]
Event: 86.854 Thread 0x00007ffc2c0ac000  970             net.sf.robocode.battle.peer.RobotPeer::isTeamMate (46 bytes)
Event: 86.854 Thread 0x00007ffc2c0ac000 nmethod 970 0x00007ffc2922d550 code [0x00007ffc2922d680, 0x00007ffc2922d6f8]
Event: 86.863 Thread 0x00007ffc2c0af000 nmethod 966 0x00007ffc29247e50 code [0x00007ffc292484a0, 0x00007ffc2924b168]
Event: 86.867 Thread 0x00007ffc2c0ac000  971             java.util.concurrent.CopyOnWriteArrayList::setArray (6 bytes)
Event: 86.867 Thread 0x00007ffc2c0ac000 nmethod 971 0x00007ffc291d1c90 code [0x00007ffc291d1dc0, 0x00007ffc291d1e38]
Event: 86.937 Thread 0x00007ffc2c0af000  972   !         net.sf.robocode.host.security.RobotClassLoader::cleanStaticReferences (86 bytes)

GC Heap History (10 events):
Event: 63.282 GC heap after
Heap after GC invocations=18 (full 0):
 PSYoungGen      total 115200K, used 3584K [0x00000000f5500000, 0x00000000fd400000, 0x0000000100000000)
  eden space 109568K, 0% used [0x00000000f5500000,0x00000000f5500000,0x00000000fc000000)
  from space 5632K, 63% used [0x00000000fce80000,0x00000000fd200000,0x00000000fd400000)
  to   space 10240K, 0% used [0x00000000fc000000,0x00000000fc000000,0x00000000fca00000)
 ParOldGen       total 83456K, used 55621K [0x00000000e0000000, 0x00000000e5180000, 0x00000000f5500000)
  object space 83456K, 66% used [0x00000000e0000000,0x00000000e36516e8,0x00000000e5180000)
 PSPermGen       total 79872K, used 79430K [0x00000000d5a00000, 0x00000000da800000, 0x00000000e0000000)
  object space 79872K, 99% used [0x00000000d5a00000,0x00000000da791b58,0x00000000da800000)
}
Event: 84.182 GC heap before
{Heap before GC invocations=19 (full 0):
 PSYoungGen      total 115200K, used 113152K [0x00000000f5500000, 0x00000000fd400000, 0x0000000100000000)
  eden space 109568K, 100% used [0x00000000f5500000,0x00000000fc000000,0x00000000fc000000)
  from space 5632K, 63% used [0x00000000fce80000,0x00000000fd200000,0x00000000fd400000)
  to   space 10240K, 0% used [0x00000000fc000000,0x00000000fc000000,0x00000000fca00000)
 ParOldGen       total 83456K, used 55621K [0x00000000e0000000, 0x00000000e5180000, 0x00000000f5500000)
  object space 83456K, 66% used [0x00000000e0000000,0x00000000e36516e8,0x00000000e5180000)
 PSPermGen       total 86016K, used 85964K [0x00000000d5a00000, 0x00000000dae00000, 0x00000000e0000000)
  object space 86016K, 99% used [0x00000000d5a00000,0x00000000dadf3300,0x00000000dae00000)
Event: 84.193 GC heap after
Heap after GC invocations=19 (full 0):
 PSYoungGen      total 109568K, used 3930K [0x00000000f5500000, 0x00000000fd000000, 0x0000000100000000)
  eden space 105472K, 0% used [0x00000000f5500000,0x00000000f5500000,0x00000000fbc00000)
  from space 4096K, 95% used [0x00000000fc000000,0x00000000fc3d6b40,0x00000000fc400000)
  to   space 10240K, 0% used [0x00000000fc600000,0x00000000fc600000,0x00000000fd000000)
 ParOldGen       total 83456K, used 58909K [0x00000000e0000000, 0x00000000e5180000, 0x00000000f5500000)
  object space 83456K, 70% used [0x00000000e0000000,0x00000000e39876e8,0x00000000e5180000)
 PSPermGen       total 86016K, used 85964K [0x00000000d5a00000, 0x00000000dae00000, 0x00000000e0000000)
  object space 86016K, 99% used [0x00000000d5a00000,0x00000000dadf3300,0x00000000dae00000)
}
Event: 86.944 GC heap before
{Heap before GC invocations=20 (full 0):
 PSYoungGen      total 109568K, used 105187K [0x00000000f5500000, 0x00000000fd000000, 0x0000000100000000)
  eden space 105472K, 96% used [0x00000000f5500000,0x00000000fb7e20e8,0x00000000fbc00000)
  from space 4096K, 95% used [0x00000000fc000000,0x00000000fc3d6b40,0x00000000fc400000)
  to   space 10240K, 0% used [0x00000000fc600000,0x00000000fc600000,0x00000000fd000000)
 ParOldGen       total 83456K, used 58909K [0x00000000e0000000, 0x00000000e5180000, 0x00000000f5500000)
  object space 83456K, 70% used [0x00000000e0000000,0x00000000e39876e8,0x00000000e5180000)
 PSPermGen       total 86528K, used 86281K [0x00000000d5a00000, 0x00000000dae80000, 0x00000000e0000000)
  object space 86528K, 99% used [0x00000000d5a00000,0x00000000dae425a8,0x00000000dae80000)
Event: 86.962 GC heap after
Heap after GC invocations=20 (full 0):
 PSYoungGen      total 115200K, used 224K [0x00000000f5500000, 0x00000000fd100000, 0x0000000100000000)
  eden space 104960K, 0% used [0x00000000f5500000,0x00000000f5500000,0x00000000fbb80000)
  from space 10240K, 2% used [0x00000000fc600000,0x00000000fc638000,0x00000000fd000000)
  to   space 10752K, 0% used [0x00000000fbb80000,0x00000000fbb80000,0x00000000fc600000)
 ParOldGen       total 83456K, used 62186K [0x00000000e0000000, 0x00000000e5180000, 0x00000000f5500000)
  object space 83456K, 74% used [0x00000000e0000000,0x00000000e3cbaa60,0x00000000e5180000)
 PSPermGen       total 86528K, used 86281K [0x00000000d5a00000, 0x00000000dae80000, 0x00000000e0000000)
  object space 86528K, 99% used [0x00000000d5a00000,0x00000000dae425a8,0x00000000dae80000)
}
Event: 86.962 GC heap before
{Heap before GC invocations=21 (full 1):
 PSYoungGen      total 115200K, used 224K [0x00000000f5500000, 0x00000000fd100000, 0x0000000100000000)
  eden space 104960K, 0% used [0x00000000f5500000,0x00000000f5500000,0x00000000fbb80000)
  from space 10240K, 2% used [0x00000000fc600000,0x00000000fc638000,0x00000000fd000000)
  to   space 10752K, 0% used [0x00000000fbb80000,0x00000000fbb80000,0x00000000fc600000)
 ParOldGen       total 83456K, used 62186K [0x00000000e0000000, 0x00000000e5180000, 0x00000000f5500000)
  object space 83456K, 74% used [0x00000000e0000000,0x00000000e3cbaa60,0x00000000e5180000)
 PSPermGen       total 86528K, used 86281K [0x00000000d5a00000, 0x00000000dae80000, 0x00000000e0000000)
  object space 86528K, 99% used [0x00000000d5a00000,0x00000000dae425a8,0x00000000dae80000)
Event: 87.173 GC heap after
Heap after GC invocations=21 (full 1):
 PSYoungGen      total 115200K, used 0K [0x00000000f5500000, 0x00000000fd100000, 0x0000000100000000)
  eden space 104960K, 0% used [0x00000000f5500000,0x00000000f5500000,0x00000000fbb80000)
  from space 10240K, 0% used [0x00000000fc600000,0x00000000fc600000,0x00000000fd000000)
  to   space 10752K, 0% used [0x00000000fbb80000,0x00000000fbb80000,0x00000000fc600000)
 ParOldGen       total 83456K, used 14167K [0x00000000e0000000, 0x00000000e5180000, 0x00000000f5500000)
  object space 83456K, 16% used [0x00000000e0000000,0x00000000e0dd5cc8,0x00000000e5180000)
 PSPermGen       total 99328K, used 12632K [0x00000000d5a00000, 0x00000000dbb00000, 0x00000000e0000000)
  object space 99328K, 12% used [0x00000000d5a00000,0x00000000d66561f8,0x00000000dbb00000)
}
Event: 87.176 GC heap before
{Heap before GC invocations=22 (full 1):
 PSYoungGen      total 115200K, used 0K [0x00000000f5500000, 0x00000000fd100000, 0x0000000100000000)
  eden space 104960K, 0% used [0x00000000f5500000,0x00000000f5500000,0x00000000fbb80000)
  from space 10240K, 0% used [0x00000000fc600000,0x00000000fc600000,0x00000000fd000000)
  to   space 10752K, 0% used [0x00000000fbb80000,0x00000000fbb80000,0x00000000fc600000)
 ParOldGen       total 83456K, used 14167K [0x00000000e0000000, 0x00000000e5180000, 0x00000000f5500000)
  object space 83456K, 16% used [0x00000000e0000000,0x00000000e0dd5cc8,0x00000000e5180000)
 PSPermGen       total 99328K, used 12632K [0x00000000d5a00000, 0x00000000dbb00000, 0x00000000e0000000)
  object space 99328K, 12% used [0x00000000d5a00000,0x00000000d66561f8,0x00000000dbb00000)
Event: 87.189 GC heap after
Heap after GC invocations=22 (full 1):
 PSYoungGen      total 115712K, used 0K [0x00000000f5500000, 0x00000000fd100000, 0x0000000100000000)
  eden space 104960K, 0% used [0x00000000f5500000,0x00000000f5500000,0x00000000fbb80000)
  from space 10752K, 0% used [0x00000000fbb80000,0x00000000fbb80000,0x00000000fc600000)
  to   space 10752K, 0% used [0x00000000fc680000,0x00000000fc680000,0x00000000fd100000)
 ParOldGen       total 83456K, used 14167K [0x00000000e0000000, 0x00000000e5180000, 0x00000000f5500000)
  object space 83456K, 16% used [0x00000000e0000000,0x00000000e0dd5cc8,0x00000000e5180000)
 PSPermGen       total 99328K, used 12632K [0x00000000d5a00000, 0x00000000dbb00000, 0x00000000e0000000)
  object space 99328K, 12% used [0x00000000d5a00000,0x00000000d66561f8,0x00000000dbb00000)
}
Event: 87.189 GC heap before
{Heap before GC invocations=23 (full 2):
 PSYoungGen      total 115712K, used 0K [0x00000000f5500000, 0x00000000fd100000, 0x0000000100000000)
  eden space 104960K, 0% used [0x00000000f5500000,0x00000000f5500000,0x00000000fbb80000)
  from space 10752K, 0% used [0x00000000fbb80000,0x00000000fbb80000,0x00000000fc600000)
  to   space 10752K, 0% used [0x00000000fc680000,0x00000000fc680000,0x00000000fd100000)
 ParOldGen       total 83456K, used 14167K [0x00000000e0000000, 0x00000000e5180000, 0x00000000f5500000)
  object space 83456K, 16% used [0x00000000e0000000,0x00000000e0dd5cc8,0x00000000e5180000)
 PSPermGen       total 99328K, used 12632K [0x00000000d5a00000, 0x00000000dbb00000, 0x00000000e0000000)
  object space 99328K, 12% used [0x00000000d5a00000,0x00000000d66561f8,0x00000000dbb00000)

Deoptimization events (10 events):
Event: 86.432 Thread 0x00007ffbe4009000 Uncommon trap: reason=unreached action=reinterpret pc=0x00007ffc290cc540 method=java.util.concurrent.ConcurrentHashMap$Segment.remove(Ljava/lang/Object;ILjava/lang/Object;)Ljava/lang/Object; @ 64
Event: 86.548 Thread 0x00007ffbe4003000 Uncommon trap: reason=unreached action=reinterpret pc=0x00007ffc292394dc method=java.util.concurrent.ConcurrentHashMap$Segment.remove(Ljava/lang/Object;ILjava/lang/Object;)Ljava/lang/Object; @ 64
Event: 86.653 Thread 0x00007ffbe85d8000 Uncommon trap: reason=unloaded action=reinterpret pc=0x00007ffc291a721c method=net.sf.robocode.battle.peer.RobotPeer.checkRobotCollision(Ljava/util/List;)V @ 380
Event: 86.868 Thread 0x00007ffbe85d8000 Uncommon trap: reason=class_check action=maybe_recompile pc=0x00007ffc29075ca0 method=java.util.Collections.sort(Ljava/util/List;)V @ 1
Event: 86.931 Thread 0x00007ffbe85d8000 Uncommon trap: reason=bimorphic action=maybe_recompile pc=0x00007ffc29224798 method=java.util.ArrayList.<init>(Ljava/util/Collection;)V @ 6
Event: 86.931 Thread 0x00007ffbe85d8000 Uncommon trap: reason=class_check action=maybe_recompile pc=0x00007ffc29075ca0 method=java.util.Collections.sort(Ljava/util/List;)V @ 1
Event: 86.931 Thread 0x00007ffbe85d8000 Uncommon trap: reason=class_check action=maybe_recompile pc=0x00007ffc290b7154 method=java.util.Hashtable.get(Ljava/lang/Object;)Ljava/lang/Object; @ 46
Event: 86.936 Thread 0x00007ffbe85d8000 Uncommon trap: reason=class_check action=maybe_recompile pc=0x00007ffc290b7154 method=java.util.Hashtable.get(Ljava/lang/Object;)Ljava/lang/Object; @ 46
Event: 86.936 Thread 0x00007ffbe85d8000 Uncommon trap: reason=class_check action=maybe_recompile pc=0x00007ffc290b7154 method=java.util.Hashtable.get(Ljava/lang/Object;)Ljava/lang/Object; @ 46
Event: 86.936 Thread 0x00007ffbe85d8000 Uncommon trap: reason=class_check action=maybe_recompile pc=0x00007ffc290b7154 method=java.util.Hashtable.get(Ljava/lang/Object;)Ljava/lang/Object; @ 46

Internal exceptions (10 events):
Event: 86.937 Thread 0x00007ffbe85d8000 Threw 0x00000000fb7c89b8 at /build/buildd/openjdk-7-7u71-2.5.3/build/openjdk/hotspot/src/share/vm/prims/jvm.cpp:1284
Event: 86.937 Thread 0x00007ffbe85d8000 Threw 0x00000000fb7c8dd8 at /build/buildd/openjdk-7-7u71-2.5.3/build/openjdk/hotspot/src/share/vm/prims/jvm.cpp:1284
Event: 86.937 Thread 0x00007ffbe85d8000 Threw 0x00000000fb7cadf0 at /build/buildd/openjdk-7-7u71-2.5.3/build/openjdk/hotspot/src/share/vm/prims/jvm.cpp:1284
Event: 86.937 Thread 0x00007ffbe85d8000 Threw 0x00000000fb7cb210 at /build/buildd/openjdk-7-7u71-2.5.3/build/openjdk/hotspot/src/share/vm/prims/jvm.cpp:1284
Event: 86.937 Thread 0x00007ffbe85d8000 Threw 0x00000000fb7cc340 at /build/buildd/openjdk-7-7u71-2.5.3/build/openjdk/hotspot/src/share/vm/prims/jvm.cpp:1284
Event: 86.937 Thread 0x00007ffbe85d8000 Threw 0x00000000fb7cc760 at /build/buildd/openjdk-7-7u71-2.5.3/build/openjdk/hotspot/src/share/vm/prims/jvm.cpp:1284
Event: 86.937 Thread 0x00007ffbe85d8000 Threw 0x00000000fb7ce318 at /build/buildd/openjdk-7-7u71-2.5.3/build/openjdk/hotspot/src/share/vm/prims/jvm.cpp:1284
Event: 86.937 Thread 0x00007ffbe85d8000 Threw 0x00000000fb7ce6b8 at /build/buildd/openjdk-7-7u71-2.5.3/build/openjdk/hotspot/src/share/vm/prims/jvm.cpp:1284
Event: 86.937 Thread 0x00007ffbe85d8000 Threw 0x00000000fb7cf358 at /build/buildd/openjdk-7-7u71-2.5.3/build/openjdk/hotspot/src/share/vm/prims/jvm.cpp:1284
Event: 86.937 Thread 0x00007ffbe85d8000 Threw 0x00000000fb7cf6f8 at /build/buildd/openjdk-7-7u71-2.5.3/build/openjdk/hotspot/src/share/vm/prims/jvm.cpp:1284

Events (10 events):
Event: 86.937 loading class 0x00007ffbe81bcd40 done
Event: 86.937 loading class 0x00007ffbe81bcd40
Event: 86.937 loading class 0x00007ffbe81bcd40 done
Event: 86.937 loading class 0x00007ffbe800de80
Event: 86.937 loading class 0x00007ffbe800de80 done
Event: 86.937 loading class 0x00007ffbe800de80
Event: 86.937 loading class 0x00007ffbe800de80 done
Event: 86.943 Executing VM operation: ParallelGCSystemGC
Event: 87.174 Executing VM operation: ParallelGCSystemGC done
Event: 87.176 Executing VM operation: ParallelGCSystemGC


Dynamic libraries:
00400000-00401000 r-xp 00000000 08:05 2511838                            /usr/lib/jvm/java-7-openjdk-amd64/jre/bin/java
00600000-00601000 r--p 00000000 08:05 2511838                            /usr/lib/jvm/java-7-openjdk-amd64/jre/bin/java
00601000-00602000 rw-p 00001000 08:05 2511838                            /usr/lib/jvm/java-7-openjdk-amd64/jre/bin/java
00ded000-00e0e000 rw-p 00000000 00:00 0                                  [heap]
d5a00000-dbb00000 rw-p 00000000 00:00 0 
dd000000-e0000000 rw-p 00000000 00:00 0 
e0000000-e5180000 rw-p 00000000 00:00 0 
e5180000-f5500000 rw-p 00000000 00:00 0 
f5500000-fd100000 rw-p 00000000 00:00 0 
fd100000-fff80000 ---p 00000000 00:00 0 
fff80000-100000000 rw-p 00000000 00:00 0 
7ffbd4000000-7ffbd4021000 rw-p 00000000 00:00 0 
7ffbd4021000-7ffbd8000000 ---p 00000000 00:00 0 
7ffbdc000000-7ffbdc021000 rw-p 00000000 00:00 0 
7ffbdc021000-7ffbe0000000 ---p 00000000 00:00 0 
7ffbe0000000-7ffbe0021000 rw-p 00000000 00:00 0 
7ffbe0021000-7ffbe4000000 ---p 00000000 00:00 0 
7ffbe4000000-7ffbe4021000 rw-p 00000000 00:00 0 
7ffbe4021000-7ffbe8000000 ---p 00000000 00:00 0 
7ffbe8000000-7ffbe8b7f000 rw-p 00000000 00:00 0 
7ffbe8b7f000-7ffbec000000 ---p 00000000 00:00 0 
7ffbec000000-7ffbec021000 rw-p 00000000 00:00 0 
7ffbec021000-7ffbf0000000 ---p 00000000 00:00 0 
7ffbf1c31000-7ffbf1c34000 ---p 00000000 00:00 0 
7ffbf1c34000-7ffbf1d32000 rw-p 00000000 00:00 0 
7ffbf1d32000-7ffbf1d35000 ---p 00000000 00:00 0 
7ffbf1d35000-7ffbf1e33000 rw-p 00000000 00:00 0 
7ffbf1e33000-7ffbf1e36000 ---p 00000000 00:00 0 
7ffbf1e36000-7ffbf1f34000 rw-p 00000000 00:00 0 
7ffbf1f34000-7ffbf1f39000 r-xp 00000000 08:05 2103810                    /lib/x86_64-linux-gnu/libnss_dns-2.19.so
7ffbf1f39000-7ffbf2138000 ---p 00005000 08:05 2103810                    /lib/x86_64-linux-gnu/libnss_dns-2.19.so
7ffbf2138000-7ffbf2139000 r--p 00004000 08:05 2103810                    /lib/x86_64-linux-gnu/libnss_dns-2.19.so
7ffbf2139000-7ffbf213a000 rw-p 00005000 08:05 2103810                    /lib/x86_64-linux-gnu/libnss_dns-2.19.so
7ffbf213a000-7ffbf213c000 r-xp 00000000 08:05 2104538                    /lib/x86_64-linux-gnu/libnss_mdns4_minimal.so.2
7ffbf213c000-7ffbf233b000 ---p 00002000 08:05 2104538                    /lib/x86_64-linux-gnu/libnss_mdns4_minimal.so.2
7ffbf233b000-7ffbf233c000 r--p 00001000 08:05 2104538                    /lib/x86_64-linux-gnu/libnss_mdns4_minimal.so.2
7ffbf233c000-7ffbf233d000 rw-p 00002000 08:05 2104538                    /lib/x86_64-linux-gnu/libnss_mdns4_minimal.so.2
7ffbf233d000-7ffbf2340000 ---p 00000000 00:00 0 
7ffbf2340000-7ffbf243e000 rw-p 00000000 00:00 0 
7ffbf243e000-7ffbf2441000 ---p 00000000 00:00 0 
7ffbf2441000-7ffbf253f000 rw-p 00000000 00:00 0                          [stack:2432]
7ffbf253f000-7ffbf2542000 ---p 00000000 00:00 0 
7ffbf2542000-7ffbf2640000 rw-p 00000000 00:00 0 
7ffbf2640000-7ffbf26ac000 r-xp 00000000 08:05 2104562                    /lib/x86_64-linux-gnu/libpcre.so.3.13.1
7ffbf26ac000-7ffbf28ab000 ---p 0006c000 08:05 2104562                    /lib/x86_64-linux-gnu/libpcre.so.3.13.1
7ffbf28ab000-7ffbf28ac000 r--p 0006b000 08:05 2104562                    /lib/x86_64-linux-gnu/libpcre.so.3.13.1
7ffbf28ac000-7ffbf28ad000 rw-p 0006c000 08:05 2104562                    /lib/x86_64-linux-gnu/libpcre.so.3.13.1
7ffbf28ad000-7ffbf28ce000 r-xp 00000000 08:05 2104589                    /lib/x86_64-linux-gnu/libselinux.so.1
7ffbf28ce000-7ffbf2acd000 ---p 00021000 08:05 2104589                    /lib/x86_64-linux-gnu/libselinux.so.1
7ffbf2acd000-7ffbf2ace000 r--p 00020000 08:05 2104589                    /lib/x86_64-linux-gnu/libselinux.so.1
7ffbf2ace000-7ffbf2acf000 rw-p 00021000 08:05 2104589                    /lib/x86_64-linux-gnu/libselinux.so.1
7ffbf2acf000-7ffbf2ad1000 rw-p 00000000 00:00 0 
7ffbf2ad1000-7ffbf2ad4000 r-xp 00000000 08:05 2490776                    /usr/lib/x86_64-linux-gnu/libgmodule-2.0.so.0.4200.1
7ffbf2ad4000-7ffbf2cd3000 ---p 00003000 08:05 2490776                    /usr/lib/x86_64-linux-gnu/libgmodule-2.0.so.0.4200.1
7ffbf2cd3000-7ffbf2cd4000 r--p 00002000 08:05 2490776                    /usr/lib/x86_64-linux-gnu/libgmodule-2.0.so.0.4200.1
7ffbf2cd4000-7ffbf2cd5000 rw-p 00003000 08:05 2490776                    /usr/lib/x86_64-linux-gnu/libgmodule-2.0.so.0.4200.1
7ffbf2cd5000-7ffbf2de1000 r-xp 00000000 08:05 2103771                    /lib/x86_64-linux-gnu/libglib-2.0.so.0.4200.1
7ffbf2de1000-7ffbf2fe1000 ---p 0010c000 08:05 2103771                    /lib/x86_64-linux-gnu/libglib-2.0.so.0.4200.1
7ffbf2fe1000-7ffbf2fe2000 r--p 0010c000 08:05 2103771                    /lib/x86_64-linux-gnu/libglib-2.0.so.0.4200.1
7ffbf2fe2000-7ffbf2fe3000 rw-p 0010d000 08:05 2103771                    /lib/x86_64-linux-gnu/libglib-2.0.so.0.4200.1
7ffbf2fe3000-7ffbf2fe4000 rw-p 00000000 00:00 0 
7ffbf2fe4000-7ffbf3034000 r-xp 00000000 08:05 2490755                    /usr/lib/x86_64-linux-gnu/libgobject-2.0.so.0.4200.1
7ffbf3034000-7ffbf3234000 ---p 00050000 08:05 2490755                    /usr/lib/x86_64-linux-gnu/libgobject-2.0.so.0.4200.1
7ffbf3234000-7ffbf3235000 r--p 00050000 08:05 2490755                    /usr/lib/x86_64-linux-gnu/libgobject-2.0.so.0.4200.1
7ffbf3235000-7ffbf3236000 rw-p 00051000 08:05 2490755                    /usr/lib/x86_64-linux-gnu/libgobject-2.0.so.0.4200.1
7ffbf3236000-7ffbf33a7000 r-xp 00000000 08:05 2490773                    /usr/lib/x86_64-linux-gnu/libgio-2.0.so.0.4200.1
7ffbf33a7000-7ffbf35a7000 ---p 00171000 08:05 2490773                    /usr/lib/x86_64-linux-gnu/libgio-2.0.so.0.4200.1
7ffbf35a7000-7ffbf35ab000 r--p 00171000 08:05 2490773                    /usr/lib/x86_64-linux-gnu/libgio-2.0.so.0.4200.1
7ffbf35ab000-7ffbf35ad000 rw-p 00175000 08:05 2490773                    /usr/lib/x86_64-linux-gnu/libgio-2.0.so.0.4200.1
7ffbf35ad000-7ffbf35af000 rw-p 00000000 00:00 0 
7ffbf35af000-7ffbf35c6000 r-xp 00000000 08:05 2511761                    /usr/lib/jvm/java-7-openjdk-amd64/jre/lib/amd64/libnet.so
7ffbf35c6000-7ffbf37c5000 ---p 00017000 08:05 2511761                    /usr/lib/jvm/java-7-openjdk-amd64/jre/lib/amd64/libnet.so
7ffbf37c5000-7ffbf37c6000 r--p 00016000 08:05 2511761                    /usr/lib/jvm/java-7-openjdk-amd64/jre/lib/amd64/libnet.so
7ffbf37c6000-7ffbf37c7000 rw-p 00017000 08:05 2511761                    /usr/lib/jvm/java-7-openjdk-amd64/jre/lib/amd64/libnet.so
7ffbf37c7000-7ffbf37d8000 r-xp 00000000 08:05 2511783                    /usr/lib/jvm/java-7-openjdk-amd64/jre/lib/amd64/libnio.so
7ffbf37d8000-7ffbf39d7000 ---p 00011000 08:05 2511783                    /usr/lib/jvm/java-7-openjdk-amd64/jre/lib/amd64/libnio.so
7ffbf39d7000-7ffbf39d8000 r--p 00010000 08:05 2511783                    /usr/lib/jvm/java-7-openjdk-amd64/jre/lib/amd64/libnio.so
7ffbf39d8000-7ffbf39d9000 rw-p 00011000 08:05 2511783                    /usr/lib/jvm/java-7-openjdk-amd64/jre/lib/amd64/libnio.so
7ffbf39d9000-7ffbf39e0000 r-xp 00000000 08:05 2503107                    /usr/lib/x86_64-linux-gnu/libffi.so.6.0.2
7ffbf39e0000-7ffbf3bdf000 ---p 00007000 08:05 2503107                    /usr/lib/x86_64-linux-gnu/libffi.so.6.0.2
7ffbf3bdf000-7ffbf3be0000 r--p 00006000 08:05 2503107                    /usr/lib/x86_64-linux-gnu/libffi.so.6.0.2
7ffbf3be0000-7ffbf3be1000 rw-p 00007000 08:05 2503107                    /usr/lib/x86_64-linux-gnu/libffi.so.6.0.2
7ffbf3be1000-7ffbf3bf8000 r-xp 00000000 08:05 2103820                    /lib/x86_64-linux-gnu/libresolv-2.19.so
7ffbf3bf8000-7ffbf3df8000 ---p 00017000 08:05 2103820                    /lib/x86_64-linux-gnu/libresolv-2.19.so
7ffbf3df8000-7ffbf3df9000 r--p 00017000 08:05 2103820                    /lib/x86_64-linux-gnu/libresolv-2.19.so
7ffbf3df9000-7ffbf3dfa000 rw-p 00018000 08:05 2103820                    /lib/x86_64-linux-gnu/libresolv-2.19.so
7ffbf3dfa000-7ffbf3dfc000 rw-p 00000000 00:00 0 
7ffbf3dfc000-7ffbf3dff000 r-xp 00000000 08:05 2104498                    /lib/x86_64-linux-gnu/libkeyutils.so.1.5
7ffbf3dff000-7ffbf3ffe000 ---p 00003000 08:05 2104498                    /lib/x86_64-linux-gnu/libkeyutils.so.1.5
7ffbf3ffe000-7ffbf3fff000 r--p 00002000 08:05 2104498                    /lib/x86_64-linux-gnu/libkeyutils.so.1.5
7ffbf3fff000-7ffbf4000000 rw-p 00003000 08:05 2104498                    /lib/x86_64-linux-gnu/libkeyutils.so.1.5
7ffbf4000000-7ffbf4021000 rw-p 00000000 00:00 0 
7ffbf4021000-7ffbf8000000 ---p 00000000 00:00 0 
7ffbf8000000-7ffbf8021000 rw-p 00000000 00:00 0 
7ffbf8021000-7ffbfc000000 ---p 00000000 00:00 0 
7ffbfc000000-7ffbfcc9f000 rw-p 00000000 00:00 0 
7ffbfcc9f000-7ffc00000000 ---p 00000000 00:00 0 
7ffc00000000-7ffc00921000 rw-p 00000000 00:00 0 
7ffc00921000-7ffc04000000 ---p 00000000 00:00 0 
7ffc04000000-7ffc04021000 rw-p 00000000 00:00 0 
7ffc04021000-7ffc08000000 ---p 00000000 00:00 0 
7ffc08000000-7ffc08021000 rw-p 00000000 00:00 0 
7ffc08021000-7ffc0c000000 ---p 00000000 00:00 0 
7ffc0c000000-7ffc0c23e000 rw-p 00000000 00:00 0 
7ffc0c23e000-7ffc10000000 ---p 00000000 00:00 0 
7ffc10000000-7ffc10021000 rw-p 00000000 00:00 0 
7ffc10021000-7ffc14000000 ---p 00000000 00:00 0 
7ffc14000000-7ffc14021000 rw-p 00000000 00:00 0 
7ffc14021000-7ffc18000000 ---p 00000000 00:00 0 
7ffc1809d000-7ffc180c2000 r-xp 00000000 08:05 2104574                    /lib/x86_64-linux-gnu/libpng12.so.0.51.0
7ffc180c2000-7ffc182c1000 ---p 00025000 08:05 2104574                    /lib/x86_64-linux-gnu/libpng12.so.0.51.0
7ffc182c1000-7ffc182c2000 r--p 00024000 08:05 2104574                    /lib/x86_64-linux-gnu/libpng12.so.0.51.0
7ffc182c2000-7ffc182c3000 rw-p 00025000 08:05 2104574                    /lib/x86_64-linux-gnu/libpng12.so.0.51.0
7ffc182c3000-7ffc18309000 r-xp 00000000 08:05 2103488                    /lib/x86_64-linux-gnu/libdbus-1.so.3.8.7
7ffc18309000-7ffc18508000 ---p 00046000 08:05 2103488                    /lib/x86_64-linux-gnu/libdbus-1.so.3.8.7
7ffc18508000-7ffc1850a000 r--p 00045000 08:05 2103488                    /lib/x86_64-linux-gnu/libdbus-1.so.3.8.7
7ffc1850a000-7ffc1850b000 rw-p 00047000 08:05 2103488                    /lib/x86_64-linux-gnu/libdbus-1.so.3.8.7
7ffc1850b000-7ffc18589000 r-xp 00000000 08:05 2503220                    /usr/lib/x86_64-linux-gnu/libgmp.so.10.2.0
7ffc18589000-7ffc18789000 ---p 0007e000 08:05 2503220                    /usr/lib/x86_64-linux-gnu/libgmp.so.10.2.0
7ffc18789000-7ffc1878a000 r--p 0007e000 08:05 2503220                    /usr/lib/x86_64-linux-gnu/libgmp.so.10.2.0
7ffc1878a000-7ffc1878b000 rw-p 0007f000 08:05 2503220                    /usr/lib/x86_64-linux-gnu/libgmp.so.10.2.0
7ffc1878b000-7ffc187b7000 r-xp 00000000 08:05 2503377                    /usr/lib/x86_64-linux-gnu/libhogweed.so.2.5
7ffc187b7000-7ffc189b7000 ---p 0002c000 08:05 2503377                    /usr/lib/x86_64-linux-gnu/libhogweed.so.2.5
7ffc189b7000-7ffc189b8000 r--p 0002c000 08:05 2503377                    /usr/lib/x86_64-linux-gnu/libhogweed.so.2.5
7ffc189b8000-7ffc189b9000 rw-p 0002d000 08:05 2503377                    /usr/lib/x86_64-linux-gnu/libhogweed.so.2.5
7ffc189b9000-7ffc189e8000 r-xp 00000000 08:05 2503514                    /usr/lib/x86_64-linux-gnu/libnettle.so.4.7
7ffc189e8000-7ffc18be8000 ---p 0002f000 08:05 2503514                    /usr/lib/x86_64-linux-gnu/libnettle.so.4.7
7ffc18be8000-7ffc18be9000 r--p 0002f000 08:05 2503514                    /usr/lib/x86_64-linux-gnu/libnettle.so.4.7
7ffc18be9000-7ffc18bea000 rw-p 00030000 08:05 2503514                    /usr/lib/x86_64-linux-gnu/libnettle.so.4.7
7ffc18bea000-7ffc18bfb000 r-xp 00000000 08:05 2503765                    /usr/lib/x86_64-linux-gnu/libtasn1.so.6.3.0
7ffc18bfb000-7ffc18dfa000 ---p 00011000 08:05 2503765                    /usr/lib/x86_64-linux-gnu/libtasn1.so.6.3.0
7ffc18dfa000-7ffc18dfb000 r--p 00010000 08:05 2503765                    /usr/lib/x86_64-linux-gnu/libtasn1.so.6.3.0
7ffc18dfb000-7ffc18dfc000 rw-p 00011000 08:05 2503765                    /usr/lib/x86_64-linux-gnu/libtasn1.so.6.3.0
7ffc18dfc000-7ffc18e37000 r-xp 00000000 08:05 2503564                    /usr/lib/x86_64-linux-gnu/libp11-kit.so.0.0.0
7ffc18e37000-7ffc19036000 ---p 0003b000 08:05 2503564                    /usr/lib/x86_64-linux-gnu/libp11-kit.so.0.0.0
7ffc19036000-7ffc1903c000 r--p 0003a000 08:05 2503564                    /usr/lib/x86_64-linux-gnu/libp11-kit.so.0.0.0
7ffc1903c000-7ffc1903e000 rw-p 00040000 08:05 2503564                    /usr/lib/x86_64-linux-gnu/libp11-kit.so.0.0.0
7ffc1903e000-7ffc19048000 r-xp 00000000 08:05 2503442                    /usr/lib/x86_64-linux-gnu/libkrb5support.so.0.1
7ffc19048000-7ffc19247000 ---p 0000a000 08:05 2503442                    /usr/lib/x86_64-linux-gnu/libkrb5support.so.0.1
7ffc19247000-7ffc19248000 r--p 00009000 08:05 2503442                    /usr/lib/x86_64-linux-gnu/libkrb5support.so.0.1
7ffc19248000-7ffc19249000 rw-p 0000a000 08:05 2503442                    /usr/lib/x86_64-linux-gnu/libkrb5support.so.0.1
7ffc19249000-7ffc1924c000 r-xp 00000000 08:05 2104462                    /lib/x86_64-linux-gnu/libcom_err.so.2.1
7ffc1924c000-7ffc1944b000 ---p 00003000 08:05 2104462                    /lib/x86_64-linux-gnu/libcom_err.so.2.1
7ffc1944b000-7ffc1944c000 r--p 00002000 08:05 2104462                    /lib/x86_64-linux-gnu/libcom_err.so.2.1
7ffc1944c000-7ffc1944d000 rw-p 00003000 08:05 2104462                    /lib/x86_64-linux-gnu/libcom_err.so.2.1
7ffc1944d000-7ffc1947a000 r-xp 00000000 08:05 2503436                    /usr/lib/x86_64-linux-gnu/libk5crypto.so.3.1
7ffc1947a000-7ffc19679000 ---p 0002d000 08:05 2503436                    /usr/lib/x86_64-linux-gnu/libk5crypto.so.3.1
7ffc19679000-7ffc1967b000 r--p 0002c000 08:05 2503436                    /usr/lib/x86_64-linux-gnu/libk5crypto.so.3.1
7ffc1967b000-7ffc1967c000 rw-p 0002e000 08:05 2503436                    /usr/lib/x86_64-linux-gnu/libk5crypto.so.3.1
7ffc1967c000-7ffc1967d000 rw-p 00000000 00:00 0 
7ffc1967d000-7ffc1973d000 r-xp 00000000 08:05 2503440                    /usr/lib/x86_64-linux-gnu/libkrb5.so.3.3
7ffc1973d000-7ffc1993d000 ---p 000c0000 08:05 2503440                    /usr/lib/x86_64-linux-gnu/libkrb5.so.3.3
7ffc1993d000-7ffc1994a000 r--p 000c0000 08:05 2503440                    /usr/lib/x86_64-linux-gnu/libkrb5.so.3.3
7ffc1994a000-7ffc1994c000 rw-p 000cd000 08:05 2503440                    /usr/lib/x86_64-linux-gnu/libkrb5.so.3.3
7ffc1994c000-7ffc19972000 r-xp 00000000 08:05 2104475                    /lib/x86_64-linux-gnu/libexpat.so.1.6.0
7ffc19972000-7ffc19b71000 ---p 00026000 08:05 2104475                    /lib/x86_64-linux-gnu/libexpat.so.1.6.0
7ffc19b71000-7ffc19b74000 r--p 00025000 08:05 2104475                    /lib/x86_64-linux-gnu/libexpat.so.1.6.0
7ffc19b74000-7ffc19b75000 rw-p 00028000 08:05 2104475                    /lib/x86_64-linux-gnu/libexpat.so.1.6.0
7ffc19b75000-7ffc19c17000 r-xp 00000000 08:05 2503149                    /usr/lib/x86_64-linux-gnu/libfreetype.so.6.11.1
7ffc19c17000-7ffc19e16000 ---p 000a2000 08:05 2503149                    /usr/lib/x86_64-linux-gnu/libfreetype.so.6.11.1
7ffc19e16000-7ffc19e1c000 r--p 000a1000 08:05 2503149                    /usr/lib/x86_64-linux-gnu/libfreetype.so.6.11.1
7ffc19e1c000-7ffc19e1d000 rw-p 000a7000 08:05 2503149                    /usr/lib/x86_64-linux-gnu/libfreetype.so.6.11.1
7ffc19e1d000-7ffc19e2d000 r-xp 00000000 08:05 2502911                    /usr/lib/x86_64-linux-gnu/libavahi-client.so.3.2.9
7ffc19e2d000-7ffc1a02c000 ---p 00010000 08:05 2502911                    /usr/lib/x86_64-linux-gnu/libavahi-client.so.3.2.9
7ffc1a02c000-7ffc1a02d000 r--p 0000f000 08:05 2502911                    /usr/lib/x86_64-linux-gnu/libavahi-client.so.3.2.9
7ffc1a02d000-7ffc1a02e000 rw-p 00010000 08:05 2502911                    /usr/lib/x86_64-linux-gnu/libavahi-client.so.3.2.9
7ffc1a02e000-7ffc1a039000 r-xp 00000000 08:05 2502913                    /usr/lib/x86_64-linux-gnu/libavahi-common.so.3.5.3
7ffc1a039000-7ffc1a238000 ---p 0000b000 08:05 2502913                    /usr/lib/x86_64-linux-gnu/libavahi-common.so.3.5.3
7ffc1a238000-7ffc1a239000 r--p 0000a000 08:05 2502913                    /usr/lib/x86_64-linux-gnu/libavahi-common.so.3.5.3
7ffc1a239000-7ffc1a23a000 rw-p 0000b000 08:05 2502913                    /usr/lib/x86_64-linux-gnu/libavahi-common.so.3.5.3
7ffc1a23a000-7ffc1a339000 r-xp 00000000 08:05 2497998                    /usr/lib/x86_64-linux-gnu/libgnutls-deb0.so.28.30.7
7ffc1a339000-7ffc1a538000 ---p 000ff000 08:05 2497998                    /usr/lib/x86_64-linux-gnu/libgnutls-deb0.so.28.30.7
7ffc1a538000-7ffc1a541000 r--p 000fe000 08:05 2497998                    /usr/lib/x86_64-linux-gnu/libgnutls-deb0.so.28.30.7
7ffc1a541000-7ffc1a543000 rw-p 00107000 08:05 2497998                    /usr/lib/x86_64-linux-gnu/libgnutls-deb0.so.28.30.7
7ffc1a543000-7ffc1a588000 r-xp 00000000 08:05 2503265                    /usr/lib/x86_64-linux-gnu/libgssapi_krb5.so.2.2
7ffc1a588000-7ffc1a787000 ---p 00045000 08:05 2503265                    /usr/lib/x86_64-linux-gnu/libgssapi_krb5.so.2.2
7ffc1a787000-7ffc1a789000 r--p 00044000 08:05 2503265                    /usr/lib/x86_64-linux-gnu/libgssapi_krb5.so.2.2
7ffc1a789000-7ffc1a78a000 rw-p 00046000 08:05 2503265                    /usr/lib/x86_64-linux-gnu/libgssapi_krb5.so.2.2
7ffc1a78a000-7ffc1a78b000 rw-p 00000000 00:00 0 
7ffc1a78b000-7ffc1a7c6000 r-xp 00000000 08:05 2503121                    /usr/lib/x86_64-linux-gnu/libfontconfig.so.1.8.0
7ffc1a7c6000-7ffc1a9c5000 ---p 0003b000 08:05 2503121                    /usr/lib/x86_64-linux-gnu/libfontconfig.so.1.8.0
7ffc1a9c5000-7ffc1a9c7000 r--p 0003a000 08:05 2503121                    /usr/lib/x86_64-linux-gnu/libfontconfig.so.1.8.0
7ffc1a9c7000-7ffc1a9c8000 rw-p 0003c000 08:05 2503121                    /usr/lib/x86_64-linux-gnu/libfontconfig.so.1.8.0
7ffc1a9c8000-7ffc1aa35000 r-xp 00000000 08:05 2503010                    /usr/lib/x86_64-linux-gnu/libcups.so.2
7ffc1aa35000-7ffc1ac35000 ---p 0006d000 08:05 2503010                    /usr/lib/x86_64-linux-gnu/libcups.so.2
7ffc1ac35000-7ffc1ac3c000 r--p 0006d000 08:05 2503010                    /usr/lib/x86_64-linux-gnu/libcups.so.2
7ffc1ac3c000-7ffc1ac3d000 rw-p 00074000 08:05 2503010                    /usr/lib/x86_64-linux-gnu/libcups.so.2
7ffc1ac3d000-7ffc1ac44000 r-xp 00000000 08:05 2511776                    /usr/lib/jvm/java-7-openjdk-amd64/jre/lib/amd64/headless/libmawt.so
7ffc1ac44000-7ffc1ae43000 ---p 00007000 08:05 2511776                    /usr/lib/jvm/java-7-openjdk-amd64/jre/lib/amd64/headless/libmawt.so
7ffc1ae43000-7ffc1ae44000 r--p 00006000 08:05 2511776                    /usr/lib/jvm/java-7-openjdk-amd64/jre/lib/amd64/headless/libmawt.so
7ffc1ae44000-7ffc1ae45000 rw-p 00007000 08:05 2511776                    /usr/lib/jvm/java-7-openjdk-amd64/jre/lib/amd64/headless/libmawt.so
7ffc1ae45000-7ffc1aee5000 r-xp 00000000 08:05 2511790                    /usr/lib/jvm/java-7-openjdk-amd64/jre/lib/amd64/libawt.so
7ffc1aee5000-7ffc1b0e5000 ---p 000a0000 08:05 2511790                    /usr/lib/jvm/java-7-openjdk-amd64/jre/lib/amd64/libawt.so
7ffc1b0e5000-7ffc1b0e6000 r--p 000a0000 08:05 2511790                    /usr/lib/jvm/java-7-openjdk-amd64/jre/lib/amd64/libawt.so
7ffc1b0e6000-7ffc1b0f1000 rw-p 000a1000 08:05 2511790                    /usr/lib/jvm/java-7-openjdk-amd64/jre/lib/amd64/libawt.so
7ffc1b0f1000-7ffc1b116000 rw-p 00000000 00:00 0 
7ffc1b116000-7ffc1b117000 ---p 00000000 00:00 0 
7ffc1b117000-7ffc1b217000 rw-p 00000000 00:00 0                          [stack:2243]
7ffc1b217000-7ffc1b21a000 ---p 00000000 00:00 0 
7ffc1b21a000-7ffc1b318000 rw-p 00000000 00:00 0                          [stack:2228]
7ffc1b318000-7ffc1b31b000 ---p 00000000 00:00 0 
7ffc1b31b000-7ffc1b419000 rw-p 00000000 00:00 0                          [stack:2225]
7ffc1b419000-7ffc1b41c000 ---p 00000000 00:00 0 
7ffc1b41c000-7ffc1b51a000 rw-p 00000000 00:00 0                          [stack:2216]
7ffc1b51a000-7ffc1b51d000 ---p 00000000 00:00 0 
7ffc1b51d000-7ffc1b61b000 rw-p 00000000 00:00 0                          [stack:2202]
7ffc1b61b000-7ffc1bcfd000 r--p 00000000 08:05 2499634                    /usr/lib/locale/locale-archive
7ffc1bcfd000-7ffc1bd00000 ---p 00000000 00:00 0 
7ffc1bd00000-7ffc1bdfe000 rw-p 00000000 00:00 0                          [stack:2168]
7ffc1bdfe000-7ffc1be01000 ---p 00000000 00:00 0 
7ffc1be01000-7ffc1beff000 rw-p 00000000 00:00 0                          [stack:2160]
7ffc1beff000-7ffc1bf00000 ---p 00000000 00:00 0 
7ffc1bf00000-7ffc1c000000 rw-p 00000000 00:00 0                          [stack:2145]
7ffc1c000000-7ffc1c021000 rw-p 00000000 00:00 0 
7ffc1c021000-7ffc20000000 ---p 00000000 00:00 0 
7ffc20000000-7ffc20021000 rw-p 00000000 00:00 0 
7ffc20021000-7ffc24000000 ---p 00000000 00:00 0 
7ffc24000000-7ffc24021000 rw-p 00000000 00:00 0 
7ffc24021000-7ffc28000000 ---p 00000000 00:00 0 
7ffc28041000-7ffc28072000 rw-p 00000000 00:00 0 
7ffc28091000-7ffc28095000 r--s 00023000 00:26 1447793                    /home/oliver/projects/robocode/libs/robocode.ui.editor-1.9.2.4.jar
7ffc28095000-7ffc2809d000 r--s 0014d000 00:26 1447794                    /home/oliver/projects/robocode/libs/robocode.ui-1.9.2.4.jar
7ffc2809d000-7ffc2809f000 r--s 00014000 00:26 1447791                    /home/oliver/projects/robocode/libs/robocode.host-1.9.2.4.jar
7ffc2809f000-7ffc280a1000 r--s 0000d000 00:26 1447792                    /home/oliver/projects/robocode/libs/robocode.repository-1.9.2.4.jar
7ffc280a1000-7ffc280a5000 r--s 00027000 00:26 1447790                    /home/oliver/projects/robocode/libs/robocode.battle-1.9.2.4.jar
7ffc280a5000-7ffc280af000 r--s 00203000 08:05 2511797                    /usr/lib/jvm/java-7-openjdk-amd64/jre/lib/charsets.jar
7ffc280af000-7ffc29000000 rw-p 00000000 00:00 0 
7ffc29000000-7ffc29270000 rwxp 00000000 00:00 0 
7ffc29270000-7ffc2c2e0000 rw-p 00000000 00:00 0 
7ffc2c2e0000-7ffc30000000 ---p 00000000 00:00 0 
7ffc30000000-7ffc30001000 rw-p 00000000 00:00 0 
7ffc30001000-7ffc30002000 r--s 00021000 00:26 1447795                    /home/oliver/projects/robocode/libs/robocode.sound-1.9.2.4.jar
7ffc30002000-7ffc3000a000 r--s 00048000 00:26 1447788                    /home/oliver/projects/robocode/libs/picocontainer-2.14.2.jar
7ffc3000a000-7ffc30012000 r--s 00059000 00:26 1447789                    /home/oliver/projects/robocode/libs/codesize-1.1.jar
7ffc30012000-7ffc300be000 rw-p 00000000 00:00 0 
7ffc300be000-7ffc3026f000 r--s 01d25000 08:05 2511823                    /usr/lib/jvm/java-7-openjdk-amd64/jre/lib/rt.jar
7ffc3026f000-7ffc319eb000 rw-p 00000000 00:00 0 
7ffc319eb000-7ffc319ec000 ---p 00000000 00:00 0 
7ffc319ec000-7ffc31aec000 rw-p 00000000 00:00 0                          [stack:2096]
7ffc31aec000-7ffc31aed000 ---p 00000000 00:00 0 
7ffc31aed000-7ffc31bed000 rw-p 00000000 00:00 0                          [stack:2095]
7ffc31bed000-7ffc31bee000 ---p 00000000 00:00 0 
7ffc31bee000-7ffc31cee000 rw-p 00000000 00:00 0                          [stack:2093]
7ffc31cee000-7ffc31cef000 ---p 00000000 00:00 0 
7ffc31cef000-7ffc31e20000 rw-p 00000000 00:00 0                          [stack:2092]
7ffc31e20000-7ffc31e42000 rw-p 00000000 00:00 0 
7ffc31e42000-7ffc31e6b000 rw-p 00000000 00:00 0 
7ffc31e6b000-7ffc31eed000 rw-p 00000000 00:00 0 
7ffc31eed000-7ffc31f1e000 rw-p 00000000 00:00 0 
7ffc31f1e000-7ffc31f40000 rw-p 00000000 00:00 0 
7ffc31f40000-7ffc31f69000 rw-p 00000000 00:00 0 
7ffc31f69000-7ffc31fea000 rw-p 00000000 00:00 0 
7ffc31fea000-7ffc32029000 rw-p 00000000 00:00 0 
7ffc32029000-7ffc32040000 ---p 00000000 00:00 0 
7ffc32040000-7ffc32041000 rw-p 00000000 00:00 0 
7ffc32041000-7ffc32049000 r-xp 00000000 08:05 2511755                    /usr/lib/jvm/java-7-openjdk-amd64/jre/lib/amd64/libzip.so
7ffc32049000-7ffc32248000 ---p 00008000 08:05 2511755                    /usr/lib/jvm/java-7-openjdk-amd64/jre/lib/amd64/libzip.so
7ffc32248000-7ffc32249000 r--p 00007000 08:05 2511755                    /usr/lib/jvm/java-7-openjdk-amd64/jre/lib/amd64/libzip.so
7ffc32249000-7ffc3224a000 rw-p 00008000 08:05 2511755                    /usr/lib/jvm/java-7-openjdk-amd64/jre/lib/amd64/libzip.so
7ffc3224a000-7ffc32255000 r-xp 00000000 08:05 2103824                    /lib/x86_64-linux-gnu/libnss_files-2.19.so
7ffc32255000-7ffc32454000 ---p 0000b000 08:05 2103824                    /lib/x86_64-linux-gnu/libnss_files-2.19.so
7ffc32454000-7ffc32455000 r--p 0000a000 08:05 2103824                    /lib/x86_64-linux-gnu/libnss_files-2.19.so
7ffc32455000-7ffc32456000 rw-p 0000b000 08:05 2103824                    /lib/x86_64-linux-gnu/libnss_files-2.19.so
7ffc32456000-7ffc32461000 r-xp 00000000 08:05 2103816                    /lib/x86_64-linux-gnu/libnss_nis-2.19.so
7ffc32461000-7ffc32660000 ---p 0000b000 08:05 2103816                    /lib/x86_64-linux-gnu/libnss_nis-2.19.so
7ffc32660000-7ffc32661000 r--p 0000a000 08:05 2103816                    /lib/x86_64-linux-gnu/libnss_nis-2.19.so
7ffc32661000-7ffc32662000 rw-p 0000b000 08:05 2103816                    /lib/x86_64-linux-gnu/libnss_nis-2.19.so
7ffc32662000-7ffc32679000 r-xp 00000000 08:05 2103807                    /lib/x86_64-linux-gnu/libnsl-2.19.so
7ffc32679000-7ffc32878000 ---p 00017000 08:05 2103807                    /lib/x86_64-linux-gnu/libnsl-2.19.so
7ffc32878000-7ffc32879000 r--p 00016000 08:05 2103807                    /lib/x86_64-linux-gnu/libnsl-2.19.so
7ffc32879000-7ffc3287a000 rw-p 00017000 08:05 2103807                    /lib/x86_64-linux-gnu/libnsl-2.19.so
7ffc3287a000-7ffc3287c000 rw-p 00000000 00:00 0 
7ffc3287c000-7ffc32885000 r-xp 00000000 08:05 2103812                    /lib/x86_64-linux-gnu/libnss_compat-2.19.so
7ffc32885000-7ffc32a84000 ---p 00009000 08:05 2103812                    /lib/x86_64-linux-gnu/libnss_compat-2.19.so
7ffc32a84000-7ffc32a85000 r--p 00008000 08:05 2103812                    /lib/x86_64-linux-gnu/libnss_compat-2.19.so
7ffc32a85000-7ffc32a86000 rw-p 00009000 08:05 2103812                    /lib/x86_64-linux-gnu/libnss_compat-2.19.so
7ffc32a86000-7ffc32ab3000 r-xp 00000000 08:05 2511752                    /usr/lib/jvm/java-7-openjdk-amd64/jre/lib/amd64/libjava.so
7ffc32ab3000-7ffc32cb2000 ---p 0002d000 08:05 2511752                    /usr/lib/jvm/java-7-openjdk-amd64/jre/lib/amd64/libjava.so
7ffc32cb2000-7ffc32cb3000 r--p 0002c000 08:05 2511752                    /usr/lib/jvm/java-7-openjdk-amd64/jre/lib/amd64/libjava.so
7ffc32cb3000-7ffc32cb5000 rw-p 0002d000 08:05 2511752                    /usr/lib/jvm/java-7-openjdk-amd64/jre/lib/amd64/libjava.so
7ffc32cb5000-7ffc32cc6000 r-xp 00000000 08:05 2511767                    /usr/lib/jvm/java-7-openjdk-amd64/jre/lib/amd64/libverify.so
7ffc32cc6000-7ffc32ec5000 ---p 00011000 08:05 2511767                    /usr/lib/jvm/java-7-openjdk-amd64/jre/lib/amd64/libverify.so
7ffc32ec5000-7ffc32ec7000 r--p 00010000 08:05 2511767                    /usr/lib/jvm/java-7-openjdk-amd64/jre/lib/amd64/libverify.so
7ffc32ec7000-7ffc32ec8000 rw-p 00012000 08:05 2511767                    /usr/lib/jvm/java-7-openjdk-amd64/jre/lib/amd64/libverify.so
7ffc32ec8000-7ffc32ecf000 r-xp 00000000 08:05 2103815                    /lib/x86_64-linux-gnu/librt-2.19.so
7ffc32ecf000-7ffc330ce000 ---p 00007000 08:05 2103815                    /lib/x86_64-linux-gnu/librt-2.19.so
7ffc330ce000-7ffc330cf000 r--p 00006000 08:05 2103815                    /lib/x86_64-linux-gnu/librt-2.19.so
7ffc330cf000-7ffc330d0000 rw-p 00007000 08:05 2103815                    /lib/x86_64-linux-gnu/librt-2.19.so
7ffc330d0000-7ffc330e6000 r-xp 00000000 08:05 2104480                    /lib/x86_64-linux-gnu/libgcc_s.so.1
7ffc330e6000-7ffc332e5000 ---p 00016000 08:05 2104480                    /lib/x86_64-linux-gnu/libgcc_s.so.1
7ffc332e5000-7ffc332e6000 r--p 00015000 08:05 2104480                    /lib/x86_64-linux-gnu/libgcc_s.so.1
7ffc332e6000-7ffc332e7000 rw-p 00016000 08:05 2104480                    /lib/x86_64-linux-gnu/libgcc_s.so.1
7ffc332e7000-7ffc333ec000 r-xp 00000000 08:05 2103817                    /lib/x86_64-linux-gnu/libm-2.19.so
7ffc333ec000-7ffc335eb000 ---p 00105000 08:05 2103817                    /lib/x86_64-linux-gnu/libm-2.19.so
7ffc335eb000-7ffc335ec000 r--p 00104000 08:05 2103817                    /lib/x86_64-linux-gnu/libm-2.19.so
7ffc335ec000-7ffc335ed000 rw-p 00105000 08:05 2103817                    /lib/x86_64-linux-gnu/libm-2.19.so
7ffc335ed000-7ffc336dd000 r-xp 00000000 08:05 2503759                    /usr/lib/x86_64-linux-gnu/libstdc++.so.6.0.20
7ffc336dd000-7ffc338dd000 ---p 000f0000 08:05 2503759                    /usr/lib/x86_64-linux-gnu/libstdc++.so.6.0.20
7ffc338dd000-7ffc338e5000 r--p 000f0000 08:05 2503759                    /usr/lib/x86_64-linux-gnu/libstdc++.so.6.0.20
7ffc338e5000-7ffc338e7000 rw-p 000f8000 08:05 2503759                    /usr/lib/x86_64-linux-gnu/libstdc++.so.6.0.20
7ffc338e7000-7ffc338fc000 rw-p 00000000 00:00 0 
7ffc338fc000-7ffc34449000 r-xp 00000000 08:05 2511781                    /usr/lib/jvm/java-7-openjdk-amd64/jre/lib/amd64/server/libjvm.so
7ffc34449000-7ffc34649000 ---p 00b4d000 08:05 2511781                    /usr/lib/jvm/java-7-openjdk-amd64/jre/lib/amd64/server/libjvm.so
7ffc34649000-7ffc346e8000 r--p 00b4d000 08:05 2511781                    /usr/lib/jvm/java-7-openjdk-amd64/jre/lib/amd64/server/libjvm.so
7ffc346e8000-7ffc3470b000 rw-p 00bec000 08:05 2511781                    /usr/lib/jvm/java-7-openjdk-amd64/jre/lib/amd64/server/libjvm.so
7ffc3470b000-7ffc34738000 rw-p 00000000 00:00 0 
7ffc34738000-7ffc34750000 r-xp 00000000 08:05 2104624                    /lib/x86_64-linux-gnu/libz.so.1.2.8
7ffc34750000-7ffc3494f000 ---p 00018000 08:05 2104624                    /lib/x86_64-linux-gnu/libz.so.1.2.8
7ffc3494f000-7ffc34950000 r--p 00017000 08:05 2104624                    /lib/x86_64-linux-gnu/libz.so.1.2.8
7ffc34950000-7ffc34951000 rw-p 00018000 08:05 2104624                    /lib/x86_64-linux-gnu/libz.so.1.2.8
7ffc34951000-7ffc34969000 r-xp 00000000 08:05 2103813                    /lib/x86_64-linux-gnu/libpthread-2.19.so
7ffc34969000-7ffc34b69000 ---p 00018000 08:05 2103813                    /lib/x86_64-linux-gnu/libpthread-2.19.so
7ffc34b69000-7ffc34b6a000 r--p 00018000 08:05 2103813                    /lib/x86_64-linux-gnu/libpthread-2.19.so
7ffc34b6a000-7ffc34b6b000 rw-p 00019000 08:05 2103813                    /lib/x86_64-linux-gnu/libpthread-2.19.so
7ffc34b6b000-7ffc34b6f000 rw-p 00000000 00:00 0 
7ffc34b6f000-7ffc34b72000 r-xp 00000000 08:05 2103923                    /lib/x86_64-linux-gnu/libdl-2.19.so
7ffc34b72000-7ffc34d71000 ---p 00003000 08:05 2103923                    /lib/x86_64-linux-gnu/libdl-2.19.so
7ffc34d71000-7ffc34d72000 r--p 00002000 08:05 2103923                    /lib/x86_64-linux-gnu/libdl-2.19.so
7ffc34d72000-7ffc34d73000 rw-p 00003000 08:05 2103923                    /lib/x86_64-linux-gnu/libdl-2.19.so
7ffc34d73000-7ffc34f2d000 r-xp 00000000 08:05 2103806                    /lib/x86_64-linux-gnu/libc-2.19.so
7ffc34f2d000-7ffc3512d000 ---p 001ba000 08:05 2103806                    /lib/x86_64-linux-gnu/libc-2.19.so
7ffc3512d000-7ffc35131000 r--p 001ba000 08:05 2103806                    /lib/x86_64-linux-gnu/libc-2.19.so
7ffc35131000-7ffc35133000 rw-p 001be000 08:05 2103806                    /lib/x86_64-linux-gnu/libc-2.19.so
7ffc35133000-7ffc35138000 rw-p 00000000 00:00 0 
7ffc35138000-7ffc35145000 r-xp 00000000 08:05 2511787                    /usr/lib/jvm/java-7-openjdk-amd64/jre/lib/amd64/jli/libjli.so
7ffc35145000-7ffc35344000 ---p 0000d000 08:05 2511787                    /usr/lib/jvm/java-7-openjdk-amd64/jre/lib/amd64/jli/libjli.so
7ffc35344000-7ffc35345000 r--p 0000c000 08:05 2511787                    /usr/lib/jvm/java-7-openjdk-amd64/jre/lib/amd64/jli/libjli.so
7ffc35345000-7ffc35346000 rw-p 0000d000 08:05 2511787                    /usr/lib/jvm/java-7-openjdk-amd64/jre/lib/amd64/jli/libjli.so
7ffc35346000-7ffc35369000 r-xp 00000000 08:05 2103819                    /lib/x86_64-linux-gnu/ld-2.19.so
7ffc35369000-7ffc3536a000 r--p 00000000 08:05 143970                     /usr/share/locale-langpack/en_GB/LC_MESSAGES/libc.mo
7ffc3536a000-7ffc3536e000 r--s 0002e000 00:26 1447787                    /home/oliver/projects/robocode/libs/robocode.core-1.9.2.4.jar
7ffc3536e000-7ffc35374000 r--s 00026000 00:26 1447785                    /home/oliver/projects/robocode/libs/robocode.jar
7ffc35374000-7ffc35376000 r--s 00012000 08:05 2511800                    /usr/lib/jvm/java-7-openjdk-amd64/jre/lib/ext/zipfs.jar
7ffc35376000-7ffc3537a000 r--s 00085000 08:05 2511799                    /usr/lib/jvm/java-7-openjdk-amd64/jre/lib/ext/localedata.jar
7ffc3537a000-7ffc3537e000 r--s 00034000 08:05 2511801                    /usr/lib/jvm/java-7-openjdk-amd64/jre/lib/ext/sunjce_provider.jar
7ffc3537e000-7ffc35381000 r--s 0000f000 08:05 2511803                    /usr/lib/jvm/java-7-openjdk-amd64/jre/lib/ext/icedtea-sound.jar
7ffc35381000-7ffc3538b000 rw-p 00000000 00:00 0 
7ffc3538b000-7ffc35441000 rw-p 00000000 00:00 0 
7ffc35441000-7ffc35444000 ---p 00000000 00:00 0 
7ffc35444000-7ffc35547000 rw-p 00000000 00:00 0                          [stack:2060]
7ffc35547000-7ffc3554b000 r--s 0003c000 08:05 2511804                    /usr/lib/jvm/java-7-openjdk-amd64/jre/lib/ext/sunpkcs11.jar
7ffc3554b000-7ffc3554c000 r--s 00002000 08:05 2511802                    /usr/lib/jvm/java-7-openjdk-amd64/jre/lib/ext/dnsns.jar
7ffc3554c000-7ffc3554e000 r--s 00006000 08:05 2900065                    /usr/share/java/java-atk-wrapper.jar
7ffc3554e000-7ffc3555c000 rw-p 00000000 00:00 0 
7ffc3555c000-7ffc35564000 rw-s 00000000 08:05 2372676                    /tmp/hsperfdata_oliver/2040
7ffc35564000-7ffc35565000 rw-p 00000000 00:00 0 
7ffc35565000-7ffc35566000 ---p 00000000 00:00 0 
7ffc35566000-7ffc35568000 rw-p 00000000 00:00 0 
7ffc35568000-7ffc35569000 r--p 00022000 08:05 2103819                    /lib/x86_64-linux-gnu/ld-2.19.so
7ffc35569000-7ffc3556a000 rw-p 00023000 08:05 2103819                    /lib/x86_64-linux-gnu/ld-2.19.so
7ffc3556a000-7ffc3556b000 rw-p 00000000 00:00 0 
7fffab6c3000-7fffab6e4000 rw-p 00000000 00:00 0                          [stack]
7fffab7fc000-7fffab7fe000 r-xp 00000000 00:00 0                          [vdso]
7fffab7fe000-7fffab800000 r--p 00000000 00:00 0                          [vvar]
ffffffffff600000-ffffffffff601000 r-xp 00000000 00:00 0                  [vsyscall]

VM Arguments:
jvm_args: -Djava.awt.headless=true -DROBOTPATH=/home/oliver/projects/robocode/robots/ -Xmx512M -Dsun.io.useCanonCaches=false 
java_command: robocode.Robocode -battle /tmp/tmpNlMI_T.battle -nodisplay -nosound -results /tmp/tmpQ0ivt0
Launcher Type: SUN_STANDARD

Environment Variables:
PATH=/usr/local/sbin:/usr/local/bin:/usr/sbin:/usr/bin:/sbin:/bin:/usr/games:/usr/local/games:/home/oliver/go/bin:/home/oliver/projects/evco/wallace/bin:/home/oliver/.rvm/bin:/home/oliver/.rvm/bin
SHELL=/bin/bash
DISPLAY=:0

Signal Handlers:
SIGSEGV: [libjvm.so+0x981590], sa_mask[0]=0x7ffbfeff, sa_flags=0x10000004
SIGBUS: [libjvm.so+0x981590], sa_mask[0]=0x7ffbfeff, sa_flags=0x10000004
SIGFPE: [libjvm.so+0x7efd60], sa_mask[0]=0x7ffbfeff, sa_flags=0x10000004
SIGPIPE: [libjvm.so+0x7efd60], sa_mask[0]=0x7ffbfeff, sa_flags=0x10000004
SIGXFSZ: [libjvm.so+0x7efd60], sa_mask[0]=0x7ffbfeff, sa_flags=0x10000004
SIGILL: [libjvm.so+0x7efd60], sa_mask[0]=0x7ffbfeff, sa_flags=0x10000004
SIGUSR1: SIG_DFL, sa_mask[0]=0x00000000, sa_flags=0x00000000
SIGUSR2: [libjvm.so+0x7efbe0], sa_mask[0]=0x00000000, sa_flags=0x10000004
SIGHUP: [libjvm.so+0x7efde0], sa_mask[0]=0x7ffbfeff, sa_flags=0x10000004
SIGINT: [libjvm.so+0x7efde0], sa_mask[0]=0x7ffbfeff, sa_flags=0x10000004
SIGTERM: [libjvm.so+0x7efde0], sa_mask[0]=0x7ffbfeff, sa_flags=0x10000004
SIGQUIT: [libjvm.so+0x7efde0], sa_mask[0]=0x7ffbfeff, sa_flags=0x10000004
SIGTRAP: SIG_DFL, sa_mask[0]=0x00000000, sa_flags=0x00000000


---------------  S Y S T E M  ---------------

OS:Ubuntu 14.10 (utopic)
uname:Linux 3.16.0-28-generic #38-Ubuntu SMP Fri Dec 12 17:37:40 UTC 2014 x86_64
libc:glibc 2.19 NPTL 2.19 
rlimit: STACK 8192k, CORE 0k, NPROC 31299, NOFILE 4096, AS infinity
load average:24.05 24.02 31.92

/proc/meminfo:
MemTotal:        8042924 kB
MemFree:          120828 kB
MemAvailable:      55960 kB
Buffers:             264 kB
Cached:            57756 kB
SwapCached:            0 kB
Active:          7608472 kB
Inactive:          53900 kB
Active(anon):    7606124 kB
Inactive(anon):    44728 kB
Active(file):       2348 kB
Inactive(file):     9172 kB
Unevictable:          32 kB
Mlocked:              32 kB
SwapTotal:             0 kB
SwapFree:              0 kB
Dirty:                64 kB
Writeback:             0 kB
AnonPages:       7604940 kB
Mapped:            82124 kB
Shmem:             45944 kB
Slab:              70128 kB
SReclaimable:      27668 kB
SUnreclaim:        42460 kB
KernelStack:       12352 kB
PageTables:        52880 kB
NFS_Unstable:          0 kB
Bounce:                0 kB
WritebackTmp:          0 kB
CommitLimit:     4021460 kB
Committed_AS:   14054612 kB
VmallocTotal:   34359738367 kB
VmallocUsed:      393032 kB
VmallocChunk:   34359331836 kB
HardwareCorrupted:     0 kB
AnonHugePages:   4982784 kB
HugePages_Total:       0
HugePages_Free:        0
HugePages_Rsvd:        0
HugePages_Surp:        0
Hugepagesize:       2048 kB
DirectMap4k:      218828 kB
DirectMap2M:     8036352 kB
DirectMap1G:           0 kB


CPU:total 4 (4 cores per cpu, 1 threads per core) family 6 model 60 stepping 3, cmov, cx8, fxsr, mmx, sse, sse2, sse3, ssse3, sse4.1, sse4.2, popcnt, avx, avx2, aes, erms, tsc, tscinvbit

/proc/cpuinfo:
processor	: 0
vendor_id	: GenuineIntel
cpu family	: 6
model		: 60
model name	: Intel(R) Core(TM) i5-4690K CPU @ 3.50GHz
stepping	: 3
microcode	: 0x17
cpu MHz		: 3699.882
cache size	: 6144 KB
physical id	: 0
siblings	: 4
core id		: 0
cpu cores	: 4
apicid		: 0
initial apicid	: 0
fpu		: yes
fpu_exception	: yes
cpuid level	: 13
wp		: yes
flags		: fpu vme de pse tsc msr pae mce cx8 apic sep mtrr pge mca cmov pat pse36 clflush dts acpi mmx fxsr sse sse2 ss ht tm pbe syscall nx pdpe1gb rdtscp lm constant_tsc arch_perfmon pebs bts rep_good nopl xtopology nonstop_tsc aperfmperf eagerfpu pni pclmulqdq dtes64 monitor ds_cpl vmx est tm2 ssse3 fma cx16 xtpr pdcm pcid sse4_1 sse4_2 x2apic movbe popcnt tsc_deadline_timer aes xsave avx f16c rdrand lahf_lm abm ida arat xsaveopt pln pts dtherm tpr_shadow vnmi flexpriority ept vpid fsgsbase tsc_adjust bmi1 hle avx2 smep bmi2 erms invpcid rtm
bogomips	: 6999.88
clflush size	: 64
cache_alignment	: 64
address sizes	: 39 bits physical, 48 bits virtual
power management:

processor	: 1
vendor_id	: GenuineIntel
cpu family	: 6
model		: 60
model name	: Intel(R) Core(TM) i5-4690K CPU @ 3.50GHz
stepping	: 3
microcode	: 0x17
cpu MHz		: 3700.019
cache size	: 6144 KB
physical id	: 0
siblings	: 4
core id		: 1
cpu cores	: 4
apicid		: 2
initial apicid	: 2
fpu		: yes
fpu_exception	: yes
cpuid level	: 13
wp		: yes
flags		: fpu vme de pse tsc msr pae mce cx8 apic sep mtrr pge mca cmov pat pse36 clflush dts acpi mmx fxsr sse sse2 ss ht tm pbe syscall nx pdpe1gb rdtscp lm constant_tsc arch_perfmon pebs bts rep_good nopl xtopology nonstop_tsc aperfmperf eagerfpu pni pclmulqdq dtes64 monitor ds_cpl vmx est tm2 ssse3 fma cx16 xtpr pdcm pcid sse4_1 sse4_2 x2apic movbe popcnt tsc_deadline_timer aes xsave avx f16c rdrand lahf_lm abm ida arat xsaveopt pln pts dtherm tpr_shadow vnmi flexpriority ept vpid fsgsbase tsc_adjust bmi1 hle avx2 smep bmi2 erms invpcid rtm
bogomips	: 6999.88
clflush size	: 64
cache_alignment	: 64
address sizes	: 39 bits physical, 48 bits virtual
power management:

processor	: 2
vendor_id	: GenuineIntel
cpu family	: 6
model		: 60
model name	: Intel(R) Core(TM) i5-4690K CPU @ 3.50GHz
stepping	: 3
microcode	: 0x17
cpu MHz		: 3700.019
cache size	: 6144 KB
physical id	: 0
siblings	: 4
core id		: 2
cpu cores	: 4
apicid		: 4
initial apicid	: 4
fpu		: yes
fpu_exception	: yes
cpuid level	: 13
wp		: yes
flags		: fpu vme de pse tsc msr pae mce cx8 apic sep mtrr pge mca cmov pat pse36 clflush dts acpi mmx fxsr sse sse2 ss ht tm pbe syscall nx pdpe1gb rdtscp lm constant_tsc arch_perfmon pebs bts rep_good nopl xtopology nonstop_tsc aperfmperf eagerfpu pni pclmulqdq dtes64 monitor ds_cpl vmx est tm2 ssse3 fma cx16 xtpr pdcm pcid sse4_1 sse4_2 x2apic movbe popcnt tsc_deadline_timer aes xsave avx f16c rdrand lahf_lm abm ida arat xsaveopt pln pts dtherm tpr_shadow vnmi flexpriority ept vpid fsgsbase tsc_adjust bmi1 hle avx2 smep bmi2 erms invpcid rtm
bogomips	: 6999.88
clflush size	: 64
cache_alignment	: 64
address sizes	: 39 bits physical, 48 bits virtual
power management:

processor	: 3
vendor_id	: GenuineIntel
cpu family	: 6
model		: 60
model name	: Intel(R) Core(TM) i5-4690K CPU @ 3.50GHz
stepping	: 3
microcode	: 0x17
cpu MHz		: 3699.746
cache size	: 6144 KB
physical id	: 0
siblings	: 4
core id		: 3
cpu cores	: 4
apicid		: 6
initial apicid	: 6
fpu		: yes
fpu_exception	: yes
cpuid level	: 13
wp		: yes
flags		: fpu vme de pse tsc msr pae mce cx8 apic sep mtrr pge mca cmov pat pse36 clflush dts acpi mmx fxsr sse sse2 ss ht tm pbe syscall nx pdpe1gb rdtscp lm constant_tsc arch_perfmon pebs bts rep_good nopl xtopology nonstop_tsc aperfmperf eagerfpu pni pclmulqdq dtes64 monitor ds_cpl vmx est tm2 ssse3 fma cx16 xtpr pdcm pcid sse4_1 sse4_2 x2apic movbe popcnt tsc_deadline_timer aes xsave avx f16c rdrand lahf_lm abm ida arat xsaveopt pln pts dtherm tpr_shadow vnmi flexpriority ept vpid fsgsbase tsc_adjust bmi1 hle avx2 smep bmi2 erms invpcid rtm
bogomips	: 6999.88
clflush size	: 64
cache_alignment	: 64
address sizes	: 39 bits physical, 48 bits virtual
power management:



Memory: 4k page, physical 8042924k(120580k free), swap 0k(0k free)

vm_info: OpenJDK 64-Bit Server VM (24.65-b04) for linux-amd64 JRE (1.7.0_65-b32), built on Oct 22 2014 04:20:25 by "buildd" with gcc 4.9.1

time: Mon Jan  5 01:14:03 2015
elapsed time: 87 seconds

