#
# There is insufficient memory for the Java Runtime Environment to continue.
# Native memory allocation (malloc) failed to allocate 524288 bytes for committing reserved memory.
# Possible reasons:
#   The system is out of physical RAM or swap space
#   In 32 bit mode, the process size limit was hit
# Possible solutions:
#   Reduce memory load on the system
#   Increase physical memory or swap space
#   Check if swap backing store is full
#   Use 64 bit Java on a 64 bit OS
#   Decrease Java heap size (-Xmx/-Xms)
#   Decrease number of Java threads
#   Decrease Java thread stack sizes (-Xss)
#   Set larger code cache with -XX:ReservedCodeCacheSize=
# This output file may be truncated or incomplete.
#
#  Out of Memory Error (os_linux.cpp:2798), pid=24897, tid=140130008815360
#
# JRE version: OpenJDK Runtime Environment (7.0_65-b32) (build 1.7.0_65-b32)
# Java VM: OpenJDK 64-Bit Server VM (24.65-b04 mixed mode linux-amd64 compressed oops)
# Derivative: IcedTea 2.5.3
# Distribution: Ubuntu 14.10, package 7u71-2.5.3-0ubuntu1
# Failed to write core dump. Core dumps have been disabled. To enable core dumping, try "ulimit -c unlimited" before starting Java again
#

---------------  T H R E A D  ---------------

Current thread (0x00007f72cc2d1000):  JavaThread "Robocode main thread" [_thread_in_vm, id=25175, stack(0x00007f728f55d000,0x00007f728f65e000)]

Stack: [0x00007f728f55d000,0x00007f728f65e000],  sp=0x00007f728f65ae00,  free space=1015k
Native frames: (J=compiled Java code, j=interpreted, Vv=VM code, C=native code)
V  [libjvm.so+0x980aa6]  VMError::report_and_die()+0x186
V  [libjvm.so+0x48fed2]  report_vm_out_of_memory(char const*, int, unsigned long, char const*)+0x92
V  [libjvm.so+0x7f480b]  os::pd_commit_memory(char*, unsigned long, unsigned long, bool)+0xeb
V  [libjvm.so+0x7eef1e]  os::commit_memory(char*, unsigned long, unsigned long, bool)+0x2e
V  [libjvm.so+0x86100b]  PSVirtualSpace::expand_by(unsigned long)+0x5b
V  [libjvm.so+0x84f80a]  PSOldGen::expand_by(unsigned long) [clone .part.29]+0x2a
V  [libjvm.so+0x84f9c0]  PSOldGen::expand(unsigned long) [clone .part.30]+0xc0
V  [libjvm.so+0x8502af]  PSOldGen::expand_and_allocate(unsigned long)+0x1f
V  [libjvm.so+0x814b78]  ParallelScavengeHeap::permanent_mem_allocate(unsigned long)+0x88
V  [libjvm.so+0x6e77cc]  Klass_vtbl::operator new(unsigned long, KlassHandle&, int, Thread*)+0x4c
V  [libjvm.so+0x5c1bd2]  instanceKlass::allocate_permanent(KlassHandle&, int, Thread*) const+0x22
V  [libjvm.so+0x6e718f]  Klass::base_create_klass_oop(KlassHandle&, int, Klass_vtbl const&, Thread*)+0x3f
V  [libjvm.so+0x6e759f]  Klass::base_create_klass(KlassHandle&, int, Klass_vtbl const&, Thread*)+0xf
V  [libjvm.so+0x5c669f]  instanceKlassKlass::allocate_instance_klass(Symbol*, int, int, int, unsigned int, AccessFlags, ReferenceType, KlassHandle, Thread*)+0x11f
V  [libjvm.so+0x7e73a3]  oopFactory::new_instanceKlass(Symbol*, int, int, int, unsigned int, AccessFlags, ReferenceType, KlassHandle, Thread*)+0x33
V  [libjvm.so+0x405673]  ClassFileParser::parseClassFile(Symbol*, Handle, Handle, KlassHandle, GrowableArray<Handle>*, TempNewSymbol&, bool, Thread*)+0x1873
V  [libjvm.so+0x8f8479]  SystemDictionary::resolve_from_stream(Symbol*, Handle, Handle, ClassFileStream*, bool, Thread*)+0x109
V  [libjvm.so+0x6399e8]  jvm_define_class_common(JNIEnv_*, char const*, _jobject*, signed char const*, int, _jobject*, char const*, unsigned char, Thread*)+0x248
V  [libjvm.so+0x63af3c]  JVM_DefineClassWithSource+0xbc
C  [libjava.so+0xd798]  Java_java_lang_ClassLoader_defineClass1+0x2c8
j  java.lang.ClassLoader.defineClass1(Ljava/lang/String;[BIILjava/security/ProtectionDomain;Ljava/lang/String;)Ljava/lang/Class;+0
j  java.lang.ClassLoader.defineClass(Ljava/lang/String;[BIILjava/security/ProtectionDomain;)Ljava/lang/Class;+30
j  java.lang.ClassLoader.defineClass(Ljava/lang/String;Ljava/nio/ByteBuffer;Ljava/security/ProtectionDomain;)Ljava/lang/Class;+38
J 444 C2 net.sf.robocode.host.security.RobotClassLoader.loadClass(Ljava/lang/String;Z)Ljava/lang/Class; (58 bytes) @ 0x00007f72c82dee88 [0x00007f72c82de560+0x928]
J 599 C2 net.sf.robocode.repository.items.RobotItem.validateType(Z)V (54 bytes) @ 0x00007f72c83376fc [0x00007f72c83364c0+0x123c]
J 590 C2 net.sf.robocode.repository.items.RobotItem.update(JZ)V (97 bytes) @ 0x00007f72c83424ec [0x00007f72c8342440+0xac]
j  net.sf.robocode.repository.root.ClasspathRoot.updateItems(Z)V+108
j  net.sf.robocode.repository.root.handlers.ClassPathHandler.handleDirectory(Ljava/io/File;Ljava/io/File;Ljava/util/Map;Lnet/sf/robocode/repository/IRepository;Z)V+71
j  net.sf.robocode.repository.root.handlers.ClassPathHandler.visitDirectory(Ljava/io/File;ZLjava/util/Map;Lnet/sf/robocode/repository/IRepository;Z)V+171
j  net.sf.robocode.repository.root.handlers.RootHandler.visitDirectories(Ljava/io/File;ZLjava/util/Map;Lnet/sf/robocode/repository/IRepository;Z)V+47
j  net.sf.robocode.repository.RepositoryManager.update(Ljava/io/File;Ljava/util/Collection;Z)Z+35
j  net.sf.robocode.repository.RepositoryManager.refresh(Z)Z+10
j  net.sf.robocode.repository.RepositoryManager.reload(Z)V+77
j  net.sf.robocode.repository.RepositoryManager.checkDbExists()V+9
j  net.sf.robocode.repository.RepositoryManager.loadSelectedRobots(Ljava/lang/String;)[Lrobocode/control/RobotSpecification;+1
j  net.sf.robocode.battle.BattleManager.startNewBattle(Lnet/sf/robocode/battle/BattleProperties;ZZ)V+13
j  net.sf.robocode.core.RobocodeMain.run()V+318
j  java.lang.Thread.run()V+11
v  ~StubRoutines::call_stub
V  [libjvm.so+0x5fc644]  JavaCalls::call_helper(JavaValue*, methodHandle*, JavaCallArguments*, Thread*)+0x354
V  [libjvm.so+0x5fb36e]  JavaCalls::call_virtual(JavaValue*, Handle, KlassHandle, Symbol*, Symbol*, Thread*)+0x21e
V  [libjvm.so+0x6389df]  thread_entry(JavaThread*, Thread*)+0xdf
V  [libjvm.so+0x92ec48]  JavaThread::thread_main_inner()+0x118
V  [libjvm.so+0x92eed1]  JavaThread::run()+0x231
V  [libjvm.so+0x7f14f2]  java_start(Thread*)+0xf2

Java frames: (J=compiled Java code, j=interpreted, Vv=VM code)
j  java.lang.ClassLoader.defineClass1(Ljava/lang/String;[BIILjava/security/ProtectionDomain;Ljava/lang/String;)Ljava/lang/Class;+0
j  java.lang.ClassLoader.defineClass(Ljava/lang/String;[BIILjava/security/ProtectionDomain;)Ljava/lang/Class;+30
j  java.lang.ClassLoader.defineClass(Ljava/lang/String;Ljava/nio/ByteBuffer;Ljava/security/ProtectionDomain;)Ljava/lang/Class;+38
J 444 C2 net.sf.robocode.host.security.RobotClassLoader.loadClass(Ljava/lang/String;Z)Ljava/lang/Class; (58 bytes) @ 0x00007f72c82dee88 [0x00007f72c82de560+0x928]
J 599 C2 net.sf.robocode.repository.items.RobotItem.validateType(Z)V (54 bytes) @ 0x00007f72c83376fc [0x00007f72c83364c0+0x123c]
J 590 C2 net.sf.robocode.repository.items.RobotItem.update(JZ)V (97 bytes) @ 0x00007f72c83424ec [0x00007f72c8342440+0xac]
j  net.sf.robocode.repository.root.ClasspathRoot.updateItems(Z)V+108
j  net.sf.robocode.repository.root.handlers.ClassPathHandler.handleDirectory(Ljava/io/File;Ljava/io/File;Ljava/util/Map;Lnet/sf/robocode/repository/IRepository;Z)V+71
j  net.sf.robocode.repository.root.handlers.ClassPathHandler.visitDirectory(Ljava/io/File;ZLjava/util/Map;Lnet/sf/robocode/repository/IRepository;Z)V+171
j  net.sf.robocode.repository.root.handlers.RootHandler.visitDirectories(Ljava/io/File;ZLjava/util/Map;Lnet/sf/robocode/repository/IRepository;Z)V+47
j  net.sf.robocode.repository.RepositoryManager.update(Ljava/io/File;Ljava/util/Collection;Z)Z+35
j  net.sf.robocode.repository.RepositoryManager.refresh(Z)Z+10
j  net.sf.robocode.repository.RepositoryManager.reload(Z)V+77
j  net.sf.robocode.repository.RepositoryManager.checkDbExists()V+9
j  net.sf.robocode.repository.RepositoryManager.loadSelectedRobots(Ljava/lang/String;)[Lrobocode/control/RobotSpecification;+1
j  net.sf.robocode.battle.BattleManager.startNewBattle(Lnet/sf/robocode/battle/BattleProperties;ZZ)V+13
j  net.sf.robocode.core.RobocodeMain.run()V+318
j  java.lang.Thread.run()V+11
v  ~StubRoutines::call_stub

---------------  P R O C E S S  ---------------

Java Threads: ( => current thread )
  0x00007f72cc00a000 JavaThread "DestroyJavaVM" [_thread_blocked, id=24932, stack(0x00007f72d2627000,0x00007f72d2728000)]
=>0x00007f72cc2d1000 JavaThread "Robocode main thread" [_thread_in_vm, id=25175, stack(0x00007f728f55d000,0x00007f728f65e000)]
  0x00007f72cc0b1000 JavaThread "Service Thread" daemon [_thread_blocked, id=25096, stack(0x00007f72c5e31000,0x00007f72c5f32000)]
  0x00007f72cc0af000 JavaThread "C2 CompilerThread1" daemon [_thread_blocked, id=25088, stack(0x00007f72c5f32000,0x00007f72c6033000)]
  0x00007f72cc0ac000 JavaThread "C2 CompilerThread0" daemon [_thread_blocked, id=25079, stack(0x00007f72c6033000,0x00007f72c6134000)]
  0x00007f72cc0a9800 JavaThread "Signal Dispatcher" daemon [_thread_blocked, id=25068, stack(0x00007f72c6134000,0x00007f72c6235000)]
  0x00007f72cc07c000 JavaThread "Finalizer" daemon [_thread_blocked, id=25032, stack(0x00007f72c6917000,0x00007f72c6a18000)]
  0x00007f72cc07a000 JavaThread "Reference Handler" daemon [_thread_blocked, id=25006, stack(0x00007f72c6a18000,0x00007f72c6b19000)]

Other Threads:
  0x00007f72cc075800 VMThread [stack: 0x00007f72c6b19000,0x00007f72c6c1a000] [id=24988]
  0x00007f72cc0bc000 WatcherThread [stack: 0x00007f72c5d30000,0x00007f72c5e31000] [id=25102]

VM state:not at safepoint (normal execution)

VM Mutex/Monitor currently owned by a thread:  ([mutex/lock_event])
[0x00007f72cc005fd0] ExpandHeap_lock - owner thread: 0x00007f72cc2d1000
[0x00007f72cc006b50] Heap_lock - owner thread: 0x00007f72cc2d1000

Heap
 PSYoungGen      total 124928K, used 108478K [0x00000000f5500000, 0x00000000fe800000, 0x0000000100000000)
  eden space 120832K, 86% used [0x00000000f5500000,0x00000000fbb07ab8,0x00000000fcb00000)
  from space 4096K, 97% used [0x00000000fd600000,0x00000000fd9e8000,0x00000000fda00000)
  to   space 11264K, 0% used [0x00000000fdd00000,0x00000000fdd00000,0x00000000fe800000)
 ParOldGen       total 83456K, used 53934K [0x00000000e0000000, 0x00000000e5180000, 0x00000000f5500000)
  object space 83456K, 64% used [0x00000000e0000000,0x00000000e34aba90,0x00000000e5180000)
 PSPermGen       total 78848K, used 78846K [0x00000000d5a00000, 0x00000000da700000, 0x00000000e0000000)
  object space 78848K, 99% used [0x00000000d5a00000,0x00000000da6ff8c0,0x00000000da700000)

Card table byte_map: [0x00007f72c8025000,0x00007f72c8179000] byte_map_base: 0x00007f72c7978000

Polling page: 0x00007f72d274b000

Code Cache  [0x00007f72c8179000, 0x00007f72c83e9000, 0x00007f72cb179000)
 total_blobs=876 nmethods=598 adapters=231 free_code_cache=47117Kb largest_free_block=48188992

Compilation events (10 events):
Event: 60.484 Thread 0x00007f72cc0af000 nmethod 626 0x00007f72c836ef50 code [0x00007f72c836f160, 0x00007f72c836fb20]
Event: 60.484 Thread 0x00007f72cc0af000  628             net.sf.robocode.repository.RobotType::isAdvancedRobot (15 bytes)
Event: 60.485 Thread 0x00007f72cc0af000 nmethod 628 0x00007f72c83345d0 code [0x00007f72c8334700, 0x00007f72c8334758]
Event: 60.485 Thread 0x00007f72cc0af000  629   !         java.security.SecureClassLoader::getProtectionDomain (114 bytes)
Event: 60.496 Thread 0x00007f72cc0ac000 nmethod 627 0x00007f72c836cd50 code [0x00007f72c836ce80, 0x00007f72c836ced8]
Event: 60.515 Thread 0x00007f72cc0af000 nmethod 629 0x00007f72c837d190 code [0x00007f72c837d380, 0x00007f72c837df10]
Event: 62.319 Thread 0x00007f72cc0ac000  630             sun.util.locale.BaseLocale::getLanguage (5 bytes)
Event: 62.319 Thread 0x00007f72cc0ac000 nmethod 630 0x00007f72c832eb50 code [0x00007f72c832ec80, 0x00007f72c832ecd8]
Event: 66.733 Thread 0x00007f72cc0ac000  631   !         java.net.URL::getURLStreamHandler (341 bytes)
Event: 66.756 Thread 0x00007f72cc0ac000 nmethod 631 0x00007f72c8381890 code [0x00007f72c8381ba0, 0x00007f72c8383188]

GC Heap History (10 events):
Event: 39.222 GC heap before
{Heap before GC invocations=13 (full 0):
 PSYoungGen      total 154624K, used 145984K [0x00000000f5500000, 0x0000000100000000, 0x0000000100000000)
  eden space 141312K, 100% used [0x00000000f5500000,0x00000000fdf00000,0x00000000fdf00000)
  from space 13312K, 35% used [0x00000000feb80000,0x00000000ff010000,0x00000000ff880000)
  to   space 12800K, 0% used [0x00000000fdf00000,0x00000000fdf00000,0x00000000feb80000)
 ParOldGen       total 83456K, used 33614K [0x00000000e0000000, 0x00000000e5180000, 0x00000000f5500000)
  object space 83456K, 40% used [0x00000000e0000000,0x00000000e20d3a90,0x00000000e5180000)
 PSPermGen       total 46592K, used 46119K [0x00000000d5a00000, 0x00000000d8780000, 0x00000000e0000000)
  object space 46592K, 98% used [0x00000000d5a00000,0x00000000d8709e98,0x00000000d8780000)
Event: 39.263 GC heap after
Heap after GC invocations=13 (full 0):
 PSYoungGen      total 154112K, used 4576K [0x00000000f5500000, 0x00000000ffe80000, 0x0000000100000000)
  eden space 141312K, 0% used [0x00000000f5500000,0x00000000f5500000,0x00000000fdf00000)
  from space 12800K, 35% used [0x00000000fdf00000,0x00000000fe378000,0x00000000feb80000)
  to   space 12288K, 0% used [0x00000000ff280000,0x00000000ff280000,0x00000000ffe80000)
 ParOldGen       total 83456K, used 37862K [0x00000000e0000000, 0x00000000e5180000, 0x00000000f5500000)
  object space 83456K, 45% used [0x00000000e0000000,0x00000000e24f9a90,0x00000000e5180000)
 PSPermGen       total 46592K, used 46119K [0x00000000d5a00000, 0x00000000d8780000, 0x00000000e0000000)
  object space 46592K, 98% used [0x00000000d5a00000,0x00000000d8709e98,0x00000000d8780000)
}
Event: 43.735 GC heap before
{Heap before GC invocations=14 (full 0):
 PSYoungGen      total 154112K, used 145888K [0x00000000f5500000, 0x00000000ffe80000, 0x0000000100000000)
  eden space 141312K, 100% used [0x00000000f5500000,0x00000000fdf00000,0x00000000fdf00000)
  from space 12800K, 35% used [0x00000000fdf00000,0x00000000fe378000,0x00000000feb80000)
  to   space 12288K, 0% used [0x00000000ff280000,0x00000000ff280000,0x00000000ffe80000)
 ParOldGen       total 83456K, used 37862K [0x00000000e0000000, 0x00000000e5180000, 0x00000000f5500000)
  object space 83456K, 45% used [0x00000000e0000000,0x00000000e24f9a90,0x00000000e5180000)
 PSPermGen       total 53760K, used 53413K [0x00000000d5a00000, 0x00000000d8e80000, 0x00000000e0000000)
  object space 53760K, 99% used [0x00000000d5a00000,0x00000000d8e29420,0x00000000d8e80000)
Event: 43.764 GC heap after
Heap after GC invocations=14 (full 0):
 PSYoungGen      total 140288K, used 4544K [0x00000000f5500000, 0x00000000ff700000, 0x0000000100000000)
  eden space 135680K, 0% used [0x00000000f5500000,0x00000000f5500000,0x00000000fd980000)
  from space 4608K, 98% used [0x00000000ff280000,0x00000000ff6f0000,0x00000000ff700000)
  to   space 11776K, 0% used [0x00000000fe000000,0x00000000fe000000,0x00000000feb80000)
 ParOldGen       total 83456K, used 42046K [0x00000000e0000000, 0x00000000e5180000, 0x00000000f5500000)
  object space 83456K, 50% used [0x00000000e0000000,0x00000000e290fa90,0x00000000e5180000)
 PSPermGen       total 53760K, used 53413K [0x00000000d5a00000, 0x00000000d8e80000, 0x00000000e0000000)
  object space 53760K, 99% used [0x00000000d5a00000,0x00000000d8e29420,0x00000000d8e80000)
}
Event: 48.202 GC heap before
{Heap before GC invocations=15 (full 0):
 PSYoungGen      total 140288K, used 140224K [0x00000000f5500000, 0x00000000ff700000, 0x0000000100000000)
  eden space 135680K, 100% used [0x00000000f5500000,0x00000000fd980000,0x00000000fd980000)
  from space 4608K, 98% used [0x00000000ff280000,0x00000000ff6f0000,0x00000000ff700000)
  to   space 11776K, 0% used [0x00000000fe000000,0x00000000fe000000,0x00000000feb80000)
 ParOldGen       total 83456K, used 42046K [0x00000000e0000000, 0x00000000e5180000, 0x00000000f5500000)
  object space 83456K, 50% used [0x00000000e0000000,0x00000000e290fa90,0x00000000e5180000)
 PSPermGen       total 60416K, used 60400K [0x00000000d5a00000, 0x00000000d9500000, 0x00000000e0000000)
  object space 60416K, 99% used [0x00000000d5a00000,0x00000000d94fc318,0x00000000d9500000)
Event: 48.236 GC heap after
Heap after GC invocations=15 (full 0):
 PSYoungGen      total 135168K, used 4384K [0x00000000f5500000, 0x00000000ff300000, 0x0000000100000000)
  eden space 130560K, 0% used [0x00000000f5500000,0x00000000f5500000,0x00000000fd480000)
  from space 4608K, 95% used [0x00000000fe000000,0x00000000fe448000,0x00000000fe480000)
  to   space 11776K, 0% used [0x00000000fe780000,0x00000000fe780000,0x00000000ff300000)
 ParOldGen       total 83456K, used 46182K [0x00000000e0000000, 0x00000000e5180000, 0x00000000f5500000)
  object space 83456K, 55% used [0x00000000e0000000,0x00000000e2d19a90,0x00000000e5180000)
 PSPermGen       total 60416K, used 60400K [0x00000000d5a00000, 0x00000000d9500000, 0x00000000e0000000)
  object space 60416K, 99% used [0x00000000d5a00000,0x00000000d94fc318,0x00000000d9500000)
}
Event: 52.990 GC heap before
{Heap before GC invocations=16 (full 0):
 PSYoungGen      total 135168K, used 134944K [0x00000000f5500000, 0x00000000ff300000, 0x0000000100000000)
  eden space 130560K, 100% used [0x00000000f5500000,0x00000000fd480000,0x00000000fd480000)
  from space 4608K, 95% used [0x00000000fe000000,0x00000000fe448000,0x00000000fe480000)
  to   space 11776K, 0% used [0x00000000fe780000,0x00000000fe780000,0x00000000ff300000)
 ParOldGen       total 83456K, used 46182K [0x00000000e0000000, 0x00000000e5180000, 0x00000000f5500000)
  object space 83456K, 55% used [0x00000000e0000000,0x00000000e2d19a90,0x00000000e5180000)
 PSPermGen       total 67584K, used 67112K [0x00000000d5a00000, 0x00000000d9c00000, 0x00000000e0000000)
  object space 67584K, 99% used [0x00000000d5a00000,0x00000000d9b8a240,0x00000000d9c00000)
Event: 53.028 GC heap after
Heap after GC invocations=16 (full 0):
 PSYoungGen      total 130048K, used 4192K [0x00000000f5500000, 0x00000000fec00000, 0x0000000100000000)
  eden space 125440K, 0% used [0x00000000f5500000,0x00000000f5500000,0x00000000fcf80000)
  from space 4608K, 90% used [0x00000000fe780000,0x00000000feb98000,0x00000000fec00000)
  to   space 11264K, 0% used [0x00000000fd600000,0x00000000fd600000,0x00000000fe100000)
 ParOldGen       total 83456K, used 50142K [0x00000000e0000000, 0x00000000e5180000, 0x00000000f5500000)
  object space 83456K, 60% used [0x00000000e0000000,0x00000000e30f7a90,0x00000000e5180000)
 PSPermGen       total 67584K, used 67112K [0x00000000d5a00000, 0x00000000d9c00000, 0x00000000e0000000)
  object space 67584K, 99% used [0x00000000d5a00000,0x00000000d9b8a240,0x00000000d9c00000)
}
Event: 61.086 GC heap before
{Heap before GC invocations=17 (full 0):
 PSYoungGen      total 130048K, used 129632K [0x00000000f5500000, 0x00000000fec00000, 0x0000000100000000)
  eden space 125440K, 100% used [0x00000000f5500000,0x00000000fcf80000,0x00000000fcf80000)
  from space 4608K, 90% used [0x00000000fe780000,0x00000000feb98000,0x00000000fec00000)
  to   space 11264K, 0% used [0x00000000fd600000,0x00000000fd600000,0x00000000fe100000)
 ParOldGen       total 83456K, used 50142K [0x00000000e0000000, 0x00000000e5180000, 0x00000000f5500000)
  object space 83456K, 60% used [0x00000000e0000000,0x00000000e30f7a90,0x00000000e5180000)
 PSPermGen       total 73728K, used 73546K [0x00000000d5a00000, 0x00000000da200000, 0x00000000e0000000)
  object space 73728K, 99% used [0x00000000d5a00000,0x00000000da1d2a28,0x00000000da200000)
Event: 61.131 GC heap after
Heap after GC invocations=17 (full 0):
 PSYoungGen      total 124928K, used 4000K [0x00000000f5500000, 0x00000000fe800000, 0x0000000100000000)
  eden space 120832K, 0% used [0x00000000f5500000,0x00000000f5500000,0x00000000fcb00000)
  from space 4096K, 97% used [0x00000000fd600000,0x00000000fd9e8000,0x00000000fda00000)
  to   space 11264K, 0% used [0x00000000fdd00000,0x00000000fdd00000,0x00000000fe800000)
 ParOldGen       total 83456K, used 53934K [0x00000000e0000000, 0x00000000e5180000, 0x00000000f5500000)
  object space 83456K, 64% used [0x00000000e0000000,0x00000000e34aba90,0x00000000e5180000)
 PSPermGen       total 73728K, used 73546K [0x00000000d5a00000, 0x00000000da200000, 0x00000000e0000000)
  object space 73728K, 99% used [0x00000000d5a00000,0x00000000da1d2a28,0x00000000da200000)
}

Deoptimization events (10 events):
Event: 14.959 Thread 0x00007f72cc2d1000 Uncommon trap: reason=unreached action=reinterpret pc=0x00007f72c821daac method=java.util.HashMap.containsKey(Ljava/lang/Object;)Z @ 5
Event: 14.959 Thread 0x00007f72cc2d1000 Uncommon trap: reason=bimorphic action=maybe_recompile pc=0x00007f72c8262d60 method=java.net.URL.<init>(Ljava/net/URL;Ljava/lang/String;Ljava/net/URLStreamHandler;)V @ 504
Event: 15.028 Thread 0x00007f72cc2d1000 Uncommon trap: reason=bimorphic action=maybe_recompile pc=0x00007f72c8262d60 method=java.net.URL.<init>(Ljava/net/URL;Ljava/lang/String;Ljava/net/URLStreamHandler;)V @ 504
Event: 16.350 Thread 0x00007f72cc2d1000 Uncommon trap: reason=null_check action=make_not_entrant pc=0x00007f72c82a7f4c method=sun.reflect.Reflection.filterMethods(Ljava/lang/Class;[Ljava/lang/reflect/Method;)[Ljava/lang/reflect/Method; @ 18
Event: 16.454 Thread 0x00007f72cc2d1000 Uncommon trap: reason=null_check action=make_not_entrant pc=0x00007f72c82b788c method=sun.reflect.Reflection.filterMethods(Ljava/lang/Class;[Ljava/lang/reflect/Method;)[Ljava/lang/reflect/Method; @ 18
Event: 22.339 Thread 0x00007f72cc2d1000 Uncommon trap: reason=predicate action=maybe_recompile pc=0x00007f72c82d3dfc method=java.util.AbstractCollection.toArray([Ljava/lang/Object;)[Ljava/lang/Object; @ 49
Event: 24.386 Thread 0x00007f72cc2d1000 Uncommon trap: reason=array_check action=maybe_recompile pc=0x00007f72c82e1db0 method=java.util.AbstractCollection.toArray([Ljava/lang/Object;)[Ljava/lang/Object; @ 119
Event: 24.387 Thread 0x00007f72cc2d1000 Uncommon trap: reason=array_check action=maybe_recompile pc=0x00007f72c82e1db0 method=java.util.AbstractCollection.toArray([Ljava/lang/Object;)[Ljava/lang/Object; @ 119
Event: 24.388 Thread 0x00007f72cc2d1000 Uncommon trap: reason=array_check action=maybe_recompile pc=0x00007f72c82e1db0 method=java.util.AbstractCollection.toArray([Ljava/lang/Object;)[Ljava/lang/Object; @ 119
Event: 24.388 Thread 0x00007f72cc2d1000 Uncommon trap: reason=array_check action=maybe_recompile pc=0x00007f72c82e1db0 method=java.util.AbstractCollection.toArray([Ljava/lang/Object;)[Ljava/lang/Object; @ 119

Internal exceptions (10 events):
Event: 3281.813 Thread 0x00007f72cc2d1000 Threw 0x00000000fb92d390 at /build/buildd/openjdk-7-7u71-2.5.3/build/openjdk/hotspot/src/share/vm/prims/jvm.cpp:1284
Event: 3284.390 Thread 0x00007f72cc2d1000 Threw 0x00000000fb92d7b0 at /build/buildd/openjdk-7-7u71-2.5.3/build/openjdk/hotspot/src/share/vm/prims/jvm.cpp:1284
Event: 3345.767 Thread 0x00007f72cc2d1000 Threw 0x00000000fb948098 at /build/buildd/openjdk-7-7u71-2.5.3/build/openjdk/hotspot/src/share/vm/prims/jvm.cpp:1284
Event: 3348.139 Thread 0x00007f72cc2d1000 Threw 0x00000000fb9484b0 at /build/buildd/openjdk-7-7u71-2.5.3/build/openjdk/hotspot/src/share/vm/prims/jvm.cpp:1284
Event: 3352.955 Thread 0x00007f72cc2d1000 Threw 0x00000000fb9495c0 at /build/buildd/openjdk-7-7u71-2.5.3/build/openjdk/hotspot/src/share/vm/prims/jvm.cpp:1284
Event: 3354.431 Thread 0x00007f72cc2d1000 Threw 0x00000000fb9499d8 at /build/buildd/openjdk-7-7u71-2.5.3/build/openjdk/hotspot/src/share/vm/prims/jvm.cpp:1284
Event: 3413.978 Thread 0x00007f72cc2d1000 Threw 0x00000000fb966650 at /build/buildd/openjdk-7-7u71-2.5.3/build/openjdk/hotspot/src/share/vm/prims/jvm.cpp:1284
Event: 3416.550 Thread 0x00007f72cc2d1000 Threw 0x00000000fb966a68 at /build/buildd/openjdk-7-7u71-2.5.3/build/openjdk/hotspot/src/share/vm/prims/jvm.cpp:1284
Event: 3421.321 Thread 0x00007f72cc2d1000 Threw 0x00000000fb967b78 at /build/buildd/openjdk-7-7u71-2.5.3/build/openjdk/hotspot/src/share/vm/prims/jvm.cpp:1284
Event: 3424.050 Thread 0x00007f72cc2d1000 Threw 0x00000000fb967f90 at /build/buildd/openjdk-7-7u71-2.5.3/build/openjdk/hotspot/src/share/vm/prims/jvm.cpp:1284

Events (10 events):
Event: 3279.339 loading class 0x00007f72840d9e80
Event: 3279.777 loading class 0x00007f72840d9e80 done
Event: 3342.543 loading class 0x00007f72841620e0
Event: 3343.043 loading class 0x00007f72841620e0 done
Event: 3349.618 loading class 0x00007f72841620e0
Event: 3350.089 loading class 0x00007f72841620e0 done
Event: 3410.861 loading class 0x00007f72843d1510
Event: 3411.351 loading class 0x00007f72843d1510 done
Event: 3417.908 loading class 0x00007f72843d1510
Event: 3418.364 loading class 0x00007f72843d1510 done


Dynamic libraries:
00400000-00401000 r-xp 00000000 08:05 2511838                            /usr/lib/jvm/java-7-openjdk-amd64/jre/bin/java
00600000-00601000 r--p 00000000 08:05 2511838                            /usr/lib/jvm/java-7-openjdk-amd64/jre/bin/java
00601000-00602000 rw-p 00001000 08:05 2511838                            /usr/lib/jvm/java-7-openjdk-amd64/jre/bin/java
01566000-01587000 rw-p 00000000 00:00 0                                  [heap]
d5a00000-da700000 rw-p 00000000 00:00 0 
da780000-e0000000 rw-p 00000000 00:00 0 
e0000000-e5180000 rw-p 00000000 00:00 0 
e5180000-f5500000 rw-p 00000000 00:00 0 
f5500000-fe800000 rw-p 00000000 00:00 0 
fe800000-100000000 ---p 00000000 00:00 0 
7f7280000000-7f7280021000 rw-p 00000000 00:00 0 
7f7280021000-7f7284000000 ---p 00000000 00:00 0 
7f7284000000-7f7284928000 rw-p 00000000 00:00 0 
7f7284928000-7f7288000000 ---p 00000000 00:00 0 
7f7288000000-7f7288021000 rw-p 00000000 00:00 0 
7f7288021000-7f728c000000 ---p 00000000 00:00 0 
7f728f154000-7f728f159000 r-xp 00000000 08:05 2103810                    /lib/x86_64-linux-gnu/libnss_dns-2.19.so
7f728f159000-7f728f358000 ---p 00005000 08:05 2103810                    /lib/x86_64-linux-gnu/libnss_dns-2.19.so
7f728f358000-7f728f359000 r--p 00004000 08:05 2103810                    /lib/x86_64-linux-gnu/libnss_dns-2.19.so
7f728f359000-7f728f35a000 rw-p 00005000 08:05 2103810                    /lib/x86_64-linux-gnu/libnss_dns-2.19.so
7f728f35a000-7f728f35c000 r-xp 00000000 08:05 2104538                    /lib/x86_64-linux-gnu/libnss_mdns4_minimal.so.2
7f728f35c000-7f728f55b000 ---p 00002000 08:05 2104538                    /lib/x86_64-linux-gnu/libnss_mdns4_minimal.so.2
7f728f55b000-7f728f55c000 r--p 00001000 08:05 2104538                    /lib/x86_64-linux-gnu/libnss_mdns4_minimal.so.2
7f728f55c000-7f728f55d000 rw-p 00002000 08:05 2104538                    /lib/x86_64-linux-gnu/libnss_mdns4_minimal.so.2
7f728f55d000-7f728f560000 ---p 00000000 00:00 0 
7f728f560000-7f728f65e000 rw-p 00000000 00:00 0                          [stack:25175]
7f728f65e000-7f728f661000 ---p 00000000 00:00 0 
7f728f661000-7f728f75f000 rw-p 00000000 00:00 0 
7f728f75f000-7f728f762000 ---p 00000000 00:00 0 
7f728f762000-7f728f860000 rw-p 00000000 00:00 0 
7f728f860000-7f728f8cc000 r-xp 00000000 08:05 2104562                    /lib/x86_64-linux-gnu/libpcre.so.3.13.1
7f728f8cc000-7f728facb000 ---p 0006c000 08:05 2104562                    /lib/x86_64-linux-gnu/libpcre.so.3.13.1
7f728facb000-7f728facc000 r--p 0006b000 08:05 2104562                    /lib/x86_64-linux-gnu/libpcre.so.3.13.1
7f728facc000-7f728facd000 rw-p 0006c000 08:05 2104562                    /lib/x86_64-linux-gnu/libpcre.so.3.13.1
7f728facd000-7f728faee000 r-xp 00000000 08:05 2104589                    /lib/x86_64-linux-gnu/libselinux.so.1
7f728faee000-7f728fced000 ---p 00021000 08:05 2104589                    /lib/x86_64-linux-gnu/libselinux.so.1
7f728fced000-7f728fcee000 r--p 00020000 08:05 2104589                    /lib/x86_64-linux-gnu/libselinux.so.1
7f728fcee000-7f728fcef000 rw-p 00021000 08:05 2104589                    /lib/x86_64-linux-gnu/libselinux.so.1
7f728fcef000-7f728fcf1000 rw-p 00000000 00:00 0 
7f728fcf1000-7f728fdfd000 r-xp 00000000 08:05 2103771                    /lib/x86_64-linux-gnu/libglib-2.0.so.0.4200.1
7f728fdfd000-7f728fffd000 ---p 0010c000 08:05 2103771                    /lib/x86_64-linux-gnu/libglib-2.0.so.0.4200.1
7f728fffd000-7f728fffe000 r--p 0010c000 08:05 2103771                    /lib/x86_64-linux-gnu/libglib-2.0.so.0.4200.1
7f728fffe000-7f728ffff000 rw-p 0010d000 08:05 2103771                    /lib/x86_64-linux-gnu/libglib-2.0.so.0.4200.1
7f728ffff000-7f7290000000 rw-p 00000000 00:00 0 
7f7290000000-7f7290021000 rw-p 00000000 00:00 0 
7f7290021000-7f7294000000 ---p 00000000 00:00 0 
7f7294000000-7f7294021000 rw-p 00000000 00:00 0 
7f7294021000-7f7298000000 ---p 00000000 00:00 0 
7f7298000000-7f7298f08000 rw-p 00000000 00:00 0 
7f7298f08000-7f729c000000 ---p 00000000 00:00 0 
7f729c000000-7f729ce03000 rw-p 00000000 00:00 0 
7f729ce03000-7f72a0000000 ---p 00000000 00:00 0 
7f72a0000000-7f72a0021000 rw-p 00000000 00:00 0 
7f72a0021000-7f72a4000000 ---p 00000000 00:00 0 
7f72a4000000-7f72a4021000 rw-p 00000000 00:00 0 
7f72a4021000-7f72a8000000 ---p 00000000 00:00 0 
7f72a8000000-7f72a8021000 rw-p 00000000 00:00 0 
7f72a8021000-7f72ac000000 ---p 00000000 00:00 0 
7f72ac000000-7f72ac021000 rw-p 00000000 00:00 0 
7f72ac021000-7f72b0000000 ---p 00000000 00:00 0 
7f72b0000000-7f72b0021000 rw-p 00000000 00:00 0 
7f72b0021000-7f72b4000000 ---p 00000000 00:00 0 
7f72b4000000-7f72b4021000 rw-p 00000000 00:00 0 
7f72b4021000-7f72b8000000 ---p 00000000 00:00 0 
7f72b8000000-7f72b8021000 rw-p 00000000 00:00 0 
7f72b8021000-7f72bc000000 ---p 00000000 00:00 0 
7f72bc066000-7f72bc097000 rw-p 00000000 00:00 0 
7f72bc097000-7f72bc09a000 r-xp 00000000 08:05 2490776                    /usr/lib/x86_64-linux-gnu/libgmodule-2.0.so.0.4200.1
7f72bc09a000-7f72bc299000 ---p 00003000 08:05 2490776                    /usr/lib/x86_64-linux-gnu/libgmodule-2.0.so.0.4200.1
7f72bc299000-7f72bc29a000 r--p 00002000 08:05 2490776                    /usr/lib/x86_64-linux-gnu/libgmodule-2.0.so.0.4200.1
7f72bc29a000-7f72bc29b000 rw-p 00003000 08:05 2490776                    /usr/lib/x86_64-linux-gnu/libgmodule-2.0.so.0.4200.1
7f72bc29b000-7f72bc2eb000 r-xp 00000000 08:05 2490755                    /usr/lib/x86_64-linux-gnu/libgobject-2.0.so.0.4200.1
7f72bc2eb000-7f72bc4eb000 ---p 00050000 08:05 2490755                    /usr/lib/x86_64-linux-gnu/libgobject-2.0.so.0.4200.1
7f72bc4eb000-7f72bc4ec000 r--p 00050000 08:05 2490755                    /usr/lib/x86_64-linux-gnu/libgobject-2.0.so.0.4200.1
7f72bc4ec000-7f72bc4ed000 rw-p 00051000 08:05 2490755                    /usr/lib/x86_64-linux-gnu/libgobject-2.0.so.0.4200.1
7f72bc4ed000-7f72bc65e000 r-xp 00000000 08:05 2490773                    /usr/lib/x86_64-linux-gnu/libgio-2.0.so.0.4200.1
7f72bc65e000-7f72bc85e000 ---p 00171000 08:05 2490773                    /usr/lib/x86_64-linux-gnu/libgio-2.0.so.0.4200.1
7f72bc85e000-7f72bc862000 r--p 00171000 08:05 2490773                    /usr/lib/x86_64-linux-gnu/libgio-2.0.so.0.4200.1
7f72bc862000-7f72bc864000 rw-p 00175000 08:05 2490773                    /usr/lib/x86_64-linux-gnu/libgio-2.0.so.0.4200.1
7f72bc864000-7f72bc866000 rw-p 00000000 00:00 0 
7f72bc866000-7f72bc87d000 r-xp 00000000 08:05 2511761                    /usr/lib/jvm/java-7-openjdk-amd64/jre/lib/amd64/libnet.so
7f72bc87d000-7f72bca7c000 ---p 00017000 08:05 2511761                    /usr/lib/jvm/java-7-openjdk-amd64/jre/lib/amd64/libnet.so
7f72bca7c000-7f72bca7d000 r--p 00016000 08:05 2511761                    /usr/lib/jvm/java-7-openjdk-amd64/jre/lib/amd64/libnet.so
7f72bca7d000-7f72bca7e000 rw-p 00017000 08:05 2511761                    /usr/lib/jvm/java-7-openjdk-amd64/jre/lib/amd64/libnet.so
7f72bca7e000-7f72bca8f000 r-xp 00000000 08:05 2511783                    /usr/lib/jvm/java-7-openjdk-amd64/jre/lib/amd64/libnio.so
7f72bca8f000-7f72bcc8e000 ---p 00011000 08:05 2511783                    /usr/lib/jvm/java-7-openjdk-amd64/jre/lib/amd64/libnio.so
7f72bcc8e000-7f72bcc8f000 r--p 00010000 08:05 2511783                    /usr/lib/jvm/java-7-openjdk-amd64/jre/lib/amd64/libnio.so
7f72bcc8f000-7f72bcc90000 rw-p 00011000 08:05 2511783                    /usr/lib/jvm/java-7-openjdk-amd64/jre/lib/amd64/libnio.so
7f72bcc90000-7f72bcc97000 r-xp 00000000 08:05 2503107                    /usr/lib/x86_64-linux-gnu/libffi.so.6.0.2
7f72bcc97000-7f72bce96000 ---p 00007000 08:05 2503107                    /usr/lib/x86_64-linux-gnu/libffi.so.6.0.2
7f72bce96000-7f72bce97000 r--p 00006000 08:05 2503107                    /usr/lib/x86_64-linux-gnu/libffi.so.6.0.2
7f72bce97000-7f72bce98000 rw-p 00007000 08:05 2503107                    /usr/lib/x86_64-linux-gnu/libffi.so.6.0.2
7f72bce98000-7f72bceaf000 r-xp 00000000 08:05 2103820                    /lib/x86_64-linux-gnu/libresolv-2.19.so
7f72bceaf000-7f72bd0af000 ---p 00017000 08:05 2103820                    /lib/x86_64-linux-gnu/libresolv-2.19.so
7f72bd0af000-7f72bd0b0000 r--p 00017000 08:05 2103820                    /lib/x86_64-linux-gnu/libresolv-2.19.so
7f72bd0b0000-7f72bd0b1000 rw-p 00018000 08:05 2103820                    /lib/x86_64-linux-gnu/libresolv-2.19.so
7f72bd0b1000-7f72bd0b3000 rw-p 00000000 00:00 0 
7f72bd0b3000-7f72bd0b6000 r-xp 00000000 08:05 2104498                    /lib/x86_64-linux-gnu/libkeyutils.so.1.5
7f72bd0b6000-7f72bd2b5000 ---p 00003000 08:05 2104498                    /lib/x86_64-linux-gnu/libkeyutils.so.1.5
7f72bd2b5000-7f72bd2b6000 r--p 00002000 08:05 2104498                    /lib/x86_64-linux-gnu/libkeyutils.so.1.5
7f72bd2b6000-7f72bd2b7000 rw-p 00003000 08:05 2104498                    /lib/x86_64-linux-gnu/libkeyutils.so.1.5
7f72bd2b7000-7f72bd2dc000 r-xp 00000000 08:05 2104574                    /lib/x86_64-linux-gnu/libpng12.so.0.51.0
7f72bd2dc000-7f72bd4db000 ---p 00025000 08:05 2104574                    /lib/x86_64-linux-gnu/libpng12.so.0.51.0
7f72bd4db000-7f72bd4dc000 r--p 00024000 08:05 2104574                    /lib/x86_64-linux-gnu/libpng12.so.0.51.0
7f72bd4dc000-7f72bd4dd000 rw-p 00025000 08:05 2104574                    /lib/x86_64-linux-gnu/libpng12.so.0.51.0
7f72bd4dd000-7f72bd523000 r-xp 00000000 08:05 2103488                    /lib/x86_64-linux-gnu/libdbus-1.so.3.8.7
7f72bd523000-7f72bd722000 ---p 00046000 08:05 2103488                    /lib/x86_64-linux-gnu/libdbus-1.so.3.8.7
7f72bd722000-7f72bd724000 r--p 00045000 08:05 2103488                    /lib/x86_64-linux-gnu/libdbus-1.so.3.8.7
7f72bd724000-7f72bd725000 rw-p 00047000 08:05 2103488                    /lib/x86_64-linux-gnu/libdbus-1.so.3.8.7
7f72bd725000-7f72bd7a3000 r-xp 00000000 08:05 2503220                    /usr/lib/x86_64-linux-gnu/libgmp.so.10.2.0
7f72bd7a3000-7f72bd9a3000 ---p 0007e000 08:05 2503220                    /usr/lib/x86_64-linux-gnu/libgmp.so.10.2.0
7f72bd9a3000-7f72bd9a4000 r--p 0007e000 08:05 2503220                    /usr/lib/x86_64-linux-gnu/libgmp.so.10.2.0
7f72bd9a4000-7f72bd9a5000 rw-p 0007f000 08:05 2503220                    /usr/lib/x86_64-linux-gnu/libgmp.so.10.2.0
7f72bd9a5000-7f72bd9d1000 r-xp 00000000 08:05 2503377                    /usr/lib/x86_64-linux-gnu/libhogweed.so.2.5
7f72bd9d1000-7f72bdbd1000 ---p 0002c000 08:05 2503377                    /usr/lib/x86_64-linux-gnu/libhogweed.so.2.5
7f72bdbd1000-7f72bdbd2000 r--p 0002c000 08:05 2503377                    /usr/lib/x86_64-linux-gnu/libhogweed.so.2.5
7f72bdbd2000-7f72bdbd3000 rw-p 0002d000 08:05 2503377                    /usr/lib/x86_64-linux-gnu/libhogweed.so.2.5
7f72bdbd3000-7f72bdc02000 r-xp 00000000 08:05 2503514                    /usr/lib/x86_64-linux-gnu/libnettle.so.4.7
7f72bdc02000-7f72bde02000 ---p 0002f000 08:05 2503514                    /usr/lib/x86_64-linux-gnu/libnettle.so.4.7
7f72bde02000-7f72bde03000 r--p 0002f000 08:05 2503514                    /usr/lib/x86_64-linux-gnu/libnettle.so.4.7
7f72bde03000-7f72bde04000 rw-p 00030000 08:05 2503514                    /usr/lib/x86_64-linux-gnu/libnettle.so.4.7
7f72bde04000-7f72bde15000 r-xp 00000000 08:05 2503765                    /usr/lib/x86_64-linux-gnu/libtasn1.so.6.3.0
7f72bde15000-7f72be014000 ---p 00011000 08:05 2503765                    /usr/lib/x86_64-linux-gnu/libtasn1.so.6.3.0
7f72be014000-7f72be015000 r--p 00010000 08:05 2503765                    /usr/lib/x86_64-linux-gnu/libtasn1.so.6.3.0
7f72be015000-7f72be016000 rw-p 00011000 08:05 2503765                    /usr/lib/x86_64-linux-gnu/libtasn1.so.6.3.0
7f72be016000-7f72be051000 r-xp 00000000 08:05 2503564                    /usr/lib/x86_64-linux-gnu/libp11-kit.so.0.0.0
7f72be051000-7f72be250000 ---p 0003b000 08:05 2503564                    /usr/lib/x86_64-linux-gnu/libp11-kit.so.0.0.0
7f72be250000-7f72be256000 r--p 0003a000 08:05 2503564                    /usr/lib/x86_64-linux-gnu/libp11-kit.so.0.0.0
7f72be256000-7f72be258000 rw-p 00040000 08:05 2503564                    /usr/lib/x86_64-linux-gnu/libp11-kit.so.0.0.0
7f72be258000-7f72be2a1000 rw-p 00000000 00:00 0 
7f72be2a1000-7f72be452000 r--s 01d25000 08:05 2511823                    /usr/lib/jvm/java-7-openjdk-amd64/jre/lib/rt.jar
7f72be452000-7f72bfbce000 rw-p 00000000 00:00 0 
7f72bfbf1000-7f72bfbfb000 r-xp 00000000 08:05 2503442                    /usr/lib/x86_64-linux-gnu/libkrb5support.so.0.1
7f72bfbfb000-7f72bfdfa000 ---p 0000a000 08:05 2503442                    /usr/lib/x86_64-linux-gnu/libkrb5support.so.0.1
7f72bfdfa000-7f72bfdfb000 r--p 00009000 08:05 2503442                    /usr/lib/x86_64-linux-gnu/libkrb5support.so.0.1
7f72bfdfb000-7f72bfdfc000 rw-p 0000a000 08:05 2503442                    /usr/lib/x86_64-linux-gnu/libkrb5support.so.0.1
7f72bfdfc000-7f72bfdff000 r-xp 00000000 08:05 2104462                    /lib/x86_64-linux-gnu/libcom_err.so.2.1
7f72bfdff000-7f72bfffe000 ---p 00003000 08:05 2104462                    /lib/x86_64-linux-gnu/libcom_err.so.2.1
7f72bfffe000-7f72bffff000 r--p 00002000 08:05 2104462                    /lib/x86_64-linux-gnu/libcom_err.so.2.1
7f72bffff000-7f72c0000000 rw-p 00003000 08:05 2104462                    /lib/x86_64-linux-gnu/libcom_err.so.2.1
7f72c0000000-7f72c0021000 rw-p 00000000 00:00 0 
7f72c0021000-7f72c4000000 ---p 00000000 00:00 0 
7f72c402e000-7f72c405b000 r-xp 00000000 08:05 2503436                    /usr/lib/x86_64-linux-gnu/libk5crypto.so.3.1
7f72c405b000-7f72c425a000 ---p 0002d000 08:05 2503436                    /usr/lib/x86_64-linux-gnu/libk5crypto.so.3.1
7f72c425a000-7f72c425c000 r--p 0002c000 08:05 2503436                    /usr/lib/x86_64-linux-gnu/libk5crypto.so.3.1
7f72c425c000-7f72c425d000 rw-p 0002e000 08:05 2503436                    /usr/lib/x86_64-linux-gnu/libk5crypto.so.3.1
7f72c425d000-7f72c425e000 rw-p 00000000 00:00 0 
7f72c425e000-7f72c431e000 r-xp 00000000 08:05 2503440                    /usr/lib/x86_64-linux-gnu/libkrb5.so.3.3
7f72c431e000-7f72c451e000 ---p 000c0000 08:05 2503440                    /usr/lib/x86_64-linux-gnu/libkrb5.so.3.3
7f72c451e000-7f72c452b000 r--p 000c0000 08:05 2503440                    /usr/lib/x86_64-linux-gnu/libkrb5.so.3.3
7f72c452b000-7f72c452d000 rw-p 000cd000 08:05 2503440                    /usr/lib/x86_64-linux-gnu/libkrb5.so.3.3
7f72c452d000-7f72c4553000 r-xp 00000000 08:05 2104475                    /lib/x86_64-linux-gnu/libexpat.so.1.6.0
7f72c4553000-7f72c4752000 ---p 00026000 08:05 2104475                    /lib/x86_64-linux-gnu/libexpat.so.1.6.0
7f72c4752000-7f72c4755000 r--p 00025000 08:05 2104475                    /lib/x86_64-linux-gnu/libexpat.so.1.6.0
7f72c4755000-7f72c4756000 rw-p 00028000 08:05 2104475                    /lib/x86_64-linux-gnu/libexpat.so.1.6.0
7f72c4756000-7f72c47f8000 r-xp 00000000 08:05 2503149                    /usr/lib/x86_64-linux-gnu/libfreetype.so.6.11.1
7f72c47f8000-7f72c49f7000 ---p 000a2000 08:05 2503149                    /usr/lib/x86_64-linux-gnu/libfreetype.so.6.11.1
7f72c49f7000-7f72c49fd000 r--p 000a1000 08:05 2503149                    /usr/lib/x86_64-linux-gnu/libfreetype.so.6.11.1
7f72c49fd000-7f72c49fe000 rw-p 000a7000 08:05 2503149                    /usr/lib/x86_64-linux-gnu/libfreetype.so.6.11.1
7f72c49fe000-7f72c4a0e000 r-xp 00000000 08:05 2502911                    /usr/lib/x86_64-linux-gnu/libavahi-client.so.3.2.9
7f72c4a0e000-7f72c4c0d000 ---p 00010000 08:05 2502911                    /usr/lib/x86_64-linux-gnu/libavahi-client.so.3.2.9
7f72c4c0d000-7f72c4c0e000 r--p 0000f000 08:05 2502911                    /usr/lib/x86_64-linux-gnu/libavahi-client.so.3.2.9
7f72c4c0e000-7f72c4c0f000 rw-p 00010000 08:05 2502911                    /usr/lib/x86_64-linux-gnu/libavahi-client.so.3.2.9
7f72c4c0f000-7f72c4c1a000 r-xp 00000000 08:05 2502913                    /usr/lib/x86_64-linux-gnu/libavahi-common.so.3.5.3
7f72c4c1a000-7f72c4e19000 ---p 0000b000 08:05 2502913                    /usr/lib/x86_64-linux-gnu/libavahi-common.so.3.5.3
7f72c4e19000-7f72c4e1a000 r--p 0000a000 08:05 2502913                    /usr/lib/x86_64-linux-gnu/libavahi-common.so.3.5.3
7f72c4e1a000-7f72c4e1b000 rw-p 0000b000 08:05 2502913                    /usr/lib/x86_64-linux-gnu/libavahi-common.so.3.5.3
7f72c4e1b000-7f72c4f1a000 r-xp 00000000 08:05 2497998                    /usr/lib/x86_64-linux-gnu/libgnutls-deb0.so.28.30.7
7f72c4f1a000-7f72c5119000 ---p 000ff000 08:05 2497998                    /usr/lib/x86_64-linux-gnu/libgnutls-deb0.so.28.30.7
7f72c5119000-7f72c5122000 r--p 000fe000 08:05 2497998                    /usr/lib/x86_64-linux-gnu/libgnutls-deb0.so.28.30.7
7f72c5122000-7f72c5124000 rw-p 00107000 08:05 2497998                    /usr/lib/x86_64-linux-gnu/libgnutls-deb0.so.28.30.7
7f72c5124000-7f72c5169000 r-xp 00000000 08:05 2503265                    /usr/lib/x86_64-linux-gnu/libgssapi_krb5.so.2.2
7f72c5169000-7f72c5368000 ---p 00045000 08:05 2503265                    /usr/lib/x86_64-linux-gnu/libgssapi_krb5.so.2.2
7f72c5368000-7f72c536a000 r--p 00044000 08:05 2503265                    /usr/lib/x86_64-linux-gnu/libgssapi_krb5.so.2.2
7f72c536a000-7f72c536b000 rw-p 00046000 08:05 2503265                    /usr/lib/x86_64-linux-gnu/libgssapi_krb5.so.2.2
7f72c536b000-7f72c536c000 rw-p 00000000 00:00 0 
7f72c536c000-7f72c53a7000 r-xp 00000000 08:05 2503121                    /usr/lib/x86_64-linux-gnu/libfontconfig.so.1.8.0
7f72c53a7000-7f72c55a6000 ---p 0003b000 08:05 2503121                    /usr/lib/x86_64-linux-gnu/libfontconfig.so.1.8.0
7f72c55a6000-7f72c55a8000 r--p 0003a000 08:05 2503121                    /usr/lib/x86_64-linux-gnu/libfontconfig.so.1.8.0
7f72c55a8000-7f72c55a9000 rw-p 0003c000 08:05 2503121                    /usr/lib/x86_64-linux-gnu/libfontconfig.so.1.8.0
7f72c55a9000-7f72c5616000 r-xp 00000000 08:05 2503010                    /usr/lib/x86_64-linux-gnu/libcups.so.2
7f72c5616000-7f72c5816000 ---p 0006d000 08:05 2503010                    /usr/lib/x86_64-linux-gnu/libcups.so.2
7f72c5816000-7f72c581d000 r--p 0006d000 08:05 2503010                    /usr/lib/x86_64-linux-gnu/libcups.so.2
7f72c581d000-7f72c581e000 rw-p 00074000 08:05 2503010                    /usr/lib/x86_64-linux-gnu/libcups.so.2
7f72c582a000-7f72c582b000 rw-p 00000000 00:00 0 
7f72c582b000-7f72c582f000 r--s 00023000 00:26 1447793                    /home/oliver/projects/robocode/libs/robocode.ui.editor-1.9.2.4.jar
7f72c582f000-7f72c5837000 r--s 0014d000 00:26 1447794                    /home/oliver/projects/robocode/libs/robocode.ui-1.9.2.4.jar
7f72c5837000-7f72c5839000 r--s 00014000 00:26 1447791                    /home/oliver/projects/robocode/libs/robocode.host-1.9.2.4.jar
7f72c5839000-7f72c583d000 r--s 00027000 00:26 1447790                    /home/oliver/projects/robocode/libs/robocode.battle-1.9.2.4.jar
7f72c583d000-7f72c5844000 r-xp 00000000 08:05 2511776                    /usr/lib/jvm/java-7-openjdk-amd64/jre/lib/amd64/headless/libmawt.so
7f72c5844000-7f72c5a43000 ---p 00007000 08:05 2511776                    /usr/lib/jvm/java-7-openjdk-amd64/jre/lib/amd64/headless/libmawt.so
7f72c5a43000-7f72c5a44000 r--p 00006000 08:05 2511776                    /usr/lib/jvm/java-7-openjdk-amd64/jre/lib/amd64/headless/libmawt.so
7f72c5a44000-7f72c5a45000 rw-p 00007000 08:05 2511776                    /usr/lib/jvm/java-7-openjdk-amd64/jre/lib/amd64/headless/libmawt.so
7f72c5a45000-7f72c5ae5000 r-xp 00000000 08:05 2511790                    /usr/lib/jvm/java-7-openjdk-amd64/jre/lib/amd64/libawt.so
7f72c5ae5000-7f72c5ce5000 ---p 000a0000 08:05 2511790                    /usr/lib/jvm/java-7-openjdk-amd64/jre/lib/amd64/libawt.so
7f72c5ce5000-7f72c5ce6000 r--p 000a0000 08:05 2511790                    /usr/lib/jvm/java-7-openjdk-amd64/jre/lib/amd64/libawt.so
7f72c5ce6000-7f72c5cf1000 rw-p 000a1000 08:05 2511790                    /usr/lib/jvm/java-7-openjdk-amd64/jre/lib/amd64/libawt.so
7f72c5cf1000-7f72c5d16000 rw-p 00000000 00:00 0 
7f72c5d16000-7f72c5d20000 r--s 00203000 08:05 2511797                    /usr/lib/jvm/java-7-openjdk-amd64/jre/lib/charsets.jar
7f72c5d20000-7f72c5d28000 r--s 00048000 00:26 1447788                    /home/oliver/projects/robocode/libs/picocontainer-2.14.2.jar
7f72c5d28000-7f72c5d30000 r--s 00059000 00:26 1447789                    /home/oliver/projects/robocode/libs/codesize-1.1.jar
7f72c5d30000-7f72c5d31000 ---p 00000000 00:00 0 
7f72c5d31000-7f72c5e31000 rw-p 00000000 00:00 0                          [stack:25102]
7f72c5e31000-7f72c5e34000 ---p 00000000 00:00 0 
7f72c5e34000-7f72c5f32000 rw-p 00000000 00:00 0                          [stack:25096]
7f72c5f32000-7f72c5f35000 ---p 00000000 00:00 0 
7f72c5f35000-7f72c6033000 rw-p 00000000 00:00 0                          [stack:25088]
7f72c6033000-7f72c6036000 ---p 00000000 00:00 0 
7f72c6036000-7f72c6134000 rw-p 00000000 00:00 0                          [stack:25079]
7f72c6134000-7f72c6137000 ---p 00000000 00:00 0 
7f72c6137000-7f72c6235000 rw-p 00000000 00:00 0                          [stack:25068]
7f72c6235000-7f72c6917000 r--p 00000000 08:05 2499634                    /usr/lib/locale/locale-archive
7f72c6917000-7f72c691a000 ---p 00000000 00:00 0 
7f72c691a000-7f72c6a18000 rw-p 00000000 00:00 0                          [stack:25032]
7f72c6a18000-7f72c6a1b000 ---p 00000000 00:00 0 
7f72c6a1b000-7f72c6b19000 rw-p 00000000 00:00 0                          [stack:25006]
7f72c6b19000-7f72c6b1a000 ---p 00000000 00:00 0 
7f72c6b1a000-7f72c7bce000 rw-p 00000000 00:00 0                          [stack:24988]
7f72c7bce000-7f72c7bcf000 ---p 00000000 00:00 0 
7f72c7bcf000-7f72c7ccf000 rw-p 00000000 00:00 0                          [stack:24974]
7f72c7ccf000-7f72c7cd0000 ---p 00000000 00:00 0 
7f72c7cd0000-7f72c7dd0000 rw-p 00000000 00:00 0                          [stack:24963]
7f72c7dd0000-7f72c7dd1000 ---p 00000000 00:00 0 
7f72c7dd1000-7f72c7ed1000 rw-p 00000000 00:00 0                          [stack:24958]
7f72c7ed1000-7f72c7ed2000 ---p 00000000 00:00 0 
7f72c7ed2000-7f72c7ff9000 rw-p 00000000 00:00 0                          [stack:24946]
7f72c7ff9000-7f72c8025000 rw-p 00000000 00:00 0 
7f72c8025000-7f72c804c000 rw-p 00000000 00:00 0 
7f72c804c000-7f72c8078000 rw-p 00000000 00:00 0 
7f72c8078000-7f72c80a1000 rw-p 00000000 00:00 0 
7f72c80a1000-7f72c8122000 rw-p 00000000 00:00 0 
7f72c8122000-7f72c816c000 rw-p 00000000 00:00 0 
7f72c816c000-7f72c8178000 ---p 00000000 00:00 0 
7f72c8178000-7f72c8179000 rw-p 00000000 00:00 0 
7f72c8179000-7f72c83e9000 rwxp 00000000 00:00 0 
7f72c83e9000-7f72cb179000 rw-p 00000000 00:00 0 
7f72cb179000-7f72cb181000 r-xp 00000000 08:05 2511755                    /usr/lib/jvm/java-7-openjdk-amd64/jre/lib/amd64/libzip.so
7f72cb181000-7f72cb380000 ---p 00008000 08:05 2511755                    /usr/lib/jvm/java-7-openjdk-amd64/jre/lib/amd64/libzip.so
7f72cb380000-7f72cb381000 r--p 00007000 08:05 2511755                    /usr/lib/jvm/java-7-openjdk-amd64/jre/lib/amd64/libzip.so
7f72cb381000-7f72cb382000 rw-p 00008000 08:05 2511755                    /usr/lib/jvm/java-7-openjdk-amd64/jre/lib/amd64/libzip.so
7f72cb382000-7f72cb38d000 r-xp 00000000 08:05 2103824                    /lib/x86_64-linux-gnu/libnss_files-2.19.so
7f72cb38d000-7f72cb58c000 ---p 0000b000 08:05 2103824                    /lib/x86_64-linux-gnu/libnss_files-2.19.so
7f72cb58c000-7f72cb58d000 r--p 0000a000 08:05 2103824                    /lib/x86_64-linux-gnu/libnss_files-2.19.so
7f72cb58d000-7f72cb58e000 rw-p 0000b000 08:05 2103824                    /lib/x86_64-linux-gnu/libnss_files-2.19.so
7f72cb58e000-7f72cb599000 r-xp 00000000 08:05 2103816                    /lib/x86_64-linux-gnu/libnss_nis-2.19.so
7f72cb599000-7f72cb798000 ---p 0000b000 08:05 2103816                    /lib/x86_64-linux-gnu/libnss_nis-2.19.so
7f72cb798000-7f72cb799000 r--p 0000a000 08:05 2103816                    /lib/x86_64-linux-gnu/libnss_nis-2.19.so
7f72cb799000-7f72cb79a000 rw-p 0000b000 08:05 2103816                    /lib/x86_64-linux-gnu/libnss_nis-2.19.so
7f72cb79a000-7f72cb7b1000 r-xp 00000000 08:05 2103807                    /lib/x86_64-linux-gnu/libnsl-2.19.so
7f72cb7b1000-7f72cb9b0000 ---p 00017000 08:05 2103807                    /lib/x86_64-linux-gnu/libnsl-2.19.so
7f72cb9b0000-7f72cb9b1000 r--p 00016000 08:05 2103807                    /lib/x86_64-linux-gnu/libnsl-2.19.so
7f72cb9b1000-7f72cb9b2000 rw-p 00017000 08:05 2103807                    /lib/x86_64-linux-gnu/libnsl-2.19.so
7f72cb9b2000-7f72cb9b4000 rw-p 00000000 00:00 0 
7f72cb9b4000-7f72cb9bd000 r-xp 00000000 08:05 2103812                    /lib/x86_64-linux-gnu/libnss_compat-2.19.so
7f72cb9bd000-7f72cbbbc000 ---p 00009000 08:05 2103812                    /lib/x86_64-linux-gnu/libnss_compat-2.19.so
7f72cbbbc000-7f72cbbbd000 r--p 00008000 08:05 2103812                    /lib/x86_64-linux-gnu/libnss_compat-2.19.so
7f72cbbbd000-7f72cbbbe000 rw-p 00009000 08:05 2103812                    /lib/x86_64-linux-gnu/libnss_compat-2.19.so
7f72cbbbe000-7f72cbbeb000 r-xp 00000000 08:05 2511752                    /usr/lib/jvm/java-7-openjdk-amd64/jre/lib/amd64/libjava.so
7f72cbbeb000-7f72cbdea000 ---p 0002d000 08:05 2511752                    /usr/lib/jvm/java-7-openjdk-amd64/jre/lib/amd64/libjava.so
7f72cbdea000-7f72cbdeb000 r--p 0002c000 08:05 2511752                    /usr/lib/jvm/java-7-openjdk-amd64/jre/lib/amd64/libjava.so
7f72cbdeb000-7f72cbded000 rw-p 0002d000 08:05 2511752                    /usr/lib/jvm/java-7-openjdk-amd64/jre/lib/amd64/libjava.so
7f72cbded000-7f72cbdfe000 r-xp 00000000 08:05 2511767                    /usr/lib/jvm/java-7-openjdk-amd64/jre/lib/amd64/libverify.so
7f72cbdfe000-7f72cbffd000 ---p 00011000 08:05 2511767                    /usr/lib/jvm/java-7-openjdk-amd64/jre/lib/amd64/libverify.so
7f72cbffd000-7f72cbfff000 r--p 00010000 08:05 2511767                    /usr/lib/jvm/java-7-openjdk-amd64/jre/lib/amd64/libverify.so
7f72cbfff000-7f72cc000000 rw-p 00012000 08:05 2511767                    /usr/lib/jvm/java-7-openjdk-amd64/jre/lib/amd64/libverify.so
7f72cc000000-7f72cc2e0000 rw-p 00000000 00:00 0 
7f72cc2e0000-7f72d0000000 ---p 00000000 00:00 0 
7f72d0000000-7f72d0002000 r--s 0000d000 00:26 1447792                    /home/oliver/projects/robocode/libs/robocode.repository-1.9.2.4.jar
7f72d0002000-7f72d0003000 r--s 00021000 00:26 1447795                    /home/oliver/projects/robocode/libs/robocode.sound-1.9.2.4.jar
7f72d0003000-7f72d002c000 rw-p 00000000 00:00 0 
7f72d002c000-7f72d00ae000 rw-p 00000000 00:00 0 
7f72d00ae000-7f72d00b5000 r-xp 00000000 08:05 2103815                    /lib/x86_64-linux-gnu/librt-2.19.so
7f72d00b5000-7f72d02b4000 ---p 00007000 08:05 2103815                    /lib/x86_64-linux-gnu/librt-2.19.so
7f72d02b4000-7f72d02b5000 r--p 00006000 08:05 2103815                    /lib/x86_64-linux-gnu/librt-2.19.so
7f72d02b5000-7f72d02b6000 rw-p 00007000 08:05 2103815                    /lib/x86_64-linux-gnu/librt-2.19.so
7f72d02b6000-7f72d02cc000 r-xp 00000000 08:05 2104480                    /lib/x86_64-linux-gnu/libgcc_s.so.1
7f72d02cc000-7f72d04cb000 ---p 00016000 08:05 2104480                    /lib/x86_64-linux-gnu/libgcc_s.so.1
7f72d04cb000-7f72d04cc000 r--p 00015000 08:05 2104480                    /lib/x86_64-linux-gnu/libgcc_s.so.1
7f72d04cc000-7f72d04cd000 rw-p 00016000 08:05 2104480                    /lib/x86_64-linux-gnu/libgcc_s.so.1
7f72d04cd000-7f72d05d2000 r-xp 00000000 08:05 2103817                    /lib/x86_64-linux-gnu/libm-2.19.so
7f72d05d2000-7f72d07d1000 ---p 00105000 08:05 2103817                    /lib/x86_64-linux-gnu/libm-2.19.so
7f72d07d1000-7f72d07d2000 r--p 00104000 08:05 2103817                    /lib/x86_64-linux-gnu/libm-2.19.so
7f72d07d2000-7f72d07d3000 rw-p 00105000 08:05 2103817                    /lib/x86_64-linux-gnu/libm-2.19.so
7f72d07d3000-7f72d08c3000 r-xp 00000000 08:05 2503759                    /usr/lib/x86_64-linux-gnu/libstdc++.so.6.0.20
7f72d08c3000-7f72d0ac3000 ---p 000f0000 08:05 2503759                    /usr/lib/x86_64-linux-gnu/libstdc++.so.6.0.20
7f72d0ac3000-7f72d0acb000 r--p 000f0000 08:05 2503759                    /usr/lib/x86_64-linux-gnu/libstdc++.so.6.0.20
7f72d0acb000-7f72d0acd000 rw-p 000f8000 08:05 2503759                    /usr/lib/x86_64-linux-gnu/libstdc++.so.6.0.20
7f72d0acd000-7f72d0ae2000 rw-p 00000000 00:00 0 
7f72d0ae2000-7f72d162f000 r-xp 00000000 08:05 2511781                    /usr/lib/jvm/java-7-openjdk-amd64/jre/lib/amd64/server/libjvm.so
7f72d162f000-7f72d182f000 ---p 00b4d000 08:05 2511781                    /usr/lib/jvm/java-7-openjdk-amd64/jre/lib/amd64/server/libjvm.so
7f72d182f000-7f72d18ce000 r--p 00b4d000 08:05 2511781                    /usr/lib/jvm/java-7-openjdk-amd64/jre/lib/amd64/server/libjvm.so
7f72d18ce000-7f72d18f1000 rw-p 00bec000 08:05 2511781                    /usr/lib/jvm/java-7-openjdk-amd64/jre/lib/amd64/server/libjvm.so
7f72d18f1000-7f72d191e000 rw-p 00000000 00:00 0 
7f72d191e000-7f72d1936000 r-xp 00000000 08:05 2104624                    /lib/x86_64-linux-gnu/libz.so.1.2.8
7f72d1936000-7f72d1b35000 ---p 00018000 08:05 2104624                    /lib/x86_64-linux-gnu/libz.so.1.2.8
7f72d1b35000-7f72d1b36000 r--p 00017000 08:05 2104624                    /lib/x86_64-linux-gnu/libz.so.1.2.8
7f72d1b36000-7f72d1b37000 rw-p 00018000 08:05 2104624                    /lib/x86_64-linux-gnu/libz.so.1.2.8
7f72d1b37000-7f72d1b4f000 r-xp 00000000 08:05 2103813                    /lib/x86_64-linux-gnu/libpthread-2.19.so
7f72d1b4f000-7f72d1d4f000 ---p 00018000 08:05 2103813                    /lib/x86_64-linux-gnu/libpthread-2.19.so
7f72d1d4f000-7f72d1d50000 r--p 00018000 08:05 2103813                    /lib/x86_64-linux-gnu/libpthread-2.19.so
7f72d1d50000-7f72d1d51000 rw-p 00019000 08:05 2103813                    /lib/x86_64-linux-gnu/libpthread-2.19.so
7f72d1d51000-7f72d1d55000 rw-p 00000000 00:00 0 
7f72d1d55000-7f72d1d58000 r-xp 00000000 08:05 2103923                    /lib/x86_64-linux-gnu/libdl-2.19.so
7f72d1d58000-7f72d1f57000 ---p 00003000 08:05 2103923                    /lib/x86_64-linux-gnu/libdl-2.19.so
7f72d1f57000-7f72d1f58000 r--p 00002000 08:05 2103923                    /lib/x86_64-linux-gnu/libdl-2.19.so
7f72d1f58000-7f72d1f59000 rw-p 00003000 08:05 2103923                    /lib/x86_64-linux-gnu/libdl-2.19.so
7f72d1f59000-7f72d2113000 r-xp 00000000 08:05 2103806                    /lib/x86_64-linux-gnu/libc-2.19.so
7f72d2113000-7f72d2313000 ---p 001ba000 08:05 2103806                    /lib/x86_64-linux-gnu/libc-2.19.so
7f72d2313000-7f72d2317000 r--p 001ba000 08:05 2103806                    /lib/x86_64-linux-gnu/libc-2.19.so
7f72d2317000-7f72d2319000 rw-p 001be000 08:05 2103806                    /lib/x86_64-linux-gnu/libc-2.19.so
7f72d2319000-7f72d231e000 rw-p 00000000 00:00 0 
7f72d231e000-7f72d232b000 r-xp 00000000 08:05 2511787                    /usr/lib/jvm/java-7-openjdk-amd64/jre/lib/amd64/jli/libjli.so
7f72d232b000-7f72d252a000 ---p 0000d000 08:05 2511787                    /usr/lib/jvm/java-7-openjdk-amd64/jre/lib/amd64/jli/libjli.so
7f72d252a000-7f72d252b000 r--p 0000c000 08:05 2511787                    /usr/lib/jvm/java-7-openjdk-amd64/jre/lib/amd64/jli/libjli.so
7f72d252b000-7f72d252c000 rw-p 0000d000 08:05 2511787                    /usr/lib/jvm/java-7-openjdk-amd64/jre/lib/amd64/jli/libjli.so
7f72d252c000-7f72d254f000 r-xp 00000000 08:05 2103819                    /lib/x86_64-linux-gnu/ld-2.19.so
7f72d254f000-7f72d2550000 r--p 00000000 08:05 143970                     /usr/share/locale-langpack/en_GB/LC_MESSAGES/libc.mo
7f72d2550000-7f72d2554000 r--s 0002e000 00:26 1447787                    /home/oliver/projects/robocode/libs/robocode.core-1.9.2.4.jar
7f72d2554000-7f72d255a000 r--s 00026000 00:26 1447785                    /home/oliver/projects/robocode/libs/robocode.jar
7f72d255a000-7f72d255c000 r--s 00012000 08:05 2511800                    /usr/lib/jvm/java-7-openjdk-amd64/jre/lib/ext/zipfs.jar
7f72d255c000-7f72d2560000 r--s 00085000 08:05 2511799                    /usr/lib/jvm/java-7-openjdk-amd64/jre/lib/ext/localedata.jar
7f72d2560000-7f72d2564000 r--s 00034000 08:05 2511801                    /usr/lib/jvm/java-7-openjdk-amd64/jre/lib/ext/sunjce_provider.jar
7f72d2564000-7f72d2567000 r--s 0000f000 08:05 2511803                    /usr/lib/jvm/java-7-openjdk-amd64/jre/lib/ext/icedtea-sound.jar
7f72d2567000-7f72d2571000 rw-p 00000000 00:00 0 
7f72d2571000-7f72d2627000 rw-p 00000000 00:00 0 
7f72d2627000-7f72d262a000 ---p 00000000 00:00 0 
7f72d262a000-7f72d272d000 rw-p 00000000 00:00 0                          [stack:24932]
7f72d272d000-7f72d2731000 r--s 0003c000 08:05 2511804                    /usr/lib/jvm/java-7-openjdk-amd64/jre/lib/ext/sunpkcs11.jar
7f72d2731000-7f72d2732000 r--s 00002000 08:05 2511802                    /usr/lib/jvm/java-7-openjdk-amd64/jre/lib/ext/dnsns.jar
7f72d2732000-7f72d2734000 r--s 00006000 08:05 2900065                    /usr/share/java/java-atk-wrapper.jar
7f72d2734000-7f72d2742000 rw-p 00000000 00:00 0 
7f72d2742000-7f72d274a000 rw-s 00000000 08:05 2373653                    /tmp/hsperfdata_oliver/24897
7f72d274a000-7f72d274b000 rw-p 00000000 00:00 0 
7f72d274b000-7f72d274c000 r--p 00000000 00:00 0 
7f72d274c000-7f72d274e000 rw-p 00000000 00:00 0 
7f72d274e000-7f72d274f000 r--p 00022000 08:05 2103819                    /lib/x86_64-linux-gnu/ld-2.19.so
7f72d274f000-7f72d2750000 rw-p 00023000 08:05 2103819                    /lib/x86_64-linux-gnu/ld-2.19.so
7f72d2750000-7f72d2751000 rw-p 00000000 00:00 0 
7fff6593d000-7fff6595e000 rw-p 00000000 00:00 0                          [stack]
7fff659fc000-7fff659fe000 r-xp 00000000 00:00 0                          [vdso]
7fff659fe000-7fff65a00000 r--p 00000000 00:00 0                          [vvar]
ffffffffff600000-ffffffffff601000 r-xp 00000000 00:00 0                  [vsyscall]

VM Arguments:
jvm_args: -Djava.awt.headless=true -DROBOTPATH=/home/oliver/projects/robocode/robots/ -Xmx512M -Dsun.io.useCanonCaches=false 
java_command: robocode.Robocode -battle /tmp/tmpiBClvx.battle -nodisplay -nosound -results /tmp/tmpeBuKkX
Launcher Type: SUN_STANDARD

Environment Variables:
PATH=/usr/local/sbin:/usr/local/bin:/usr/sbin:/usr/bin:/sbin:/bin:/usr/games:/usr/local/games:/home/oliver/go/bin:/home/oliver/projects/evco/wallace/bin:/home/oliver/.rvm/bin:/home/oliver/.rvm/bin
SHELL=/bin/bash
DISPLAY=:0

Signal Handlers:
SIGSEGV: [libjvm.so+0x981590], sa_mask[0]=0x7ffbfeff, sa_flags=0x10000004
SIGBUS: [libjvm.so+0x981590], sa_mask[0]=0x7ffbfeff, sa_flags=0x10000004
SIGFPE: [libjvm.so+0x7efd60], sa_mask[0]=0x7ffbfeff, sa_flags=0x10000004
SIGPIPE: [libjvm.so+0x7efd60], sa_mask[0]=0x7ffbfeff, sa_flags=0x10000004
SIGXFSZ: [libjvm.so+0x7efd60], sa_mask[0]=0x7ffbfeff, sa_flags=0x10000004
SIGILL: [libjvm.so+0x7efd60], sa_mask[0]=0x7ffbfeff, sa_flags=0x10000004
SIGUSR1: SIG_DFL, sa_mask[0]=0x00000000, sa_flags=0x00000000
SIGUSR2: [libjvm.so+0x7efbe0], sa_mask[0]=0x00000000, sa_flags=0x10000004
SIGHUP: [libjvm.so+0x7efde0], sa_mask[0]=0x7ffbfeff, sa_flags=0x10000004
SIGINT: [libjvm.so+0x7efde0], sa_mask[0]=0x7ffbfeff, sa_flags=0x10000004
SIGTERM: [libjvm.so+0x7efde0], sa_mask[0]=0x7ffbfeff, sa_flags=0x10000004
SIGQUIT: [libjvm.so+0x7efde0], sa_mask[0]=0x7ffbfeff, sa_flags=0x10000004
SIGTRAP: SIG_DFL, sa_mask[0]=0x00000000, sa_flags=0x00000000


---------------  S Y S T E M  ---------------

OS:Ubuntu 14.10 (utopic)
uname:Linux 3.16.0-28-generic #38-Ubuntu SMP Fri Dec 12 17:37:40 UTC 2014 x86_64
libc:glibc 2.19 NPTL 2.19 
rlimit: STACK 8192k, CORE 0k, NPROC 31299, NOFILE 4096, AS infinity
load average:59.25 60.38 60.43

/proc/meminfo:
MemTotal:        8042924 kB
MemFree:          107992 kB
MemAvailable:      38972 kB
Buffers:             112 kB
Cached:            49232 kB
SwapCached:            0 kB
Active:          7629236 kB
Inactive:          46196 kB
Active(anon):    7627520 kB
Inactive(anon):    44736 kB
Active(file):       1716 kB
Inactive(file):     1460 kB
Unevictable:          32 kB
Mlocked:              32 kB
SwapTotal:             0 kB
SwapFree:              0 kB
Dirty:                 0 kB
Writeback:             0 kB
AnonPages:       7626344 kB
Mapped:            74396 kB
Shmem:             45944 kB
Slab:              69932 kB
SReclaimable:      27708 kB
SUnreclaim:        42224 kB
KernelStack:       12224 kB
PageTables:        52732 kB
NFS_Unstable:          0 kB
Bounce:                0 kB
WritebackTmp:          0 kB
CommitLimit:     4021460 kB
Committed_AS:   14078524 kB
VmallocTotal:   34359738367 kB
VmallocUsed:      393032 kB
VmallocChunk:   34359331836 kB
HardwareCorrupted:     0 kB
AnonHugePages:   4702208 kB
HugePages_Total:       0
HugePages_Free:        0
HugePages_Rsvd:        0
HugePages_Surp:        0
Hugepagesize:       2048 kB
DirectMap4k:      218828 kB
DirectMap2M:     8036352 kB
DirectMap1G:           0 kB


CPU:total 4 (4 cores per cpu, 1 threads per core) family 6 model 60 stepping 3, cmov, cx8, fxsr, mmx, sse, sse2, sse3, ssse3, sse4.1, sse4.2, popcnt, avx, avx2, aes, erms, tsc, tscinvbit

/proc/cpuinfo:
processor	: 0
vendor_id	: GenuineIntel
cpu family	: 6
model		: 60
model name	: Intel(R) Core(TM) i5-4690K CPU @ 3.50GHz
stepping	: 3
microcode	: 0x17
cpu MHz		: 3700.703
cache size	: 6144 KB
physical id	: 0
siblings	: 4
core id		: 0
cpu cores	: 4
apicid		: 0
initial apicid	: 0
fpu		: yes
fpu_exception	: yes
cpuid level	: 13
wp		: yes
flags		: fpu vme de pse tsc msr pae mce cx8 apic sep mtrr pge mca cmov pat pse36 clflush dts acpi mmx fxsr sse sse2 ss ht tm pbe syscall nx pdpe1gb rdtscp lm constant_tsc arch_perfmon pebs bts rep_good nopl xtopology nonstop_tsc aperfmperf eagerfpu pni pclmulqdq dtes64 monitor ds_cpl vmx est tm2 ssse3 fma cx16 xtpr pdcm pcid sse4_1 sse4_2 x2apic movbe popcnt tsc_deadline_timer aes xsave avx f16c rdrand lahf_lm abm ida arat xsaveopt pln pts dtherm tpr_shadow vnmi flexpriority ept vpid fsgsbase tsc_adjust bmi1 hle avx2 smep bmi2 erms invpcid rtm
bogomips	: 6999.88
clflush size	: 64
cache_alignment	: 64
address sizes	: 39 bits physical, 48 bits virtual
power management:

processor	: 1
vendor_id	: GenuineIntel
cpu family	: 6
model		: 60
model name	: Intel(R) Core(TM) i5-4690K CPU @ 3.50GHz
stepping	: 3
microcode	: 0x17
cpu MHz		: 3700.019
cache size	: 6144 KB
physical id	: 0
siblings	: 4
core id		: 1
cpu cores	: 4
apicid		: 2
initial apicid	: 2
fpu		: yes
fpu_exception	: yes
cpuid level	: 13
wp		: yes
flags		: fpu vme de pse tsc msr pae mce cx8 apic sep mtrr pge mca cmov pat pse36 clflush dts acpi mmx fxsr sse sse2 ss ht tm pbe syscall nx pdpe1gb rdtscp lm constant_tsc arch_perfmon pebs bts rep_good nopl xtopology nonstop_tsc aperfmperf eagerfpu pni pclmulqdq dtes64 monitor ds_cpl vmx est tm2 ssse3 fma cx16 xtpr pdcm pcid sse4_1 sse4_2 x2apic movbe popcnt tsc_deadline_timer aes xsave avx f16c rdrand lahf_lm abm ida arat xsaveopt pln pts dtherm tpr_shadow vnmi flexpriority ept vpid fsgsbase tsc_adjust bmi1 hle avx2 smep bmi2 erms invpcid rtm
bogomips	: 6999.88
clflush size	: 64
cache_alignment	: 64
address sizes	: 39 bits physical, 48 bits virtual
power management:

processor	: 2
vendor_id	: GenuineIntel
cpu family	: 6
model		: 60
model name	: Intel(R) Core(TM) i5-4690K CPU @ 3.50GHz
stepping	: 3
microcode	: 0x17
cpu MHz		: 3699.882
cache size	: 6144 KB
physical id	: 0
siblings	: 4
core id		: 2
cpu cores	: 4
apicid		: 4
initial apicid	: 4
fpu		: yes
fpu_exception	: yes
cpuid level	: 13
wp		: yes
flags		: fpu vme de pse tsc msr pae mce cx8 apic sep mtrr pge mca cmov pat pse36 clflush dts acpi mmx fxsr sse sse2 ss ht tm pbe syscall nx pdpe1gb rdtscp lm constant_tsc arch_perfmon pebs bts rep_good nopl xtopology nonstop_tsc aperfmperf eagerfpu pni pclmulqdq dtes64 monitor ds_cpl vmx est tm2 ssse3 fma cx16 xtpr pdcm pcid sse4_1 sse4_2 x2apic movbe popcnt tsc_deadline_timer aes xsave avx f16c rdrand lahf_lm abm ida arat xsaveopt pln pts dtherm tpr_shadow vnmi flexpriority ept vpid fsgsbase tsc_adjust bmi1 hle avx2 smep bmi2 erms invpcid rtm
bogomips	: 6999.88
clflush size	: 64
cache_alignment	: 64
address sizes	: 39 bits physical, 48 bits virtual
power management:

processor	: 3
vendor_id	: GenuineIntel
cpu family	: 6
model		: 60
model name	: Intel(R) Core(TM) i5-4690K CPU @ 3.50GHz
stepping	: 3
microcode	: 0x17
cpu MHz		: 3699.746
cache size	: 6144 KB
physical id	: 0
siblings	: 4
core id		: 3
cpu cores	: 4
apicid		: 6
initial apicid	: 6
fpu		: yes
fpu_exception	: yes
cpuid level	: 13
wp		: yes
flags		: fpu vme de pse tsc msr pae mce cx8 apic sep mtrr pge mca cmov pat pse36 clflush dts acpi mmx fxsr sse sse2 ss ht tm pbe syscall nx pdpe1gb rdtscp lm constant_tsc arch_perfmon pebs bts rep_good nopl xtopology nonstop_tsc aperfmperf eagerfpu pni pclmulqdq dtes64 monitor ds_cpl vmx est tm2 ssse3 fma cx16 xtpr pdcm pcid sse4_1 sse4_2 x2apic movbe popcnt tsc_deadline_timer aes xsave avx f16c rdrand lahf_lm abm ida arat xsaveopt pln pts dtherm tpr_shadow vnmi flexpriority ept vpid fsgsbase tsc_adjust bmi1 hle avx2 smep bmi2 erms invpcid rtm
bogomips	: 6999.88
clflush size	: 64
cache_alignment	: 64
address sizes	: 39 bits physical, 48 bits virtual
power management:



Memory: 4k page, physical 8042924k(107576k free), swap 0k(0k free)

vm_info: OpenJDK 64-Bit Server VM (24.65-b04) for linux-amd64 JRE (1.7.0_65-b32), built on Oct 22 2014 04:20:25 by "buildd" with gcc 4.9.1

time: Mon Jan  5 08:43:07 2015
elapsed time: 3560 seconds

